reading aircraft data from ./data/UH-1/RotDatUH1a.dat
reading Flight Data from ./data/UH-1/fDataUH1_6N.flt
reading Rotor Data from ./data/UH-1/fDataUH1_6N.flt


    #### RotaryWingSim ####
rhoAir        1.2252 kg/m³
thtaN    9.68°   twist   -10.88°
mHeli          6188.00 lb

nRot      324.0 1/min    oM     33.93 rad/s
oMR       249.54 m/s     oMR   818.71 ft/s
aBlade          7.85 m^2

rRotTR       1.30 m
nRotTR       1662.7 1/min
oMTR    174.12
oMRTR   249.54 m/s    oMRTR   818.71 ft/s
sigmaTR   0.1049

Area Mrot     169.94 m^2
m blade        93.9 kg
I blade       379.8 kg*m^2
gamRot         11.2700
sigma           0.0462


Trim phi       0.00°    thta      -0.10°    psi      -0.10°   
vH      67.48 mph     vV          0 fpm
cTs  0.046000     cT  0.0021     cT2sa  0.0160     cL  0.2900
m Heli    27535.5 N      fpA        1.8 m^2          19.3 ft^2
Iyy Heli       14680.3 kg*m^2
Coordintats x,z    [m]         [ft]
Rotor      :   0.00   2.07        0.00   6.79
Rudder     :   8.62   2.10       28.29   6.89
Fin        :   7.71   2.84       25.29   9.33
H-Stab     :   6.09   0.50       19.99   1.64
Wing       :  -3.39   0.00      -11.13   0.00
Propeller  :  -3.39   1.14      -11.13   3.73
### Var ###
mu             33.929  vFlight     60.0 kn
thtaClmb      -0.0000     -0.0000°
cTsReq    0.04600    cTReq    0.00212    cT2saReq    0.01601
alfaD   18563.83°    thtaClmb      -0.00°    thtaTrim      -0.10
trim iter 32     anorm 8.81245e-010

   deriv 3104
       u                w              q
x   -0.062509      0.111814    -0.045120
z   -0.000538     -1.059270     0.203989
m    0.010779     -0.074693    -0.000434

 ====== u - derivatives ===== 
fMR(1)        -0.023135   fMR(2)         0.001948   fMR(3)         0.069160
fTR(1)         0.000000   fTR(2)        -0.000000   fTR(3)         0.000000
fFus(1)       -0.025273   fFus(2)        0.000247   fFus(3)        0.062501
fFN(1)        -0.000066   fFN(2)        -0.000046   fFN(3)         0.000000
fHS(1)        -0.001014   fHS(2)         0.000000   fHS(3)         0.007358
fPR(1)         0.000000   fPR(2)         0.000000   fPR(3)         0.000000
fCG(1)         0.000000   fCG(2)         0.000000   fCG(3)         0.000000
fR(1)  -1.3889467e-008   fR(2)   6.9263706e-010   fR(3)   3.9003662e-008

 Moment Equilibrium    1001 
mMR(1)         0.000105   mMR(2)         0.001245   mMR(3)         0.000000
mTR(1)        -0.000000   mTR(2)         0.000000   mTR(3)         0.000000
mFus(1)        0.000000   mFus(2)        0.000040   mFus(3)        0.000214
mFN(1)        -0.000003   mFN(2)         0.000005   mFN(3)         0.000009
mHS(1)         0.000000   mHS(2)         0.001179   mHS(3)         0.000000
mPR(1)         0.000000   mPR(2)         0.000000   mPR(3)         0.000000
mR(1)   1.2826860e-009   mR(2)   2.6655353e-008   mR(3)   1.6385115e-009
QR -2.2677979e-012
mU  2.4687023e-003

 ====== q - derivatives ===== 
fMR(1)         0.364392   fMR(2)        -0.346204   fMR(3)         0.083157
fTR(1)         0.000000   fTR(2)         0.000000   fTR(3)         0.000000
fFus(1)       -0.002212   fFus(2)        0.000000   fFus(3)       -0.086391
fFN(1)         0.000000   fFN(2)         0.000000   fFN(3)         0.000000
fHS(1)         0.003094   fHS(2)         0.000000   fHS(3)        -0.506346
fPR(1)         0.000000   fPR(2)         0.000000   fPR(3)         0.000000
fCG(1)         0.000000   fCG(2)         0.000000   fCG(3)         0.000000
fR(1)   1.0252927e-007   fR(2)  -9.7085877e-008   fR(3)  -1.4305171e-007

 Moment Equilibrium    1002 
mMR(1)        -0.018630   mMR(2)        -0.019609   mMR(3)         0.000000
mTR(1)         0.000000   mTR(2)         0.000000   mTR(3)         0.000000
mFus(1)        0.000000   mFus(2)        0.000212   mFus(3)        0.000000
mFN(1)         0.000000   mFN(2)         0.000000   mFN(3)         0.000000
mHS(1)         0.000000   mHS(2)        -0.080250   mHS(3)         0.000000
mPR(1)         0.000000   mPR(2)         0.000000   mPR(3)         0.000000
mR(1)  -2.0096395e-007   mR(2)  -1.0758975e-006   mR(3)  -7.6772722e-010
QR -2.7527282e-012

 ====== w - derivatives ===== 
fMR(1)         0.118100   fMR(2)        -0.002635   fMR(3)        -0.947964
fTR(1)         0.000000   fTR(2)         0.000000   fTR(3)         0.000000
fFus(1)       -0.015348   fFus(2)        0.000000   fFus(3)       -0.574932
fFN(1)         0.000000   fFN(2)         0.000000   fFN(3)         0.000000
fHS(1)         0.000108   fHS(2)         0.000000   fHS(3)        -0.043881
fPR(1)         0.000000   fPR(2)         0.000000   fPR(3)         0.000000
fCG(1)         0.000000   fCG(2)         0.000000   fCG(3)         0.000000
fR(1)   2.8872927e-008   fR(2)  -6.5022121e-010   fR(3)  -4.3979437e-007

 Moment Equilibrium    1003 
mMR(1)        -0.000142   mMR(2)        -0.006355   mMR(3)         0.000000
mTR(1)         0.000000   mTR(2)         0.000000   mTR(3)         0.000000
mFus(1)        0.000000   mFus(2)        0.001473   mFus(3)        0.000000
mFN(1)         0.000000   mFN(2)         0.000000   mFN(3)         0.000000
mHS(1)         0.000000   mHS(2)        -0.006953   mHS(3)         0.000000
mPR(1)         0.000000   mPR(2)         0.000000   mPR(3)         0.000000
mR(1)  -1.3432810e-009   mR(2)  -1.2778568e-007   mR(3)  -7.6772722e-010
QR  4.0859874e-011
mW -1.1835235e-002


=I=I=I=I=I= Iteration Results =I=I=I=I=I=
xMR   11.125    xcg   11.125    dxCG    0.000    iRigMR   -5.0
cTs 0.08266   cT 0.00382   cLs 11.07375   cL 0.51128
aN     0.12119°    a1    0.02976°   b1    0.02902°
Br   aN     6.94°       a1    1.71°      b1    1.66°
716  aN     6.94°       a1    1.16°      b1    0.49°
mu  0.120086 lamD    0.01415    lamI    0.00670     mu*a1    0.00243     lamNf    0.01172
A1S   -0.00769°    B1S    0.06734°
A1S    -0.44°    B1S     3.86°    alfD     9.85°   alfaNf     8.69°   alSm    -2.70°
thtaN     12.14°    thtaTR    -0.05°
Trim   phi    -0.05°    thta     3.81°
vBx    30.02    vBy     0.05    vBz     2.00
fMR(1)          3104.99   fMR(2)           -38.44   fMR(3)        -25622.33
fTR(1)             0.00   fTR(2)            43.12   fTR(3)             0.00
fPR(1)             0.00   fPR(2)             0.00   fPR(3)             0.00
fFus(1)        -1205.85   fFus(2)           20.85   fFus(3)        -2804.10
fFN(1)            -2.76   fFN(2)            -3.86   fFN(3)             0.00
fHS(1)           -67.44   fHS(2)             0.00   fHS(3)           951.78
fCG(1)         -1828.95   fCG(2)           -21.67   fCG(3)         27474.65
fWN(1)            -0.00   fWN(2)             0.00   fWN(3)            -0.00
fR(1)   2.1487603e-008   fR(2)  -5.7325522e-010   fR(3)  -1.7026015e-007

Moment Equilibrium
mMR(1)           -79.56   mMR(2)         -6427.28   mMR(3)             0.00
mTR(1)            90.55   mTR(2)             0.00   mTR(3)          -371.82
mPR(1)             0.00   mPR(2)            -0.00   mPR(3)             0.00
mFus(1)            0.00   mFus(2)          586.11   mFus(3)          342.04
mFN(1)           -10.99   mFN(2)             7.84   mFN(3)            29.79
mHS(1)             0.00   mHS(2)          5833.33   mHS(3)             0.00
mWN(1)             0.00   mWN(2)             0.00   mWN(3)             0.00
mR(1)  -1.1839489e-009   mR(2)  -1.4210705e-008   mR(3)  -7.6772722e-010
==x=x===x===x=x==
MR Fx   860.04    Fz -25795.44   thtaClmb    -0.00   torque  7577.75
dxMR    0.2508  Fx/Fz   -6.9°        mu   0.12009   oM  33.9  n  324.0

=I=I=I=I=I= End Of Iteration Results =I=I=I=I=I=


         ### stability derivatives ###
 R ._. R ._. << RotaryWingSim Data >> ._. R ._. R

       u              w            q         oM
x   -0.049489      0.102860     0.365274     0.076548
z    0.139019     -1.566784    -0.509586    -0.606521
m    0.018157     -0.087046    -0.732884    -0.009680

      measured  data
       u                w              q
x   -0.024400       0.066500        0.492900
z    0.012300      -0.875700       -0.492900
m    0.010600      -0.008800       -0.523000

Q   -0.000000      -0.000000        0.000000       -0.000000

Xu      -0.049489       -138.91
Xw       0.102860        288.71
Xq       0.365274       5362.33
Zu       0.139019        390.21
Zw      -1.566784     