reading aircraft data from ./data/UH-1/RotDatUH1a.dat
reading Flight Data from ./data/UH-1/fDataUH1_1NN_2.flt
reading Rotor Data from ./data/UH-1/fDataUH1_1NN_2.flt


#### RotaryWingSim ####
rhoAir          1.2261 kg/m°
thtaN    9.68°   twist   -10.88°
mHeli          6188.00 lb

nRot   oMR       249.54 m/s     oMR   818.71 ft/s
aBlade          7.85 m^2

rRotTR       1.30 m
nRotTR       1662.7 1/min
oMTR    174.12
oMRTR   249.54 m/s    oMRTR   818.71 ft/s
sigmaTR   0.1049

Area Mrot     169.94 m^2
m blade        93.9 kg
I blade       379.8 kg*m^2
gamRot         11.2700
sigma           0.0462


Trim phi       0.00°    thta      -0.10°    psi      -0.10°   
vH      44.98 mph     vV          0 fpm
cTs  0.045965     cT  0.0021     cT2sa  0.0160     cL  0.6521
m Heli    27535.5 N      fpA        1.8 m^2          19.3 ft^2
Iyy Heli       14680.3 kg*m^2
Coordintats x,z    [m]         [ft]
Rotor      :   0.00   2.07        0.00   6.79
Rudder     :   8.62   2.10       28.29   6.89
Fin        :   7.71   2.84       25.29   9.33
H-Stab     :   6.09   0.50       19.99   1.64
Wing       :  -3.39   0.00      -11.13   0.00
Propeller  :  -2.26   0.00       -7.40   0.00
### Var ###
mu             33.929  vFlight     40.0 kn
thtaClmb      -0.0000     -0.0000°
cTsReq    0.04596    cTReq    0.00212    cT2saReq    0.01600
alfaD   18563.83°    thtaClmb      -0.00°    thtaTrim      -0.10
trim iter 32     anorm 7.06251e-010

   deriv 3104
       u                w              q
x   -0.049899      0.056626    -0.041107
z   -0.105960     -0.956593     0.123143
m    0.008807     -0.037451     0.004823

 ====== u - derivatives ===== 
fMR(1)        -0.009810   fMR(2)         0.001775   fMR(3)        -0.012313
fTR(1)         0.000000   fTR(2)        -0.000000   fTR(3)         0.000000
fFus(1)       -0.016242   fFus(2)        0.000167   fFus(3)       -0.040678
fFN(1)        -0.000044   fFN(2)        -0.000031   fFN(3)         0.000000
fHS(1)        -0.000768   fHS(2)         0.000000   fHS(3)         0.004053
fPR(1)         0.000000   fPR(2)         0.000000   fPR(3)         0.000000
fCG(1)         0.000000   fCG(2)         0.000000   fCG(3)         0.000000
fR(1)  -7.5388694e-009   fR(2)   6.0811800e-010   fR(3)  -1.3751344e-008

 Moment Equilibrium    1001 
mMR(1)         0.000096   mMR(2)         0.000528   mMR(3)         0.000000
mTR(1)        -0.000000   mTR(2)         0.000000   mTR(3)         0.000000
mFus(1)        0.000000   mFus(2)        0.000003   mFus(3)        0.000142
mFN(1)        -0.000002   mFN(2)         0.000003   mFN(3)         0.000006
mHS(1)         0.000000   mHS(2)         0.000652   mHS(3)         0.000000
mPR(1)         0.000000   mPR(2)         0.000000   mPR(3)         0.000000
mR(1)   1.1568630e-009   mR(2)   1.2808614e-008   mR(3)   9.8884811e-010
QR  1.1003729e-012
mU  1.1863417e-003

 ====== q - derivatives ===== 
fMR(1)         0.363958   fMR(2)        -0.363969   fMR(3)         0.229927
fTR(1)         0.000000   fTR(2)         0.000000   fTR(3)         0.000000
fFus(1)       -0.003626   fFus(2)        0.000000   fFus(3)       -0.025705
fFN(1)         0.000000   fFN(2)         0.000000   fFN(3)         0.000000
fHS(1)         0.004609   fHS(2)         0.000000   fHS(3)        -0.467849
fPR(1)         0.000000   fPR(2)         0.000000   fPR(3)         0.000000
fCG(1)         0.000000   fCG(2)         0.000000   fCG(3)         0.000000
fR(1)   1.0243587e-007   fR(2)  -1.0208996e-007   fR(3)  -7.4010825e-008

 Moment Equilibrium    1002 
mMR(1)        -0.019586   mMR(2)        -0.019585   mMR(3)         0.000000
mTR(1)         0.000000   mTR(2)         0.000000   mTR(3)         0.000000
mFus(1)        0.000000   mFus(2)        0.000333   mFus(3)        0.000000
mFN(1)         0.000000   mFN(2)         0.000000   mFN(3)         0.000000
mHS(1)         0.000000   mHS(2)        -0.074171   mHS(3)         0.000000
mPR(1)         0.000000   mPR(2)         0.000000   mPR(3)         0.000000
mR(1)  -2.1132287e-007   mR(2)  -1.0087062e-006   mR(3)  -6.1578476e-010
QR -9.9213163e-012

 ====== w - derivatives ===== 
fMR(1)         0.089011   fMR(2)        -0.001183   fMR(3)        -0.872933
fTR(1)         0.000000   fTR(2)         0.000000   fTR(3)         0.000000
fFus(1)       -0.017845   fFus(2)        0.000000   fFus(3)       -0.090062
fFN(1)         0.000000   fFN(2)         0.000000   fFN(3)         0.000000
fHS(1)         0.000002   fHS(2)         0.000000   fHS(3)        -0.011677
fPR(1)         0.000000   fPR(2)         0.000000   fPR(3)         0.000000
fCG(1)         0.000000   fCG(2)         0.000000   fCG(3)         0.000000
fR(1)   1.9977893e-008   fR(2)  -2.6045832e-010   fR(3)  -2.7359034e-007

 Moment Equilibrium    1003 
mMR(1)        -0.000064   mMR(2)        -0.004790   mMR(3)         0.000000
mTR(1)         0.000000   mTR(2)         0.000000   mTR(3)         0.000000
mFus(1)        0.000000   mFus(2)        0.001640   mFus(3)        0.000000
mFN(1)         0.000000   mFN(2)         0.000000   mFN(3)         0.000000
mHS(1)         0.000000   mHS(2)        -0.001850   mHS(3)         0.000000
mPR(1)         0.000000   mPR(2)         0.000000   mPR(3)         0.000000
mR(1)  -5.3700688e-010   mR(2)  -5.3984193e-008   mR(3)  -6.1578476e-010
QR  4.2445177e-011
mW -4.9998827e-003


=I=I=I=I=I= Iteration Results =I=I=I=I=I=
xMR   11.125    xcg   11.125    dxCG    0.000    iRigMR   -5.0
cTs 0.08145   cT 0.00376   cLs 22.30944   cL 1.03003
aN     0.12003°    a1    0.01849°   b1    0.02766°
Br   aN     6.88°       a1    1.06°      b1    1.59°
716  aN     6.88°       a1    0.76°      b1    0.34°
mu  0.080274 lamD    0.01467    lamI    0.01016     mu*a1    0.00107     lamNf    0.01360
A1S   -0.00466°    B1S    0.03949°
A1S    -0.27°    B1S     2.26°    alfD    17.19°   alfaNf    16.43°   alSm    -1.50°
thtaN     11.98°    thtaTR    -0.04°
Trim   phi    -0.02°    thta     4.47°
vBx    19.99    vBy     0.03    vBz     1.56
fMR(1)          2801.75   fMR(2)           -17.05   fMR(3)        -26156.68
fTR(1)             0.00   fTR(2)            19.16   fTR(3)             0.00
fPR(1)             0.00   fPR(2)             0.00   fPR(3)             0.00
fFus(1)         -610.88   fFus(2)            9.40   fFus(3)        -2152.13
fFN(1)            -1.22   fFN(2)            -1.74   fFN(3)             0.00
fHS(1)           -43.14   fHS(2)             0.00   fHS(3)           857.14
fCG(1)         -2146.50   fCG(2)            -9.77   fCG(3)         27451.67
fWN(1)            -0.00   fWN(2)             0.00   fWN(3)             0.00
fR(1)   1.6262607e-008   fR(2)  -3.0469671e-010   fR(3)  -1.4082594e-007

Moment Equilibrium
mMR(1)           -35.29   mMR(2)         -5799.59   mMR(3)             0.00
mTR(1)            40.24   mTR(2)             0.00   mTR(3)          -165.25
mPR(1)             0.00   mPR(2)            -0.00   mPR(3)             0.00
mFus(1)            0.00   mFus(2)          551.60   mFus(3)          151.82
mFN(1)            -4.96   mFN(2)             3.48   mFN(3)            13.43
mHS(1)             0.00   mHS(2)          5244.51   mHS(3)             0.00
mWN(1)             0.00   mWN(2)            -0.00   mWN(3)             0.00
mR(1)  -6.2858163e-010   mR(2)  -2.9915538e-009   mR(3)  -6.1578476e-010
==x=x===x===x=x==
MR Fx   511.38    Fz -26301.33   thtaClmb    -0.00   torque  7244.48
dxMR    0.2217  Fx/Fz   -6.1°        mu   0.08027   oM  33.9  n  324.0

=I=I=I=I=I= End Of Iteration Results =I=I=I=I=I=


         ### stability derivatives ###
 R ._. R ._. << RotaryWingSim Data >> ._. R ._. R

       u              w            q         oM
x   -0.026863      0.071170     0.364941     0.057934
z   -0.048954     -0.974676    -0.263639    -0.501679
m    0.001186     -0.005000    -0.093424    -0.000277

      measured  data
       u                w              q
x   -0.056400       0.136300        0.527100
z    0.127600      -1.234900       -1.318600
m    0.015900      -0.030000       -0.660100

Q    0.000000      -0.000000        0.000000       -0.000000

Xu      -0.026863        -75.40
Xw       0.071170        199.77
Xq       0.364941       5357.46
Zu      -0.048954       -137.41
Zw      -0.974676      -2735.80
Zwd      0.000000          0.00
Zq      -0.263639      -3870.30
Mu       0.001186          3.33
Mw      -0.005000        -14.03
Mwd      0.000000          0.00
Mq      -0.093424      -1371.49

##### SP and PH Mode ----- approximation ###
----- Short Period Mode -----
omega SP         0.4359
zeta  SP         1.2251
re  -0.5341 +   0.3085
re  -0.5341 -   0.3085

----- Phugoid Mode -----
omega PH         0.2672
zeta  PH         0.1231
re  -0.0329 +  0.2651j
re  -0.0329 -  0.2651j

A          1.0000
B          1.1339
C          0.5220
D          0.1013
E          0.0272

##### SP and PH Mode from quartic #####
A        1.000         1.000
B        1.095         1.095
C        0.222         0.222
D        0.015         0.015
E        0.014         0.014

Routh D       -0.013

M thta        -0.000 

z1  -0.82274    0.00000j
z2  -0.38856    0.00000j
z3   0.05817    0.19902j
z4   0.05817   -0.19902j

       Short Period                Phugoid
1  -1.08595  0.00000j        1.99603  0.00000j
2   1.43622  0.00000j        0.02287  0.00000j
3   0.01834  0.00000j        0.00729  0.00000j
4  -0.03763  0.00000j       -0.01686  0.00000j


 M _ _ M _ _ << Measured Data >> _ _ M _ _ M
Xu      -0.056400       -158.31
Xw       0.136300        382.58
Xq       0.527100       7738.00
Zu       0.127600        358.16
Zw      -1.234900      -3466.21
Zwd      0.000000          0.00
Zq      -1.318600     -19357.47
Mu       0.015900         44.63
Mw      -0.030000        -84.21
Mwd      0.000000          0.00
Mq      -0.660100      -9690.48

##### SP and PH Mode ----- approximation ###
----- Short Period Mode -----
omega SP         1.1736
zeta  SP         0.8074
re  -0.9475 +  0.6925j
re  -0.9475 -  0.6925j

----- Phugoid Mode -----
omega PH         0.3243
zeta  PH         0.2286
re  -0.0741 +  0.3157j
re  -0.0741 -  0.3157j

A          1.0000
B          2.0433
C          1.7634
D          0.4035
E          0.1449

##### SP and PH Mode from quartic #####
A        1.000         1.000
B        1.951         1.951
C        1.458         1.458
D        0.173         0.173
E        0.155         0.155

Routh D       -0.127

M thta        -0.000 

z1  -0.99152    0.65431j
z2  -0.99152   -0.65431j
z3   0.01582    0.33110j
z4   0.01582   -0.33110j

       Short Period                Phugoid
1  -0.23389  0.00000j        1.93095  0.00000j
2  -1.91762  0.00000j        0.48523  0.00000j
3  -0.02332  0.00000j        0.02234  0.00000j
4  -0.01627  0.00000j       -0.00627  0.00000j


----- Phugoid Mode -----
omega PH         0.3315
zeta  PH         0.0477
period PH       18.9766
tHalf  PH       43.8102
N half PH        2.3086

----- Short Period Mode -----
omega SP         1.1880
zeta  SP        -0.8346
period SP        9.6027
tHalf  SP        0.6991
N half SP        0.0728

dlc    21.33   dla    4.03   dle   -3.27      dlp    4.28      dlt    0.00
thtaN  11.98°   A1S  -0.27°   B1S   2.26°   thtaTR  -0.04°
TrimAC phi LFr      -0.02°    thta       4.47°    psi      -0.10°
