reading aircraft data from ./data/UH-1/RotDatUH1a.dat
reading Flight Data from ./data/UH-1/fDataUH1_2N.flt
reading Rotor Data from ./data/UH-1/fDataUH1_2N.flt


    #### RotaryWingSim ####
rhoAir        1.2252 kg/m³
thtaN    9.68°   twist   -10.88°
mHeli          6188.00 lb

nRot      324.0 1/min    oM     33.93 rad/s
oMR       249.54 m/s     oMR   818.71 ft/s
aBlade          7.85 m^2

rRotTR       1.30 m
nRotTR       1662.7 1/min
oMTR    174.12
oMRTR   249.54 m/s    oMRTR   818.71 ft/s
sigmaTR   0.1049

Area Mrot     169.94 m^2
m blade        93.9 kg
I blade       379.8 kg*m^2
gamRot         11.2700
sigma           0.0462


Trim phi       0.00°    thta      -0.10°    psi      -0.10°   
vH      33.74 mph     vV          0 fpm
cTs  0.046000     cT  0.0021     cT2sa  0.0160     cL  1.1601
m Heli    27535.5 N      fpA        1.8 m^2          19.3 ft^2
Iyy Heli       14680.3 kg*m^2
Coordintats x,z    [m]         [ft]
Rotor      :   0.00   2.07        0.00   6.79
Rudder     :   8.62   2.10       28.29   6.89
Fin        :   7.71   2.84       25.29   9.33
H-Stab     :   6.09   0.50       19.99   1.64
Wing       :  -3.39   0.00      -11.13   0.00
Propeller  :  -3.39   1.14      -11.13   3.73
### Var ###
mu             33.929  vFlight     30.0 kn
thtaClmb      -0.0000     -0.0000°
cTsReq    0.04600    cTReq    0.00212    cT2saReq    0.01601
alfaD   18563.83°    thtaClmb      -0.00°    thtaTrim      -0.10
trim iter 32     anorm 5.97216e-010

   deriv 3104
       u                w              q
x   -0.042380      0.035580    -0.041709
z   -0.188196     -0.871842     0.084229
m    0.008272     -0.020013     0.007367

 ====== u - derivatives ===== 
fMR(1)        -0.002523   fMR(2)         0.001884   fMR(3)        -0.096520
fTR(1)         0.000000   fTR(2)        -0.000000   fTR(3)         0.000000
fFus(1)       -0.012842   fFus(2)        0.000127   fFus(3)       -0.033595
fFN(1)        -0.000033   fFN(2)        -0.000023   fFN(3)         0.000000
fHS(1)        -0.001000   fHS(2)         0.000000   fHS(3)         0.031142
fPR(1)         0.000000   fPR(2)         0.000000   fPR(3)         0.000000
fCG(1)         0.000000   fCG(2)         0.000000   fCG(3)         0.000000
fR(1)  -4.6025842e-009   fR(2)   6.1848660e-010   fR(3)  -2.7786512e-008

 Moment Equilibrium    1001 
mMR(1)         0.000101   mMR(2)         0.000136   mMR(3)         0.000000
mTR(1)        -0.000000   mTR(2)         0.000000   mTR(3)         0.000000
mFus(1)        0.000000   mFus(2)        0.000109   mFus(3)        0.000107
mFN(1)        -0.000002   mFN(2)         0.000002   mFN(3)         0.000005
mHS(1)         0.000000   mHS(2)         0.004946   mHS(3)         0.000000
mPR(1)         0.000000   mPR(2)         0.000000   mPR(3)         0.000000
mR(1)   1.2034569e-009   mR(2)   5.6075538e-008   mR(3)   6.8278894e-010
QR  4.6924497e-012
mU  5.1935209e-003

 ====== q - derivatives ===== 
fMR(1)         0.347711   fMR(2)        -0.376264   fMR(3)         0.380767
fTR(1)         0.000000   fTR(2)         0.000000   fTR(3)         0.000000
fFus(1)       -0.003473   fFus(2)        0.000000   fFus(3)       -0.026950
fFN(1)         0.000000   fFN(2)         0.000000   fFN(3)         0.000000
fHS(1)         0.004083   fHS(2)         0.000000   fHS(3)        -0.384629
fPR(1)         0.000000   fPR(2)         0.000000   fPR(3)         0.000000
fCG(1)         0.000000   fCG(2)         0.000000   fCG(3)         0.000000
fR(1)   9.7769457e-008   fR(2)  -1.0555201e-007   fR(3)  -8.6543811e-009

 Moment Equilibrium    1002 
mMR(1)        -0.020248   mMR(2)        -0.018711   mMR(3)         0.000000
mTR(1)         0.000000   mTR(2)         0.000000   mTR(3)         0.000000
mFus(1)        0.000000   mFus(2)        0.000284   mFus(3)        0.000000
mFN(1)         0.000000   mFN(2)         0.000000   mFN(3)         0.000000
mHS(1)         0.000000   mHS(2)        -0.060982   mHS(3)         0.000000
mPR(1)         0.000000   mPR(2)         0.000000   mPR(3)         0.000000
mR(1)  -2.1848961e-007   mR(2)  -8.5738806e-007   mR(3)  -5.2085625e-010
QR -1.6066162e-011

 ====== w - derivatives ===== 
fMR(1)         0.064931   fMR(2)        -0.000680   fMR(3)        -0.801687
fTR(1)         0.000000   fTR(2)         0.000000   fTR(3)         0.000000
fFus(1)       -0.020446   fFus(2)        0.000000   fFus(3)       -0.114504
fFN(1)         0.000000   fFN(2)         0.000000   fFN(3)         0.000000
fHS(1)        -0.000494   fHS(2)         0.000000   fHS(3)         0.037508
fPR(1)         0.000000   fPR(2)         0.000000   fPR(3)         0.000000
fCG(1)         0.000000   fCG(2)         0.000000   fCG(3)         0.000000
fR(1)   1.2347896e-008   fR(2)  -1.3030732e-010   fR(3)  -2.4664368e-007

 Moment Equilibrium    1003 
mMR(1)        -0.000037   mMR(2)        -0.003494   mMR(3)         0.000000
mTR(1)         0.000000   mTR(2)         0.000000   mTR(3)         0.000000
mFus(1)        0.000000   mFus(2)        0.001672   mFus(3)        0.000000
mFN(1)         0.000000   mFN(2)         0.000000   mFN(3)         0.000000
mHS(1)         0.000000   mHS(2)         0.005948   mHS(3)         0.000000
mPR(1)         0.000000   mPR(2)         0.000000   mPR(3)         0.000000
mR(1)  -2.6792080e-010   mR(2)   4.4548740e-008   mR(3)  -5.2085625e-010
QR  3.5432246e-011
mW  4.1259291e-003


=I=I=I=I=I= Iteration Results =I=I=I=I=I=
xMR   11.125    xcg   11.125    dxCG    0.000    iRigMR   -5.0
cTs 0.08426   cT 0.00389   cLs 35.14378   cL 1.62259
aN     0.12496°    a1    0.01410°   b1    0.02979°
Br   aN     7.16°       a1    0.81°      b1    1.71°
716  aN     7.16°       a1    0.59°      b1    0.26°
mu  0.060244 lamD    0.01447    lamI    0.01350     mu*a1    0.00062     lamNf    0.01384
A1S   -0.00359°    B1S    0.01484°
A1S    -0.21°    B1S     0.85°    alfD    24.90°   alfaNf    24.31°   alSm    -0.26°
thtaN     12.17°    thtaTR    -0.04°
Trim   phi    -0.01°    thta     3.95°
vBx    15.01    vBy     0.03    vBz     1.04
fMR(1)          2330.08   fMR(2)            -9.59   fMR(3)        -26551.34
fTR(1)             0.00   fTR(2)            10.79   fTR(3)             0.00
fPR(1)             0.00   fPR(2)             0.00   fPR(3)             0.00
fFus(1)         -398.37   fFus(2)            5.33   fFus(3)        -1626.60
fFN(1)            -0.69   fFN(2)            -0.99   fFN(3)             0.00
fHS(1)           -31.94   fHS(2)             0.00   fHS(3)           708.05
fCG(1)         -1899.07   fCG(2)            -5.54   fCG(3)         27469.89
fWN(1)            -0.00   fWN(2)             0.00   fWN(3)             0.00
fR(1)   1.2909964e-008   fR(2)  -2.2196733e-010   fR(3)  -1.4178622e-007

Moment Equilibrium
mMR(1)           -19.85   mMR(2)         -4823.24   mMR(3)             0.00
mTR(1)            22.66   mTR(2)             0.00   mTR(3)           -93.05
mPR(1)             0.00   mPR(2)            -0.00   mPR(3)             0.00
mFus(1)            0.00   mFus(2)          490.84   mFus(3)           85.43
mFN(1)            -2.81   mFN(2)             1.96   mFN(3)             7.61
mHS(1)             0.00   mHS(2)          4330.44   mHS(3)             0.00
mWN(1)             0.00   mWN(2)            -0.00   mWN(3)             0.00
mR(1)  -4.5765347e-010   mR(2)  -2.4237254e-008   mR(3)  -5.2085625e-010
==x=x===x===x=x==
MR Fx     7.11    Fz -26653.39   thtaClmb    -0.00   torque  7625.45
dxMR    0.1817  Fx/Fz   -5.0°        mu   0.06024   oM  33.9  n  324.0

=I=I=I=I=I= End Of Iteration Results =I=I=I=I=I=


         ### stability derivatives ###
 R ._. R ._. << RotaryWingSim Data >> ._. R ._. R

       u              w            q         oM
x   -0.016398      0.043991     0.348321     0.045994
z   -0.098970     -0.878688    -0.030808    -0.505114
m    0.005193      0.004126    -0.079409    -0.002245

      measured  data
       u                w              q
x   -0.004600       0.038000        0.325900
z   -0.197800      -0.566700       -0.357000
m    0.003900      -0.002900       -0.294700

Q    0.000000      -0.000000        0.000000       -0.000000

Xu      -0.016398        -46.03
Xw       0.043991        123.48
Xq       0.348321       5113.46
Zu      -0.098970       -277.80
Zw      -0.878688      -2466.37
Zwd      0.000000          0.00
Zq      -0.030808       -452.27
Mu       0.005193         14.58
Mw       0.004126         11.58
Mwd      0.000000          0.00
Mq      -0.079409      -1165.75

##### SP and PH Mode ----- approximation ###
----- Short Period Mode -----
omega SP         0.0886
zeta  SP         5.4095
re  -0.4790 +   0.4708
re  -0.4790 -   0.4708

----- Phugoid Mode -----
omega PH         2.2775
zeta  PH         1.1566
re  -2.6342 +   1.3236
re  -2.6342 -   1.3236

A          1.0000
B          6.2264
C         14.1894
D         10.7032
E          3.9206

##### SP and PH Mode from quartic #####
A        1.000         1.000
B        0.974         0.974
C        0.026         0.026
D        0.047         0.047
E        0.041         0.041

Routh D       -0.040

M thta        -0.000 

z1  -0.95113    0.00000j
z2   0.16539    0.30605j
z3   0.16539   -0.30605j
z4  -0.35413    0.00000j

       Short Period                Phugoid
1   1.97592  0.00000j        0.89775  0.00000j
2  -0.07846  0.00000j        0.54560  0.00000j
3   0.01346  0.00000j       -0.01478  0.00000j
4  -0.03649  0.00000j        0.03328  0.00000j


----- Phugoid Mode -----
omega PH         0.3479
zeta  PH         0.4754
period PH       20.5302
tHalf  PH        4.1911
N half PH        0.2041

----- Short Period Mode -----
omega SP         0.9511
zeta  SP        -1.0000
period SP   --------
tHalf  SP        0.7288
N half SP        0.0000

omega SP         0.3541
zeta  SP        -1.0000
period SP   --------
tHalf  SP        1.9573
N half SP        0.0000


 M _ _ M _ _ << Measured Data >> _ _ M _ _ M
Xu      -0.004600        -12.91
Xw       0.038000        106.66
Xq       0.325900       4784.32
Zu      -0.197800       -555.20
Zw      -0.566700      -1590.66
Zwd      0.000000          0.00
Zq      -0.357000      -5240.87
Mu       0.003900         10.95
Mw      -0.002900         -8.14
Mwd      0.000000          0.00
Mq      -0.294700      -4326.29

##### SP and PH Mode ----- approximation ###
----- Short Period Mode -----
omega SP         0.4578
zeta  SP         0.9408
re  -0.4307 +  0.1552j
re  -0.4307 -  0.1552j

----- Phugoid Mode -----
omega PH         0.3567
zeta  PH        -0.0038
re   0.0014 +  0.3567j
re   0.0014 -  0.3567j

A          1.0000
B          0.8587
C          0.3344
D          0.1090
E          0.0267

##### SP and PH Mode from quartic #####
A        1.000         1.000
B        0.866         0.866
C        0.220         0.220
D        0.038         0.038
E        0.027         0.027

Routh D       -0.015

M thta        -0.000 

z1  -0.51881    0.20130j
z2  -0.51881   -0.20130j
z3   0.08581    0.28429j
z4   0.08581   -0.28429j

       Short Period                Phugoid
1   1.97279  0.00000j        0.08463  0.00000j
2  -0.30710  0.00000j        1.89626  0.00000j
3   0.01484  0.00000j        0.00732  0.00000j
4  -0.01888  0.00000j       -0.00088  0.00000j


----- Phugoid Mode -----
omega PH         0.2970
zeta  PH         0.2889
period PH       22.1014
tHalf  PH        8.0782
N half PH        0.3655

----- Short Period Mode -----
omega SP         0.5565
zeta  SP        -0.9323
period SP       31.2125
tHalf  SP        1.3360
N half SP        0.0428

dlc    21.67   dla    4.13   dle   -5.21      dlp    4.27      dlt    0.00
thtaN  12.17°   A1S  -0.21°   B1S   0.85°   thtaTR  -0.04°
TrimAC phi LFr      -0.01°    thta       3.95°    psi      -0.10°
