reading aircraft data from ./data/UH-1/RotDatUH1a.dat
reading Flight Data from ./data/UH-1/fDataUH1_12N.flt
reading Rotor Data from ./data/UH-1/fDataUH1_12N.flt


    #### RotaryWingSim ####
rhoAir        1.2252 kg/m³
thtaN   13.68°   twist   -10.88°
mHeli          6188.00 lb

nRot      324.0 1/min    oM     33.93 rad/s
oMR       249.54 m/s     oMR   818.71 ft/s
aBlade          7.85 m^2

rRotTR       1.30 m
nRotTR       1662.7 1/min
oMTR    174.12
oMRTR   249.54 m/s    oMRTR   818.71 ft/s
sigmaTR   0.1049

Area Mrot     169.94 m^2
m blade        93.9 kg
I blade       379.8 kg*m^2
gamRot         11.2700
sigma           0.0462


Trim phi       0.00°    thta      -0.10°    psi      -0.10°   
vH     134.95 mph     vV          0 fpm
cTs  0.046000     cT  0.0021     cT2sa  0.0160     cL  0.0725
m Heli    27535.5 N      fpA        1.8 m^2          19.3 ft^2
Iyy Heli       14680.3 kg*m^2
Coordintats x,z    [m]         [ft]
Rotor      :   0.00   2.07        0.00   6.79
Rudder     :   8.62   2.10       28.29   6.89
Fin        :   7.71   2.84       25.29   9.33
H-Stab     :   6.09   0.50       19.99   1.64
Wing       :  -3.39   0.00      -11.13   0.00
Propeller  :  -3.39   1.14      -11.13   3.73
### Var ###
mu             33.929  vFlight    120.0 kn
thtaClmb      -0.0000     -0.0000°
cTsReq    0.04600    cTReq    0.00212    cT2saReq    0.01601
alfaD   18563.83°    thtaClmb      -0.00°    thtaTrim      -0.10
trim iter 33     anorm 2.90124e-010

   deriv 3104
       u                w              q
x   -0.021532      0.461566    -0.087203
z    0.297805     -1.180786     0.433545
m    0.021812     -0.299603     0.007609

 ====== u - derivatives ===== 
fMR(1)        -0.136025   fMR(2)         0.009721   fMR(3)         0.210680
fTR(1)         0.000000   fTR(2)        -0.000001   fTR(3)         0.000000
fFus(1)       -0.053869   fFus(2)        0.000514   fFus(3)        0.057216
fFN(1)        -0.000132   fFN(2)        -0.000095   fFN(3)         0.000000
fHS(1)        -0.001575   fHS(2)         0.000000   fHS(3)         0.013706
fPR(1)         0.000000   fPR(2)         0.000000   fPR(3)         0.000000
fCG(1)         0.000000   fCG(2)         0.000000   fCG(3)         0.000000
fR(1)  -5.3780677e-008   fR(2)   2.8758933e-009   fR(3)   7.9040202e-008

 Moment Equilibrium    1001 
mMR(1)         0.000523   mMR(2)         0.007320   mMR(3)         0.000000
mTR(1)        -0.000000   mTR(2)         0.000000   mTR(3)         0.000000
mFus(1)        0.000000   mFus(2)       -0.000494   mFus(3)        0.000428
mFN(1)        -0.000007   mFN(2)         0.000010   mFN(3)         0.000019
mHS(1)         0.000000   mHS(2)         0.002192   mHS(3)         0.000000
mPR(1)         0.000000   mPR(2)         0.000000   mPR(3)         0.000000
mR(1)   5.6344902e-009   mR(2)   9.7482699e-008   mR(3)   4.5772595e-009
QR  1.6336766e-011
mU  9.0278768e-003

 ====== q - derivatives ===== 
fMR(1)         0.407680   fMR(2)        -0.445547   fMR(3)        -0.179224
fTR(1)         0.000000   fTR(2)         0.000000   fTR(3)         0.000000
fFus(1)        0.000097   fFus(2)        0.000000   fFus(3)       -0.026649
fFN(1)         0.000000   fFN(2)         0.000000   fFN(3)         0.000000
fHS(1)        -0.018381   fHS(2)         0.000000   fHS(3)        -0.733489
fPR(1)         0.000000   fPR(2)         0.000000   fPR(3)         0.000000
fCG(1)         0.000000   fCG(2)         0.000000   fCG(3)         0.000000
fR(1)   1.0929813e-007   fR(2)  -1.2502962e-007   fR(3)  -2.6366832e-007

 Moment Equilibrium    1002 
mMR(1)        -0.023976   mMR(2)        -0.021938   mMR(3)         0.000000
mTR(1)         0.000000   mTR(2)         0.000000   mTR(3)         0.000000
mFus(1)        0.000000   mFus(2)        0.000254   mFus(3)        0.000000
mFN(1)         0.000000   mFN(2)         0.000000   mFN(3)         0.000000
mHS(1)         0.000000   mHS(2)        -0.115952   mHS(3)         0.000000
mPR(1)         0.000000   mPR(2)         0.000000   mPR(3)         0.000000
mR(1)  -2.5880894e-007   mR(2)  -1.4860692e-006   mR(3)  -2.5215741e-010
QR -2.2462454e-011

 ====== w - derivatives ===== 
fMR(1)         0.222766   fMR(2)        -0.014422   fMR(3)        -1.024213
fTR(1)         0.000000   fTR(2)         0.000000   fTR(3)         0.000000
fFus(1)        0.001500   fFus(2)        0.000000   fFus(3)       -0.384670
fFN(1)         0.000000   fFN(2)         0.000000   fFN(3)         0.000000
fHS(1)        -0.002897   fHS(2)         0.000000   fHS(3)        -0.107757
fPR(1)         0.000000   fPR(2)         0.000000   fPR(3)         0.000000
fCG(1)         0.000000   fCG(2)         0.000000   fCG(3)         0.000000
fR(1)   6.2134977e-008   fR(2)  -4.0181618e-009   fR(3)  -4.2570389e-007

 Moment Equilibrium    1003 
mMR(1)        -0.000776   mMR(2)        -0.011988   mMR(3)         0.000000
mTR(1)         0.000000   mTR(2)         0.000000   mTR(3)         0.000000
mFus(1)        0.000000   mFus(2)        0.003767   mFus(3)        0.000000
mFN(1)         0.000000   mFN(2)         0.000000   mFN(3)         0.000000
mHS(1)         0.000000   mHS(2)        -0.017032   mHS(3)         0.000000
mPR(1)         0.000000   mPR(2)         0.000000   mPR(3)         0.000000
mR(1)  -8.3166469e-009   mR(2)  -2.7264133e-007   mR(3)  -2.5215741e-010
QR -6.2300981e-011
mW -2.5252045e-002


=I=I=I=I=I= Iteration Results =I=I=I=I=I=
xMR   11.125    xcg   11.125    dxCG    0.000    iRigMR   -5.0
cTs 0.14732   cT 0.00680   cLs 5.60805   cL 0.25892
aN     0.22222°    a1    0.13192°   b1    0.07201°
Br   aN    12.73°       a1    7.56°      b1    4.13°
716  aN    12.73°       a1    4.21°      b1    1.36°
mu  0.228957 lamD    0.00381    lamI    0.00413     mu*a1    0.01682     lamNf   -0.01301
A1S   -0.03931°    B1S    0.22760°
A1S    -2.25°    B1S    13.04°    alfD     1.99°   alfaNf    -2.22°   alSm    -8.83°
thtaN     17.69°    thtaTR    -0.07°
Trim   phi    -0.19°    thta    -0.23°
vBx    60.17    vBy     0.11    vBz    -0.24
fMR(1)          4623.97   fMR(2)          -154.01   fMR(3)        -31921.84
fTR(1)             0.00   fTR(2)           173.60   fTR(3)             0.00
fPR(1)             0.00   fPR(2)             0.00   fPR(3)             0.00
fFus(1)        -4540.60   fFus(2)           86.81   fFus(3)         2701.49
fFN(1)           -11.07   fFN(2)           -16.09   fFN(3)             0.00
fHS(1)          -182.42   fHS(2)             0.00   fHS(3)          1685.25
fCG(1)           110.12   fCG(2)           -90.31   fCG(3)         27535.09
fWN(1)            -0.00   fWN(2)             0.00   fWN(3)            -0.00
fR(1)   9.5571441e-008   fR(2)  -5.7184621e-009   fR(3)  -3.0511217e-007

Moment Equilibrium
mMR(1)          -318.80   mMR(2)         -9571.57   mMR(3)             0.00
mTR(1)           364.57   mTR(2)             0.00   mTR(3)         -1497.00
mPR(1)             0.00   mPR(2)            -0.00   mPR(3)             0.00
mFus(1)            0.00   mFus(2)         -820.14   mFus(3)         1372.97
mFN(1)           -45.77   mFN(2)            31.49   mFN(3)           124.02
mHS(1)             0.00   mHS(2)         10360.23   mHS(3)             0.00
mWN(1)             0.00   mWN(2)             0.00   mWN(3)             0.00
mR(1)  -1.1836278e-008   mR(2)  -1.7220401e-007   mR(3)  -2.5215741e-010
==x=x===x===x=x==
MR Fx  1824.21    Fz -32203.37   thtaClmb    -0.00   torque 20797.62
dxMR    0.2998  Fx/Fz   -8.2°        mu   0.22896   oM  33.9  n  324.0

=I=I=I=I=I= End Of Iteration Results =I=I=I=I=I=


         ### stability derivatives ###
 R ._. R ._. << RotaryWingSim Data >> ._. R ._. R

       u              w            q         oM
x   -0.191601      0.221369     0.389396     0.340492
z    0.281603     -1.516638    -0.939358    -1.087009
m    0.009028     -0.025252    -0.137636    -0.015950

      measured  data
       u                w              q
x   -0.056400       0.136300        0.527100
z    0.127600      -1.234900       -1.318600
m    0.015900      -0.030000       -0.660100

Q    0.000000      -0.000000       -0.000000       -0.000000

Xu      -0.191601       -537.80
Xw       0.221369        621.36
Xq       0.389396       5716.46
Zu       0.281603        790.42
Zw      -1.516638      -4257.02
Zwd      0.000000          0.00
Zq      -0.939358     -13790.07
Mu       0.009028         25.34
Mw      -0.025252        -70.88
Mwd      0.000000          0.00
Mq      -0.137636      -2020.55

##### SP and PH Mode ----- approximation ###
----- Short Period Mode -----
omega SP         1.3055
zeta  SP         0.6336
re  -0.8271 +  1.0100j
re  -0.8271 -  1.0100j

----- Phugoid Mode -----
omega PH         0.1931
zeta  PH         0.4414
re  -0.0852 +  0.1733j
re  -0.0852 -  0.1733j

A          1.0000
B          1.8247
C          2.0236
D          0.3522
E          0.0636

##### SP and PH Mode from quartic #####
A        1.000         1.000
B        1.846         1.846
C        1.955         1.955
D        0.286         0.286
E        0.065         0.065

Routh D        0.729

M thta        -0.000 

z1  -0.85795    0.97890j
z2  -0.85795   -0.97890j
z3  -0.06499    0.18407j
z4  -0.06499   -0.18407j

       Short Period                Phugoid
1   0.04470  0.00000j       -1.88724  0.00000j
2   1.95976  0.00000j       -0.65860  0.00000j
3   0.02158  0.00000j       -0.00734  0.00000j
4   0.00887  0.00000j        0.00920  0.00000j


----- Phugoid Mode -----
omega PH         0.1952
zeta  PH        -0.3329
period PH       34.1354
tHalf  PH       10.6654
N half PH        0.3124

----- Short Period Mode -----
omega SP         1.3017
zeta  SP        -0.6591
period SP        6.4186
tHalf  SP        0.8079
N half SP        0.1259


 M _ _ M _ _ << Measured Data >> _ _ M _ _ M
Xu      -0.056400       -158.31
Xw       0.136300        382.58
Xq       0.527100       7738.00
Zu       0.127600        358.16
Zw      -1.234900      -3466.21
Zwd      0.000000          0.00
Zq      -1.318600     -19357.47
Mu       0.015900         44.63
Mw      -0.030000        -84.21
Mwd      0.000000          0.00
Mq      -0.660100      -9690.48

##### SP and PH Mode ----- approximation ###
----- Short Period Mode -----
omega SP         1.6064
zeta  SP         0.5898
re  -0.9475 +  1.2972j
re  -0.9475 -  1.2972j

----- Phugoid Mode -----
omega PH         0.2424
zeta  PH         0.1315
re  -0.0319 +  0.2403j
re  -0.0319 -  0.2403j

A          1.0000
B          1.9587
C          2.7602
D          0.2759
E          0.1517

##### SP and PH Mode from quartic #####
A        1.000         1.000
B        1.951         1.951
C        2.662         2.662
D        0.154         0.154
E        0.155         0.155

Routh D        0.187

M thta        -0.000 

z1  -0.96842    1.27883j
z2  -0.96842   -1.27883j
z3  -0.00728    0.24537j
z4  -0.00728   -0.24537j

       Short Period                Phugoid
1   0.08207  0.00000j       -1.85640  0.00000j
2   1.99313  0.00000j       -0.73404  0.00000j
3   0.00885  0.00000j       -0.01175  0.00000j
4   0.01834  0.00000j       -0.00154  0.00000j


----- Phugoid Mode -----
omega PH         0.2455
zeta  PH        -0.0297
period PH       25.6067
tHalf  PH       95.2206
N half PH        3.7186

----- Short Period Mode -----
omega SP         1.6041
zeta  SP        -0.6037
period SP        4.9132
tHalf  SP        0.7158
N half SP        0.1457

dlc    31.51   dla    0.85   dle   11.54      dlp    4.30      dlt    0.00
thtaN  17.69°   A1S  -2.25°   B1S  13.04°   thtaTR  -0.07°
TrimAC phi LFr      -0.19°    thta      -0.23°    psi      -0.10°
