reading aircraft data from ./data/UH-1/RotDatUH1a.dat
reading Flight Data from ./data/UH-1/fDataUH1_1NN.flt
reading Rotor Data from ./data/UH-1/fDataUH1_1NN.flt


    #### RotaryWingSim ####
rhoAir        1.2252 kg/m³
thtaN   13.68°   twist   -10.88°
mHeli          6188.00 lb

nRot      324.0 1/min    oM     33.93 rad/s
oMR       249.54 m/s     oMR   818.71 ft/s
aBlade          7.85 m^2

rRotTR       1.30 m
nRotTR       1662.7 1/min
oMTR    174.12
oMRTR   249.54 m/s    oMRTR   818.71 ft/s
sigmaTR   0.1049

Area Mrot     169.94 m^2
m blade        93.9 kg
I blade       379.8 kg*m^2
gamRot         11.2700
sigma           0.0462


Trim phi       0.00°    thta      -0.10°    psi      -0.10°   
vH     112.46 mph     vV          0 fpm
cTs  0.046000     cT  0.0021     cT2sa  0.0160     cL  0.1044
m Heli    27535.5 N      fpA        1.8 m^2          19.3 ft^2
Iyy Heli       14680.3 kg*m^2
Coordintats x,z    [m]         [ft]
Rotor      :   0.00   2.07        0.00   6.79
Rudder     :   8.62   2.10       28.29   6.89
Fin        :   7.71   2.84       25.29   9.33
H-Stab     :   6.09   0.50       19.99   1.64
Wing       :  -3.39   0.00      -11.13   0.00
Propeller  :  -3.39   1.14      -11.13   3.73
### Var ###
mu             33.929  vFlight    100.0 kn
thtaClmb      -0.0000     -0.0000°
cTsReq    0.04600    cTReq    0.00212    cT2saReq    0.01601
alfaD   18563.83°    thtaClmb      -0.00°    thtaTrim      -0.10
trim iter 33     anorm 3.23948e-010

   deriv 3104
       u                w              q
x   -0.060404      0.305238    -0.067564
z    0.177705     -1.156269     0.363613
m    0.016376     -0.207067    -0.000782

 ====== u - derivatives ===== 
fMR(1)        -0.085766   fMR(2)         0.005202   fMR(3)         0.182983
fTR(1)         0.000000   fTR(2)        -0.000000   fTR(3)         0.000000
fFus(1)       -0.043981   fFus(2)        0.000403   fFus(3)        0.046642
fFN(1)        -0.000110   fFN(2)        -0.000075   fFN(3)         0.000000
fHS(1)        -0.001371   fHS(2)         0.000000   fHS(3)         0.015123
fPR(1)         0.000000   fPR(2)         0.000000   fPR(3)         0.000000
fCG(1)         0.000000   fCG(2)         0.000000   fCG(3)         0.000000
fR(1)  -3.6829292e-008   fR(2)   1.5840911e-009   fR(3)   6.8670833e-008

 Moment Equilibrium    1001 
mMR(1)         0.000280   mMR(2)         0.004615   mMR(3)         0.000000
mTR(1)        -0.000000   mTR(2)         0.000000   mTR(3)         0.000000
mFus(1)        0.000000   mFus(2)       -0.000328   mFus(3)        0.000357
mFN(1)        -0.000006   mFN(2)         0.000008   mFN(3)         0.000015
mHS(1)         0.000000   mHS(2)         0.002414   mHS(3)         0.000000
mPR(1)         0.000000   mPR(2)         0.000000   mPR(3)         0.000000
mR(1)   3.0297826e-009   mR(2)   7.2427532e-008   mR(3)   3.7377959e-009
QR  3.9967842e-012
mU  6.7088992e-003

 ====== q - derivatives ===== 
fMR(1)         0.376072   fMR(2)        -0.382442   fMR(3)        -0.123803
fTR(1)         0.000000   fTR(2)         0.000000   fTR(3)         0.000000
fFus(1)       -0.000875   fFus(2)        0.000000   fFus(3)       -0.042392
fFN(1)         0.000000   fFN(2)         0.000000   fFN(3)         0.000000
fHS(1)        -0.009380   fHS(2)         0.000000   fHS(3)        -0.665273
fPR(1)         0.000000   fPR(2)         0.000000   fPR(3)         0.000000
fCG(1)         0.000000   fCG(2)         0.000000   fCG(3)         0.000000
fR(1)   1.0268515e-007   fR(2)  -1.0731464e-007   fR(3)  -2.3340874e-007

 Moment Equilibrium    1002 
mMR(1)        -0.020580   mMR(2)        -0.020237   mMR(3)         0.000000
mTR(1)         0.000000   mTR(2)         0.000000   mTR(3)         0.000000
mFus(1)        0.000000   mFus(2)        0.000349   mFus(3)        0.000000
mFN(1)         0.000000   mFN(2)         0.000000   mFN(3)         0.000000
mHS(1)         0.000000   mHS(2)        -0.105263   mHS(3)         0.000000
mPR(1)         0.000000   mPR(2)         0.000000   mPR(3)         0.000000
mR(1)  -2.2213911e-007   mR(2)  -1.3512903e-006   mR(3)  -2.7466740e-010
QR -6.4705278e-012

 ====== w - derivatives ===== 
fMR(1)         0.207858   fMR(2)        -0.008433   fMR(3)        -1.003735
fTR(1)         0.000000   fTR(2)         0.000000   fTR(3)         0.000000
fFus(1)       -0.009439   fFus(2)        0.000000   fFus(3)       -0.442710
fFN(1)         0.000000   fFN(2)         0.000000   fFN(3)         0.000000
fHS(1)        -0.001288   fHS(2)         0.000000   fHS(3)        -0.074183
fPR(1)         0.000000   fPR(2)         0.000000   fPR(3)         0.000000
fCG(1)         0.000000   fCG(2)         0.000000   fCG(3)         0.000000
fR(1)   5.5337310e-008   fR(2)  -2.3349642e-009   fR(3)  -4.2685098e-007

 Moment Equilibrium    1003 
mMR(1)        -0.000454   mMR(2)        -0.011185   mMR(3)         0.000000
mTR(1)         0.000000   mTR(2)         0.000000   mTR(3)         0.000000
mFus(1)        0.000000   mFus(2)        0.003751   mFus(3)        0.000000
mFN(1)         0.000000   mFN(2)         0.000000   mFN(3)         0.000000
mHS(1)         0.000000   mHS(2)        -0.011734   mHS(3)         0.000000
mPR(1)         0.000000   mPR(2)         0.000000   mPR(3)         0.000000
mR(1)  -4.8324011e-009   mR(2)  -2.0698225e-007   mR(3)  -2.7466740e-010
QR -1.0330813e-011
mW -1.9169185e-002


=I=I=I=I=I= Iteration Results =I=I=I=I=I=
xMR   11.125    xcg   11.125    dxCG    0.000    iRigMR   -5.0
cTs 0.11395   cT 0.00526   cLs 5.92256   cL 0.27344
aN     0.16997°    a1    0.08027°   b1    0.04998°
Br   aN     9.74°       a1    4.60°      b1    2.86°
716  aN     9.74°       a1    2.71°      b1    0.96°
mu  0.196097 lamD    0.00899    lamI    0.00443     mu*a1    0.00927     lamNf   -0.00028
A1S   -0.02273°    B1S    0.17548°
A1S    -1.30°    B1S    10.05°    alfD     3.92°   alfaNf     1.21°   alSm    -7.34°
thtaN     14.84°    thtaTR    -0.07°
Trim   phi    -0.12°    thta     2.47°
vBx    50.09    vBy     0.08    vBz     2.16
fMR(1)          4509.39   fMR(2)          -107.23   fMR(3)        -28182.91
fTR(1)             0.00   fTR(2)           119.91   fTR(3)             0.00
fPR(1)             0.00   fPR(2)             0.00   fPR(3)             0.00
fFus(1)        -3176.79   fFus(2)           56.62   fFus(3)         -776.57
fFN(1)            -7.68   fFN(2)           -10.49   fFN(3)             0.00
fHS(1)          -137.56   fHS(2)             0.00   fHS(3)          1449.70
fCG(1)         -1187.36   fCG(2)           -58.81   fCG(3)         27509.79
fWN(1)            -0.00   fWN(2)             0.00   fWN(3)            -0.00
fR(1)   5.8129004e-008   fR(2)  -2.5905322e-009   fR(3)  -2.3594441e-007

Moment Equilibrium
mMR(1)          -221.96   mMR(2)         -9334.38   mMR(3)             0.00
mTR(1)           251.82   mTR(2)             0.00   mTR(3)         -1034.01
mPR(1)             0.00   mPR(2)            -0.00   mPR(3)             0.00
mFus(1)            0.00   mFus(2)          410.07   mFus(3)          953.12
mFN(1)           -29.85   mFN(2)            21.84   mFN(3)            80.89
mHS(1)             0.00   mHS(2)          8902.48   mHS(3)             0.00
mWN(1)             0.00   mWN(2)             0.00   mWN(3)             0.00
mR(1)  -5.3614428e-009   mR(2)  -9.1314534e-008   mR(3)  -2.7466740e-010
==x=x===x===x=x==
MR Fx  2035.93    Fz -28468.69   thtaClmb    -0.00   torque 13226.82
dxMR    0.3312  Fx/Fz   -9.1°        mu   0.19610   oM  33.9  n  324.0

=I=I=I=I=I= End Of Iteration Results =I=I=I=I=I=


         ### stability derivatives ###
 R ._. R ._. << RotaryWingSim Data >> ._. R ._. R

       u              w            q         oM
x   -0.131229      0.197131     0.365816     0.207077
z    0.244742     -1.520643    -0.831471    -0.840505
m    0.006709     -0.019169    -0.125152    -0.008456

      measured  data
       u                w              q
x   -0.045100       0.092500        0.540300
z    0.088800      -0.996300       -1.051300
m    0.016600      -0.021800       -0.701200

Q    0.000000      -0.000000       -0.000000       -0.000000

Xu      -0.131229       -368.34
Xw       0.197131        553.32
Xq       0.365816       5370.30
Zu       0.244742        686.96
Zw      -1.520643      -4268.26
Zwd      0.000000          0.00
Zq      -0.831471     -12206.26
Mu       0.006709         18.83
Mw      -0.019169        -53.81
Mwd      0.000000          0.00
Mq      -0.125152      -1837.27

##### SP and PH Mode ----- approximation ###
----- Short Period Mode -----
omega SP         1.0656
zeta  SP         0.7722
re  -0.8229 +  0.6770j
re  -0.8229 -  0.6770j

----- Phugoid Mode -----
omega PH         0.2164
zeta  PH         0.2981
re  -0.0645 +  0.2065j
re  -0.0645 -  0.2065j

A          1.0000
B          1.7748
C          1.3946
D          0.2235
E          0.0532

##### SP and PH Mode from quartic #####
A        1.000         1.000
B        1.777         1.777
C        1.301         1.301
D        0.142         0.142
E        0.054         0.054

Routh D        0.136

M thta        -0.000 

z1  -0.86211    0.64808j
z2  -0.86211   -0.64808j
z3  -0.02641    0.21395j
z4  -0.02641   -0.21395j

       Short Period                Phugoid
1   1.90109  0.00000j       -0.08283  0.00000j
2   0.61079  0.00000j        1.91739  0.00000j
3   0.00952  0.00000j        0.02602  0.00000j
4  -0.00768  0.00000j       -0.00369  0.00000j


----- Phugoid Mode -----
omega PH         0.2156
zeta  PH        -0.1225
period PH       29.3675
tHalf  PH       26.2502
N half PH        0.8939

----- Short Period Mode -----
omega SP         1.0785
zeta  SP        -0.7993
period SP        9.6950
tHalf  SP        0.8040
N half SP        0.0829


 M _ _ M _ _ << Measured Data >> _ _ M _ _ M
Xu      -0.045100       -126.59
Xw       0.092500        259.64
Xq       0.540300       7931.78
Zu       0.088800        249.25
Zw      -0.996300      -2796.49
Zwd      0.000000          0.00
Zq      -1.051300     -15433.42
Mu       0.016600         46.59
Mw      -0.021800        -61.19
Mwd      0.000000          0.00
Mq      -0.701200     -10293.84

##### SP and PH Mode ----- approximation ###
----- Short Period Mode -----
omega SP         1.3299
zeta  SP         0.6382
re  -0.8488 +  1.0239j
re  -0.8488 -  1.0239j

----- Phugoid Mode -----
omega PH         0.2816
zeta  PH         0.1630
re  -0.0459 +  0.2778j
re  -0.0459 -  0.2778j

A          1.0000
B          1.7893
C          2.0038
D          0.2970
E          0.1402

##### SP and PH Mode from quartic #####
A        1.000         1.000
B        1.743         1.743
C        1.828         1.828
D        0.154         0.154
E        0.143         0.143

Routh D        0.031

M thta        -0.000 

z1  -0.86835    0.99059j
z2  -0.86835   -0.99059j
z3  -0.00295    0.28730j
z4  -0.00295   -0.28730j

       Short Period                Phugoid
1  -0.15530  0.00000j        1.78723  0.00000j
2  -1.99006  0.00000j        0.86751  0.00000j
3  -0.00491  0.00000j        0.01563  0.00000j
4  -0.02059  0.00000j        0.00136  0.00000j


----- Phugoid Mode -----
omega PH         0.2873
zeta  PH        -0.0103
period PH       21.8695
tHalf  PH      235.3201
N half PH       10.7602

----- Short Period Mode -----
omega SP         1.3173
zeta  SP        -0.6592
period SP        6.3429
tHalf  SP        0.7982
N half SP        0.1258

dlc    26.43   dla    2.37   dle    7.44      dlp    4.29      dlt    0.00
thtaN  14.84°   A1S  -1.30°   B1S  10.05°   thtaTR  -0.07°
TrimAC phi LFr      -0.12°    thta       2.47°    psi      -0.10°
