RotaryWingSim  130 kts
       u                w              q
x   -0.226158       0.224799        0.415532
z    0.291855      -1.567082       -0.975247
m    0.009020      -0.031403       -0.143377


Measured  Data

       u                w              q
x   -0.062200       0.108900        0.504300
z    0.126600      -1.037300       -1.313100
m    0.021500      -0.034000       -0.813500


z1  -0.87431    1.20131j
z2  -0.87431   -1.20131j
z3  -0.09400    0.11512j
z4  -0.09400   -0.11512j

Routh D        1.859

z1  -0.93676    1.44739j
z2  -0.93676   -1.44739j
z3  -0.01974    0.24291j
z4  -0.01974   -0.24291j

Routh D        0.660

RW trim
alfaNf -21.41°  alfaD   -16.22°   alfaS -6.82°   alSm    -9.40°   alNfmmt     6.73° 
thtaN  19.50°  thta1 -10.88°  thtaClmb  -0.00°     thtaTR    -0.08°
Trim   phi    -0.24°    thta    -1.84°    psi    -0.10°

MM trim
       phi    -1.51     thta     1.69     psi     0.0
thtaN 15.15

==================================

RotaryWingSim  100 kts
       u                w              q
x   -0.131229       0.197131        0.365816
z    0.244742      -1.520643       -0.831471
m    0.006709      -0.019169       -0.125152

Measured  Data
       u                w              q
x   -0.045100       0.092500        0.540300
z    0.088800      -0.996300       -1.051300
m    0.016600      -0.021800       -0.701200


z1  -0.86211    0.64808j
z2  -0.86211   -0.64808j
z3  -0.02641    0.21395j
z4  -0.02641   -0.21395j

Routh D        0.136

z1  -0.86835    0.99059j
z2  -0.86835   -0.99059j
z3  -0.00295    0.28730j
z4  -0.00295   -0.28730j

Routh D        0.031
RW trim
alfaNf -12.58°  alfaD   -9.87°   alfaS -2.53°   alSm    -7.34°   alNfmmt     9.24° 
thtaN  14.84°  thta1 -10.88°  thtaClmb  -0.00°     thtaTR    -0.07°
Trim   phi    -0.12°    thta     2.47°    psi    -0.10°

MM trim
       phi    -0.94     thta     3.02     psi     0.0
thtaN  13.42

=====================================

RotaryWingSim  60 kts
       u                w              q
x   -0.049489       0.102860        0.365274
z    0.139019      -1.566784       -0.509586
m    0.002469      -0.011835       -0.099647

      Measured  Data
       u                w              q
x   -0.024400       0.066500        0.492900
z    0.012300      -0.875700       -0.492900
m    0.010600      -0.008800       -0.523000


z1  -1.28252    0.00000j
z2  -0.47241    0.00000j
z3   0.01951    0.18870j
z4   0.01951   -0.18870j

Routh D       -0.027

z1  -0.76184    0.45242j
z2  -0.76184   -0.45242j
z3   0.05029    0.33482j
z4   0.05029   -0.33482j

Routh D       -0.090

trim
alfaNf -5.05°  alfaD   -3.89°   alfaS -1.19°   alSm    -2.70°   alNfmmt    18.21° 
thtaN  12.14°  thta1 -10.88°  thtaClmb  -0.00°     thtaTR    -0.05°
Trim   phi    -0.05°    thta     3.81°    psi    -0.10°

MM trim
       phi    -0.68     thta     4.15     psi     0.0
thtaN  12.76

============================

RotaryWingSim  30 kts
       u                w              q
x   -0.016398       0.043991        0.348321
z   -0.098970      -0.878688       -0.030808
m    0.005193       0.004126       -0.079409

      Measured  Data

       u                w              q
x   -0.014400       0.038000        0.424300
z   -0.066800      -0.768900       -0.096900
m    0.003900      -0.006000       -0.418400


z1  -0.95113    0.00000j
z2   0.16539    0.30605j
z3   0.16539   -0.30605j
z4  -0.35413    0.00000j

Routh D       -0.040

z1  -0.51881    0.20130j
z2  -0.51881   -0.20130j
z3   0.08581    0.28429j
z4   0.08581   -0.28429j

Routh D       -0.015

RW trim
alfaNf -1.90°  alfaD   -1.30°   alfaS -1.04°   alSm    -0.26°   alNfmmt    43.17° 
thtaN  12.17°  thta1 -10.88°  thtaClmb  -0.00°     thtaTR    -0.04°
Trim   phi    -0.01°    thta     3.95°    psi    -0.10°
MM trim
       phi    -0.68     thta     4.15     psi     0.0
thtaN  12.76


