reading aircraft data from ./data/S-51a/RotDatS-51_1.dat
reading Flight Data from ./data/S-51a/fDataS-51_mu10.flt
reading Rotor Data from ./data/S-51a/fDataS-51_mu10.flt


#### RotaryWingSim ####
rhoAir          1.2261 kg/m°
thtaN    9.68°   twist    -0.88°
mHeli          4958.00 lb

nRot   oMR       146.30 m/s     oMR   480.00 ft/s
aBlade         10.09 m^2

rRotTR       1.30 m
nRotTR       1662.7 1/min
oMTR    174.12
oMRTR   146.30 m/s    oMRTR   480.00 ft/s
sigmaTR   0.1049

Area Mrot     168.11 m^2
m blade        93.9 kg
I blade       379.8 kg*m^2
gamRot         11.2700
sigma           0.0600


Trim phi       0.00°    thta      -0.10°    psi      -0.10°   
vH      32.83 mph     vV          0 fpm
cTs  0.083340     cT  0.0050     cT2sa  0.0290     cL  0.9917
m Heli    22062.2 N      fpA        1.1 m^2          12.3 ft^2
Iyy Heli       14680.3 kg*m^2
Coordintats x,z    [m]         [ft]
Rotor      :   0.00   1.83        0.00   6.00
Rudder     :   8.62   1.83       28.29   6.00
Fin        :   7.71   2.84       25.29   9.33
H-Stab     :   6.09   0.50       19.99   1.64
Wing       :  -3.39   0.00      -11.13   0.00
Propeller  :  -2.26   0.00       -7.40   0.00
### Var ###
mu             20.000  vFlight     29.2 kn
thtaClmb      -0.0000     -0.0000°
cTsReq    0.08334    cTReq    0.00500    cT2saReq    0.02900
alfaD   10942.69°    thtaClmb      -0.00°    thtaTrim      -0.10
trim iter 29     anorm 4.99743e-010

   deriv 3104
       u                w              q
x   -0.061936      0.042574     0.097675
z   -0.182278     -0.944378     0.151296
m    0.013516     -0.023480    -0.022455

 ====== u - derivatives ===== 
fMR(1)        -0.038076   fMR(2)         0.009659   fMR(3)        -0.160841
fTR(1)         0.000000   fTR(2)        -0.000000   fTR(3)         0.000000
fFus(1)       -0.010922   fFus(2)        0.000189   fFus(3)        0.000000
fFN(1)        -0.000040   fFN(2)        -0.000035   fFN(3)         0.000000
fHS(1)        -0.000000   fHS(2)         0.000000   fHS(3)         0.000001
fPR(1)         0.000000   fPR(2)         0.000000   fPR(3)         0.000000
fCG(1)         0.000000   fCG(2)         0.000000   fCG(3)         0.000000
fR(1)  -1.1030812e-008   fR(2)   2.2574227e-009   fR(3)  -3.6171867e-008

 Moment Equilibrium    1001 
mMR(1)        -0.001733   mMR(2)         0.005200   mMR(3)         0.000000
mTR(1)        -0.000000   mTR(2)         0.000000   mTR(3)         0.000000
mFus(1)        0.000000   mFus(2)        0.000118   mFus(3)        0.000104
mFN(1)        -0.000002   mFN(2)         0.000002   mFN(3)         0.000006
mHS(1)         0.000000   mHS(2)         0.000000   mHS(3)         0.000000
mPR(1)         0.000000   mPR(2)         0.000000   mPR(3)         0.000000
mR(1)  -1.8541019e-008   mR(2)   5.7146531e-008   mR(3)   7.4238926e-010
QR  1.0011517e-011
mU  5.3204197e-003

 ====== q - derivatives ===== 
fMR(1)         0.789262   fMR(2)        -0.759478   fMR(3)         0.310473
fTR(1)         0.000000   fTR(2)         0.000000   fTR(3)         0.000000
fFus(1)       -0.001743   fFus(2)        0.000000   fFus(3)        0.000000
fFN(1)         0.000000   fFN(2)         0.000000   fFN(3)         0.000000
fHS(1)         0.000000   fHS(2)         0.000000   fHS(3)        -0.000011
fPR(1)         0.000000   fPR(2)         0.000000   fPR(3)         0.000000
fCG(1)         0.000000   fCG(2)         0.000000   fCG(3)         0.000000
fR(1)   1.7710652e-007   fR(2)  -1.7075223e-007   fR(3)   6.9824283e-008

 Moment Equilibrium    1002 
mMR(1)         0.051599   mMR(2)        -0.146803   mMR(3)         0.000000
mTR(1)         0.000000   mTR(2)         0.000000   mTR(3)         0.000000
mFus(1)        0.000000   mFus(2)        0.000123   mFus(3)        0.000000
mFN(1)         0.000000   mFN(2)         0.000000   mFN(3)         0.000000
mHS(1)         0.000000   mHS(2)        -0.000001   mHS(3)         0.000000
mPR(1)         0.000000   mPR(2)         0.000000   mPR(3)         0.000000
mR(1)   5.5420085e-007   mR(2)  -1.5751969e-006   mR(3)  -4.4057913e-010
QR -1.8324381e-011

 ====== w - derivatives ===== 
fMR(1)        -0.023167   fMR(2)         0.012843   fMR(3)        -0.758024
fTR(1)         0.000000   fTR(2)         0.000000   fTR(3)         0.000000
fFus(1)       -0.013577   fFus(2)        0.000000   fFus(3)        0.000000
fFN(1)         0.000000   fFN(2)         0.000000   fFN(3)         0.000000
fHS(1)         0.000000   fHS(2)         0.000000   fHS(3)        -0.000001
fPR(1)         0.000000   fPR(2)         0.000000   fPR(3)         0.000000
fCG(1)         0.000000   fCG(2)         0.000000   fCG(3)         0.000000
fR(1)  -8.2658915e-009   fR(2)   2.9386342e-009   fR(3)  -1.7047513e-007

 Moment Equilibrium    1003 
mMR(1)        -0.001273   mMR(2)         0.002568   mMR(3)         0.000000
mTR(1)         0.000000   mTR(2)         0.000000   mTR(3)         0.000000
mFus(1)        0.000000   mFus(2)        0.000955   mFus(3)        0.000000
mFN(1)         0.000000   mFN(2)         0.000000   mFN(3)         0.000000
mHS(1)         0.000000   mHS(2)        -0.000000   mHS(3)         0.000000
mPR(1)         0.000000   mPR(2)         0.000000   mPR(3)         0.000000
mR(1)  -1.3583737e-008   mR(2)   3.7840825e-008   mR(3)  -4.4057913e-010
QR  3.3100589e-011
mW  3.5226915e-003


=I=I=I=I=I= Iteration Results =I=I=I=I=I=
xMR   11.125    xcg   11.125    dxCG    0.000    iRigMR    0.0
cTs 0.13695   cT 0.00822   cLs 23.30940   cL 1.39860
aN     0.21583°    a1    0.04489°   b1    0.06362°
Br   aN    12.37°       a1    2.57°      b1    3.65°
716  aN    12.37°       a1    1.84°      b1    0.97°
mu  0.099902 lamD    0.01351    lamI    0.02400     mu*a1    0.00322     lamNf    0.01030
A1S    0.01134°    B1S    0.03527°
A1S     0.65°    B1S     2.02°    alfD    20.58°   alfaNf    18.73°   alSm    -0.18°
thtaN      8.57°    thtaTR    -0.06°
Trim   phi    -1.31°    thta    -0.97°
vBx    14.63    vBy     0.03    vBz    -0.25
fMR(1)          -153.61   fMR(2)           489.54   fMR(3)        -22053.25
fTR(1)             0.00   fTR(2)            10.41   fTR(3)             0.00
fPR(1)             0.00   fPR(2)             0.00   fPR(3)             0.00
fFus(1)         -219.56   fFus(2)            6.23   fFus(3)           -0.00
fFN(1)            -0.65   fFN(2)            -1.16   fFN(3)             0.00
fHS(1)            -0.00   fHS(2)             0.00   fHS(3)             0.02
fCG(1)           373.83   fCG(2)          -505.03   fCG(3)         22053.24
fWN(1)            -0.00   fWN(2)             0.00   fWN(3)             0.00
fR(1)   4.2282351e-009   fR(2)   3.4016807e-009   fR(3)  -1.9616654e-007

Moment Equilibrium
mMR(1)           -15.75   mMR(2)          -228.12   mMR(3)            -0.00
mTR(1)            19.03   mTR(2)             0.00   mTR(3)           -89.75
mPR(1)             0.00   mPR(2)            -0.00   mPR(3)             0.00
mFus(1)            0.00   mFus(2)          226.17   mFus(3)           80.85
mFN(1)            -3.29   mFN(2)             1.86   mFN(3)             8.91
mHS(1)             0.00   mHS(2)             0.10   mHS(3)             0.00
mWN(1)             0.00   mWN(2)            -0.00   mWN(3)             0.00
mR(1)   1.3391308e-008   mR(2)  -4.1329305e-008   mR(3)  -4.4057913e-010
==x=x===x===x=x==
MR Fx  -153.61    Fz -22053.25   thtaClmb    -0.00   torque  7033.95
dxMR   -0.0127  Fx/Fz    0.4°        mu   0.09990   oM  20.0  n  191.0

=I=I=I=I=I= End Of Iteration Results =I=I=I=I=I=


         ### stability derivatives ###
 R ._. R ._. << RotaryWingSim Data >> ._. R ._. R

       u              w            q         oM
x   -0.049038     -0.036744     0.787519     0.018812
z   -0.160841     -0.758024     0.310473    -0.872261
m    0.005320      0.003523    -0.146682    -0.003850

      measured  data
       u                w              q
x   -0.067000       0.030000        0.100000
z   -0.100000      -1.234900       -1.100000
m    0.008000       0.030000       -0.025000

Q    0.000000      -0.000000        0.000000       -0.000000

Xu      -0.049038       -110.28
Xw      -0.036744        -82.63
Xq       0.787519      11561.03
Zu      -0.160841       -361.72
Zw      -0.758024      -1704.76
Zwd      0.000000          0.00
Zq       0.310473       4557.84
Mu       0.005320         11.97
Mw       0.003523          7.92
Mwd      0.000000          0.00
Mq      -0.146682      -2153.34

##### SP and PH Mode ----- approximation ###
----- Short Period Mode -----
omega SP         0.2419
zeta  SP         1.8697
re  -0.4524 +   0.3822
re  -0.4524 -   0.3822

----- Phugoid Mode -----
omega PH         0.7702
zeta  PH         0.4401
re  -0.3390 +  0.6916j
re  -0.3390 -  0.6916j

A          1.0000
B          1.5826
C          1.5573
D          0.7745
E          0.2081

##### SP and PH Mode from quartic #####
A        1.000         1.000
B        0.954         0.954
C        0.093         0.093
D        0.054         0.054
E        0.034         0.034

Routh D       -0.029

M thta        -0.000 

z1  -0.86686    0.00000j
z2   0.13290    0.30589j
z3   0.13290   -0.30589j
z4  -0.35268    0.00000j

       Short Period                Phugoid
1   1.97306  0.00000j        0.90077  0.00000j
2  -0.19992  0.00000j        0.35414  0.00000j
3   0.01439  0.00000j       -0.01481  0.00000j
4  -0.03469  0.00000j        0.03221  0.00000j


----- Phugoid Mode -----
omega PH         0.3335
zeta  PH         0.3985
period PH       20.5408
tHalf  PH        5.2156
N half PH        0.2539

----- Short Period Mode -----
omega SP         0.8669
zeta  SP        -1.0000
period SP   --------
tHalf  SP        0.7996
N half SP        0.0000

omega SP         0.3527
zeta  SP        -1.0000
period SP   --------
tHalf  SP        1.9654
N half SP        0.0000


 M _ _ M _ _ << Measured Data >> _ _ M _ _ M
Xu      -0.067000       -150.68
Xw       0.030000         67.47
Xq       0.100000       1468.03
Zu      -0.100000       -224.89
Zw      -1.234900      -2777.23
Zwd      0.000000          0.00
Zq      -1.100000     -16148.35
Mu       0.008000         17.99
Mw       0.030000         67.47
Mwd      0.000000          0.00
Mq      -0.025000       -367.01

##### SP and PH Mode ----- approximation ###
----- Short Period Mode -----
negative oMg2_SP

----- Phugoid Mode -----
negative oMg2_PH

##### SP and PH Mode from quartic #####
A        1.000         1.000
B        1.327         1.327
C       -0.289        -0.289
D        0.049         0.049
E        0.067         0.067

Routh D       -0.140

M thta        -0.000 

z1  -1.51907    0.00000j
z2   0.24496    0.29866j
z3   0.24496   -0.29866j
z4  -0.29775    0.00000j

       Short Period                Phugoid
1   1.05094  0.00000j        1.97175  0.00000j
2   0.79649  0.00000j       -0.16340  0.00000j
3  -0.02706  0.00000j        0.00281  0.00000j
4   0.03579  0.00000j       -0.06317  0.00000j


----- Phugoid Mode -----
omega PH         0.3863
zeta  PH         0.6342
period PH       21.0381
tHalf  PH        2.8296
N half PH        0.1345

----- Short Period Mode -----
omega SP         1.5191
zeta  SP        -1.0000
period SP   --------
tHalf  SP        0.4563
N half SP        0.0000

omega SP         0.2978
zeta  SP        -1.0000
period SP   --------
tHalf  SP        2.3279
N half SP        0.0000

dlc    15.27   dla    5.50   dle   -3.60      dlp    4.29      dlt    0.00
thtaN   8.57°   A1S   0.65°   B1S   2.02°   thtaTR  -0.06°
TrimAC phi LFr      -1.31°    thta      -0.97°    psi      -0.10°
