reading aircraft data from ./data/S-51a/RotDatS-51_1.dat
reading Flight Data from ./data/S-51a/fDataS-51_mu30.flt
reading Rotor Data from ./data/S-51a/fDataS-51_mu30.flt


#### RotaryWingSim ####
rhoAir          1.2261 kg/m°
thtaN    9.68°   twist    -0.88°
mHeli          4958.00 lb

nRot   oMR       146.30 m/s     oMR   480.00 ft/s
aBlade         10.09 m^2

rRotTR       1.30 m
nRotTR       1662.7 1/min
oMTR    174.12
oMRTR   146.30 m/s    oMRTR   480.00 ft/s
sigmaTR   0.1049

Area Mrot     168.11 m^2
m blade        93.9 kg
I blade       379.8 kg*m^2
gamRot         11.2700
sigma           0.0600


Trim phi       0.00°    thta      -0.10°    psi      -0.10°   
vH      98.48 mph     vV          0 fpm
cTs  0.083340     cT  0.0050     cT2sa  0.0290     cL  0.1102
m Heli    22062.2 N      fpA        1.1 m^2          12.3 ft^2
Iyy Heli       14680.3 kg*m^2
Coordintats x,z    [m]         [ft]
Rotor      :   0.00   1.83        0.00   6.00
Rudder     :   8.62   1.83       28.29   6.00
Fin        :   7.71   2.84       25.29   9.33
H-Stab     :   6.09   0.50       19.99   1.64
Wing       :  -3.39   0.00      -11.13   0.00
Propeller  :  -2.26   0.00       -7.40   0.00
### Var ###
mu             20.000  vFlight     87.6 kn
thtaClmb      -0.0000     -0.0000°
cTsReq    0.08334    cTReq    0.00500    cT2saReq    0.02900
alfaD   10942.69°    thtaClmb      -0.00°    thtaTrim      -0.10
trim iter 69     anorm 9.30736e-010

   deriv 3104
       u                w              q
x   -0.047901     -0.019465    -0.217317
z   -0.018195     -1.001691     0.198079
m    0.010699     -0.082117     0.071459

 ====== u - derivatives ===== 
fMR(1)        -0.260294   fMR(2)         0.063566   fMR(3)         0.422947
fTR(1)         0.000000   fTR(2)        -0.000000   fTR(3)         0.000000
fFus(1)        0.459667   fFus(2)       -0.002541   fFus(3)        0.000000
fFN(1)        -0.000017   fFN(2)        -0.001442   fFN(3)         0.000000
fHS(1)        -0.000000   fHS(2)         0.000000   fHS(3)         0.099889
fPR(1)         0.000000   fPR(2)         0.000000   fPR(3)         0.000000
fCG(1)         0.000000   fCG(2)         0.000000   fCG(3)         0.000000
fR(1)   4.4802724e-008   fR(2)   1.3467641e-008   fR(3)   1.1749331e-007

 Moment Equilibrium    1001 
mMR(1)         0.005313   mMR(2)         0.001978   mMR(3)         0.000000
mTR(1)        -0.000000   mTR(2)         0.000000   mTR(3)         0.000000
mFus(1)        0.000000   mFus(2)        0.000089   mFus(3)       -0.000023
mFN(1)        -0.000086   mFN(2)         0.000001   mFN(3)         0.000233
mHS(1)         0.000000   mHS(2)         0.012747   mHS(3)         0.000000
mPR(1)         0.000000   mPR(2)         0.000000   mPR(3)         0.000000
mR(1)   5.6260083e-008   mR(2)   1.5856159e-007   mR(3)   1.6606663e-009
QR  1.8014345e-010
mU  1.4815607e-002

 ====== q - derivatives ===== 
fMR(1)        -0.545008   fMR(2)        -0.733925   fMR(3)        -1.424570
fTR(1)         0.000000   fTR(2)         0.000000   fTR(3)         0.000000
fFus(1)       -0.100665   fFus(2)        0.000000   fFus(3)        0.000000
fFN(1)         0.000000   fFN(2)         0.000000   fFN(3)         0.000000
fHS(1)        -0.000000   fHS(2)         0.000000   fHS(3)        -0.527212
fPR(1)         0.000000   fPR(2)         0.000000   fPR(3)         0.000000
fCG(1)         0.000000   fCG(2)         0.000000   fCG(3)         0.000000
fR(1)  -1.4523801e-007   fR(2)  -1.6498839e-007   fR(3)  -4.3903559e-007

 Moment Equilibrium    1002 
mMR(1)        -0.086645   mMR(2)         0.160513   mMR(3)         0.000000
mTR(1)         0.000000   mTR(2)         0.000000   mTR(3)         0.000000
mFus(1)        0.000000   mFus(2)       -0.000097   mFus(3)        0.000000
mFN(1)         0.000000   mFN(2)         0.000000   mFN(3)         0.000000
mHS(1)         0.000000   mHS(2)        -0.067277   mHS(3)         0.000000
mPR(1)         0.000000   mPR(2)         0.000000   mPR(3)         0.000000
mR(1)  -9.3035230e-007   mR(2)   9.9966574e-007   mR(3)  -5.9231553e-010
QR -3.3710923e-010

 ====== w - derivatives ===== 
fMR(1)         0.474020   fMR(2)        -0.021351   fMR(3)        -0.684810
fTR(1)         0.000000   fTR(2)         0.000000   fTR(3)         0.000000
fFus(1)        1.220506   fFus(2)        0.000000   fFus(3)        0.000000
fFN(1)         0.000000   fFN(2)         0.000000   fFN(3)         0.000000
fHS(1)         0.000000   fHS(2)         0.000000   fHS(3)         2.718727
fPR(1)         0.000000   fPR(2)         0.000000   fPR(3)         0.000000
fCG(1)         0.000000   fCG(2)         0.000000   fCG(3)         0.000000
fR(1)   3.8106110e-007   fR(2)  -4.7340620e-009   fR(3)   4.5732782e-007

 Moment Equilibrium    1003 
mMR(1)        -0.002351   mMR(2)        -0.019332   mMR(3)         0.000000
mTR(1)         0.000000   mTR(2)         0.000000   mTR(3)         0.000000
mFus(1)        0.000000   mFus(2)        0.001181   mFus(3)        0.000000
mFN(1)         0.000000   mFN(2)         0.000000   mFN(3)         0.000000
mHS(1)         0.000000   mHS(2)         0.346936   mHS(3)         0.000000
mPR(1)         0.000000   mPR(2)         0.000000   mPR(3)         0.000000
mR(1)  -2.5125178e-008   mR(2)   3.5302584e-006   mR(3)  -5.9231553e-010
QR -2.7321815e-010
mW  3.2878499e-001


=I=I=I=I=I= Iteration Results =I=I=I=I=I=
xMR   11.125    xcg   11.125    dxCG    0.000    iRigMR    0.0
cTs 0.35453   cT 0.02127   cLs 27.48058   cL 1.64887
aN     0.52183°    a1    0.16109°   b1    0.09132°
Br   aN    29.90°       a1    9.23°      b1    5.23°
716  aN    29.90°       a1    5.08°      b1    1.15°
mu  0.123309 lamD   -0.06967    lamI    0.00424     mu*a1    0.01093     lamNf   -0.08060
A1S    0.02377°    B1S    0.45701°
A1S     1.36°    B1S    26.18°    alfD   -27.95°   alfaNf   -33.03°   alSm   -21.10°
thtaN     27.63°    thtaTR    -0.00°
Trim   phi    -6.03°    thta   -87.70°
vBx     1.76    vBy     4.69    vBz   -43.62
fMR(1)          2049.33   fMR(2)          -316.25   fMR(3)        -11681.31
fTR(1)             0.00   fTR(2)             5.39   fTR(3)             0.00
fPR(1)             0.00   fPR(2)             0.00   fPR(3)             0.00
fFus(1)       -24093.75   fFus(2)          414.19   fFus(3)            0.00
fFN(1)            -0.01   fFN(2)           -10.36   fFN(3)             0.00
fHS(1)            -0.00   fHS(2)             0.00   fHS(3)         10801.24
fCG(1)         22044.43   fCG(2)           -92.97   fCG(3)           880.07
fWN(1)             0.00   fWN(2)             0.00   fWN(3)             0.00
fR(1)   6.1195271e-007   fR(2)  -1.8764098e-008   fR(3)   1.0479555e-006

Moment Equilibrium
mMR(1)            19.61   mMR(2)        -64670.59   mMR(3)             0.00
mTR(1)             9.85   mTR(2)             0.00   mTR(3)           -46.46
mPR(1)             0.00   mPR(2)            -0.00   mPR(3)             0.00
mFus(1)            0.00   mFus(2)        -1146.49   mFus(3)          -33.38
mFN(1)           -29.46   mFN(2)             0.03   mFN(3)            79.84
mHS(1)             0.00   mHS(2)         65817.05   mHS(3)             0.00
mWN(1)             0.00   mWN(2)            -0.00   mWN(3)             0.00
mR(1)  -6.6137250e-008   mR(2)   8.1034888e-006   mR(3)  -5.9231553e-010
==x=x===x===x=x==
MR Fx  2049.33    Fz -11681.31   thtaClmb    -0.00   torque 28517.98
dxMR    0.3208  Fx/Fz  -10.0°        mu   0.12331   oM  20.0  n  191.0

=I=I=I=I=I= End Of Iteration Results =I=I=I=I=I=


         ### stability derivatives ###
 R ._. R ._. << RotaryWingSim Data >> ._. R ._. R

       u              w            q         oM
x    0.199341      1.694521    -0.645679     2.721186
z    0.522836      2.033917    -1.951782     4.660156
m    0.014816      0.328785     0.093139     0.754640

      measured  data
       u                w              q
x   -0.067000       0.030000        0.100000
z   -0.100000      -0.980000       -1.100000
m    0.008000       0.030000       -0.025000

Q    0.000000      -0.000000       -0.000000       -0.000000

Xu       0.199341        448.31
Xw       1.694521       3810.89
Xq      -0.645679      -9478.77
Zu       0.522836       1175.83
Zw       2.033917       4574.18
Zwd      0.000000          0.00
Zq      -1.951782     -28652.78
Mu       0.014816         33.32
Mw       0.328785        739.42
Mwd      0.000000          0.00
Mq       0.093139       1367.31

##### SP and PH Mode ----- approximation ###
----- Short Period Mode -----
negative oMg2_SP

----- Phugoid Mode -----
negative oMg2_PH

##### SP and PH Mode from quartic #####
A        1.000         1.000
B       -2.326        -2.326
C      -14.057       -14.057
D        1.978         1.978
E        1.391         1.391

Routh D       53.251

M thta        -0.000 

z1   5.03132    0.00000j
z2  -2.82879    0.00000j
z3   0.38060    0.00000j
z4  -0.25674    0.00000j

       Short Period                Phugoid
1  -0.71253  0.00000j        0.00040  0.00000j
2  -0.04744  0.00000j        0.02028  0.00000j
3  -0.16395  0.00000j       -0.00029  0.00000j
4   0.02246  0.00000j        0.06839  0.00000j


 M _ _ M _ _ << Measured Data >> _ _ M _ _ M
Xu      -0.067000       -150.68
Xw       0.030000         67.47
Xq       0.100000       1468.03
Zu      -0.100000       -224.89
Zw      -0.980000      -2203.97
Zwd      0.000000          0.00
Zq      -1.100000     -16148.35
Mu       0.008000         17.99
Mw       0.030000         67.47
Mwd      0.000000          0.00
Mq      -0.025000       -367.01

##### SP and PH Mode ----- approximation ###
----- Short Period Mode -----
negative oMg2_SP

----- Phugoid Mode -----
negative oMg2_PH

##### SP and PH Mode from quartic #####
A        1.000         1.000
B        1.072         1.072
C       -1.190        -1.190
D       -0.017        -0.017
E        0.047         0.047

Routh D       -0.034

M thta        -0.000 

z1  -1.74111    0.00000j
z2   0.64223    0.00000j
z3   0.21994    0.00000j
z4  -0.19306    0.00000j

       Short Period                Phugoid
1   0.63236  0.00000j        1.92095  0.00000j
2   0.19312  0.00000j       -0.55140  0.00000j
3  -0.04682  0.00000j       -0.00860  0.00000j
4  -0.03526  0.00000j       -0.01716  0.00000j

dlc    49.21   dla    6.64   dle   29.61      dlp    4.25      dlt    0.00
thtaN  27.63°   A1S   1.36°   B1S  26.18°   thtaTR  -0.00°
TrimAC phi LFr      -6.03°    thta     -87.70°    psi      -0.10°
