reading aircraft data from ./data/S-51a/RotDatS-51_1.dat
reading Flight Data from ./data/S-51a/fDataS-51_mu20.flt
reading Rotor Data from ./data/S-51a/fDataS-51_mu20.flt


    #### RotaryWingSim ####
rhoAir        1.2252 kg/m³
thtaN    9.68°   twist    -0.88°
mHeli          4958.00 lb

nRot      191.0 1/min    oM     20.00 rad/s
oMR       146.30 m/s     oMR   480.00 ft/s
aBlade         10.09 m^2

rRotTR       1.30 m
nRotTR       1662.7 1/min
oMTR    174.12
oMRTR   146.30 m/s    oMRTR   480.00 ft/s
sigmaTR   0.1049

Area Mrot     168.11 m^2
m blade        93.9 kg
I blade       379.8 kg*m^2
gamRot         11.2700
sigma           0.0600


Trim phi       0.00°    thta      -0.10°    psi      -0.10°   
vH      65.66 mph     vV          0 fpm
cTs  0.083403     cT  0.0050     cT2sa  0.0305     cL  0.2481
m Heli    22062.2 N      fpA        1.1 m^2          12.3 ft^2
Iyy Heli       14680.3 kg*m^2
Coordintats x,z    [m]         [ft]
Rotor      :   0.04   1.83        0.13   6.00
Rudder     :   8.66   1.83       28.42   6.00
Fin        :   7.75   2.84       25.42   9.33
H-Stab     :   3.08   0.50       10.12   1.64
Wing       :  -3.35   0.00      -11.00   0.00
Propeller  :  -2.22   0.00       -7.28   0.00
### Var ###
mu             20.000  vFlight     58.4 kn
thtaClmb      -0.0000     -0.0000°
cTsReq    0.08340    cTReq    0.00500    cT2saReq    0.03049
alfaD   10942.69°    thtaClmb      -0.00°    thtaTrim      -0.10
trim iter 33     anorm 8.50237e-010

   deriv 3104
       u                w              q
x   -0.071959      0.153669     0.105043
z    0.042946     -1.065570     0.337848
m    0.002551     -0.100428    -0.037421

 ====== u - derivatives ===== 
fMR(1)        -0.063893   fMR(2)         0.006813   fMR(3)        -0.006665
fTR(1)         0.000000   fTR(2)        -0.000000   fTR(3)         0.000000
fFus(1)       -0.020557   fFus(2)        0.000772   fFus(3)        0.000000
fFN(1)        -0.000080   fFN(2)        -0.000143   fFN(3)         0.000000
fHS(1)        -0.003948   fHS(2)         0.000000   fHS(3)         0.049737
fPR(1)         0.000000   fPR(2)         0.000000   fPR(3)         0.000000
fCG(1)         0.000000   fCG(2)         0.000000   fCG(3)         0.000000
fR(1)  -1.9899534e-008   fR(2)   1.7605544e-009   fR(3)   9.6705982e-009

 Moment Equilibrium    1001 
mMR(1)        -0.001597   mMR(2)         0.006534   mMR(3)        -0.000005
mTR(1)        -0.000000   mTR(2)         0.000000   mTR(3)         0.000000
mFus(1)        0.000000   mFus(2)        0.000015   mFus(3)        0.000205
mFN(1)        -0.000009   mFN(2)         0.000005   mFN(3)         0.000023
mHS(1)         0.000000   mHS(2)         0.003253   mHS(3)         0.000000
mPR(1)         0.000000   mPR(2)         0.000000   mPR(3)         0.000000
mR(1)  -1.7083167e-008   mR(2)   1.0532924e-007   mR(3)   1.6500508e-009
QR  7.6982198e-012
mU  9.8072362e-003

 ====== q - derivatives ===== 
fMR(1)         0.962036   fMR(2)        -0.740073   fMR(3)         0.084441
fTR(1)         0.000000   fTR(2)         0.000000   fTR(3)         0.000000
fFus(1)       -0.000344   fFus(2)        0.000000   fFus(3)        0.000000
fFN(1)         0.000000   fFN(2)         0.000000   fFN(3)         0.000000
fHS(1)         0.007896   fHS(2)         0.000000   fHS(3)        -0.772349
fPR(1)         0.000000   fPR(2)         0.000000   fPR(3)         0.000000
fCG(1)         0.000000   fCG(2)         0.000000   fCG(3)         0.000000
fR(1)   2.1805384e-007   fR(2)  -1.6635204e-007   fR(3)  -1.5472239e-007

 Moment Equilibrium    1002 
mMR(1)         0.050959   mMR(2)        -0.155564   mMR(3)         0.000590
mTR(1)         0.000000   mTR(2)         0.000000   mTR(3)         0.000000
mFus(1)        0.000000   mFus(2)       -0.000018   mFus(3)        0.000000
mFN(1)         0.000000   mFN(2)         0.000000   mFN(3)         0.000000
mHS(1)         0.000000   mHS(2)        -0.049958   mHS(3)         0.000000
mPR(1)         0.000000   mPR(2)         0.000000   mPR(3)         0.000000
mR(1)   5.4740357e-007   mR(2)  -2.2072777e-006   mR(3)   5.5949272e-009
QR -1.4223826e-011

 ====== w - derivatives ===== 
fMR(1)        -0.017942   fMR(2)         0.030139   fMR(3)        -0.914158
fTR(1)         0.000000   fTR(2)         0.000000   fTR(3)         0.000000
fFus(1)       -0.002899   fFus(2)        0.000000   fFus(3)        0.000000
fFN(1)         0.000000   fFN(2)         0.000000   fFN(3)         0.000000
fHS(1)         0.002031   fHS(2)         0.000000   fHS(3)        -0.245944
fPR(1)         0.000000   fPR(2)         0.000000   fPR(3)         0.000000
fCG(1)         0.000000   fCG(2)         0.000000   fCG(3)         0.000000
fR(1)  -4.2316685e-009   fR(2)   6.8646386e-009   fR(3)  -2.6091499e-007

 Moment Equilibrium    1003 
mMR(1)        -0.003152   mMR(2)         0.004328   mMR(3)        -0.000024
mTR(1)         0.000000   mTR(2)         0.000000   mTR(3)         0.000000
mFus(1)        0.000000   mFus(2)       -0.000153   mFus(3)        0.000000
mFN(1)         0.000000   mFN(2)         0.000000   mFN(3)         0.000000
mHS(1)         0.000000   mHS(2)        -0.015903   mHS(3)         0.000000
mPR(1)         0.000000   mPR(2)         0.000000   mPR(3)         0.000000
mR(1)  -3.3693510e-008   mR(2)  -1.2594090e-007   mR(3)  -1.0047074e-009
QR  5.4259518e-011
mW -1.1728392e-002


=I=I=I=I=I= Iteration Results =I=I=I=I=I=
xMR   11.125    xcg   11.000    dxCG    0.125    iRigMR    0.0
cTs 0.14144   cT 0.00849   cLs 7.21867   cL 0.43313
aN     0.23446°    a1    0.11268°   b1    0.07635°
Br   aN    13.43°       a1    6.46°      b1    4.37°
716  aN    13.43°       a1    4.30°      b1    2.14°
mu  0.197711 lamD    0.01210    lamI    0.01094     mu*a1    0.01483     lamNf   -0.00273
A1S    0.02432°    B1S    0.10790°
A1S     1.39°    B1S     6.18°    alfD     6.65°   alfaNf     2.35°   alSm    -1.88°
thtaN     10.04°    thtaTR    -0.06°
Trim   phi    -3.19°    thta    -2.68°
vBx    29.24    vBy     0.13    vBz    -1.36
fMR(1)          -171.96   fMR(2)          1147.21   fMR(3)        -23931.72
fTR(1)             0.00   fTR(2)            39.41   fTR(3)             0.00
fPR(1)             0.00   fPR(2)             0.00   fPR(3)             0.00
fFus(1)         -685.73   fFus(2)           50.79   fFus(3)            0.00
fFN(1)            -2.55   fFN(2)            -9.41   fFN(3)             0.00
fHS(1)          -172.04   fHS(2)             0.00   fHS(3)          1927.93
fCG(1)          1032.28   fCG(2)         -1227.99   fCG(3)         22003.79
fWN(1)            -0.00   fWN(2)             0.00   fWN(3)            -0.00
fR(1)   1.8888369e-008   fR(2)   9.8416422e-009   fR(3)  -2.5119431e-007

Moment Equilibrium
mMR(1)           -45.29   mMR(2)         -6037.59   mMR(3)           -43.71
mTR(1)            72.07   mTR(2)             0.00   mTR(3)          -341.35
mPR(1)             0.00   mPR(2)            -0.00   mPR(3)             0.00
mFus(1)            0.00   mFus(2)           -0.57   mFus(3)          312.12
mFN(1)           -26.78   mFN(2)             7.24   mFN(3)            72.94
mHS(1)             0.00   mHS(2)          6030.91   mHS(3)             0.00
mWN(1)             0.00   mWN(2)             0.00   mWN(3)             0.00
mR(1)   2.2566013e-008   mR(2)  -1.6018610e-007   mR(3)  -1.1180532e-009
==x=x===x===x=x==
MR Fx  -171.96    Fz -23931.72   thtaClmb    -0.00   torque  8055.06
dxMR    0.0250  Fx/Fz    0.4°        mu   0.19771   oM  20.0  n  191.0

=I=I=I=I=I= End Of Iteration Results =I=I=I=I=I=


         ### stability derivatives ###
 R ._. R ._. << RotaryWingSim Data >> ._. R ._. R

       u              w            q         oM
x   -0.088478     -0.018810     0.969587     0.083994
z    0.043061     -1.160103    -0.687916    -1.116880
m    0.009807     -0.011728    -0.205540    -0.014917

      measured  data
       u                w              q
x   -0.087000       0.030000        0.105000
z   -0.020000      -1.070000       -1.100000
m    0.007300       0.030000       -0.025000

Q    0.000000      -0.000000        0.000000       -0.000000

Xu      -0.088478       -198.98
Xw      -0.018810        -42.30
Xq       0.969587      14233.85
Zu       0.043061         96.84
Zw      -1.1