reading aircraft data from ./data/S-51a/RotDatS-51_1.dat
reading Flight Data from ./data/S-51a/fDataS-51_mu15.flt
reading Rotor Data from ./data/S-51a/fDataS-51_mu15.flt


#### RotaryWingSim ####
rhoAir          1.2261 kg/m°
thtaN    9.68°   twist    -0.88°
mHeli          4958.00 lb

nRot   oMR       146.30 m/s     oMR   480.00 ft/s
aBlade         10.09 m^2

rRotTR       1.30 m
nRotTR       1662.7 1/min
oMTR    174.12
oMRTR   146.30 m/s    oMRTR   480.00 ft/s
sigmaTR   0.1049

Area Mrot     168.11 m^2
m blade        93.9 kg
I blade       379.8 kg*m^2
gamRot         11.2700
sigma           0.0600


Trim phi       0.00°    thta      -0.10°    psi      -0.10°   
vH      49.24 mph     vV          0 fpm
cTs  0.083340     cT  0.0050     cT2sa  0.0290     cL  0.4407
m Heli    22062.2 N      fpA        1.1 m^2          12.3 ft^2
Iyy Heli       14680.3 kg*m^2
Coordintats x,z    [m]         [ft]
Rotor      :   0.00   1.83        0.00   6.00
Rudder     :   8.62   1.83       28.29   6.00
Fin        :   7.71   2.84       25.29   9.33
H-Stab     :   6.09   0.50       19.99   1.64
Wing       :  -3.39   0.00      -11.13   0.00
Propeller  :  -2.26   0.00       -7.40   0.00
### Var ###
mu             20.000  vFlight     43.8 kn
thtaClmb      -0.0000     -0.0000°
cTsReq    0.08334    cTReq    0.00500    cT2saReq    0.02900
alfaD   10942.69°    thtaClmb      -0.00°    thtaTrim      -0.10
trim iter 37     anorm 7.78341e-010

   deriv 3104
       u                w              q
x   -0.067150      0.082000     0.099538
z   -0.056612     -1.049268     0.251518
m    0.015993     -0.044626    -0.019141

 ====== u - derivatives ===== 
fMR(1)        -0.043526   fMR(2)         0.007813   fMR(3)        -0.078051
fTR(1)         0.000000   fTR(2)        -0.000000   fTR(3)         0.000000
fFus(1)       -0.014888   fFus(2)        0.000390   fFus(3)        0.000000
fFN(1)        -0.000060   fFN(2)        -0.000072   fFN(3)         0.000000
fHS(1)        -0.000000   fHS(2)         0.000000   fHS(3)         0.000001
fPR(1)         0.000000   fPR(2)         0.000000   fPR(3)         0.000000
fCG(1)         0.000000   fCG(2)         0.000000   fCG(3)         0.000000
fR(1)  -1.3149880e-008   fR(2)   1.9077788e-009   fR(3)  -1.7550297e-008

 Moment Equilibrium    1001 
mMR(1)        -0.001635   mMR(2)         0.005327   mMR(3)         0.000000
mTR(1)        -0.000000   mTR(2)         0.000000   mTR(3)         0.000000
mFus(1)        0.000000   mFus(2)        0.000032   mFus(3)        0.000156
mFN(1)        -0.000004   mFN(2)         0.000004   mFN(3)         0.000012
mHS(1)         0.000000   mHS(2)         0.000000   mHS(3)         0.000000
mPR(1)         0.000000   mPR(2)         0.000000   mPR(3)         0.000000
mR(1)  -1.7462710e-008   mR(2)   5.7592650e-008   mR(3)   1.1144436e-009
QR  8.4868802e-012
mU  5.3632966e-003

 ====== q - derivatives ===== 
fMR(1)         0.840482   fMR(2)        -0.722916   fMR(3)         0.170062
fTR(1)         0.000000   fTR(2)         0.000000   fTR(3)         0.000000
fFus(1)       -0.001503   fFus(2)        0.000000   fFus(3)        0.000000
fFN(1)         0.000000   fFN(2)         0.000000   fFN(3)         0.000000
fHS(1)         0.000000   fHS(2)         0.000000   fHS(3)        -0.000016
fPR(1)         0.000000   fPR(2)         0.000000   fPR(3)         0.000000
fCG(1)         0.000000   fCG(2)         0.000000   fCG(3)         0.000000
fR(1)   1.8868234e-007   fR(2)  -1.6250078e-007   fR(3)   3.8245384e-008

 Moment Equilibrium    1002 
mMR(1)         0.052269   mMR(2)        -0.149275   mMR(3)         0.000000
mTR(1)         0.000000   mTR(2)         0.000000   mTR(3)         0.000000
mFus(1)        0.000000   mFus(2)        0.000117   mFus(3)        0.000000
mFN(1)         0.000000   mFN(2)         0.000000   mFN(3)         0.000000
mHS(1)         0.000000   mHS(2)        -0.000002   mHS(3)         0.000000
mPR(1)         0.000000   mPR(2)         0.000000   mPR(3)         0.000000
mR(1)   5.6145400e-007   mR(2)  -1.6018330e-006   mR(3)  -6.8382633e-010
QR -1.5556087e-011

 ====== w - derivatives ===== 
fMR(1)        -0.028815   fMR(2)         0.020249   fMR(3)        -0.860808
fTR(1)         0.000000   fTR(2)         0.000000   fTR(3)         0.000000
fFus(1)       -0.009882   fFus(2)        0.000000   fFus(3)        0.000000
fFN(1)         0.000000   fFN(2)         0.000000   fFN(3)         0.000000
fHS(1)        -0.000000   fHS(2)         0.000000   fHS(3)        -0.000000
fPR(1)         0.000000   fPR(2)         0.000000   fPR(3)         0.000000
fCG(1)         0.000000   fCG(2)         0.000000   fCG(3)         0.000000
fR(1)  -8.7023374e-009   fR(2)   4.6330797e-009   fR(3)  -1.9358845e-007

 Moment Equilibrium    1003 
mMR(1)        -0.002162   mMR(2)         0.003944   mMR(3)         0.000000
mTR(1)         0.000000   mTR(2)         0.000000   mTR(3)         0.000000
mFus(1)        0.000000   mFus(2)        0.000767   mFus(3)        0.000000
mFN(1)         0.000000   mFN(2)         0.000000   mFN(3)         0.000000
mHS(1)         0.000000   mHS(2)        -0.000000   mHS(3)         0.000000
mPR(1)         0.000000   mPR(2)         0.000000   mPR(3)         0.000000
mR(1)  -2.3071649e-008   mR(2)   5.0587594e-008   mR(3)  -6.8382633e-010
QR  4.4181747e-011
mW  4.7109927e-003


=I=I=I=I=I= Iteration Results =I=I=I=I=I=
xMR   11.125    xcg   11.125    dxCG    0.000    iRigMR    0.0
cTs 0.13127   cT 0.00788   cLs 11.38513   cL 0.68312
aN     0.20664°    a1    0.06926°   b1    0.06446°
Br   aN    11.84°       a1    3.97°      b1    3.69°
716  aN    11.84°       a1    2.75°      b1    1.42°
mu  0.149477 lamD    0.01281    lamI    0.01636     mu*a1    0.00716     lamNf    0.00565
A1S    0.01682°    B1S    0.05311°
A1S     0.96°    B1S     3.04°    alfD    11.04°   alfaNf     8.30°   alSm    -0.30°
thtaN      8.46°    thtaTR    -0.06°
Trim   phi    -1.94°    thta    -2.00°
vBx    21.94    vBy     0.06    vBz    -0.76
fMR(1)          -359.15   fMR(2)           707.51   fMR(3)        -22036.10
fTR(1)             0.00   fTR(2)            24.02   fTR(3)             0.00
fPR(1)             0.00   fPR(2)             0.00   fPR(3)             0.00
fFus(1)         -409.71   fFus(2)           19.25   fFus(3)           -0.00
fFN(1)            -1.46   fFN(2)            -3.57   fFN(3)             0.00
fHS(1)            -0.00   fHS(2)             0.00   fHS(3)             0.03
fCG(1)           770.33   fCG(2)          -747.21   fCG(3)         22036.07
fWN(1)            -0.00   fWN(2)             0.00   fWN(3)            -0.00
fR(1)   6.3949336e-009   fR(2)   5.4230895e-009   fR(3)  -2.0850053e-007

Moment Equilibrium
mMR(1)           -33.78   mMR(2)          -199.57   mMR(3)            -0.00
mTR(1)            43.93   mTR(2)             0.00   mTR(3)          -207.13
mPR(1)             0.00   mPR(2)            -0.00   mPR(3)             0.00
mFus(1)            0.00   mFus(2)          195.22   mFus(3)          179.63
mFN(1)           -10.15   mFN(2)             4.15   mFN(3)            27.50
mHS(1)             0.00   mHS(2)             0.19   mHS(3)             0.00
mWN(1)             0.00   mWN(2)             0.00   mWN(3)             0.00
mR(1)   1.8222366e-008   mR(2)  -6.1260375e-008   mR(3)  -6.8382633e-010
==x=x===x===x=x==
MR Fx  -359.15    Fz -22036.10   thtaClmb    -0.00   torque  6515.84
dxMR   -0.0298  Fx/Fz    0.9°        mu   0.14948   oM  20.0  n  191.0

=I=I=I=I=I= End Of Iteration Results =I=I=I=I=I=


         ### stability derivatives ###
 R ._. R ._. << RotaryWingSim Data >> ._. R ._. R

       u              w            q         oM
x   -0.058473     -0.038697     0.838978     0.028433
z   -0.078051     -0.860808     0.170046    -0.927115
m    0.005363      0.004711    -0.149161    -0.005704

      measured  data
       u                w              q
x   -0.067000       0.030000        0.100000
z   -0.100000      -0.980000       -1.100000
m    0.008000       0.030000       -0.025000

Q    0.000000      -0.000000        0.000000       -0.000000

Xu      -0.058473       -131.50
Xw      -0.038697        -87.03
Xq       0.838978      12316.47
Zu      -0.078051       -175.53
Zw      -0.860808      -1935.91
Zwd      0.000000          0.00
Zq       0.170046       2496.33
Mu       0.005363         12.06
Mw       0.004711         10.59
Mwd      0.000000          0.00
Mq      -0.149161      -2189.73

##### SP and PH Mode ----- approximation ###
----- Short Period Mode -----
omega SP         0.1555
zeta  SP         3.2480
re  -0.5050 +   0.4805
re  -0.5050 -   0.4805

----- Phugoid Mode -----
omega PH         1.3182
zeta  PH         0.7815
re  -1.0303 +  0.8224j
re  -1.0303 -  0.8224j

A          1.0000
B          3.0705
C          4.3046
D          2.7561
E          0.8443

##### SP and PH Mode from quartic #####
A        1.000         1.000
B        1.068         1.068
C        0.076         0.076
D        0.055         0.055
E        0.042         0.042

Routh D       -0.046

M thta        -0.000 

z1  -1.00622    0.00000j
z2  -0.35465    0.00000j
z3   0.14621    0.30891j
z4   0.14621   -0.30891j

       Short Period                Phugoid
1   1.94416  0.00000j        0.94858  0.00000j
2  -0.00398  0.00000j        0.45107  0.00000j
3   0.01314  0.00000j       -0.01561  0.00000j
4  -0.03943  0.00000j        0.03278  0.00000j


 M _ _ M _ _ << Measured Data >> _ _ M _ _ M
Xu      -0.067000       -150.68
Xw       0.030000         67.47
Xq       0.100000       1468.03
Zu      -0.100000       -224.89
Zw      -0.980000      -2203.97
Zwd      0.000000          0.00
Zq      -1.100000     -16148.35
Mu       0.008000         17.99
Mw       0.030000         67.47
Mwd      0.000000          0.00
Mq      -0.025000       -367.01

##### SP and PH Mode ----- approximation ###
----- Short Period Mode -----
negative oMg2_SP

----- Phugoid Mode -----
negative oMg2_PH

##### SP and PH Mode from quartic #####
A        1.000         1.000
B        1.072         1.072
C       -0.532        -0.532
D        0.033         0.033
E        0.047         0.047

Routh D       -0.074

M thta        -0.000 

z1  -1.44086    0.00000j
z2   0.30138    0.22371j
z3   0.30138   -0.22371j
z4  -0.23391    0.00000j

       Short Period                Phugoid
1   1.04163  0.00000j        1.92702  0.00000j
2   0.78801  0.20744j       -0.44141 -0.20744j
3  -0.02756  0.01498j       -0.00966 -0.01498j
4  -0.02157  0.02256j       -0.02076 -0.02256j

