reading aircraft data from ./data/S-51/RotDatS-51_1.dat
reading Flight Data from ./data/S-51/fDataS-51_1.flt
reading Rotor Data from ./data/S-51/fDataS-51_1.flt


#### RotaryWingSim ####
rhoAir          1.2261 kg/m°
thtaN    8.68°   twist     0.00°
mHeli          4750.00 lb

nRot   oMR       145.21 m/s     oMR   476.40 ft/s
aBlade          9.23 m^2

rRotTR       1.91 m
nRotTR       1662.7 1/min
oMTR    174.12
oMRTR   145.21 m/s    oMRTR   476.40 ft/s
sigmaTR   0.0173

Area Mrot     168.11 m^2
m blade         5.4 kg
I blade        97.1 kg*m^2 estimated
gamRot         12.0000
sigma           0.0549


Trim phi       0.00°    thta      -2.60°    psi       0.00°   
vH      50.12 mph     vV          0 fpm
cTs  0.088482     cT  0.0049     cT2sa  0.0309     cL  0.4071
m Heli    21136.6 N      fpA        2.1 m^2          23.0 ft^2
Iyy Heli        2712.8 kg*m^2
Coordintats x,z    [m]         [ft]
Rotor      :   0.05   1.83        0.17   6.00
Rudder     :   7.52   1.52       24.67   5.00
Fin        :   3.89   0.71       12.77   2.33
H-Stab     :   4.07   0.02       13.37   0.06
Wing       :  -1.93   0.00       -6.33   0.00
Propeller  :  -0.80   0.00       -2.61   0.00
### Var ###
mu             19.850  vFlight     44.6 kn
thtaClmb      -0.0000     -0.0000°
cTsReq    0.08848    cTReq    0.00486    cT2saReq    0.03088
alfaD   10860.62°    thtaClmb      -0.00°    thtaTrim      -2.60
trim iter 32     anorm 4.97163e-010

 ====== u - derivatives ===== 
fMR(1)        -0.047637   fMR(2)         0.006285   fMR(3)        -0.070207
fTR(1)         0.000000   fTR(2)        -0.000000   fTR(3)         0.000000
fFus(1)       -0.029575   fFus(2)        0.000000   fFus(3)        0.003348
fFN(1)        -0.001857   fFN(2)        -0.000000   fFN(3)         0.000000
fHS(1)        -0.000000   fHS(2)         0.000000   fHS(3)         0.000000
fPR(1)         0.000000   fPR(2)         0.000000   fPR(3)         0.000000
fCG(1)         0.000000   fCG(2)         0.000000   fCG(3)         0.000000
fR(1)  -1.7035765e-008   fR(2)   1.4116321e-009   fR(3)  -1.4402885e-008

 Moment Equilibrium    1001 
mMR(1)         0.001248   mMR(2)         0.009071   mMR(3)        -0.000035
mTR(1)        -0.000000   mTR(2)         0.000000   mTR(3)         0.000000
mFus(1)        0.000000   mFus(2)       -0.000077   mFus(3)        0.000435
mFN(1)        -0.000000   mFN(2)         0.000143   mFN(3)         0.000000
mHS(1)         0.000000   mHS(2)         0.000000   mHS(3)         0.000000
mPR(1)         0.000000   mPR(2)         0.000000   mPR(3)         0.000000
mR(1)   2.5640254e-009   mR(2)   1.8133695e-008   mR(3)   3.6490633e-010
QR  3.2373411e-011
mU  9.1378877e-003

 ====== q - derivatives ===== 
fMR(1)         0.802873   fMR(2)        -0.726058   fMR(3)         0.179974
fTR(1)         0.000000   fTR(2)         0.000000   fTR(3)         0.000000
fFus(1)       -0.002545   fFus(2)        0.000000   fFus(3)       -0.006161
fFN(1)         0.000000   fFN(2)         0.000000   fFN(3)         0.000000
fHS(1)         0.000000   fHS(2)         0.000000   fHS(3)        -0.000000
fPR(1)         0.000000   fPR(2)         0.000000   fPR(3)         0.000000
fCG(1)         0.000000   fCG(2)         0.000000   fCG(3)         0.000000
fR(1)   1.7243881e-007   fR(2)  -1.5637907e-007   fR(3)   3.7452865e-008

 Moment Equilibrium    1002 
mMR(1)        -0.144165   mMR(2)        -0.158425   mMR(3)         0.004005
mTR(1)         0.000000   mTR(2)         0.000000   mTR(3)         0.000000
mFus(1)        0.000000   mFus(2)        0.000731   mFus(3)        0.000000
mFN(1)         0.000000   mFN(2)         0.000000   mFN(3)         0.000000
mHS(1)         0.000000   mHS(2)        -0.000000   mHS(3)         0.000000
mPR(1)         0.000000   mPR(2)         0.000000   mPR(3)         0.000000
mR(1)  -2.8600351e-007   mR(2)  -3.1293859e-007   mR(3)   7.5161637e-009
QR -5.9307539e-011

 ====== w - derivatives ===== 
fMR(1)        -0.035593   fMR(2)        -0.007743   fMR(3)        -0.833750
fTR(1)         0.000000   fTR(2)         0.000000   fTR(3)         0.000000
fFus(1)       -0.015704   fFus(2)        0.000000   fFus(3)       -0.034742
fFN(1)         0.000000   fFN(2)         0.000000   fFN(3)         0.000000
fHS(1)         0.000000   fHS(2)         0.000000   fHS(3)        -0.000000
fPR(1)         0.000000   fPR(2)         0.000000   fPR(3)         0.000000
fCG(1)         0.000000   fCG(2)         0.000000   fCG(3)         0.000000
fR(1)  -1.1052199e-008   fR(2)  -1.6109292e-009   fR(3)  -1.8712320e-007

 Moment Equilibrium    1003 
mMR(1)        -0.001537   mMR(2)         0.002469   mMR(3)         0.000043
mTR(1)         0.000000   mTR(2)         0.000000   mTR(3)         0.000000
mFus(1)        0.000000   mFus(2)        0.004512   mFus(3)        0.000000
mFN(1)         0.000000   mFN(2)         0.000000   mFN(3)         0.000000
mHS(1)         0.000000   mHS(2)        -0.000000   mHS(3)         0.000000
mPR(1)         0.000000   mPR(2)         0.000000   mPR(3)         0.000000
mR(1)  -2.9635316e-009   mR(2)   1.3853045e-008   mR(3)  -3.4606273e-010
QR  1.6425884e-010
mW  6.9808100e-003


=I=I=I=I=I= Iteration Results =I=I=I=I=I=
xMR    6.500    xcg    6.333    dxCG    0.167    iRigMR    0.0
cTs 0.14213   cT 0.00780   cLs 11.80200   cL 0.64803
aN     0.23939°    a1    0.07723°   b1    0.07058°
Br   aN    13.72°       a1    4.42°      b1    4.04°
716  aN    13.72°       a1    3.01°      b1    1.66°
mu  0.152875 lamD    0.01464    lamI    0.01542     mu*a1    0.00804     lamNf    0.00660
A1S   -0.01886°    B1S    0.05376°
A1S    -1.08°    B1S     3.08°    alfD    11.12°   alfaNf     8.11°   alSm    -0.07°
thtaN      8.44°    thtaTR    -0.79°
Trim   phi    -0.01°    thta    -3.53°
vBx    22.30    vBy     0.00    vBz    -1.38
fMR(1)          -483.46   fMR(2)           -10.74   fMR(3)        -21019.67
fTR(1)             0.00   fTR(2)            12.90   fTR(3)             0.00
fPR(1)             0.00   fPR(2)             0.00   fPR(3)             0.00
fFus(1)         -774.49   fFus(2)            0.02   fFus(3)          -76.78
fFN(1)           -44.63   fFN(2)            -0.01   fFN(3)             0.00
fHS(1)            -0.00   fHS(2)             0.00   fHS(3)             0.00
fCG(1)          1302.58   fCG(2)            -2.16   fCG(3)         21096.45
fWN(1)            -0.00   fWN(2)             0.00   fWN(3)            -0.00
fR(1)   5.2509480e-009   fR(2)  -1.6877246e-009   fR(3)  -2.0934398e-007

Moment Equilibrium
mMR(1)           -19.65   mMR(2)          -183.64   mMR(3)             0.55
mTR(1)            19.66   mTR(2)             0.00   mTR(3)           -96.97
mPR(1)             0.00   mPR(2)            -0.00   mPR(3)             0.00
mFus(1)            0.00   mFus(2)          151.90   mFus(3)           96.38
mFN(1)            -0.01   mFN(2)            31.74   mFN(3)             0.05
mHS(1)             0.00   mHS(2)             0.01   mHS(3)             0.00
mWN(1)             0.00   mWN(2)             0.00   mWN(3)             0.00
mR(1)  -3.1039740e-009   mR(2)  -1.9412765e-008   mR(3)  -3.4215475e-010
==x=x===x===x=x==
MR Fx  -483.46    Fz -21019.67   thtaClmb    -0.00   torque  7141.48
dxMR    0.0087  Fx/Fz    1.3°        mu   0.15288   oM  19.9  n  189.6

=I=I=I=I=I= End Of Iteration Results =I=I=I=I=I=


         ### stability derivatives ###
 R ._. R ._. << RotaryWingSim Data >> ._. R ._. R

       u              w            q         oM
x   -0.079068     -0.051297     0.800328     0.024370
z   -0.066863     -0.868499     0.173811    -0.971630
m    0.009138      0.006981    -0.157694    -0.009782

      measured  data
       u                w              q
x   -0.090000       0.110000        0.092100
z    0.010000      -1.100000        0.140000
m    0.007000       0.005000       -0.025000

Q    0.000000      -0.000000        0.000000       -0.000000

Xu      -0.079068       -170.36
Xw      -0.051297       -110.52
Xq       0.800328       2171.13
Zu      -0.066863       -144.06
Zw      -0.868499      -1871.27
Zwd      0.000000          0.00
Zq       0.173811        471.51
Mu       0.009138         19.69
Mw       0.006981         15.04
Mwd      0.000000          0.00
Mq      -0.157694       -427.79

##### SP and PH Mode ----- approximation ###
----- Short Period Mode -----
negative oMg2_SP

----- Phugoid Mode -----
negative oMg2_PH

##### SP and PH Mode from quartic #####
A        1.000         1.000
B        1.105         1.105
C        0.050         0.050
D        0.092         0.092
E        0.073         0.073

Routh D       -0.093

M thta        -0.000 

z1  -1.07959    0.00000j
z2   0.18613    0.36867j
z3   0.18613   -0.36867j
z4  -0.39794    0.00000j

       Short Period                Phugoid
1   1.88299  0.00000j        0.91103  0.00000j
2  -0.00005  0.00000j        0.35608  0.00000j
3   0.01652  0.00000j       -0.01983  0.00000j
4  -0.04956  0.00000j        0.03575  0.00000j


----- Phugoid Mode -----
omega PH         0.4130
zeta  PH         0.4507
period PH       17.0429
tHalf  PH        3.7239
N half PH        0.2185

----- Short Period Mode -----
omega SP         1.0796
zeta  SP        -1.0000
period SP   --------
tHalf  SP        0.6420
N half SP        0.0000

omega SP         0.3979
zeta  SP        -1.0000
period SP   --------
tHalf  SP        1.7418
N half SP        0.0000


 M _ _ M _ _ << Measured Data >> _ _ M _ _ M
Xu      -0.090000       -193.91
Xw       0.110000        237.01
Xq       0.092100        249.85
Zu       0.010000         21.55
Zw      -1.100000      -2370.06
Zwd      0.000000          0.00
Zq       0.140000        379.79
Mu       0.007000         15.08
Mw       0.005000         10.77
Mwd      0.000000          0.00
Mq      -0.025000        -67.82

##### SP and PH Mode ----- approximation ###
----- Short Period Mode -----
negative oMg2_SP

----- Phugoid Mode -----
negative oMg2_PH

##### SP and PH Mode from quartic #####
A        1.000         1.000
B        1.215         1.215
C        0.015         0.015
D        0.043         0.043
E        0.076         0.076

Routh D       -0.113

M thta        -0.000 

z1  -1.18783    0.00000j
z2  -0.42435    0.00000j
z3   0.19859    0.33376j
z4   0.19859   -0.33376j

       Short Period                Phugoid
1  -1.90718  0.00000j       -0.85708  0.00000j
2  -0.08946  0.00000j       -0.62519  0.00000j
3  -0.01304  0.00000j        0.01546  0.00000j
4   0.05498  0.00000j       -0.03059  0.00000j

dlc    15.04   dla    2.73   dle   -2.15      dlp    4.74      dlt    0.00
thtaN   8.44°   A1S  -1.08°   B1S   3.08°   thtaTR  -0.79°
TrimAC phi LFr      -0.01°    thta      -3.53°    psi       0.00°
