reading aircraft data from ./data/S-51/RotDatS-51_1.dat
reading Flight Data from ./data/S-51/fDataS-51_1.flt
reading Rotor Data from ./data/S-51/fDataS-51_1.flt


#### RotaryWingSim ####
rhoAir          1.2261 kg/m°
thtaN    7.68°   twist     0.00°
mHeli          4800.00 lb

nRot   oMR       146.30 m/s     oMR   480.00 ft/s
aBlade          7.99 m^2

rRotTR       1.91 m
nRotTR       1662.7 1/min
oMTR    174.12
oMRTR   146.30 m/s    oMRTR   480.00 ft/s
sigmaTR   0.0173

Area Mrot     168.11 m^2
m blade         5.4 kg
I blade        97.1 kg*m^2 estimated
gamRot         12.0000
sigma           0.0475


Trim phi       0.00°    thta      -2.40°    psi       0.00°   
vH      50.73 mph     vV          1 fpm
cTs  0.101830     cT  0.0048     cT2sa  0.0355     cL  0.4018
m Heli    21359.1 N      fpA        2.1 m^2          23.0 ft^2
Iyy Heli        2712.8 kg*m^2
Coordintats x,z    [m]         [ft]
Rotor      :   0.05   1.83        0.17   6.00
Rudder     :   7.52   1.52       24.67   5.00
Fin        :   3.89   0.71       12.77   2.33
H-Stab     :   4.07   0.02       13.37   0.06
Wing       :  -1.93   0.00       -6.33   0.00
Propeller  :  -0.80   0.00       -2.61   0.00
### Var ###
mu             20.000  vFlight     45.1 kn
thtaClmb      -0.0001     -0.0064°
cTsReq    0.10183    cTReq    0.00484    cT2saReq    0.03554
alfaD   10942.69°    thtaClmb      -0.01°    thtaTrim      -2.40
trim iter 33     anorm 7.63583e-010

 ====== u - derivatives ===== 
fMR(1)        -0.049356   fMR(2)         0.006769   fMR(3)        -0.060586
fTR(1)         0.000000   fTR(2)        -0.000000   fTR(3)         0.000000
fFus(1)       -0.029647   fFus(2)        0.000000   fFus(3)        0.003291
fFN(1)        -0.001860   fFN(2)        -0.000000   fFN(3)         0.000000
fHS(1)        -0.000000   fHS(2)         0.000000   fHS(3)         0.000000
fPR(1)         0.000000   fPR(2)         0.000000   fPR(3)         0.000000
fCG(1)         0.000000   fCG(2)         0.000000   fCG(3)         0.000000
fR(1)  -1.7606988e-008   fR(2)   1.5619839e-009   fR(3)  -1.2480569e-008

 Moment Equilibrium    1001 
mMR(1)         0.001358   mMR(2)         0.009565   mMR(3)        -0.000038
mTR(1)        -0.000000   mTR(2)         0.000000   mTR(3)         0.000000
mFus(1)        0.000000   mFus(2)       -0.000128   mFus(3)        0.000441
mFN(1)        -0.000000   mFN(2)         0.000145   mFN(3)         0.000000
mHS(1)         0.000000   mHS(2)         0.000000   mHS(3)         0.000000
mPR(1)         0.000000   mPR(2)         0.000000   mPR(3)         0.000000
mR(1)   2.8296263e-009   mR(2)   1.9017845e-008   mR(3)   1.3838530e-010
QR  3.6826004e-011
mU  9.5828734e-003

 ====== q - derivatives ===== 
fMR(1)         0.818938   fMR(2)        -0.717564   fMR(3)         0.168993
fTR(1)         0.000000   fTR(2)         0.000000   fTR(3)         0.000000
fFus(1)       -0.002478   fFus(2)        0.000000   fFus(3)       -0.006016
fFN(1)         0.000000   fFN(2)         0.000000   fFN(3)         0.000000
fHS(1)         0.000000   fHS(2)         0.000000   fHS(3)        -0.000000
fPR(1)         0.000000   fPR(2)         0.000000   fPR(3)         0.000000
fCG(1)         0.000000   fCG(2)         0.000000   fCG(3)         0.000000
fR(1)   1.7776521e-007   fR(2)  -1.5614556e-007   fR(3)   3.5478905e-008

 Moment Equilibrium    1002 
mMR(1)        -0.143978   mMR(2)        -0.163377   mMR(3)         0.003999
mTR(1)         0.000000   mTR(2)         0.000000   mTR(3)         0.000000
mFus(1)        0.000000   mFus(2)        0.000776   mFus(3)        0.000000
mFN(1)         0.000000   mFN(2)         0.000000   mFN(3)         0.000000
mHS(1)         0.000000   mHS(2)        -0.000000   mHS(3)         0.000000
mPR(1)         0.000000   mPR(2)         0.000000   mPR(3)         0.000000
mR(1)  -2.8558583e-007   mR(2)  -3.2267639e-007   mR(3)   7.2750765e-009
QR -6.7513300e-011

 ====== w - derivatives ===== 
fMR(1)        -0.039727   fMR(2)        -0.007491   fMR(3)        -0.740067
fTR(1)         0.000000   fTR(2)         0.000000   fTR(3)         0.000000
fFus(1)       -0.014818   fFus(2)        0.000000   fFus(3)       -0.032788
fFN(1)         0.000000   fFN(2)         0.000000   fFN(3)         0.000000
fHS(1)         0.000000   fHS(2)         0.000000   fHS(3)        -0.000000
fPR(1)         0.000000   fPR(2)         0.000000   fPR(3)         0.000000
fCG(1)         0.000000   fCG(2)         0.000000   fCG(3)         0.000000
fR(1)  -1.1876944e-008   fR(2)  -1.5428321e-009   fR(3)  -1.6827701e-007

 Moment Equilibrium    1003 
mMR(1)        -0.001503   mMR(2)         0.003846   mMR(3)         0.000042
mTR(1)         0.000000   mTR(2)         0.000000   mTR(3)         0.000000
mFus(1)        0.000000   mFus(2)        0.004639   mFus(3)        0.000000
mFN(1)         0.000000   mFN(2)         0.000000   mFN(3)         0.000000
mHS(1)         0.000000   mHS(2)        -0.000000   mHS(3)         0.000000
mPR(1)         0.000000   mPR(2)         0.000000   mPR(3)         0.000000
mR(1)  -2.8483527e-009   mR(2)   1.6840429e-008   mR(3)  -5.7873706e-010
QR  1.8342435e-010
mW  8.4856432e-003


=I=I=I=I=I= Iteration Results =I=I=I=I=I=
xMR    6.500    xcg    6.333    dxCG    0.167    iRigMR    0.0
cTs 0.15515   cT 0.00737   cLs 12.83804   cL 0.60980
aN     0.26183°    a1    0.08531°   b1    0.07507°
Br   aN    15.00°       a1    4.89°      b1    4.30°
716  aN    15.00°       a1    3.40°      b1    1.91°
mu  0.153422 lamD    0.01457    lamI    0.01527     mu*a1    0.00912     lamNf    0.00546
A1S   -0.02051°    B1S    0.06031°
A1S    -1.18°    B1S     3.46°    alfD    11.01°   alfaNf     7.60°   alSm    -0.05°
thtaN      9.36°    thtaTR    -0.78°
Trim   phi    -0.01°    thta    -3.56°
vBx    22.57    vBy     0.00    vBz    -1.40
fMR(1)          -490.72   fMR(2)           -11.00   fMR(3)        -21244.60
fTR(1)             0.00   fTR(2)            13.21   fTR(3)             0.00
fPR(1)             0.00   fPR(2)             0.00   fPR(3)             0.00
fFus(1)         -790.87   fFus(2)            0.02   fFus(3)          -73.24
fFN(1)           -45.70   fFN(2)            -0.01   fFN(3)             0.00
fHS(1)            -0.00   fHS(2)             0.00   fHS(3)             0.00
fCG(1)          1327.29   fCG(2)            -2.22   fCG(3)         21317.84
fWN(1)            -0.00   fWN(2)             0.00   fWN(3)            -0.00
fR(1)   5.7602049e-009   fR(2)  -1.7994233e-009   fR(3)  -2.1088866e-007

Moment Equilibrium
mMR(1)           -20.12   mMR(2)          -181.80   mMR(3)             0.56
mTR(1)            20.13   mTR(2)             0.00   mTR(3)           -99.31
mPR(1)             0.00   mPR(2)            -0.00   mPR(3)             0.00
mFus(1)            0.00   mFus(2)          149.29   mFus(3)           98.70
mFN(1)            -0.01   mFN(2)            32.50   mFN(3)             0.05
mHS(1)             0.00   mHS(2)             0.01   mHS(3)             0.00
mWN(1)             0.00   mWN(2)             0.00   mWN(3)             0.00
mR(1)  -3.3176057e-009   mR(2)  -2.0273051e-008   mR(3)  -5.6570570e-010
==x=x===x===x=x==
MR Fx  -490.72    Fz -21244.60   thtaClmb    -0.01   torque  6986.38
dxMR    0.0086  Fx/Fz    1.3°        mu   0.15342   oM  20.0  n  191.0

=I=I=I=I=I= End Of Iteration Results =I=I=I=I=I=


         ### stability derivatives ###
 R ._. R ._. << RotaryWingSim Data >> ._. R ._. R

       u              w            q         oM
x   -0.080862     -0.054545     0.816460     0.026461
z   -0.057295     -0.772850     0.162978    -0.968560
m    0.009583      0.008486    -0.162601    -0.010216

      measured  data
       u                w              q
x   -0.090000       0.110000        0.092100
z    0.010000      -1.100000        0.140000
m    0.007000       0.005000       -0.025000

Q    0.000000      -0.000000        0.000000       -0.000000

Xu      -0.080862       -176.06
Xw      -0.054545       -118.76
Xq       0.816460       2214.89
Zu      -0.057295       -124.75
Zw      -0.772850      -1682.71
Zwd      0.000000          0.00
Zq       0.162978        442.13
Mu       0.009583         20.86
Mw       0.008486         18.48
Mwd      0.000000          0.00
Mq      -0.162601       -441.11

##### SP and PH Mode ----- approximation ###
----- Short Period Mode -----
negative oMg2_SP

----- Phugoid Mode -----
negative oMg2_PH

##### SP and PH Mode from quartic #####
A        1.000         1.000
B        1.016         1.016
C       -0.003        -0.003
D        0.094         0.094
E        0.068         0.068

Routh D       -0.079

M thta        -0.000 

z1  -1.04597    0.00000j
z2   0.19960    0.36850j
z3   0.19960   -0.36850j
z4  -0.36954    0.00000j

       Short Period                Phugoid
1   1.85273  0.00000j        0.59299  0.00000j
2  -0.04443  0.00000j       -1.62349  0.00000j
3   0.01484  0.00000j        0.00198  0.00000j
4  -0.05149  0.00000j        0.01453  0.00000j


----- Phugoid Mode -----
omega PH         0.4191
zeta  PH         0.4763
period PH       17.0509
tHalf  PH        3.4728
N half PH        0.2037

----- Short Period Mode -----
omega SP         1.0460
zeta  SP        -1.0000
period SP   --------
tHalf  SP        0.6627
N half SP        0.0000

omega SP         0.3695
zeta  SP        -1.0000
period SP   --------
tHalf  SP        1.8757
N half SP        0.0000


 M _ _ M _ _ << Measured Data >> _ _ M _ _ M
Xu      -0.090000       -195.96
Xw       0.110000        239.50
Xq       0.092100        249.85
Zu       0.010000         21.77
Zw      -1.100000      -2395.01
Zwd      0.000000          0.00
Zq       0.140000        379.79
Mu       0.007000         15.24
Mw       0.005000         10.89
Mwd      0.000000          0.00
Mq      -0.025000        -67.82

##### SP and PH Mode ----- approximation ###
----- Short Period Mode -----
negative oMg2_SP

----- Phugoid Mode -----
negative oMg2_PH

##### SP and PH Mode from quartic #####
A        1.000         1.000
B        1.215         1.215
C        0.013         0.013
D        0.043         0.043
E        0.076         0.076

Routh D       -0.113

M thta        -0.000 

z1  -1.18879    0.00000j
z2  -0.42407    0.00000j
z3   0.19893    0.33352j
z4   0.19893   -0.33352j

       Short Period                Phugoid
1  -1.90511  0.00000j       -0.85594  0.00000j
2  -0.08956  0.00000j       -0.62234  0.00000j
3  -0.01299  0.00000j        0.01541  0.00000j
4   0.05499  0.00000j       -0.03049  0.00000j

dlc    16.68   dla    2.58   dle   -1.63      dlp    4.73      dlt    0.00
thtaN   9.36°   A1S  -1.18°   B1S   3.46°   thtaTR  -0.78°
TrimAC phi LFr      -0.01°    thta      -3.56°    psi       0.00°
