reading aircraft data from ./data/RotDatR4B_1a.dat
reading Flight Data from ./data/fDataR4B_no14.flt
reading Rotor Data from ./data/fDataR4B_no14.flt


    #### RotaryWingSim ####
rhoAir        1.0671 kg/m³
thtaN    2.68°   twist     0.00°
mHeli          2486.00 lb

nRot      210.0 1/min    oM     21.99 rad/s
oMR       127.36 m/s     oMR   417.83 ft/s
aBlade          6.32 m^2

rRotTR       1.91 m
nRotTR       1662.7 1/min
oMTR    174.12
oMRTR   127.36 m/s    oMRTR   417.83 ft/s
sigmaTR   0.0173

Area Mrot     105.36 m^2
m blade         5.4 kg
I blade        60.9 kg*m^2 estimated
gamRot         10.0000
sigma           0.0600


Trim phi       0.00°    thta      -2.40°    psi      -1.60°   
vH      40.30 mph     vV       1184 fpm
cTs  0.101014     cT  0.0061     cT2sa  0.0353     cL  0.5435
m Heli    11062.2 N      fpA        2.1 m^2          23.0 ft^2
Iyy Heli        2712.8 kg*m^2
Coordintats x,z    [m]         [ft]
Rotor      :   0.04   1.68        0.12   5.50
Rudder     :   7.50   1.52       24.62   5.00
Fin        :   3.88   0.71       12.72   2.33
H-Stab     :   4.06   0.02       13.32   0.06
Wing       :  -1.95   0.00       -6.38   0.00
Propeller  :  -0.81   0.00       -2.66   0.00
### Var ###
mu             21.991  vFlight     37.8 kn
thtaClmb      -0.3230    -18.5086°
cTsReq    0.10101    cTReq    0.00606    cT2saReq    0.03526
alfaD     200.54°    thtaClmb     -18.51°    thtaTrim      -2.40
trim iter 34     anorm 9.86045e-010

   deriv 3104
       u                w              q
x   -0.053356     -0.261473     0.198624
z   -0.398308     -1.040824     0.274058
m    0.035756      0.128912    -0.071667

 ====== u - derivatives ===== 
fMR(1)        -0.030767   fMR(2)         0.001357   fMR(3)        -0.084929
fTR(1)         0.000000   fTR(2)        -0.000000   fTR(3)         0.000000
fFus(1)       -0.035486   fFus(2)        0.002547   fFus(3)       -0.004746
fFN(1)        -0.002056   fFN(2)        -0.001505   fFN(3)         0.000000
fHS(1)         0.000000   fHS(2)         0.000000   fHS(3)        -0.000000
fPR(1)         0.000000   fPR(2)         0.000000   fPR(3)         0.000000
fCG(1)         0.000000   fCG(2)         0.000000   fCG(3)         0.000000
fR(1)  -7.7024460e-009   fR(2)   3.8440362e-010   fR(3)  -1.0108401e-008

 Moment Equilibrium    1001 
mMR(1)         0.000163   mMR(2)         0.003485   mMR(3)        -0.000003
mTR(1)        -0.000000   mTR(2)         0.000000   mTR(3)         0.000000
mFus(1)        0.000000   mFus(2)        0.000009   mFus(3)        0.000321
mFN(1)        -0.000077   mFN(2)         0.000105   mFN(3)         0.000419
mHS(1)         0.000000   mHS(2)        -0.000000   mHS(3)         0.000000
mPR(1)         0.000000   mPR(2)         0.000000   mPR(3)         0.000000
mR(1)   3.0949110e-010   mR(2)   5.6544128e-009   mR(3)   3.0215119e-010
QR  3.9405994e-011
mU  3.5994061e-003

 ====== q - derivatives ===== 
fMR(1)         1.057115   fMR(2)        -0.605621   fMR(3)         0.186020
fTR(1)         0.000000   fTR(2)         0.000000   fTR(3)         0.000000
fFus(1)       -0.016031   fFus(2)        0.000000   fFus(3)       -0.005881
fFN(1)         0.000000   fFN(2)         0.000000   fFN(3)         0.000000
fHS(1)         0.000000   fHS(2)         0.000000   fHS(3)        -0.000000
fPR(1)         0.000000   fPR(2)         0.000000   fPR(3)         0.000000
fCG(1)         0.000000   fCG(2)         0.000000   fCG(3)         0.000000
fR(1)   1.1739821e-007   fR(2)  -6.8178892e-008   fR(3)   2.0316016e-008

 Moment Equilibrium    1002 
mMR(1)        -0.072873   mMR(2)        -0.126725   mMR(3)         0.001546
mTR(1)         0.000000   mTR(2)         0.000000   mTR(3)         0.000000
mFus(1)        0.000000   mFus(2)        0.000971   mFus(3)        0.000000
mFN(1)         0.000000   mFN(2)         0.000000   mFN(3)         0.000000
mHS(1)         0.000000   mHS(2)        -0.000000   mHS(3)         0.000000
mPR(1)         0.000000   mPR(2)         0.000000   mPR(3)         0.000000
mR(1)  -1.1431245e-007   mR(2)  -1.9756471e-007   mR(3)   1.5739090e-009
QR -6.6169647e-011

 ====== w - derivatives ===== 
fMR(1)        -0.024158   fMR(2)        -0.005953   fMR(3)        -0.847270
fTR(1)         0.000000   fTR(2)         0.000000   fTR(3)         0.000000
fFus(1)       -0.056139   fFus(2)        0.000000   fFus(3)       -0.014636
fFN(1)         0.000000   fFN(2)         0.000000   fFN(3)         0.000000
fHS(1)         0.000000   fHS(2)         0.000000   fHS(3)        -0.000000
fPR(1)         0.000000   fPR(2)         0.000000   fPR(3)         0.000000
fCG(1)         0.000000   fCG(2)         0.000000   fCG(3)         0.000000
fR(1)  -9.0542962e-009   fR(2)  -5.5734972e-010   fR(3)  -9.7190700e-008

 Moment Equilibrium    1003 
mMR(1)        -0.000716   mMR(2)         0.000744   mMR(3)         0.000015
mTR(1)         0.000000   mTR(2)         0.000000   mTR(3)         0.000000
mFus(1)        0.000000   mFus(2)        0.003402   mFus(3)        0.000000
mFN(1)         0.000000   mFN(2)         0.000000   mFN(3)         0.000000
mHS(1)         0.000000   mHS(2)        -0.000000   mHS(3)         0.000000
mPR(1)         0.000000   mPR(2)         0.000000   mPR(3)         0.000000
mR(1)  -9.5169383e-010   mR(2)   6.5130453e-009   mR(3)  -8.3073814e-010
QR  2.6173797e-010
mW  4.1459449e-003


=I=I=I=I=I= Iteration Results =I=I=I=I=I=
xMR    6.500    xcg    6.383    dxCG    0.117    iRigMR    0.0
cTs 0.09972   cT 0.00598   cLs 8.82988   cL 0.52979
aN     0.13798°    a1    0.04846°   b1    0.05270°
Br   aN     7.91°       a1    2.78°      b1    3.02°
716  aN     7.91°       a1    2.38°      b1    1.39°
mu  0.145691 lamD    0.01831    lamI    0.01804     mu*a1    0.00606     lamNf    0.01225
A1S   -0.00502°    B1S    0.05157°
A1S    -0.29°    B1S     2.95°    alfD    14.01°   alfaNf    11.63°   alSm    -0.57°
thtaN      5.28°    thtaTR    -0.01°
Trim   phi    -0.19°    thta    -3.88°
vBx    18.33    vBy     0.49    vBz     4.79
fMR(1)           -75.89   fMR(2)            -5.56   fMR(3)        -10892.54
fTR(1)             0.00   fTR(2)            20.68   fTR(3)             0.00
fPR(1)             0.00   fPR(2)             0.00   fPR(3)             0.00
fFus(1)         -672.12   fFus(2)           52.68   fFus(3)         -144.23
fFN(1)            -1.37   fFN(2)           -31.20   fFN(3)             0.00
fHS(1)            -0.00   fHS(2)             0.00   fHS(3)             0.00
fCG(1)           749.38   fCG(2)           -36.60   fCG(3)         11036.77
fWN(1)            -0.00   fWN(2)             0.00   fWN(3)             0.00
fR(1)   1.4022781e-009   fR(2)   1.5788260e-010   fR(3)  -7.0782612e-008

Moment Equilibrium
mMR(1)            -9.32   mMR(2)          -260.11   mMR(3)             0.20
mTR(1)            31.51   mTR(2)             0.00   mTR(3)          -155.13
mPR(1)             0.00   mPR(2)            -0.00   mPR(3)             0.00
mFus(1)            0.00   mFus(2)          259.13   mFus(3)           34.00
mFN(1)           -22.19   mFN(2)             0.98   mFN(3)           120.93
mHS(1)             0.00   mHS(2)             0.00   mHS(3)             0.00
mWN(1)             0.00   mWN(2)            -0.00   mWN(3)             0.00
mR(1)   2.4732216e-010   mR(2)  -6.0148570e-009   mR(3)  -8.5614715e-010
==x=x===x===x=x==
MR Fx   -75.89    Fz -10892.54   thtaClmb   -18.51   torque    28.74
dxMR    0.0239  Fx/Fz    0.4°        mu   0.14569   oM  22.0  n  210.0

=I=I=I=I=I= End Of Iteration Results =I=I=I=I=I=


         ### stability derivatives ###
 R ._. R ._. << RotaryWingSim Data >> ._. R ._. R

       u              w            q         oM
x   -0.068309     -0.080297     1.041084     0.012432
z   -0.089671     -0.861917     0.180133    -0.627730
m    0.020845      0.024010    -0.728267    -0.022171

      measured  data
       u                w              q
x   -0.090000       0.110000        0.092100
z    0.010000      -1.100000        0.140000
m    0.007000       0.005000       -0.025000

Q    0.000000      -0.000000        0.000000       -0.000000

Xu      -0.068309        -77.03
Xw      -0.080297        -90.55
Xq       1.041084       2824.25
Zu      -0.089671       -101.12
Zw      -0.861917     