reading aircraft data from ./data/S-51a/RotDatS-51_1.dat
reading Flight Data from ./data/S-51a/fDataS-51_mu25.flt
reading Rotor Data from ./data/S-51a/fDataS-51_mu25.flt


    #### RotaryWingSim ####
rhoAir        1.2252 kg/m³
thtaN    9.68°   twist    -0.88°
mHeli          4958.00 lb

nRot      191.0 1/min    oM     20.00 rad/s
oMR       146.30 m/s     oMR   480.00 ft/s
aBlade         10.09 m^2

rRotTR       1.30 m
nRotTR       1662.7 1/min
oMTR    174.12
oMRTR   146.30 m/s    oMRTR   480.00 ft/s
sigmaTR   0.1049

Area Mrot     168.11 m^2
m blade        93.9 kg
I blade       379.8 kg*m^2
gamRot         11.2700
sigma           0.0600


Trim phi       0.00°    thta      -0.10°    psi      -0.10°   
vH      82.07 mph     vV          0 fpm
cTs  0.083403     cT  0.0050     cT2sa  0.0290     cL  0.1588
m Heli    22062.2 N      fpA        1.1 m^2          12.3 ft^2
Iyy Heli       14680.3 kg*m^2
Coordintats x,z    [m]         [ft]
Rotor      :   0.00   1.83        0.00   6.00
Rudder     :   8.62   1.83       28.29   6.00
Fin        :   7.71   2.84       25.29   9.33
H-Stab     :   6.09   0.50       19.99   1.64
Wing       :  -3.39   0.00      -11.13   0.00
Propeller  :  -2.26   0.00       -7.40   0.00
### Var ###
mu             20.000  vFlight     73.0 kn
thtaClmb      -0.0000     -0.0000°
cTsReq    0.08340    cTReq    0.00500    cT2saReq    0.02902
alfaD   10942.69°    thtaClmb      -0.00°    thtaTrim      -0.10
trim iter 34     anorm 3.56251e-010

   deriv 3104
       u                w              q
x   -0.049266      0.268461     0.070986
z    0.152629     -1.148660     0.448878
m    0.022219     -0.136861     0.009643

 ====== u - derivatives ===== 
fMR(1)        -0.096536   fMR(2)         0.006660   fMR(3)        -0.000760
fTR(1)         0.000000   fTR(2)        -0.000001   fTR(3)         0.000000
fFus(1)       -0.026424   fFus(2)        0.002249   fFus(3)        0.000000
fFN(1)        -0.000099   fFN(2)        -0.000417   fFN(3)         0.000000
fHS(1)        -0.000000   fHS(2)         0.000000   fHS(3)         0.000001
fPR(1)         0.000000   fPR(2)         0.000000   fPR(3)         0.000000
fCG(1)         0.000000   fCG(2)         0.000000   fCG(3)         0.000000
fR(1)  -2.7675434e-008   fR(2)   1.9465460e-009   fR(3)  -1.7804651e-010

 Moment Equilibrium    1001 
mMR(1)        -0.001329   mMR(2)         0.007868   mMR(3)         0.000000
mTR(1)        -0.000000   mTR(2)         0.000000   mTR(3)         0.000000
mFus(1)        0.000000   mFus(2)       -0.000231   mFus(3)        0.000244
mFN(1)        -0.000025   mFN(2)         0.000006   mFN(3)         0.000067
mHS(1)         0.000000   mHS(2)         0.000000   mHS(3)         0.000000
mPR(1)         0.000000   mPR(2)         0.000000   mPR(3)         0.000000
mR(1)  -1.4475205e-008   mR(2)   8.2091960e-008   mR(3)   3.0364617e-009
QR  6.8297355e-012
mU  7.6439414e-003

 ====== q - derivatives ===== 
fMR(1)         0.876150   fMR(2)        -0.646728   fMR(3)         0.053803
fTR(1)         0.000000   fTR(2)         0.000000   fTR(3)         0.000000
fFus(1)        0.000748   fFus(2)        0.000000   fFus(3)        0.000000
fFN(1)         0.000000   fFN(2)         0.000000   fFN(3)         0.000000
fHS(1)        -0.000000   fHS(2)         0.000000   fHS(3)        -0.000034
fPR(1)         0.000000   fPR(2)         0.000000   fPR(3)         0.000000
fCG(1)         0.000000   fCG(2)         0.000000   fCG(3)         0.000000
fR(1)   1.9720941e-007   fR(2)  -1.4540888e-007   fR(3)   1.2085580e-008

 Moment Equilibrium    1002 
mMR(1)         0.053704   mMR(2)        -0.153334   mMR(3)         0.000000
mTR(1)         0.000000   mTR(2)         0.000000   mTR(3)         0.000000
mFus(1)        0.000000   mFus(2)        0.000040   mFus(3)        0.000000
mFN(1)         0.000000   mFN(2)         0.000000   mFN(3)         0.000000
mHS(1)         0.000000   mHS(2)        -0.000004   mHS(3)         0.000000
mPR(1)         0.000000   mPR(2)         0.000000   mPR(3)         0.000000
mR(1)   5.7679352e-007   mR(2)  -1.6462541e-006   mR(3)  -3.1207037e-010
QR -1.2596216e-011

 ====== w - derivatives ===== 
fMR(1)        -0.022974   fMR(2)         0.038793   fMR(3)        -0.993293
fTR(1)         0.000000   fTR(2)         0.000000   fTR(3)         0.000000
fFus(1)        0.011690   fFus(2)        0.000000   fFus(3)        0.000000
fFN(1)         0.000000   fFN(2)         0.000000   fFN(3)         0.000000
fHS(1)        -0.000000   fHS(2)         0.000000   fHS(3)        -0.000004
fPR(1)         0.000000   fPR(2)         0.000000   fPR(3)         0.000000
fCG(1)         0.000000   fCG(2)         0.000000   fCG(3)         0.000000
fR(1)  -2.5379102e-009   fR(2)   8.7611625e-009   fR(3)  -2.2339351e-007

 Moment Equilibrium    1003 
mMR(1)        -0.003800   mMR(2)         0.006371   mMR(3)         0.000000
mTR(1)         0.000000   mTR(2)         0.000000   mTR(3)         0.000000
mFus(1)        0.000000   mFus(2)        0.000633   mFus(3)        0.000000
mFN(1)         0.000000   mFN(2)         0.000000   mFN(3)         0.000000
mHS(1)         0.000000   mHS(2)        -0.000000   mHS(3)         0.000000
mPR(1)         0.000000   mPR(2)         0.000000   mPR(3)         0.000000
mR(1)  -4.0743373e-008   mR(2)   7.5221408e-008   mR(3)  -3.1207037e-010
QR  3.1011597e-011
mW  7.0041625e-003


=I=I=I=I=I= Iteration Results =I=I=I=I=I=
xMR   11.125    xcg   11.125    dxCG    0.000    iRigMR    0.0
cTs 0.15144   cT 0.00909   cLs 5.09455   cL 0.30568
aN     0.23943°    a1    0.15358°   b1    0.08688°
Br   aN    13.72°       a1    8.80°      b1    4.98°
716  aN    13.72°       a1    5.35°      b1    2.35°
mu  0.243684 lamD    0.00801    lamI    0.00795     mu*a1    0.02277     lamNf   -0.01476
A1S    0.02612°    B1S    0.10772°
A1S     1.50°    B1S     6.17°    alfD     3.75°   alfaNf    -1.61°   alSm    -0.82°
thtaN     10.92°    thtaTR    -0.05°
Trim   phi    -4.04°    thta    -6.85°
vBx    36.33    vBy     0.37    vBz    -4.35
fMR(1)         -1540.11   fMR(2)          1311.68   fMR(3)        -21850.57
fTR(1)             0.00   fTR(2)            81.27   fTR(3)             0.00
fPR(1)             0.00   fPR(2)             0.00   fPR(3)             0.00
fFus(1)        -1086.39   fFus(2)          183.76   fFus(3)            0.00
fFN(1)            -3.38   fFN(2)           -34.09   fFN(3)             0.00
fHS(1)            -0.00   fHS(2)             0.00   fHS(3)             0.08
fCG(1)          2629.89   fCG(2)         -1542.62   fCG(3)         21850.50
fWN(1)            -0.00   fWN(2)             0.00   fWN(3)             0.00
fR(1)   2.3456813e-008   fR(2)   1.2533974e-008   fR(3)  -2.6685644e-007

Moment Equilibrium
mMR(1)           -51.65   mMR(2)           457.53   mMR(3)            -0.00
mTR(1)           148.63   mTR(2)             0.00   mTR(3)          -700.84
mPR(1)             0.00   mPR(2)            -0.00   mPR(3)             0.00
mFus(1)            0.00   mFus(2)         -467.62   mFus(3)          438.04
mFN(1)           -96.98   mFN(2)             9.62   mFN(3)           262.80
mHS(1)             0.00   mHS(2)             0.48   mHS(3)             0.00
mWN(1)             0.00   mWN(2)            -0.00   mWN(3)             0.00
mR(1)   1.6963611e-008   mR(2)  -1.3279121e-007   mR(3)  -3.1207037e-010
==x=x===x===x=x==
MR Fx -1540.11    Fz -21850.57   thtaClmb    -0.00   torque 10241.58
dxMR   -0.1289  Fx/Fz    4.0°        mu   0.24368   oM  20.0  n  191.0

=I=I=I=I=I= End Of Iteration Results =I=I=I=I=I=


         ### stability derivatives ###
 R ._. R ._. << RotaryWingSim Data >> ._. R ._. R

       u              w            q         oM
x   -0.123060     -0.011285     0.876896     0.104301
z   -0.000760     -0.993293     0.053770    -1.186552
m    0.007644      0.007004    -0.153298    -0.012366

      measured  data
       u                w              q
x   -0.067000       0.030000        0.100000
z   -0.100000      -1.234900       -1.100000
m    0.008000       0.030000       -0.025000

Q    0.000000      -0.000000        0.000000       -0.000000

Xu      -0.123060       -276.75
Xw      -0.011285        -25.38
Xq       0.876896      12873.11
Zu      -0.000760         -1.71
Zw      -0.993293      -2233.86
Zwd      0.000000          0.00
Zq       0.053770        789.36
Mu       0.007644         17.19
Mw       0.007004         15.75
Mwd      0.000000          0.00
Mq      -0.153298      -2250.46

##### SP and PH Mode ----- approximation ###
----- Short Period Mode -----
negative oMg2_SP

----- Phugoid Mode -----
negative oMg2_PH

##### SP and PH Mode from quartic #####
A        1.000         1.000
B        1.270         1.270
C        0.030         0.030
D        0.059         0.059
E        0.074         0.074

Routh D       -0.121

M thta        -0.000 

z1  -1.24481    0.00000j
z2   0.18773    0.33783j
z3   0.18773   -0.33783j
z4  -0.40030    0.00000j

       Short Period                Phugoid
1   0.81436  0.00000j        1.69866  0.00000j
2  -0.96879  0.47595j       -0.54153 -0.47595j
3   0.01219  0.01507j       -0.00387 -0.01507j
4  -0.03287  0.03103j       -0.00434 -0.03103j

