reading aircraft data from ./data/S-51a/RotDatS-51_1.dat
reading Flight Data from ./data/S-51a/fDataS-51_1.flt
reading Rotor Data from ./data/S-51a/fDataS-51_1.flt


#### RotaryWingSim ####
rhoAir          1.2261 kg/m°
thtaN    9.68°   twist    -0.88°
mHeli          4958.00 lb

nRot   oMR       146.30 m/s     oMR   480.00 ft/s
aBlade         10.09 m^2

rRotTR       1.30 m
nRotTR       1662.7 1/min
oMTR    174.12
oMRTR   146.30 m/s    oMRTR   480.00 ft/s
sigmaTR   0.1049

Area Mrot     168.11 m^2
m blade        93.9 kg
I blade       379.8 kg*m^2
gamRot         11.2700
sigma           0.0600


Trim phi       0.00°    thta      -0.10°    psi      -0.10°   
vH      49.24 mph     vV          0 fpm
cTs  0.083340     cT  0.0050     cT2sa  0.0290     cL  0.4407
m Heli    22062.2 N      fpA        1.9 m^2          20.3 ft^2
Iyy Heli       14680.3 kg*m^2
Coordintats x,z    [m]         [ft]
Rotor      :   0.00   1.83        0.00   6.00
Rudder     :   8.62   1.83       28.29   6.00
Fin        :   7.71   2.84       25.29   9.33
H-Stab     :   6.09   0.50       19.99   1.64
Wing       :  -3.39   0.00      -11.13   0.00
Propeller  :  -2.26   0.00       -7.40   0.00
### Var ###
mu             20.000  vFlight     43.8 kn
thtaClmb      -0.0000     -0.0000°
cTsReq    0.08334    cTReq    0.00500    cT2saReq    0.02900
alfaD   10942.69°    thtaClmb      -0.00°    thtaTrim      -0.10
trim iter 35     anorm 7.43970e-010

 ====== u - derivatives ===== 
fMR(1)        -0.044450   fMR(2)         0.008034   fMR(3)        -0.077096
fTR(1)         0.000000   fTR(2)        -0.000000   fTR(3)         0.000000
fFus(1)       -0.024691   fFus(2)        0.000446   fFus(3)        0.000000
fFN(1)        -0.000060   fFN(2)        -0.000083   fFN(3)         0.000000
fHS(1)        -0.000000   fHS(2)         0.000000   fHS(3)         0.000001
fPR(1)         0.000000   fPR(2)         0.000000   fPR(3)         0.000000
fCG(1)         0.000000   fCG(2)         0.000000   fCG(3)         0.000000
fR(1)  -1.5562746e-008   fR(2)   1.9641675e-009   fR(3)  -1.7334344e-008

 Moment Equilibrium    1001 
mMR(1)        -0.001628   mMR(2)         0.005399   mMR(3)         0.000000
mTR(1)        -0.000000   mTR(2)         0.000000   mTR(3)         0.000000
mFus(1)        0.000000   mFus(2)        0.000039   mFus(3)        0.000155
mFN(1)        -0.000005   mFN(2)         0.000004   mFN(3)         0.000013
mHS(1)         0.000000   mHS(2)         0.000000   mHS(3)         0.000000
mPR(1)         0.000000   mPR(2)         0.000000   mPR(3)         0.000000
mR(1)  -1.7399856e-008   mR(2)   5.8444692e-008   mR(3)   1.1571046e-009
QR  8.1963211e-012
mU  5.4425939e-003

 ====== q - derivatives ===== 
fMR(1)         0.830178   fMR(2)        -0.724935   fMR(3)         0.168412
fTR(1)         0.000000   fTR(2)         0.000000   fTR(3)         0.000000
fFus(1)       -0.002171   fFus(2)        0.000000   fFus(3)        0.000000
fFN(1)         0.000000   fFN(2)         0.000000   fFN(3)         0.000000
fHS(1)         0.000000   fHS(2)         0.000000   fHS(3)        -0.000016
fPR(1)         0.000000   fPR(2)         0.000000   fPR(3)         0.000000
fCG(1)         0.000000   fCG(2)         0.000000   fCG(3)         0.000000
fR(1)   1.8621479e-007   fR(2)  -1.6295849e-007   fR(3)   3.7875622e-008

 Moment Equilibrium    1002 
mMR(1)         0.052221   mMR(2)        -0.148927   mMR(3)         0.000000
mTR(1)         0.000000   mTR(2)         0.000000   mTR(3)         0.000000
mFus(1)        0.000000   mFus(2)        0.000189   mFus(3)        0.000000
mFN(1)         0.000000   mFN(2)         0.000000   mFN(3)         0.000000
mHS(1)         0.000000   mHS(2)        -0.000002   mHS(3)         0.000000
mPR(1)         0.000000   mPR(2)         0.000000   mPR(3)         0.000000
mR(1)   5.6094157e-007   mR(2)  -1.5973154e-006   mR(3)  -6.5327299e-010
QR -1.5013285e-011

 ====== w - derivatives ===== 
fMR(1)        -0.028784   fMR(2)         0.020494   fMR(3)        -0.860355
fTR(1)         0.000000   fTR(2)         0.000000   fTR(3)         0.000000
fFus(1)       -0.015078   fFus(2)        0.000000   fFus(3)        0.000000
fFN(1)         0.000000   fFN(2)         0.000000   fFN(3)         0.000000
fHS(1)        -0.000000   fHS(2)         0.000000   fHS(3)        -0.000000
fPR(1)         0.000000   fPR(2)         0.000000   fPR(3)         0.000000
fCG(1)         0.000000   fCG(2)         0.000000   fCG(3)         0.000000
fR(1)  -9.8640796e-009   fR(2)   4.6848072e-009   fR(3)  -1.9348528e-007

 Moment Equilibrium    1003 
mMR(1)        -0.002150   mMR(2)         0.003944   mMR(3)         0.000000
mTR(1)         0.000000   mTR(2)         0.000000   mTR(3)         0.000000
mFus(1)        0.000000   mFus(2)        0.001315   mFus(3)        0.000000
mFN(1)         0.000000   mFN(2)         0.000000   mFN(3)         0.000000
mHS(1)         0.000000   mHS(2)        -0.000000   mHS(3)         0.000000
mPR(1)         0.000000   mPR(2)         0.000000   mPR(3)         0.000000
mR(1)  -2.2947205e-008   mR(2)   5.6475921e-008   mR(3)  -6.5327299e-010
QR  4.1906765e-011
mW  5.2592638e-003


=I=I=I=I=I= Iteration Results =I=I=I=I=I=
xMR   11.125    xcg   11.125    dxCG    0.000    iRigMR    0.0
cTs 0.13462   cT 0.00808   cLs 11.68369   cL 0.70104
aN     0.21179°    a1    0.07076°   b1    0.06538°
Br   aN    12.13°       a1    4.05°      b1    3.75°
716  aN    12.13°       a1    2.78°      b1    1.43°
mu  0.149298 lamD    0.01349    lamI    0.01633     mu*a1    0.00723     lamNf    0.00626
A1S    0.01677°    B1S    0.05418°
A1S     0.96°    B1S     3.10°    alfD    11.30°   alfaNf     8.52°   alSm    -0.33°
thtaN      8.62°    thtaTR    -0.06°
Trim   phi    -1.97°    thta    -2.67°
vBx    21.93    vBy     0.07    vBz    -1.02
fMR(1)          -356.37   fMR(2)           716.09   fMR(3)        -22025.30
fTR(1)             0.00   fTR(2)            24.32   fTR(3)             0.00
fPR(1)             0.00   fPR(2)             0.00   fPR(3)             0.00
fFus(1)         -668.25   fFus(2)           21.98   fFus(3)           -0.00
fFN(1)            -1.45   fFN(2)            -4.07   fFN(3)             0.00
fHS(1)            -0.00   fHS(2)             0.00   fHS(3)             0.03
fCG(1)          1026.08   fCG(2)          -758.32   fCG(3)         22025.26
fWN(1)            -0.00   fWN(2)             0.00   fWN(3)            -0.00
fR(1)   6.3062814e-009   fR(2)   5.5165401e-009   fR(3)  -2.1109310e-007

Moment Equilibrium
mMR(1)           -32.89   mMR(2)          -298.09   mMR(3)            -0.00
mTR(1)            44.48   mTR(2)             0.00   mTR(3)          -209.75
mPR(1)             0.00   mPR(2)            -0.00   mPR(3)             0.00
mFus(1)            0.00   mFus(2)          293.77   mFus(3)          178.35
mFN(1)           -11.59   mFN(2)             4.13   mFN(3)            31.40
mHS(1)             0.00   mHS(2)             0.19   mHS(3)             0.00
mWN(1)             0.00   mWN(2)             0.00   mWN(3)             0.00
mR(1)   1.7855228e-008   mR(2)  -6.1215863e-008   mR(3)  -6.5327299e-010
==x=x===x===x=x==
MR Fx  -356.37    Fz -22025.30   thtaClmb    -0.00   torque  7038.44
dxMR   -0.0296  Fx/Fz    0.9°        mu   0.14930   oM  20.0  n  191.0

=I=I=I=I=I= End Of Iteration Results =I=I=I=I=I=


         ### stability derivatives ###
 R ._. R ._. << RotaryWingSim Data >> ._. R ._. R

       u              w            q         oM
x   -0.069201     -0.043862     0.828007     0.028040
z   -0.077096     -0.860355     0.168396    -0.938649
m    0.005443      0.005259    -0.148740    -0.005700

      measured  data
       u                w              q
x   -0.067000       0.030000        0.100000
z   -0.100000      -1.234900       -1.100000
m    0.008000       0.030000       -0.025000

Q    0.000000      -0.000000        0.000000       -0.000000

Xu      -0.069201       -155.63
Xw      -0.043862        -98.64
Xq       0.828007      12155.40
Zu      -0.077096       -173.39
Zw      -0.860355      -1934.90
Zwd      0.000000          0.00
Zq       0.168396       2472.10
Mu       0.005443         12.24
Mw       0.005259         11.83
Mwd      0.000000          0.00
Mq      -0.148740      -2183.55

##### SP and PH Mode ----- approximation ###
----- Short Period Mode -----
omega SP         0.1078
zeta  SP         4.6801
re  -0.5045 +   0.4929
re  -0.5045 -   0.4929

----- Phugoid Mode -----
omega PH         1.9073
zeta  PH         1.1440
re  -2.1819 +   1.0597
re  -2.1819 -   1.0597

A          1.0000
B          5.3729
C         10.7848
D          8.1084
E          2.9273

##### SP and PH Mode from quartic #####
A        1.000         1.000
B        1.078         1.078
C        0.074         0.074
D        0.055         0.055
E        0.042         0.042

Routh D       -0.047

M thta        -0.000 

z1  -1.01991    0.00000j
z2  -0.35150    0.00000j
z3   0.14655    0.30913j
z4   0.14655   -0.30913j

       Short Period                Phugoid
1   1.94142  0.00000j        0.96958  0.00000j
2  -0.01437  0.00000j        0.46620  0.00000j
3   0.01273  0.00000j       -0.01589  0.00000j
4  -0.04156  0.00000j        0.03264  0.00000j


 M _ _ M _ _ << Measured Data >> _ _ M _ _ M
Xu      -0.067000       -150.68
Xw       0.030000         67.47
Xq       0.100000       1468.03
Zu      -0.100000       -224.89
Zw      -1.234900      -2777.23
Zwd      0.000000          0.00
Zq      -1.100000     -16148.35
Mu       0.008000         17.99
Mw       0.030000         67.47
Mwd      0.000000          0.00
Mq      -0.025000       -367.01

##### SP and PH Mode ----- approximation ###
----- Short Period Mode -----
negative oMg2_SP

----- Phugoid Mode -----
negative oMg2_PH

##### SP and PH Mode from quartic #####
A        1.000         1.000
B        1.327         1.327
C       -0.508        -0.508
D        0.033         0.033
E        0.067         0.067

Routh D       -0.142

M thta        -0.000 

z1  -1.63465    0.00000j
z2   0.28957    0.26128j
z3   0.28957   -0.26128j
z4  -0.27139    0.00000j

       Short Period                Phugoid
1   1.03042  0.00000j        1.93248  0.00000j
2   0.78173  0.00000j       -0.29019  0.00000j
3  -0.02420  0.00000j       -0.00675  0.00000j
4   0.03117  0.00000j       -0.07120  0.00000j


----- Phugoid Mode -----
omega PH         0.3900
zeta  PH         0.7425
period PH       24.0481
tHalf  PH        2.3937
N half PH        0.0995

----- Short Period Mode -----
omega SP         1.6347
zeta  SP        -1.0000
period SP   --------
tHalf  SP        0.4240
N half SP        0.0000

omega SP         0.2714
zeta  SP        -1.0000
period SP   --------
tHalf  SP        2.5540
N half SP        0.0000

dlc    15.35   dla    6.00   dle   -2.11      dlp    4.29      dlt    0.00
thtaN   8.62°   A1S   0.96°   B1S   3.10°   thtaTR  -0.06°
TrimAC phi LFr      -1.97°    thta      -2.67°    psi      -0.10°
