reading aircraft data from ./data/S-51a/RotDatS-51_1.dat
reading Flight Data from ./data/S-51a/fDataS-51_1.flt
reading Rotor Data from ./data/S-51a/fDataS-51_1.flt


#### RotaryWingSim ####
rhoAir          1.2261 kg/m°
thtaN    9.68°   twist   -10.88°
mHeli          4858.00 lb

nRot   oMR       146.30 m/s     oMR   480.00 ft/s
aBlade         10.09 m^2

rRotTR       1.30 m
nRotTR       1662.7 1/min
oMTR    174.12
oMRTR   146.30 m/s    oMRTR   480.00 ft/s
sigmaTR   0.1049

Area Mrot     168.11 m^2
m blade        93.9 kg
I blade       379.8 kg*m^2
gamRot         11.2700
sigma           0.0600


Trim phi       0.00°    thta      -0.10°    psi      -0.10°   
vH      52.33 mph     vV          0 fpm
cTs  0.081659     cT  0.0049     cT2sa  0.0284     cL  0.3824
m Heli    21617.2 N      fpA        1.8 m^2          19.3 ft^2
Iyy Heli       14680.3 kg*m^2
Coordintats x,z    [m]         [ft]
Rotor      :   0.00   1.83        0.00   6.00
Rudder     :   8.62   1.83       28.29   6.00
Fin        :   7.71   2.84       25.29   9.33
H-Stab     :   6.09   0.50       19.99   1.64
Wing       :  -3.39   0.00      -11.13   0.00
Propeller  :  -2.26   0.00       -7.40   0.00
### Var ###
mu             20.000  vFlight     46.5 kn
thtaClmb      -0.0000     -0.0000°
cTsReq    0.08166    cTReq    0.00490    cT2saReq    0.02842
alfaD   10942.69°    thtaClmb      -0.00°    thtaTrim      -0.10
trim iter 26     anorm 4.05177e-010

 ====== u - derivatives ===== 
fMR(1)        -0.039338   fMR(2)         0.006505   fMR(3)        -0.045681
fTR(1)         0.000000   fTR(2)        -0.000000   fTR(3)         0.000000
fFus(1)       -0.025319   fFus(2)        0.000318   fFus(3)        0.050792
fFN(1)        -0.000065   fFN(2)        -0.000059   fFN(3)         0.000000
fHS(1)        -0.001259   fHS(2)         0.000000   fHS(3)         0.030332
fPR(1)         0.000000   fPR(2)         0.000000   fPR(3)         0.000000
fCG(1)         0.000000   fCG(2)         0.000000   fCG(3)         0.000000
fR(1)  -1.4487610e-008   fR(2)   1.5105570e-009   fR(3)   7.9190548e-009

 Moment Equilibrium    1001 
mMR(1)        -0.001330   mMR(2)         0.004913   mMR(3)         0.000000
mTR(1)        -0.000000   mTR(2)         0.000000   mTR(3)         0.000000
mFus(1)        0.000000   mFus(2)        0.000037   mFus(3)        0.000166
mFN(1)        -0.000003   mFN(2)         0.000004   mFN(3)         0.000009
mHS(1)         0.000000   mHS(2)         0.003805   mHS(3)         0.000000
mPR(1)         0.000000   mPR(2)         0.000000   mPR(3)         0.000000
mR(1)  -1.4424145e-008   mR(2)   9.4320322e-008   mR(3)   1.9157653e-009
QR  5.5517543e-012
mU  8.7588751e-003

 ====== q - derivatives ===== 
fMR(1)         0.759604   fMR(2)        -0.647451   fMR(3)         0.136351
fTR(1)         0.000000   fTR(2)         0.000000   fTR(3)         0.000000
fFus(1)       -0.002424   fFus(2)        0.000000   fFus(3)       -0.096907
fFN(1)         0.000000   fFN(2)         0.000000   fFN(3)         0.000000
fHS(1)         0.004673   fHS(2)         0.000000   fHS(3)        -0.785300
fPR(1)         0.000000   fPR(2)         0.000000   fPR(3)         0.000000
fCG(1)         0.000000   fCG(2)         0.000000   fCG(3)         0.000000
fR(1)   1.6793281e-007   fR(2)  -1.4265129e-007   fR(3)  -1.6424465e-007

 Moment Equilibrium    1002 
mMR(1)         0.054866   mMR(2)        -0.145385   mMR(3)         0.000000
mTR(1)         0.000000   mTR(2)         0.000000   mTR(3)         0.000000
mFus(1)        0.000000   mFus(2)        0.000197   mFus(3)        0.000000
mFN(1)         0.000000   mFN(2)         0.000000   mFN(3)         0.000000
mHS(1)         0.000000   mHS(2)        -0.098238   mHS(3)         0.000000
mPR(1)         0.000000   mPR(2)         0.000000   mPR(3)         0.000000
mR(1)   5.8909711e-007   mR(2)  -2.6138883e-006   mR(3)   2.7739588e-011
QR -1.0227840e-011

 ====== w - derivatives ===== 
fMR(1)         0.005327   fMR(2)         0.021626   fMR(3)        -0.894839
fTR(1)         0.000000   fTR(2)         0.000000   fTR(3)         0.000000
fFus(1)       -0.015473   fFus(2)        0.000000   fFus(3)       -0.577380
fFN(1)         0.000000   fFN(2)         0.000000   fFN(3)         0.000000
fHS(1)        -0.000076   fHS(2)         0.000000   fHS(3)        -0.018230
fPR(1)         0.000000   fPR(2)         0.000000   fPR(3)         0.000000
fCG(1)         0.000000   fCG(2)         0.000000   fCG(3)         0.000000
fR(1)  -2.2005640e-009   fR(2)   4.7857611e-009   fR(3)  -3.2832477e-007

 Moment Equilibrium    1003 
mMR(1)        -0.002385   mMR(2)         0.002976   mMR(3)         0.000000
mTR(1)         0.000000   mTR(2)         0.000000   mTR(3)         0.000000
mFus(1)        0.000000   mFus(2)        0.001257   mFus(3)        0.000000
mFN(1)         0.000000   mFN(2)         0.000000   mFN(3)         0.000000
mHS(1)         0.000000   mHS(2)        -0.002279   mHS(3)         0.000000
mPR(1)         0.000000   mPR(2)         0.000000   mPR(3)         0.000000
mR(1)  -2.5718123e-008   mR(2)   2.1244351e-008   mR(3)   2.7739588e-011
QR  4.0852291e-011
mW  1.9540864e-003


=I=I=I=I=I= Iteration Results =I=I=I=I=I=
xMR   11.125    xcg   11.125    dxCG    0.000    iRigMR    0.0
cTs 0.12831   cT 0.00770   cLs 10.01169   cL 0.60072
aN     0.19459°    a1    0.07050°   b1    0.06223°
Br   aN    11.15°       a1    4.04°      b1    3.57°
716  aN    11.15°       a1    2.84°      b1    1.32°
mu  0.158577 lamD    0.01105    lamI    0.01491     mu*a1    0.00786     lamNf    0.00319
A1S    0.01552°    B1S    0.09158°
A1S     0.89°    B1S     5.25°    alfD     9.30°   alfaNf     6.46°   alSm    -2.41°
thtaN     15.64°    thtaTR    -0.07°
Trim   phi    -1.85°    thta    -0.81°
vBx    23.33    vBy     0.05    vBz    -0.33
fMR(1)           473.95   fMR(2)           656.87   fMR(3)        -21318.51
fTR(1)             0.00   fTR(2)            26.51   fTR(3)             0.00
fPR(1)             0.00   fPR(2)             0.00   fPR(3)             0.00
fFus(1)         -721.32   fFus(2)           16.34   fFus(3)        -1509.25
fFN(1)            -1.66   fFN(2)            -3.03   fFN(3)             0.00
fHS(1)           -56.09   fHS(2)             0.00   fHS(3)          1223.94
fCG(1)           305.13   fCG(2)          -696.69   fCG(3)         21603.82
fWN(1)            -0.00   fWN(2)             0.00   fWN(3)            -0.00
fR(1)   1.4132085e-008   fR(2)   5.0102926e-009   fR(3)  -2.2950999e-007

Moment Equilibrium
mMR(1)           -39.86   mMR(2)         -7816.56   mMR(3)            -0.00
mTR(1)            48.48   mTR(2)             0.00   mTR(3)          -228.59
mPR(1)             0.00   mPR(2)            -0.00   mPR(3)             0.00
mFus(1)            0.00   mFus(2)          325.76   mFus(3)          205.25
mFN(1)            -8.61   mFN(2)             4.72   mFN(3)            23.34
mHS(1)             0.00   mHS(2)          7486.08   mHS(3)             0.00
mWN(1)             0.00   mWN(2)             0.00   mWN(3)             0.00
mR(1)   1.5773253e-008   mR(2)  -1.0354742e-007   mR(3)   2.7739588e-011
==x=x===x===x=x==
MR Fx   473.95    Fz -21318.51   thtaClmb    -0.00   torque  6170.53
dxMR    0.0407  Fx/Fz   -1.3°        mu   0.15858   oM  20.0  n  191.0

=I=I=I=I=I= End Of Iteration Results =I=I=I=I=I=


         ### stability derivatives ###
 R ._. R ._. << RotaryWingSim Data >> ._. R ._. R

       u              w            q         oM
x   -0.065981     -0.010221     0.761853     0.063897
z    0.035446     -1.490446    -0.745842    -1.042020
m    0.008759      0.001954    -0.243427    -0.009666

      measured  data
       u                w              q
x   -0.056400       0.136300        0.527100
z    0.127600      -1.234900       -1.318600
m    0.015900      -0.030000       -0.660100

Q    0.000000      -0.000000        0.000000       -0.000000

Xu      -0.065981       -145.39
Xw      -0.010221        -22.52
Xq       0.761853      11184.24
Zu       0.035446         78.11
Zw      -1.490446      -3284.33
Zwd      0.000000          0.00
Zq      -0.745842     -10949.20
Mu       0.008759         19.30
Mw       0.001954          4.31
Mwd      0.000000          0.00
Mq      -0.243427      -3573.58

##### SP and PH Mode ----- approximation ###
----- Short Period Mode -----
omega SP         0.5645
zeta  SP         1.5357
re  -0.8669 +   0.6579
re  -0.8669 -   0.6579

----- Phugoid Mode -----
omega PH         0.6254
zeta  PH         0.2507
re  -0.1568 +  0.6054j
re  -0.1568 -  0.6054j

A          1.0000
B          2.0475
C          2.1193
D          1.0495
E          0.4632

##### SP and PH Mode from quartic #####
A        1.000         1.000
B        1.800         1.800
C        0.427         0.427
D        0.099         0.099
E        0.129         0.129

Routh D       -0.351

M thta        -0.000 

z1  -1.52662    0.00000j
z2  -0.54225    0.00000j
z3   0.13451    0.37072j
z4   0.13451   -0.37072j

       Short Period                Phugoid
1   1.94000  0.00000j        0.85220  0.00000j
2   0.26566  0.00000j       -1.49567  0.00000j
3   0.02259  0.00000j       -0.02055  0.00000j
4  -0.03817  0.00000j        0.03983  0.00000j


 M _ _ M _ _ << Measured Data >> _ _ M _ _ M
Xu      -0.056400       -124.28
Xw       0.136300        300.35
Xq       0.527100       7738.00
Zu       0.127600        281.18
Zw      -1.234900      -2721.21
Zwd      0.000000          0.00
Zq      -1.318600     -19357.47
Mu       0.015900         35.04
Mw      -0.030000        -66.11
Mwd      0.000000          0.00
Mq      -0.660100      -9690.48

##### SP and PH Mode ----- approximation ###
----- Short Period Mode -----
omega SP         1.2147
zeta  SP         0.7800
re  -0.9475 +  0.7601j
re  -0.9475 -  0.7601j

----- Phugoid Mode -----
omega PH         0.3149
zeta  PH         0.2134
re  -0.0672 +  0.3076j
re  -0.0672 -  0.3076j

A          1.0000
B          2.0294
C          1.8293
D          0.3862
E          0.1463

##### SP and PH Mode from quartic #####
A        1.000         1.000
B        1.951         1.951
C        1.557         1.557
D        0.172         0.172
E        0.155         0.155

Routh D       -0.098

M thta        -0.000 

z1  -0.98667    0.72302j
z2  -0.98667   -0.72302j
z3   0.01097    0.32174j
z4   0.01097   -0.32174j

       Short Period                Phugoid
1   0.22848  0.00000j        1.92113  0.00000j
2   1.93895  0.00000j        0.52329  0.00000j
3   0.02054  0.00000j        0.02104  0.00000j
4   0.01842  0.00000j       -0.00479  0.00000j


----- Phugoid Mode -----
omega PH         0.3219
zeta  PH         0.0341
period PH       19.5290
tHalf  PH       63.1944
N half PH        3.2359

----- Short Period Mode -----
omega SP         1.2232
zeta  SP        -0.8066
period SP        8.6902
tHalf  SP        0.7025
N half SP        0.0808

dlc    27.86   dla    5.88   dle    0.83      dlp    4.29      dlt    0.00
thtaN  15.64°   A1S   0.89°   B1S   5.25°   thtaTR  -0.07°
TrimAC phi LFr      -1.85°    thta      -0.81°    psi      -0.10°
