--------------- OH-6A
rotFileName='OH-6A_1';
fDatFlName ='fDataOH-6A_6N';


  RotaryWingSim  
       u                w              q
x   -0.045609       0.013544        0.285419
z    0.060097      -1.502593       -0.389868
m    0.054850      -0.042994       -3.233127

      Measured  Data
       u                w              q
x   -0.031400       0.010700        0.550600
z   -0.037100      -0.715000       -0.215200
m    0.034500      -0.013000       -2.484300

E =   0.07983   107228.63
z1  -2.37767    0.65465j
z2  -2.37767   -0.65465j
z3  -0.01299    0.35861j
z4  -0.01299   -0.35861j

Routh D        4.835

E =   0.02515    33780.22
z1  -2.30983    0.00000j
z2  -0.91764    0.00000j
z3  -0.00162    0.34117j
z4  -0.00162   -0.34117j

Routh D        0.055



rotFileName='OH-6A_1_60kts_1';
fDatFlName ='fDataOH-6A_60kts_1';
      RotaryWingSim  
       u                w              q
x   -0.047448      -0.000434        0.266029
z    0.019949      -1.026527       -0.110902
m    0.099228      -0.006141       -2.185075

      Measured  Data
       u                w              q
x   -0.031400       0.010700        0.550600
z   -0.037100      -0.715000       -0.215200
m    0.034500      -0.013000       -2.484300

E =   0.10174   136650.14
z1  -2.24409    0.00000j
z2  -1.12254    0.00000j
z3   0.05379    0.62714j
z4   0.05379   -0.62714j

Routh D       -2.887

E =   0.02515    33780.22
z1  -2.30983    0.00000j
z2  -0.91764    0.00000j
z3  -0.00162    0.34117j
z4  -0.00162   -0.34117j

Routh D        0.055


vhv1=0.76
      RotaryWingSim  
       u                w              q
x   -0.047317       0.005294        0.271038
z    0.024108      -1.076658       -0.240309
m    0.080322      -0.023875       -2.645094

      Measured  Data
       u                w              q
x   -0.031400       0.010700        0.550600
z   -0.037100      -0.715000       -0.215200
m    0.034500      -0.013000       -2.484300

E =   0.08590   115383.16
z1  -2.17079    0.00000j
z2  -1.59706    0.00000j
z3  -0.00061    0.49303j
z4  -0.00061   -0.49303j

Routh D        0.064

E =   0.02515    33780.22
z1  -2.30983    0.00000j
z2  -0.91764    0.00000j
z3  -0.00162    0.34117j
z4  -0.00162   -0.34117j

Routh D        0.055
