reading aircraft data from ./data/OH-6/OH-6A_1_60kts_1.dat
reading Flight Data from ./data/OH-6/fDataOH-6A_3N.flt
reading Rotor Data from ./data/OH-6/fDataOH-6A_3N.flt


    #### RotaryWingSim ####
rhoAir        1.2252 kg/m³
thtaN    9.68°   twist    -8.00°
mHeli          2555.00 lb

nRot      483.0 1/min    oM     50.58 rad/s
oMR       202.50 m/s     oMR   664.38 ft/s
aBlade          2.75 m^2

rRotTR       0.65 m
nRotTR       2617.6 1/min
oMTR    274.12
oMRTR   202.50 m/s    oMRTR   664.38 ft/s
sigmaTR   0.0360

Area Mrot      50.36 m^2
m blade        12.2 kg
I blade        63.5 kg*m^2
gamRot         12.2700
sigma           0.0545


Trim phi       0.00°    thta      -0.10°    psi      -0.10°   
vH      33.74 mph     vV          0 fpm
cTs  0.082417     cT  0.0045     cT2sa  0.0287     cL  1.6165
m Heli    11369.3 N      fpA        0.6 m^2           6.3 ft^2
Iyy Heli        1219.4 kg*m^2
Coordintats x,z    [m]         [ft]
Rotor      :   0.00   0.85        0.00   2.78
Rudder     :   4.62   0.12       15.17   0.41
Fin        :   5.51   1.58       18.08   5.20
H-Stab     :   3.90  -0.76       12.78  -2.49
Wing       :  -2.54  -1.26       -8.33  -4.13
Propeller  :  -2.54  -0.12       -8.33  -0.41
### Var ###
mu             50.580  vFlight     30.0 kn
thtaClmb      -0.0000     -0.0000°
cTsReq    0.08242    cTReq    0.00449    cT2saReq    0.02868
alfaD     461.23°    thtaClmb      -0.00°    thtaTrim      -0.10
trim iter 28     anorm 8.80927e-010

   deriv 3104
       u                w              q
x   -0.073502      0.041796     0.028628
z   -0.256039     -0.884791     0.096705
m    0.010020     -0.022132    -0.014361

 ====== u - derivatives ===== 
fMR(1)        -0.015862   fMR(2)         0.007637   fMR(3)        -0.125624
fTR(1)         0.000000   fTR(2)        -0.000000   fTR(3)         0.000000
fFus(1)       -0.008187   fFus(2)        0.000077   fFus(3)       -0.034755
fFN(1)        -0.000080   fFN(2)        -0.000024   fFN(3)         0.000000
fHS(1)        -0.001382   fHS(2)         0.000000   fHS(3)         0.031758
fPR(1)         0.000000   fPR(2)         0.000000   fPR(3)         0.000000
fCG(1)         0.000000   fCG(2)         0.000000   fCG(3)         0.000000
fR(1)  -2.9547361e-009   fR(2)   1.0483348e-009   fR(3)  -1.4902046e-008

 Moment Equilibrium    1001 
mMR(1)        -0.045092   mMR(2)         0.102226   mMR(3)         0.000000
mTR(1)        -0.000000   mTR(2)         0.000000   mTR(3)         0.000001
mFus(1)        0.000000   mFus(2)       -0.000769   mFus(3)        0.005543
mFN(1)        -0.000037   mFN(2)         0.000120   mFN(3)         0.000128
mHS(1)         0.000000   mHS(2)         0.116610   mHS(3)         0.000000
mPR(1)         0.000000   mPR(2)         0.000000   mPR(3)         0.000000
mR(1)  -5.4873379e-009   mR(2)   2.6615133e-008   mR(3)  -3.1725733e-011
QR  8.0611431e-012
mU  2.1818805e-001

 ====== q - derivatives ===== 
fMR(1)         0.258198   fMR(2)        -0.294224   fMR(3)         0.150046
fTR(1)         0.000000   fTR(2)         0.000000   fTR(3)         0.000000
fFus(1)       -0.003306   fFus(2)        0.000000   fFus(3)        0.003514
fFN(1)         0.000000   fFN(2)         0.000000   fFN(3)         0.000000
fHS(1)         0.004881   fHS(2)         0.000000   fHS(3)        -0.324982
fPR(1)         0.000000   fPR(2)         0.000000   fPR(3)         0.000000
fCG(1)         0.000000   fCG(2)         0.000000   fCG(3)         0.000000
fR(1)   3.0108125e-008   fR(2)  -3.3941774e-008   fR(3)  -1.9862430e-008

 Moment Equilibrium    1002 
mMR(1)         0.829695   mMR(2)        -1.623459   mMR(3)         0.000000
mTR(1)         0.000000   mTR(2)         0.000000   mTR(3)         0.000000
mFus(1)        0.000000   mFus(2)        0.009115   mFus(3)        0.000000
mFN(1)         0.000000   mFN(2)         0.000000   mFN(3)         0.000000
mHS(1)         0.000000   mHS(2)        -1.199949   mHS(3)         0.000000
mPR(1)         0.000000   mPR(2)         0.000000   mPR(3)         0.000000
mR(1)   1.0118902e-007   mR(2)  -3.4316662e-007   mR(3)  -7.2333251e-010
QR -7.9904470e-012

 ====== w - derivatives ===== 
fMR(1)         0.020814   fMR(2)         0.008457   fMR(3)        -0.522147
fTR(1)         0.000000   fTR(2)         0.000000   fTR(3)         0.000000
fFus(1)       -0.022496   fFus(2)        0.000000   fFus(3)       -0.028734
fFN(1)         0.000000   fFN(2)         0.000000   fFN(3)         0.000000
fHS(1)        -0.000044   fHS(2)         0.000000   fHS(3)         0.002728
fPR(1)         0.000000   fPR(2)         0.000000   fPR(3)         0.000000
fCG(1)         0.000000   fCG(2)         0.000000   fCG(3)         0.000000
fR(1)  -1.9839873e-010   fR(2)   1.1373800e-009   fR(3)  -6.3523633e-008

 Moment Equilibrium    1003 
mMR(1)        -0.029081   mMR(2)         0.017638   mMR(3)         0.000000
mTR(1)         0.000000   mTR(2)         0.000000   mTR(3)         0.000000
mFus(1)        0.000000   mFus(2)        0.062035   mFus(3)        0.000000
mFN(1)         0.000000   mFN(2)         0.000000   mFN(3)         0.000000
mHS(1)         0.000000   mHS(2)         0.010071   mHS(3)         0.000000
mPR(1)         0.000000   mPR(2)         0.000000   mPR(3)         0.000000
mR(1)  -3.5304242e-009   mR(2)   1.0952641e-008   mR(3)  -7.2333251e-010
QR  2.6117280e-011
mW  8.9743252e-002


=I=I=I=I=I= Iteration Results =I=I=I=I=I=
xMR    8.333    xcg    8.333    dxCG    0.000    iRigMR   -3.0
cTs 0.13922   cT 0.00759   cLs 36.12663   cL 1.96978
aN     0.23479°    a1    0.03223°   b1    0.06288°
Br   aN    13.45°       a1    1.85°      b1    3.60°
716  aN    13.45°       a1    1.39°      b1    0.74°
mu  0.074203 lamD    0.01232    lamI    0.02715     mu*a1    0.00180     lamNf    0.01052
A1S    0.00998°    B1S    0.04212°
A1S     0.57°    B1S     2.41°    alfD    28.01°   alfaNf    26.63°   alSm    -1.03°
thtaN     13.92°    thtaTR    -0.22°
Trim   phi    -1.16°    thta     2.83°
vBx    15.02    vBy     0.01    vBz     0.74
fMR(1)           756.35   fMR(2)           217.79   fMR(3)        -11509.81
fTR(1)             0.00   fTR(2)            11.43   fTR(3)             0.00
fPR(1)             0.00   fPR(2)             0.00   fPR(3)             0.00
fFus(1)         -175.05   fFus(2)            1.33   fFus(3)         -226.42
fFN(1)            -0.69   fFN(2)            -0.42   fFN(3)             0.00
fHS(1)           -19.11   fHS(2)             0.00   fHS(3)           383.15
fCG(1)          -561.50   fCG(2)          -230.13   fCG(3)         11353.07
fWN(1)            -0.00   fWN(2)             0.00   fWN(3)             0.00
fR(1)   3.1234170e-009   fR(2)   7.4166451e-010   fR(3)  -3.9425661e-008

Moment Equilibrium
mMR(1)            -0.75   mMR(2)         -1773.54   mMR(3)            -0.00
mTR(1)             1.42   mTR(2)             0.00   mTR(3)           -52.85
mPR(1)             0.00   mPR(2)            -0.00   mPR(3)             0.00
mFus(1)            0.00   mFus(2)          294.06   mFus(3)           50.51
mFN(1)            -0.67   mFN(2)             1.10   mFN(3)             2.34
mHS(1)             0.00   mHS(2)          1478.38   mHS(3)             0.00
mWN(1)             0.00   mWN(2)            -0.00   mWN(3)             0.00
mR(1)   1.6982893e-009   mR(2)  -7.6372030e-009   mR(3)  -7.2333251e-010
==x=x===x===x=x==
MR Fx   152.94    Fz -11533.62   thtaClmb    -0.00   torque  2018.08
dxMR    0.0558  Fx/Fz   -3.8°        mu   0.07420   oM  50.6  n  483.0

=I=I=I=I=I= End Of Iteration Results =I=I=I=I=I=


         ### stability derivatives ###
 R ._. R ._. << RotaryWingSim Data >> ._. R ._. R

       u              w            q         oM
x   -0.025510     -0.001726     0.259774     0.026936
z   -0.128622     -0.548154    -0.171423    -0.340224
m    0.218189      0.014957    -2.814292    -0.062706

      measured  data
       u                w              q
x   -0.020400       0.018000        0.505600
z   -0.142000      -0.547300       -0.065000
m    0.053700      -0.001900       -2.025000

Q    0.000000      -0.000000        0.000000       -0.000000

Xu      -0.025510        -29.56
Xw      -0.001726         -2.00
Xq       0.259774        316.77
Zu      -0.128622       -149.07
Zw      -0.548154       -635.28
Zwd      0.000000          0.00
Zq      -0.171423       -209.03
Mu       0.218189        252.87
Mw       0.014957         17.33
Mwd      0.000000          0.00
Mq      -2.814292      -3431.76

##### SP and PH Mode ----- approximation ###
----- Short Period Mode -----
omega SP         1.1490
zeta  SP         1.4632
re  -1.6812 +   1.2273
re  -1.6812 -   1.2273

----- Phugoid Mode -----
omega PH         0.9297
zeta  PH         0.7691
re  -0.7150 +  0.5943j
re  -0.7150 -  0.5943j

A          1.0000
B          4.7925
C         10.0057
D          9.1028
E          3.7454

##### SP and PH Mode from quartic #####
A        1.000         1.000
B        3.388         3.388
C        1.349         1.349
D        2.149         2.149
E        1.154         1.154

Routh D       -8.046

M thta        -0.000 

z1  -3.13889    0.00000j
z2   0.13525    0.83040j
z3   0.13525   -0.83040j
z4  -0.51957    0.00000j

       Short Period                Phugoid
1  -0.56133  0.00000j       -0.69033  0.00000j
2   0.76292 -0.63120j       -1.20320  0.63120j
3  -0.21807 -0.01758j       -0.05254  0.01758j
4   0.06407 -0.06328j        0.01368  0.06328j

