reading aircraft data from ./data/OH-6/OH-6A_1.dat
reading Flight Data from ./data/OH-6/fDataOH-6A_6N.flt
reading Rotor Data from ./data/OH-6/fDataOH-6A_6N.flt


    #### RotaryWingSim ####
rhoAir        1.2252 kg/m³
thtaN    9.68°   twist    -8.00°
mHeli          2555.00 lb

nRot      483.0 1/min    oM     50.58 rad/s
oMR       202.50 m/s     oMR   664.38 ft/s
aBlade          2.75 m^2

rRotTR       0.65 m
nRotTR       2617.6 1/min
oMTR    274.12
oMRTR   202.50 m/s    oMRTR   664.38 ft/s
sigmaTR   0.0360

Area Mrot      50.36 m^2
m blade        12.2 kg
I blade        63.5 kg*m^2
gamRot         12.2700
sigma           0.0545


Trim phi       0.00°    thta      -0.10°    psi      -0.10°   
vH      67.48 mph     vV          0 fpm
cTs  0.082417     cT  0.0045     cT2sa  0.0287     cL  0.4041
m Heli    11369.3 N      fpA        0.6 m^2           6.3 ft^2
Iyy Heli        1219.4 kg*m^2
Coordintats x,z    [m]         [ft]
Rotor      :   0.00   1.15        0.00   3.78
Rudder     :   4.62   0.12       15.17   0.41
Fin        :   5.51   1.58       18.08   5.20
H-Stab     :   4.51  -0.76       14.78  -2.49
Wing       :  -2.54  -1.26       -8.33  -4.13
Propeller  :  -2.54  -0.12       -8.33  -0.41
### Var ###
mu             50.580  vFlight     60.0 kn
thtaClmb      -0.0000     -0.0000°
cTsReq    0.08242    cTReq    0.00449    cT2saReq    0.02868
alfaD     461.23°    thtaClmb      -0.00°    thtaTrim      -0.10
trim iter 30     anorm 3.96754e-010

   deriv 3104
       u                w              q
x   -0.088680      0.120912     0.021232
z   -0.024561     -1.068540     0.232523
m    0.007686     -0.077931    -0.041287

 ====== u - derivatives ===== 
fMR(1)        -0.024450   fMR(2)         0.004174   fMR(3)        -0.012823
fTR(1)         0.000000   fTR(2)        -0.000001   fTR(3)         0.000000
fFus(1)       -0.019840   fFus(2)        0.000329   fFus(3)        0.082105
fFN(1)        -0.000160   fFN(2)        -0.000105   fFN(3)         0.000000
fHS(1)        -0.001160   fHS(2)         0.000000   fHS(3)        -0.009202
fPR(1)         0.000000   fPR(2)         0.000000   fPR(3)         0.000000
fCG(1)         0.000000   fCG(2)         0.000000   fCG(3)         0.000000
fR(1)  -5.2858821e-009   fR(2)   5.8031446e-010   fR(3)   6.9605683e-009

 Moment Equilibrium    1001 
mMR(1)        -0.029337   mMR(2)         0.094585   mMR(3)         0.000000
mTR(1)        -0.000000   mTR(2)         0.000000   mTR(3)         0.000003
mFus(1)        0.000000   mFus(2)        0.000269   mFus(3)        0.011033
mFN(1)        -0.000158   mFN(2)         0.000240   mFN(3)         0.000549
mHS(1)         0.000000   mHS(2)        -0.040244   mHS(3)         0.000000
mPR(1)         0.000000   mPR(2)         0.000000   mPR(3)         0.000000
mR(1)  -3.5883252e-009   mR(2)   6.6900534e-009   mR(3)   1.0869599e-009
QR  3.4918495e-012
mU  5.4849983e-002

 ====== q - derivatives ===== 
fMR(1)         0.262454   fMR(2)        -0.247539   fMR(3)         0.075933
fTR(1)         0.000000   fTR(2)         0.000000   fTR(3)         0.000000
fFus(1)       -0.001309   fFus(2)        0.000000   fFus(3)       -0.072618
fFN(1)         0.000000   fFN(2)         0.000000   fFN(3)         0.000000
fHS(1)         0.024274   fHS(2)         0.000000   fHS(3)        -0.393198
fPR(1)         0.000000   fPR(2)         0.000000   fPR(3)         0.000000
fCG(1)         0.000000   fCG(2)         0.000000   fCG(3)         0.000000
fR(1)   3.3078622e-008   fR(2)  -2.8617876e-008   fR(3)  -4.5188039e-008

 Moment Equilibrium    1002 
mMR(1)         0.675356   mMR(2)        -1.571458   mMR(3)         0.000000
mTR(1)         0.000000   mTR(2)         0.000000   mTR(3)         0.000000
mFus(1)        0.000000   mFus(2)        0.004699   mFus(3)        0.000000
mFN(1)         0.000000   mFN(2)         0.000000   mFN(3)         0.000000
mHS(1)         0.000000   mHS(2)        -1.666368   mHS(3)         0.000000
mPR(1)         0.000000   mPR(2)         0.000000   mPR(3)         0.000000
mR(1)   8.2361433e-008   mR(2)  -3.9424702e-007   mR(3)  -3.2585490e-010
QR -6.2105165e-012

 ====== w - derivatives ===== 
fMR(1)         0.021012   fMR(2)         0.015780   fMR(3)        -0.647740
fTR(1)         0.000000   fTR(2)         0.000000   fTR(3)         0.000000
fFus(1)       -0.012505   fFus(2)        0.000000   fFus(3)       -0.773266
fFN(1)         0.000000   fFN(2)         0.000000   fFN(3)         0.000000
fHS(1)         0.005037   fHS(2)         0.000000   fHS(3)        -0.081592
fPR(1)         0.000000   fPR(2)         0.000000   fPR(3)         0.000000
fCG(1)         0.000000   fCG(2)         0.000000   fCG(3)         0.000000
fR(1)   1.5696758e-009   fR(2)   1.8994797e-009   fR(3)  -1.7414711e-007

 Moment Equilibrium    1003 
mMR(1)        -0.054704   mMR(2)         0.042931   mMR(3)         0.000000
mTR(1)         0.000000   mTR(2)         0.000000   mTR(3)         0.000000
mFus(1)        0.000000   mFus(2)        0.044891   mFus(3)        0.000000
mFN(1)         0.000000   mFN(2)         0.000000   mFN(3)         0.000000
mHS(1)         0.000000   mHS(2)        -0.345786   mHS(3)         0.000000
mPR(1)         0.000000   mPR(2)         0.000000   mPR(3)         0.000000
mR(1)  -6.6622956e-009   mR(2)  -3.1454583e-008   mR(3)  -3.2585490e-010
QR  3.6032629e-011
mW -2.5796389e-001


=I=I=I=I=I= Iteration Results =I=I=I=I=I=
xMR    8.333    xcg    8.333    dxCG    0.000    iRigMR   -3.0
cTs 0.12154   cT 0.00663   cLs 10.89509   cL 0.59405
aN     0.20257°    a1    0.06154°   b1    0.05843°
Br   aN    11.61°       a1    3.53°      b1    3.35°
716  aN    11.61°       a1    2.48°      b1    1.29°
mu  0.147736 lamD    0.01139    lamI    0.01307     mu*a1    0.00639     lamNf    0.00500
A1S    0.01595°    B1S    0.05720°
A1S     0.91°    B1S     3.28°    alfD     9.40°   alfaNf     6.92°   alSm    -0.80°
thtaN     13.03°    thtaTR    -0.22°
Trim   phi    -1.90°    thta     0.25°
vBx    30.08    vBy     0.05    vBz     0.13
fMR(1)           499.15   fMR(2)           321.12   fMR(3)        -10411.76
fTR(1)             0.00   fTR(2)            47.64   fTR(3)             0.00
fPR(1)             0.00   fPR(2)             0.00   fPR(3)             0.00
fFus(1)         -393.08   fFus(2)           11.48   fFus(3)        -1220.69
fFN(1)            -2.77   fFN(2)            -3.66   fFN(3)             0.00
fHS(1)           -53.50   fHS(2)             0.00   fHS(3)           269.51
fCG(1)           -49.81   fCG(2)          -376.58   fCG(3)         11362.93
fWN(1)            -0.00   fWN(2)             0.00   fWN(3)            -0.00
fR(1)   3.3610393e-009   fR(2)   1.0504095e-009   fR(3)  -4.8589549e-008

Moment Equilibrium
mMR(1)            -0.13   mMR(2)         -1361.44   mMR(3)            -0.00
mTR(1)             5.93   mTR(2)             0.00   mTR(3)          -220.24
mPR(1)             0.00   mPR(2)            -0.00   mPR(3)             0.00
mFus(1)            0.00   mFus(2)          183.28   mFus(3)          200.08
mFN(1)            -5.80   mFN(2)             4.39   mFN(3)            20.16
mHS(1)             0.00   mHS(2)          1173.77   mHS(3)             0.00
mWN(1)             0.00   mWN(2)             0.00   mWN(3)             0.00
mR(1)   2.1545734e-009   mR(2)  -3.7547854e-009   mR(3)  -3.2585490e-010
==x=x===x===x=x==
MR Fx   -46.45    Fz -10423.61   thtaClmb    -0.00   torque  1607.39
dxMR    0.0553  Fx/Fz   -2.7°        mu   0.14774   oM  50.6  n  483.0

=I=I=I=I=I= End Of Iteration Results =I=I=I=I=I=


         ### stability derivatives ###
 R ._. R ._. << RotaryWingSim Data >> ._. R ._. R

       u              w            q         oM
x   -0.045609      0.013544     0.285419     0.029001
z    0.060097     -1.502593    -0.389868    -0.419218
m    0.054850     -0.042994    -3.233127    -0.030806

      measured  data
       u                w              q
x   -0.031400       0.010700        0.550600
z   -0.037100      -0.715000       -0.215200
m    0.034500      -0.013000       -2.484300

Q    0.000000      -0.000000        0.000000       -0.000000

Xu      -0.045609        -52.86
Xw       0.013544         15.70
Xq       0.285419        348.04
Zu       0.060097         69.65
Zw      -1.502593      -1741.43
Zwd      0.000000          0.00
Zq      -0.389868       -475.41
Mu       0.054850         63.57
Mw      -0.042994        -49.83
Mwd      0.000000          0.00
Mq      -3.233127      -3942.49

##### SP and PH Mode ----- approximation ###
----- Short Period Mode -----
omega SP         2.4768
zeta  SP         0.9560
re  -2.3679 +  0.7266j
re  -2.3679 -  0.7266j

----- Phugoid Mode -----
omega PH         0.3550
zeta  PH         0.1898
re  -0.0674 +  0.3485j
re  -0.0674 -  0.3485j

A          1.0000
B          4.8705
C          6.8990
D          1.4235
E          0.7730

##### SP and PH Mode from quartic #####
A        1.000         1.000
B        4.781         4.781
C        6.334         6.334
D        0.770         0.770
E        0.783         0.783

Routh D        4.835

M thta        -0.000 

z1  -2.37767    0.65465j
z2  -2.37767   -0.65465j
z3  -0.01299    0.35861j
z4  -0.01299   -0.35861j

       Short Period                Phugoid
1  -0.11770  0.00000j        1.91699  0.00000j
2  -1.99487  0.00000j        0.54554  0.00000j
3   0.05903  0.00000j        0.02528  0.00000j
4  -0.02781  0.00000j       -0.00488  0.00000j


----- Phugoid Mode -----
omega PH         0.3588
zeta  PH        -0.0362
period PH       17.5210
tHalf  PH       53.3431
N half PH        3.0445

----- Short Period Mode -----
omega SP         2.4661
zeta  SP        -0.9641
period SP        9.5977
tHalf  SP        0.2915
N half SP        0.0304


 M _ _ M _ _ << Measured Data >> _ _ M _ _ M
Xu      -0.031400        -36.39
Xw       0.010700         12.40
Xq       0.550600        671.40
Zu      -0.037100        -43.00
Zw      -0.715000       -828.65
Zwd      0.000000          0.00
Zq      -0.215200       -262.42
Mu       0.034500         39.98
Mw      -0.013000        -15.07
Mwd      0.000000          0.00
Mq      -2.484300      -3029.36

##### SP and PH Mode ----- approximation ###
----- Short Period Mode -----
omega SP         1.4712
zeta  SP         1.0873
re  -1.5997 +   0.6279
re  -1.5997 -   0.6279

----- Phugoid Mode -----
omega PH         0.3364
zeta  PH         0.2404
re  -0.0809 +  0.3265j
re  -0.0809 -  0.3265j

A          1.0000
B          3.3610
C          3.5838
D          0.8396
E          0.3342

##### SP and PH Mode from quartic #####
A        1.000         1.000
B        3.231         3.231
C        2.246         2.246
D        0.383         0.383
E        0.247         0.247

Routh D        0.055

M thta        -0.000 

z1  -2.30983    0.00000j
z2  -0.91764    0.00000j
z3  -0.00162    0.34117j
z4  -0.00162   -0.34117j

       Short Period                Phugoid
1  -1.03291  0.00000j       -0.99889  0.00000j
2  -1.32134 -0.18119j       -1.32603  0.18119j
3   0.04180 -0.00057j       -0.00440  0.00057j
4  -0.02106 -0.03244j       -0.00544  0.03244j

dlc    23.21   dla    5.92   dle   -1.87      dlp    4.38      dlt    0.00
thtaN  13.03°   A1S   0.91°   B1S   3.28°   thtaTR  -0.22°
TrimAC phi LFr      -1.90°    thta       0.25°    psi      -0.10°
