reading aircraft data from ./data/OH-6/OH-6A_1_60kts_1.dat
reading Flight Data from ./data/OH-6/fDataOH-6A_60kts_1.flt
reading Rotor Data from ./data/OH-6/fDataOH-6A_60kts_1.flt


    #### RotaryWingSim ####
rhoAir        1.2252 kg/m³
thtaN    9.68°   twist    -8.00°
mHeli          2555.00 lb

nRot      483.0 1/min    oM     50.58 rad/s
oMR       202.50 m/s     oMR   664.38 ft/s
aBlade          2.75 m^2

rRotTR       0.65 m
nRotTR       2617.6 1/min
oMTR    274.12
oMRTR   202.50 m/s    oMRTR   664.38 ft/s
sigmaTR   0.0360

Area Mrot      50.36 m^2
m blade        12.2 kg
I blade        63.5 kg*m^2
gamRot         12.2700
sigma           0.0545


Trim phi       0.00°    thta      -0.10°    psi      -0.10°   
vH      67.48 mph     vV          0 fpm
cTs  0.082417     cT  0.0045     cT2sa  0.0287     cL  0.4041
m Heli    11369.3 N      fpA        0.6 m^2           6.3 ft^2
Iyy Heli        1219.4 kg*m^2
Coordintats x,z    [m]         [ft]
Rotor      :   0.00   0.85        0.00   2.78
Rudder     :   4.62   0.12       15.17   0.41
Fin        :   5.51   1.58       18.08   5.20
H-Stab     :   3.90  -0.76       12.78  -2.49
Wing       :  -2.54  -1.26       -8.33  -4.13
Propeller  :  -2.54  -0.12       -8.33  -0.41
### Var ###
mu             50.580  vFlight     60.0 kn
thtaClmb      -0.0000     -0.0000°
cTsReq    0.08242    cTReq    0.00449    cT2saReq    0.02868
alfaD     461.23°    thtaClmb      -0.00°    thtaTrim      -0.10
trim iter 30     anorm 3.92569e-010

   deriv 3104
       u                w              q
x   -0.091061      0.117784     0.025519
z   -0.031439     -1.068586     0.232581
m    0.001824     -0.056405    -0.037297

 ====== u - derivatives ===== 
fMR(1)        -0.025565   fMR(2)         0.004598   fMR(3)        -0.018379
fTR(1)         0.000000   fTR(2)        -0.000001   fTR(3)         0.000000
fFus(1)       -0.019809   fFus(2)        0.000344   fFus(3)        0.048066
fFN(1)        -0.000160   fFN(2)        -0.000109   fFN(3)         0.000000
fHS(1)        -0.001780   fHS(2)         0.000000   fHS(3)        -0.004910
fPR(1)         0.000000   fPR(2)         0.000000   fPR(3)         0.000000
fCG(1)         0.000000   fCG(2)         0.000000   fCG(3)         0.000000
fR(1)  -5.4829213e-009   fR(2)   6.2999561e-010   fR(3)   2.8653228e-009

 Moment Equilibrium    1001 
mMR(1)        -0.036545   mMR(2)         0.099749   mMR(3)         0.000000
mTR(1)        -0.000000   mTR(2)         0.000000   mTR(3)         0.000003
mFus(1)        0.000000   mFus(2)        0.000306   mFus(3)        0.011028
mFN(1)        -0.000165   mFN(2)         0.000240   mFN(3)         0.000574
mHS(1)         0.000000   mHS(2)        -0.019470   mHS(3)         0.000000
mPR(1)         0.000000   mPR(2)         0.000000   mPR(3)         0.000000
mR(1)  -4.4684869e-009   mR(2)   9.8580415e-009   mR(3)   1.0928431e-009
QR  4.1290091e-012
mU  8.0826612e-002

 ====== q - derivatives ===== 
fMR(1)         0.268405   fMR(2)        -0.256203   fMR(3)         0.065747
fTR(1)         0.000000   fTR(2)         0.000000   fTR(3)         0.000000
fFus(1)       -0.000995   fFus(2)        0.000000   fFus(3)       -0.032094
fFN(1)         0.000000   fFN(2)         0.000000   fFN(3)         0.000000
fHS(1)         0.003781   fHS(2)         0.000000   fHS(3)        -0.280183
fPR(1)         0.000000   fPR(2)         0.000000   fPR(3)         0.000000
fCG(1)         0.000000   fCG(2)         0.000000   fCG(3)         0.000000
fR(1)   3.1429969e-008   fR(2)  -2.9622583e-008   fR(3)  -2.8577728e-008

 Moment Equilibrium    1002 
mMR(1)         0.844818   mMR(2)        -1.635762   mMR(3)         0.000000
mTR(1)         0.000000   mTR(2)         0.000000   mTR(3)         0.000000
mFus(1)        0.000000   mFus(2)        0.003519   mFus(3)        0.000000
mFN(1)         0.000000   mFN(2)         0.000000   mFN(3)         0.000000
mHS(1)         0.000000   mHS(2)        -1.034846   mHS(3)         0.000000
mPR(1)         0.000000   mPR(2)         0.000000   mPR(3)         0.000000
mR(1)   1.0302543e-007   mR(2)  -3.2522377e-007   mR(3)  -3.2224534e-010
QR -5.2100327e-012

 ====== w - derivatives ===== 
fMR(1)         0.015870   fMR(2)         0.017460   fMR(3)        -0.647913
fTR(1)         0.000000   fTR(2)         0.000000   fTR(3)         0.000000
fFus(1)       -0.011201   fFus(2)        0.000000   fFus(3)       -0.363861
fFN(1)         0.000000   fFN(2)         0.000000   fFN(3)         0.000000
fHS(1)         0.000904   fHS(2)         0.000000   fHS(3)        -0.067514
fPR(1)         0.000000   fPR(2)         0.000000   fPR(3)         0.000000
fCG(1)         0.000000   fCG(2)         0.000000   fCG(3)         0.000000
fR(1)   6.4628070e-010   fR(2)   2.0935431e-009   fR(3)  -1.2508967e-007

 Moment Equilibrium    1003 
mMR(1)        -0.066741   mMR(2)         0.061173   mMR(3)         0.000000
mTR(1)         0.000000   mTR(2)         0.000000   mTR(3)         0.000000
mFus(1)        0.000000   mFus(2)        0.039606   mFus(3)        0.000000
mFN(1)         0.000000   mFN(2)         0.000000   mFN(3)         0.000000
mHS(1)         0.000000   mHS(2)        -0.249365   mHS(3)         0.000000
mPR(1)         0.000000   mPR(2)         0.000000   mPR(3)         0.000000
mR(1)  -8.1303959e-009   mR(2)  -1.8116626e-008   mR(3)  -3.2224534e-010
QR  3.8342333e-011
mW -1.4858609e-001


=I=I=I=I=I= Iteration Results =I=I=I=I=I=
xMR    8.333    xcg    8.333    dxCG    0.000    iRigMR   -3.0
cTs 0.12443   cT 0.00678   cLs 11.14300   cL 0.60756
aN     0.20766°    a1    0.06320°   b1    0.06016°
Br   aN    11.90°       a1    3.62°      b1    3.45°
716  aN    11.90°       a1    2.56°      b1    1.34°
mu  0.147767 lamD    0.01136    lamI    0.01357     mu*a1    0.00660     lamNf    0.00476
A1S    0.01854°    B1S    0.05287°
A1S     1.06°    B1S     3.03°    alfD     9.57°   alfaNf     7.02°   alSm    -0.47°
thtaN     13.24°    thtaTR    -0.21°
Trim   phi    -2.13°    thta     0.12°
vBx    30.08    vBy     0.05    vBz     0.06
fMR(1)           457.74   fMR(2)           365.74   fMR(3)        -10819.61
fTR(1)             0.00   fTR(2)            47.79   fTR(3)             0.00
fPR(1)             0.00   fPR(2)             0.00   fPR(3)             0.00
fFus(1)         -394.01   fFus(2)           11.98   fFus(3)         -732.87
fFN(1)            -2.77   fFN(2)            -3.82   fFN(3)             0.00
fHS(1)           -38.07   fHS(2)             0.00   fHS(3)           191.04
fCG(1)           -22.89   fCG(2)          -421.70   fCG(3)         11361.43
fWN(1)            -0.00   fWN(2)             0.00   fWN(3)            -0.00
fR(1)   3.3653146e-009   fR(2)   1.1993393e-009   fR(3)  -4.6476584e-008

Moment Equilibrium
mMR(1)             0.10   mMR(2)          -906.57   mMR(3)            -0.00
mTR(1)             5.95   mTR(2)             0.00   mTR(3)          -220.93
mPR(1)             0.00   mPR(2)            -0.00   mPR(3)             0.00
mFus(1)            0.00   mFus(2)          186.75   mFus(3)          199.88
mFN(1)            -6.05   mFN(2)             4.39   mFN(3)            21.05
mHS(1)             0.00   mHS(2)           715.43   mHS(3)             0.00
mWN(1)             0.00   mWN(2)             0.00   mWN(3)             0.00
mR(1)   2.6701947e-009   mR(2)  -5.7745551e-009   mR(3)  -3.2224534e-010
==x=x===x===x=x==
MR Fx  -109.14    Fz -10828.74   thtaClmb    -0.00   torque  1654.65
dxMR    0.0359  Fx/Fz   -2.4°        mu   0.14777   oM  50.6  n  483.0

=I=I=I=I=I= End Of Iteration Results =I=I=I=I=I=


         ### stability derivatives ###
 R ._. R ._. << RotaryWingSim Data >> ._. R ._. R

       u              w            q         oM
x   -0.047313      0.005573     0.271190     0.029034
z    0.024767     -1.079295    -0.246540    -0.400980
m    0.080826     -0.024764    -2.667090    -0.047373

      measured  data
       u                w              q
x   -0.031400       0.010700        0.550600
z   -0.037100      -0.715000       -0.215200
m    0.034500      -0.013000       -2.484300

Q    0.000000      -0.000000        0.000000       -0.000000

Xu      -0.047313        -54.83
Xw       0.005573          6.46
Xq       0.271190        330.69
Zu       0.024767         28.70
Zw      -1.079295      -1250.85
Zwd      0.000000          0.00
Zq      -0.246540       -300.63
Mu       0.080826         93.67
Mw      -0.024764        -28.70
Mwd      0.000000          0.00
Mq      -2.667090      -3252.26

##### SP and PH Mode ----- approximation ###
----- Short Period Mode -----
omega SP         1.9020
zeta  SP         0.9849
re  -1.8732 +  0.3296j
re  -1.8732 -  0.3296j

----- Phugoid Mode -----
omega PH         0.4827
zeta  PH         0.2697
re  -0.1302 +  0.4648j
re  -0.1302 -  0.4648j

A          1.0000
B          4.0067
C          4.8258
D          1.8146
E          0.8428

##### SP and PH Mode from quartic #####
A        1.000         1.000
B        3.794         3.794
C        3.773         3.773
D        0.927         0.927
E        0.850         0.850

Routh D        0.175

M thta        -0.000 

z1  -2.16542    0.00000j
z2  -1.62503    0.00000j
z3  -0.00162    0.49141j
z4  -0.00162   -0.49141j

       Short Period                Phugoid
1  -1.67858  0.00000j        0.01008  0.00000j
2  -0.95338  0.00000j       -0.00133  0.00000j
3  -0.04151  0.00000j       -0.01802  0.00000j
4   0.00613  0.00000j        0.00551  0.00000j


 M _ _ M _ _ << Measured Data >> _ _ M _ _ M
Xu      -0.031400        -36.39
Xw       0.010700         12.40
Xq       0.550600        671.40
Zu      -0.037100        -43.00
Zw      -0.715000       -828.65
Zwd      0.000000          0.00
Zq      -0.215200       -262.42
Mu       0.034500         39.98
Mw      -0.013000        -15.07
Mwd      0.000000          0.00
Mq      -2.484300      -3029.36

##### SP and PH Mode ----- approximation ###
----- Short Period Mode -----
omega SP         1.4712
zeta  SP         1.0873
re  -1.5997 +   0.6279
re  -1.5997 -   0.6279

----- Phugoid Mode -----
omega PH         0.3364
zeta  PH         0.2404
re  -0.0809 +  0.3265j
re  -0.0809 -  0.3265j

A          1.0000
B          3.3610
C          3.5838
D          0.8396
E          0.3342

##### SP and PH Mode from quartic #####
A        1.000         1.000
B        3.231         3.231
C        2.246         2.246
D        0.383         0.383
E        0.247         0.247

Routh D        0.055

M thta        -0.000 

z1  -2.30983    0.00000j
z2  -0.91764    0.00000j
z3  -0.00162    0.34117j
z4  -0.00162   -0.34117j

       Short Period                Phugoid
1  -1.03291  0.00000j       -0.99889  0.00000j
2  -1.32134 -0.18119j       -1.32603  0.18119j
3   0.04180 -0.00057j       -0.00440  0.00057j
4  -0.02106 -0.03244j       -0.00544  0.03244j

dlc    23.57   dla    6.16   dle   -2.22      dlp    4.38      dlt    0.00
thtaN  13.24°   A1S   1.06°   B1S   3.03°   thtaTR  -0.21°
TrimAC phi LFr      -2.13°    thta       0.12°    psi      -0.10°
