reading aircraft data from ./data/OH-6/OH-6A_1_60kts_1.dat
reading Flight Data from ./data/OH-6/fDataOH-6A_1NN.flt
reading Rotor Data from ./data/OH-6/fDataOH-6A_1NN.flt


    #### RotaryWingSim ####
rhoAir        1.2252 kg/m³
thtaN    9.68°   twist    -8.00°
mHeli          2555.00 lb

nRot      483.0 1/min    oM     50.58 rad/s
oMR       202.50 m/s     oMR   664.38 ft/s
aBlade          2.75 m^2

rRotTR       0.65 m
nRotTR       2617.6 1/min
oMTR    274.12
oMRTR   202.50 m/s    oMRTR   664.38 ft/s
sigmaTR   0.0360

Area Mrot      50.36 m^2
m blade        12.2 kg
I blade        63.5 kg*m^2
gamRot         12.2700
sigma           0.0545


Trim phi       0.00°    thta      -0.10°    psi      -0.10°   
vH     112.46 mph     vV          0 fpm
cTs  0.082417     cT  0.0045     cT2sa  0.0287     cL  0.1455
m Heli    11369.3 N      fpA        0.6 m^2           6.3 ft^2
Iyy Heli        1219.4 kg*m^2
Coordintats x,z    [m]         [ft]
Rotor      :   0.00   0.85        0.00   2.78
Rudder     :   4.62   0.12       15.17   0.41
Fin        :   5.51   1.58       18.08   5.20
H-Stab     :   3.90  -0.76       12.78  -2.49
Wing       :  -2.54  -1.26       -8.33  -4.13
Propeller  :  -2.54  -0.12       -8.33  -0.41
### Var ###
mu             50.580  vFlight    100.0 kn
thtaClmb      -0.0000     -0.0000°
cTsReq    0.08242    cTReq    0.00449    cT2saReq    0.02868
alfaD     461.23°    thtaClmb      -0.00°    thtaTrim      -0.10
trim iter 32     anorm 8.73171e-010

   deriv 3104
       u                w              q
x   -0.088203      0.352079     0.010166
z    0.184024     -1.161308     0.408376
m   -0.016032     -0.166669    -0.072404

 ====== u - derivatives ===== 
fMR(1)        -0.078149   fMR(2)         0.004554   fMR(3)         0.036868
fTR(1)         0.000000   fTR(2)        -0.000003   fTR(3)         0.000000
fFus(1)       -0.035761   fFus(2)        0.003543   fFus(3)        0.042769
fFN(1)        -0.000264   fFN(2)        -0.001129   fFN(3)         0.000000
fHS(1)        -0.002609   fHS(2)         0.000000   fHS(3)        -0.001843
fPR(1)         0.000000   fPR(2)         0.000000   fPR(3)         0.000000
fCG(1)         0.000000   fCG(2)         0.000000   fCG(3)         0.000000
fR(1)  -1.3534128e-008   fR(2)   9.6315489e-010   fR(3)   9.0047263e-009

 Moment Equilibrium    1001 
mMR(1)        -0.031260   mMR(2)         0.167254   mMR(3)         0.000000
mTR(1)        -0.000000   mTR(2)         0.000000   mTR(3)         0.000012
mFus(1)        0.000000   mFus(2)       -0.014806   mFus(3)        0.017211
mFN(1)        -0.001700   mFN(2)         0.000397   mFN(3)         0.005913
mHS(1)         0.000000   mHS(2)        -0.008712   mHS(3)         0.000000
mPR(1)         0.000000   mPR(2)         0.000000   mPR(3)         0.000000
mR(1)  -4.0005617e-009   mR(2)   1.7581940e-008   mR(3)   2.1046844e-009
QR  5.3854306e-012
mU  1.4413335e-001

 ====== q - derivatives ===== 
fMR(1)         0.324407   fMR(2)        -0.277590   fMR(3)         0.040242
fTR(1)         0.000000   fTR(2)         0.000000   fTR(3)         0.000000
fFus(1)        0.000235   fFus(2)        0.000000   fFus(3)       -0.011456
fFN(1)         0.000000   fFN(2)         0.000000   fFN(3)         0.000000
fHS(1)        -0.009140   fHS(2)         0.000000   fHS(3)        -0.581040
fPR(1)         0.000000   fPR(2)         0.000000   fPR(3)         0.000000
fCG(1)         0.000000   fCG(2)         0.000000   fCG(3)         0.000000
fR(1)   3.6565615e-008   fR(2)  -3.2015123e-008   fR(3)  -6.4014965e-008

 Moment Equilibrium    1002 
mMR(1)         0.815799   mMR(2)        -1.724813   mMR(3)         0.000000
mTR(1)         0.000000   mTR(2)         0.000000   mTR(3)         0.000000
mFus(1)        0.000000   mFus(2)        0.004095   mFus(3)        0.000000
mFN(1)         0.000000   mFN(2)         0.000000   mFN(3)         0.000000
mHS(1)         0.000000   mHS(2)        -2.158313   mHS(3)         0.000000
mPR(1)         0.000000   mPR(2)         0.000000   mPR(3)         0.000000
mR(1)   9.9497431e-008   mR(2)  -4.7300431e-007   mR(3)  -7.1645445e-010
QR -5.7612832e-012

 ====== w - derivatives ===== 
fMR(1)         0.019182   fMR(2)         0.038751   fMR(3)        -0.720503
fTR(1)         0.000000   fTR(2)         0.000000   fTR(3)         0.000000
fFus(1)        0.004675   fFus(2)        0.000000   fFus(3)       -0.228112
fFN(1)         0.000000   fFN(2)         0.000000   fFN(3)         0.000000
fHS(1)        -0.002103   fHS(2)         0.000000   fHS(3)        -0.133083
fPR(1)         0.000000   fPR(2)         0.000000   fPR(3)         0.000000
fCG(1)         0.000000   fCG(2)         0.000000   fCG(3)         0.000000
fR(1)   2.5217508e-009   fR(2)   4.6470632e-009   fR(3)  -1.2537493e-007

 Moment Equilibrium    1003 
mMR(1)        -0.108493   mMR(2)         0.124900   mMR(3)         0.000000
mTR(1)         0.000000   mTR(2)         0.000000   mTR(3)         0.000000
mFus(1)        0.000000   mFus(2)        0.080855   mFus(3)        0.000000
mFN(1)         0.000000   mFN(2)         0.000000   mFN(3)         0.000000
mHS(1)         0.000000   mHS(2)        -0.494358   mHS(3)         0.000000
mPR(1)         0.000000   mPR(2)         0.000000   mPR(3)         0.000000
mR(1)  -1.3211018e-008   mR(2)  -3.5186289e-008   mR(3)  -7.1645445e-010
QR  2.5386157e-011
mW -2.8860280e-001


=I=I=I=I=I= Iteration Results =I=I=I=I=I=
xMR    8.333    xcg    8.333    dxCG    0.000    iRigMR   -3.0
cTs 0.17113   cT 0.00933   cLs 5.99046   cL 0.32662
aN     0.28731°    a1    0.16643°   b1    0.10253°
Br   aN    16.46°       a1    9.54°      b1    5.87°
716  aN    16.46°       a1    5.91°      b1    2.64°
mu  0.238740 lamD    0.00550    lamI    0.00954     mu*a1    0.02463     lamNf   -0.01912
A1S    0.03452°    B1S    0.14053°
A1S     1.98°    B1S     8.05°    alfD     3.61°   alfaNf    -2.30°   alSm    -2.14°
thtaN     17.54°    thtaTR    -0.12°
Trim   phi    -6.50°    thta    -4.35°
vBx    49.99    vBy     0.52    vBz    -3.77
fMR(1)           258.64   fMR(2)           962.16   fMR(3)        -12807.08
fTR(1)             0.00   fTR(2)           182.18   fTR(3)             0.00
fPR(1)             0.00   fPR(2)             0.00   fPR(3)             0.00
fFus(1)        -1026.69   fFus(2)          205.29   fFus(3)          794.15
fFN(1)            -6.37   fFN(2)           -65.49   fFN(3)             0.00
fHS(1)           -87.83   fHS(2)             0.00   fHS(3)           749.35
fCG(1)           862.25   fCG(2)         -1284.15   fCG(3)         11263.57
fWN(1)            -0.00   fWN(2)             0.00   fWN(3)            -0.00
fR(1)   1.0259959e-008   fR(2)   3.8207872e-009   fR(3)  -6.2679827e-008

Moment Equilibrium
mMR(1)            81.12   mMR(2)         -2580.16   mMR(3)            -0.00
mTR(1)            22.68   mTR(2)             0.00   mTR(3)          -842.20
mPR(1)             0.00   mPR(2)            -0.00   mPR(3)             0.00
mFus(1)            0.00   mFus(2)         -282.95   mFus(3)          481.24
mFN(1)          -103.80   mFN(2)            10.09   mFN(3)           360.96
mHS(1)             0.00   mHS(2)          2853.02   mHS(3)             0.00
mWN(1)             0.00   mWN(2)             0.00   mWN(3)             0.00
mR(1)   3.1538612e-009   mR(2)  -1.9431567e-008   mR(3)  -7.1645445e-010
==x=x===x===x=x==
MR Fx  -411.98    Fz -12803.06   thtaClmb    -0.00   torque  3552.27
dxMR    0.0171  Fx/Fz   -1.2°        mu   0.23874   oM  50.6  n  483.0

=I=I=I=I=I= End Of Iteration Results =I=I=I=I=I=


         ### stability derivatives ###
 R ._. R ._. << RotaryWingSim Data >> ._. R ._. R

       u              w            q         oM
x   -0.116783      0.021755     0.315503     0.088525
z    0.077801     -1.081696    -0.552250    -0.540730
m    0.144134     -0.048101    -3.879031    -0.159404

      measured  data
       u                w              q
x   -0.043700       0.008100        0.482900
z    0.002300      -0.797700       -0.272300
m    0.034400      -0.009300       -2.827500

Q    0.000000      -0.000000        0.000000       -0.000000

Xu      -0.116783       -135.35
Xw       0.021755         25.21
Xq       0.315503        384.73
Zu       0.077801         90.17
Zw      -1.081696      -1253.63
Zwd      0.000000          0.00
Zq      -0.552250       -673.42
Mu       0.144134        167.04
Mw      -0.048101        -55.75
Mwd      0.000000          0.00
Mq      -3.879031      -4730.10

##### SP and PH Mode ----- approximation ###
----- Short Period Mode -----
omega SP         2.5654
zeta  SP         0.9669
re  -2.4804 +  0.6549j
re  -2.4804 -  0.6549j

----- Phugoid Mode -----
omega PH         0.4736
zeta  PH         0.3234
re  -0.1532 +  0.4482j
re  -0.1532 -  0.4482j

A          1.0000
B          5.2670
C          8.3250
D          3.1288
E          1.4763

##### SP and PH Mode from quartic #####
A        1.000         1.000
B        5.078         5.078
C        7.113         7.113
D        1.972         1.972
E        1.493         1.493

Routh D       28.865

M thta        -0.000 

z1  -2.47557    0.34673j
z2  -2.47557   -0.34673j
z3  -0.06319    0.48467j
z4  -0.06319   -0.48467j

       Short Period                Phugoid
1  -0.08496  0.00000j        1.22525  0.00000j
2  -1.99722  0.00000j        1.50796  0.00000j
3   0.05627  0.00000j        0.02905  0.00000j
4  -0.02307  0.00000j        0.02073  0.00000j


----- Phugoid Mode -----
omega PH         0.4888
zeta  PH        -0.1293
period PH       12.9640
tHalf  PH       10.9699
N half PH        0.8462

----- Short Period Mode -----
omega SP         2.4997
zeta  SP        -0.9903
period SP       18.1214
tHalf  SP        0.2800
N half SP        0.0155


 M _ _ M _ _ << Measured Data >> _ _ M _ _ M
Xu      -0.043700        -50.65
Xw       0.008100          9.39
Xq       0.482900        588.85
Zu       0.002300          2.67
Zw      -0.797700       -924.49
Zwd      0.000000          0.00
Zq      -0.272300       -332.04
Mu       0.034400         39.87
Mw      -0.009300        -10.78
Mwd      0.000000          0.00
Mq      -2.827500      -3447.86

##### SP and PH Mode ----- approximation ###
----- Short Period Mode -----
omega SP         1.6490
zeta  SP         1.0992
re  -1.8126 +   0.7525
re  -1.8126 -   0.7525

----- Phugoid Mode -----
omega PH         0.3137
zeta  PH         0.2512
re  -0.0788 +  0.3036j
re  -0.0788 -  0.3036j

A          1.0000
B          3.7828
C          4.5215
D          0.9637
E          0.3789

##### SP and PH Mode from quartic #####
A        1.000         1.000
B        3.669         3.669
C        2.861         2.861
D        0.429         0.429
E        0.269         0.269

Routh D        0.699

M thta        -0.000 

z1  -2.62724    0.00000j
z2  -1.01827    0.00000j
z3  -0.01169    0.31687j
z4  -0.01169   -0.31687j

       Short Period                Phugoid
1   0.90957  0.00000j        0.81536  0.00000j
2   1.47423  0.21087j       -0.52267 -0.21087j
3  -0.02779  0.00030j        0.01323 -0.00030j
4   0.01198  0.02774j       -0.00630 -0.02774j

dlc    31.23   dla    7.63   dle    4.69      dlp    4.33      dlt    0.00
thtaN  17.54°   A1S   1.98°   B1S   8.05°   thtaTR  -0.12°
TrimAC phi LFr      -6.50°    thta      -4.35°    psi      -0.10°
