reading aircraft data from ./data/OH-6/OH-6A_1_60kts_1.dat
reading Flight Data from ./data/OH-6/fDataOH-6A_2N.flt
reading Rotor Data from ./data/OH-6/fDataOH-6A_2N.flt


    #### RotaryWingSim ####
rhoAir        1.2252 kg/m³
thtaN    9.68°   twist    -8.00°
mHeli          2555.00 lb

nRot      483.0 1/min    oM     50.58 rad/s
oMR       202.50 m/s     oMR   664.38 ft/s
aBlade          2.75 m^2

rRotTR       0.65 m
nRotTR       2617.6 1/min
oMTR    274.12
oMRTR   202.50 m/s    oMRTR   664.38 ft/s
sigmaTR   0.0360

Area Mrot      50.36 m^2
m blade        12.2 kg
I blade        63.5 kg*m^2
gamRot         12.2700
sigma           0.0545


Trim phi       0.00°    thta      -0.10°    psi      -0.10°   
vH      33.74 mph     vV          0 fpm
cTs  0.082417     cT  0.0045     cT2sa  0.0287     cL  1.6165
m Heli    11369.3 N      fpA        0.6 m^2           6.3 ft^2
Iyy Heli        1219.4 kg*m^2
Coordintats x,z    [m]         [ft]
Rotor      :   0.00   0.85        0.00   2.78
Rudder     :   4.62   0.12       15.17   0.41
Fin        :   5.51   1.58       18.08   5.20
H-Stab     :   3.90  -0.76       12.78  -2.49
Wing       :  -2.54  -1.26       -8.33  -4.13
Propeller  :  -2.54  -0.12       -8.33  -0.41
### Var ###
mu             50.580  vFlight     30.0 kn
thtaClmb      -0.0000     -0.0000°
cTsReq    0.08242    cTReq    0.00449    cT2saReq    0.02868
alfaD     461.23°    thtaClmb      -0.00°    thtaTrim      -0.10
trim iter 29     anorm 3.00873e-010

   deriv 3104
       u                w              q
x   -0.072216      0.042680     0.026371
z   -0.251341     -0.884781     0.096701
m    0.009722     -0.022441    -0.013869

 ====== u - derivatives ===== 
fMR(1)        -0.015104   fMR(2)         0.007335   fMR(3)        -0.123427
fTR(1)         0.000000   fTR(2)        -0.000000   fTR(3)         0.000000
fFus(1)       -0.008141   fFus(2)        0.000083   fFus(3)       -0.022385
fFN(1)        -0.000080   fFN(2)        -0.000026   fFN(3)         0.000000
fHS(1)        -0.001299   fHS(2)         0.000000   fHS(3)         0.026200
fPR(1)         0.000000   fPR(2)         0.000000   fPR(3)         0.000000
fCG(1)         0.000000   fCG(2)         0.000000   fCG(3)         0.000000
fR(1)  -2.8533202e-009   fR(2)   9.1023367e-010   fR(3)  -1.3859650e-008

 Moment Equilibrium    1001 
mMR(1)        -0.044185   mMR(2)         0.099773   mMR(3)         0.000000
mTR(1)        -0.000000   mTR(2)         0.000000   mTR(3)         0.000001
mFus(1)        0.000000   mFus(2)       -0.000959   mFus(3)        0.005541
mFN(1)        -0.000040   mFN(2)         0.000120   mFN(3)         0.000139
mHS(1)         0.000000   mHS(2)         0.096083   mHS(3)         0.000000
mPR(1)         0.000000   mPR(2)         0.000000   mPR(3)         0.000000
mR(1)  -5.3875031e-009   mR(2)   2.3784162e-008   mR(3)   4.4556714e-010
QR  7.6924496e-012
mU  1.9501583e-001

 ====== q - derivatives ===== 
fMR(1)         0.251436   fMR(2)        -0.287311   fMR(3)         0.147582
fTR(1)         0.000000   fTR(2)         0.000000   fTR(3)         0.000000
fFus(1)       -0.003249   fFus(2)        0.000000   fFus(3)       -0.008957
fFN(1)         0.000000   fFN(2)         0.000000   fFN(3)         0.000000
fHS(1)         0.004916   fHS(2)         0.000000   fHS(3)        -0.321093
fPR(1)         0.000000   fPR(2)         0.000000   fPR(3)         0.000000
fCG(1)         0.000000   fCG(2)         0.000000   fCG(3)         0.000000
fR(1)   2.9333697e-008   fR(2)  -3.3244248e-008   fR(3)  -2.1146521e-008

 Moment Equilibrium    1002 
mMR(1)         0.834356   mMR(2)        -1.616383   mMR(3)         0.000000
mTR(1)         0.000000   mTR(2)         0.000000   mTR(3)         0.000000
mFus(1)        0.000000   mFus(2)        0.008975   mFus(3)        0.000000
mFN(1)         0.000000   mFN(2)         0.000000   mFN(3)         0.000000
mHS(1)         0.000000   mHS(2)        -1.185524   mHS(3)         0.000000
mPR(1)         0.000000   mPR(2)         0.000000   mPR(3)         0.000000
mR(1)   1.0174700e-007   mR(2)  -3.4056723e-007   mR(3)  -2.4711255e-010
QR -7.6593388e-012

 ====== w - derivatives ===== 
fMR(1)         0.021257   fMR(2)         0.008307   fMR(3)        -0.522744
fTR(1)         0.000000   fTR(2)         0.000000   fTR(3)         0.000000
fFus(1)       -0.021968   fFus(2)        0.000000   fFus(3)       -0.065729
fFN(1)         0.000000   fFN(2)         0.000000   fFN(3)         0.000000
fHS(1)         0.000043   fHS(2)         0.000000   fHS(3)        -0.002980
fPR(1)         0.000000   fPR(2)         0.000000   fPR(3)         0.000000
fCG(1)         0.000000   fCG(2)         0.000000   fCG(3)         0.000000
fR(1)  -7.6973953e-011   fR(2)   1.0163888e-009   fR(3)  -6.8543928e-008

 Moment Equilibrium    1003 
mMR(1)        -0.029116   mMR(2)         0.017099   mMR(3)         0.000000
mTR(1)         0.000000   mTR(2)         0.000000   mTR(3)         0.000000
mFus(1)        0.000000   mFus(2)        0.060694   mFus(3)        0.000000
mFN(1)         0.000000   mFN(2)         0.000000   mFN(3)         0.000000
mHS(1)         0.000000   mHS(2)        -0.011005   mHS(3)         0.000000
mPR(1)         0.000000   mPR(2)         0.000000   mPR(3)         0.000000
mR(1)  -3.5450565e-009   mR(2)   8.1478171e-009   mR(3)  -2.4711255e-010
QR  2.5449694e-011
mW  6.6787324e-002


=I=I=I=I=I= Iteration Results =I=I=I=I=I=
xMR    8.333    xcg    8.333    dxCG    0.000    iRigMR   -3.0
cTs 0.13676   cT 0.00746   cLs 35.76913   cL 1.95028
aN     0.23048°    a1    0.03161°   b1    0.06167°
Br   aN    13.21°       a1    1.81°      b1    3.53°
716  aN    13.21°       a1    1.36°      b1    0.72°
mu  0.074200 lamD    0.01231    lamI    0.02662     mu*a1    0.00176     lamNf    0.01055
A1S    0.00980°    B1S    0.04154°
A1S     0.56°    B1S     2.38°    alfD    27.68°   alfaNf    26.33°   alSm    -1.02°
thtaN     13.76°    thtaTR    -0.21°
Trim   phi    -1.12°    thta     2.76°
vBx    15.02    vBy     0.01    vBz     0.72
fMR(1)           738.68   fMR(2)           208.90   fMR(3)        -11256.04
fTR(1)             0.00   fTR(2)            11.47   fTR(3)             0.00
fPR(1)             0.00   fPR(2)             0.00   fPR(3)             0.00
fFus(1)         -172.35   fFus(2)            1.45   fFus(3)         -477.93
fFN(1)            -0.69   fFN(2)            -0.46   fFN(3)             0.00
fHS(1)           -19.06   fHS(2)             0.00   fHS(3)           380.00
fCG(1)          -546.56   fCG(2)          -221.36   fCG(3)         11353.98
fWN(1)            -0.00   fWN(2)             0.00   fWN(3)             0.00
fR(1)   3.0307694e-009   fR(2)   6.1407945e-010   fR(3)  -3.9694756e-008

Moment Equilibrium
mMR(1)            -0.70   mMR(2)         -1753.44   mMR(3)            -0.00
mTR(1)             1.43   mTR(2)             0.00   mTR(3)           -53.01
mPR(1)             0.00   mPR(2)            -0.00   mPR(3)             0.00
mFus(1)            0.00   mFus(2)          286.22   mFus(3)           50.47
mFN(1)            -0.73   mFN(2)             1.10   mFN(3)             2.54
mHS(1)             0.00   mHS(2)          1466.12   mHS(3)             0.00
mWN(1)             0.00   mWN(2)            -0.00   mWN(3)             0.00
mR(1)   1.6545532e-009   mR(2)  -6.7658496e-009   mR(3)  -2.4711255e-010
==x=x===x===x=x==
MR Fx   148.57    Fz -11279.28   thtaClmb    -0.00   torque  1960.92
dxMR    0.0557  Fx/Fz   -3.8°        mu   0.07420   oM  50.6  n  483.0

=I=I=I=I=I= End Of Iteration Results =I=I=I=I=I=


         ### stability derivatives ###
 R ._. R ._. << RotaryWingSim Data >> ._. R ._. R

       u              w            q         oM
x   -0.024625     -0.000669     0.253101     0.026146
z   -0.119597     -0.591441    -0.182472    -0.342516
m    0.195017      0.011131    -2.792931    -0.055516

      measured  data
       u                w              q
x   -0.016700       0.021600        0.462400
z   -0.189600      -0.433700       -0.048300
m    0.051100      -0.009400       -1.879300

Q    0.000000      -0.000000        0.000000       -0.000000

Xu      -0.024625        -28.54
Xw      -0.000669         -0.78
Xq       0.253101        308.63
Zu      -0.119597       -138.61
Zw      -0.591441       -685.45
Zwd      0.000000          0.00
Zq      -0.182472       -222.51
Mu       0.195017        226.01
Mw       0.011131         12.90
Mwd      0.000000          0.00
Mq      -2.792931      -3405.71

##### SP and PH Mode ----- approximation ###
----- Short Period Mode -----
omega SP         1.2192
zeta  SP         1.3879
re  -1.6922 +   1.1735
re  -1.6922 -   1.1735

----- Phugoid Mode -----
omega PH         0.8621
zeta  PH         0.6561
re  -0.5656 +  0.6507j
re  -0.5656 -  0.6507j

A          1.0000
B          4.5156
C          8.8123
D          7.3126
E          3.1519

##### SP and PH Mode from quartic #####
A        1.000         1.000
B        3.409         3.409
C        1.520         1.520
D        1.923         1.923
E        1.118         1.118

Routh D       -6.729

M thta        -0.000 

z1  -3.07975    0.00000j
z2   0.11870    0.79170j
z3   0.11870   -0.79170j
z4  -0.56666    0.00000j

       Short Period                Phugoid
1   0.95452  0.00000j        0.81521  0.00000j
2   1.20286  0.58354j       -0.76508 -0.58354j
3  -0.11228  0.01542j        0.04717 -0.01542j
4   0.04214  0.06277j       -0.00772 -0.06277j

