==a=a=== frc func ===a=a==
xMR    8.333    xcg    8.333    dxCG    0.000    iRigMR   -3.0
mu  0.136    cTs 0.09170   cT 0.00500   cLs 9.65119   cL 0.52622   Qrot 2.200e+003   dQ -8.0e-003
aN     0.16474°    a1    0.05522°   b1    0.05550°
Br   aN     9.44°       a1    3.16°      b1    3.18°
716  aN     7.99°       a1    2.79°      b1    1.48°
mmt  aN     8.35°       a1    1.28°      b1    1.94°
oM 50.580[1/s]   oMR  202.5[m/s]   oMR  664.4[ft/s]    n 483.0   nmmt 200.4 [1/min]
lamD  -0.02851     lamI   0.01780     lamNf   -0.03515     lammt    0.02138
A1S    0.02485°    B1S    0.08345°
A1S    1.42°       B1S    4.78°
alfaNf -7.26°  alfaD   -4.47°   alfaS -2.48°   alSm    -1.99°   alNfmmt    15.45° 
thtaN  14.68°  thta1  -8.00°  thtaClmb  -0.00°     thtaTR    -0.49°
Trim   phi    -3.57°    thta     0.52°    psi    -0.10°
dDrgN   0.0085  dDrg1  -0.0216  dDrg2   0.4000
vBx    27.80    vBy     0.03    vBz     0.25    V    91.21 [fps]
vEx    62.36    vEy     0.00    vEz    -0.00    V    62.36 [mph]
MR    Fx   251.43   Fz -12689.55   Fx/Fz   -4.1°    Fx/Fz2   -1.1°    dxMR    0.0613

fMR(1)           915.21   fMR(2)           534.21   fMR(3)        -12659.00
fTR(1)             0.00   fTR(2)           148.55   fTR(3)             0.00
fPR(1)             0.00   fPR(2)             0.00   fPR(3)             0.00
fFus(1)         -743.09   fFus(2)           28.10   fFus(3)        -1130.88
fFN(1)            -2.37   fFN(2)            -2.31   fFN(3)             0.00
fHS(1)           -67.45   fHS(2)             0.00   fHS(3)          2443.17
fCG(1)          -102.29   fCG(2)          -708.56   fCG(3)         11346.72
fWN(1)            -0.00   fWN(2)             0.00   fWN(3)            -0.00
fR(1)  -1.1225578e-013   fR(2)   1.0720669e-010   fR(3)  -3.2734792e-012

Moment Equilibrium
mMR(1)           -14.83   mMR(2)        -17564.46   mMR(3)            -0.00
mTR(1)            18.49   mTR(2)             0.00   mTR(3)          -686.74
mPR(1)             0.00   mPR(2)            -0.00   mPR(3)             0.00
mFus(1)            0.00   mFus(2)          645.68   mFus(3)          666.98
mFN(1)            -3.66   mFN(2)             3.76   mFN(3)            19.76
mHS(1)             0.00   mHS(2)         16915.02   mHS(3)             0.00
mWN(1)             0.00   mWN(2)            -0.00   mWN(3)             0.00
mR(1)  -6.6933126e-012   mR(2)   3.7987091e-011   mR(3)  -4.9396931e-010
==x=x=== end frc func ===x=x==

      RotaryWingSim  
       u                w              q
x   -0.066078      -0.009909        0.301054
z   -0.016574      -0.852436       -2.133775
m    0.241267      -0.093325       -6.419693

      Measured  Data

       u                w              q
x   -0.056400       0.136300        0.527100
z    0.127600      -1.234900       -1.318600
m    0.015900      -0.030000       -0.660100

E =   0.20721   278317.83

====================================================

==a=a=== frc func ===a=a==
xMR    8.333    xcg    8.333    dxCG    0.000    iRigMR   -3.0
mu  0.132    cTs 0.07976   cT 0.00435   cLs 9.05947   cL 0.49396   Qrot 1.691e+003   dQ -6.1e-003
aN     0.14162°    a1    0.04525°   b1    0.04814°
Br   aN     8.11°       a1    2.59°      b1    2.76°
716  aN     6.84°       a1    2.31°      b1    1.23°
mmt  aN     8.37°       a1    1.25°      b1    1.94°
oM 50.580[1/s]   oMR  202.5[m/s]   oMR  664.4[ft/s]    n 483.0   nmmt 199.8 [1/min]
lamD  -0.02272     lamI   0.01613     lamNf   -0.02803     lammt    0.02138
A1S    0.02071°    B1S    0.04542°
A1S    1.19°       B1S    2.60°
alfaNf -5.16°  alfaD   -2.85°   alfaS -2.56°   alSm    -0.29°   alNfmmt    16.14° 
thtaN  13.31°  thta1  -8.00°  thtaClmb  -0.00°     thtaTR    -0.44°
Trim   phi    -2.75°    thta     0.44°    psi    -0.10°
dDrgN   0.0085  dDrg1  -0.0216  dDrg2   0.4000
vBx    26.82    vBy     0.04    vBz     0.21    V    87.98 [fps]
vEx    60.15    vEy     0.00    vEz    -0.00    V    60.15 [mph]
MR    Fx  -102.90   Fz -11021.21   Fx/Fz   -2.5°    Fx/Fz2    0.5°    dxMR    0.0365

fMR(1)           474.05   fMR(2)           381.32   fMR(3)        -11011.49
fTR(1)             0.00   fTR(2)           136.87   fTR(3)             0.00
fPR(1)             0.00   fPR(2)             0.00   fPR(3)             0.00
fFus(1)         -347.41   fFus(2)           30.43   fFus(3)        -1012.71
fFN(1)            -2.20   fFN(2)            -2.50   fFN(3)             0.00
fHS(1)           -37.26   fHS(2)             0.00   fHS(3)           668.37
fCG(1)           -87.18   fCG(2)          -546.13   fCG(3)         11355.82
fWN(1)            -0.00   fWN(2)             0.00   fWN(3)            -0.00
fR(1)   4.0685237e-013   fR(2)   1.6257218e-010   fR(3)  -2.6881518e-012

Moment Equilibrium
mMR(1)           -13.07   mMR(2)         -2862.36   mMR(3)            -0.00
mTR(1)            17.04   mTR(2)             0.00   mTR(3)          -632.72
mPR(1)             0.00   mPR(2)            -0.00   mPR(3)             0.00
mFus(1)            0.00   mFus(2)          282.94   mFus(3)          618.94
mFN(1)            -3.96   mFN(2)             3.49   mFN(3)            13.78
mHS(1)             0.00   mHS(2)          2575.93   mHS(3)             0.00
mWN(1)             0.00   mWN(2)             0.00   mWN(3)             0.00
mR(1)   3.4248160e-012   mR(2)   2.8003943e-011   mR(3)  -7.4999207e-010
==x=x=== end frc func ===x=x==

      RotaryWingSim  
       u                w              q
x   -0.041615      -0.001935        0.270950
z   -0.088866      -0.808380       -0.448505
m    0.140192       0.022972       -3.243612

      Measured  Data

       u                w              q
x   -0.031400       0.010700        0.550600
z   -0.037100      -0.715000       -0.215200
m    0.034500      -0.013000       -2.484300

E =   0.11129   149476.09

f2 =

   1.0000             4.7003             9.3522 + 0.0000i   6.1721 - 0.0000i   3.2970 + 0.0000i

z1  -3.58247    0.00000j
z2  -0.69170    0.00000j
z3   0.09028    0.65758j
z4   0.09028   -0.65758j

Routh D       -7.739

E =   0.02515    33780.22

f2 =

   1.0000             3.3623             3.6326             0.8574 - 0.0000i   0.3455          

z1  -2.33908    0.00000j
z2  -0.89153    0.00000j
z3  -0.00004    0.34396j
z4  -0.00004   -0.34396j

Routh D        0.001

RotaryWingSim End





http://www.britishpathe.com/video/safety-flying-1  % girl and C.30
http://www.britishpathe.com/video/air-news-shoreham-aka-home-made-gyrocopter-is-big % Ken Wallis
http://www.britishpathe.com/video/berkshire-straight-up-airliner
http://www.britishpathe.com/video/sarbe-beacon/query/helicopter
http://www.britishpathe.com/video/sarbe-beacon/query/helicopter
http://www.britishpathe.com/video/churchill-in-new-york
https://get3.adobe.com/flashplayer/update/plugin/


