reading aircraft data from ./data/S-51a/RotDatS-51_1.dat
reading Flight Data from ./data/S-51a/fDataS-51_1.flt
reading Rotor Data from ./data/S-51a/fDataS-51_1.flt


#### RotaryWingSim ####
rhoAir          1.2261 kg/m°
thtaN    9.68°   twist    -0.88°
mHeli          4858.00 lb

nRot   oMR       146.30 m/s     oMR   480.00 ft/s
aBlade         10.09 m^2

rRotTR       1.30 m
nRotTR       1662.7 1/min
oMTR    174.12
oMRTR   146.30 m/s    oMRTR   480.00 ft/s
sigmaTR   0.1049

Area Mrot     168.11 m^2
m blade        93.9 kg
I blade       379.8 kg*m^2
gamRot         11.2700
sigma           0.0600


Trim phi       0.00°    thta      -0.10°    psi      -0.10°   
vH      52.33 mph     vV          0 fpm
cTs  0.081659     cT  0.0049     cT2sa  0.0284     cL  0.3824
m Heli    21617.2 N      fpA        1.6 m^2          17.3 ft^2
Iyy Heli       14680.3 kg*m^2
Coordintats x,z    [m]         [ft]
Rotor      :   0.00   1.83        0.00   6.00
Rudder     :   8.62   1.83       28.29   6.00
Fin        :   7.71   2.84       25.29   9.33
H-Stab     :   6.09   0.50       19.99   1.64
Wing       :  -3.39   0.00      -11.13   0.00
Propeller  :  -2.26   0.00       -7.40   0.00
### Var ###
mu             20.000  vFlight     46.5 kn
thtaClmb      -0.0000     -0.0000°
cTsReq    0.08166    cTReq    0.00490    cT2saReq    0.02842
alfaD   10942.69°    thtaClmb      -0.00°    thtaTrim      -0.10
trim iter 33     anorm 5.25574e-010

 ====== u - derivatives ===== 
fMR(1)        -0.043272   fMR(2)         0.007061   fMR(3)        -0.064634
fTR(1)         0.000000   fTR(2)        -0.000000   fTR(3)         0.000000
fFus(1)       -0.022975   fFus(2)        0.000485   fFus(3)        0.037926
fFN(1)        -0.000065   fFN(2)        -0.000090   fFN(3)         0.000000
fHS(1)        -0.000000   fHS(2)         0.000000   fHS(3)         0.000001
fPR(1)         0.000000   fPR(2)         0.000000   fPR(3)         0.000000
fCG(1)         0.000000   fCG(2)         0.000000   fCG(3)         0.000000
fR(1)  -1.4611881e-008   fR(2)   1.6962076e-009   fR(3)  -5.8805669e-009

 Moment Equilibrium    1001 
mMR(1)        -0.001526   mMR(2)         0.005110   mMR(3)         0.000000
mTR(1)        -0.000000   mTR(2)         0.000000   mTR(3)         0.000000
mFus(1)        0.000000   mFus(2)       -0.000047   mFus(3)        0.000165
mFN(1)        -0.000005   mFN(2)         0.000004   mFN(3)         0.000014
mHS(1)         0.000000   mHS(2)         0.000000   mHS(3)         0.000000
mPR(1)         0.000000   mPR(2)         0.000000   mPR(3)         0.000000
mR(1)  -1.6344387e-008   mR(2)   5.4405177e-008   mR(3)   1.4620696e-009
QR  7.0276988e-012
mU  5.0665126e-003

 ====== q - derivatives ===== 
fMR(1)         0.798935   fMR(2)        -0.687154   fMR(3)         0.144589
fTR(1)         0.000000   fTR(2)         0.000000   fTR(3)         0.000000
fFus(1)       -0.001483   fFus(2)        0.000000   fFus(3)       -0.068123
fFN(1)         0.000000   fFN(2)         0.000000   fFN(3)         0.000000
fHS(1)         0.000000   fHS(2)         0.000000   fHS(3)        -0.000021
fPR(1)         0.000000   fPR(2)         0.000000   fPR(3)         0.000000
fCG(1)         0.000000   fCG(2)         0.000000   fCG(3)         0.000000
fR(1)   1.7572626e-007   fR(2)  -1.5136720e-007   fR(3)   1.6849525e-008

 Moment Equilibrium    1002 
mMR(1)         0.053822   mMR(2)        -0.146890   mMR(3)         0.000000
mTR(1)         0.000000   mTR(2)         0.000000   mTR(3)         0.000000
mFus(1)        0.000000   mFus(2)        0.000207   mFus(3)        0.000000
mFN(1)         0.000000   mFN(2)         0.000000   mFN(3)         0.000000
mHS(1)         0.000000   mHS(2)        -0.000003   mHS(3)         0.000000
mPR(1)         0.000000   mPR(2)         0.000000   mPR(3)         0.000000
mR(1)   5.7808977e-007   mR(2)  -1.5752495e-006   mR(3)  -4.6213700e-010
QR -1.2877995e-011

 ====== w - derivatives ===== 
fMR(1)        -0.025857   fMR(2)         0.021390   fMR(3)        -0.892016
fTR(1)         0.000000   fTR(2)         0.000000   fTR(3)         0.000000
fFus(1)       -0.010905   fFus(2)        0.000000   fFus(3)       -0.459378
fFN(1)         0.000000   fFN(2)         0.000000   fFN(3)         0.000000
fHS(1)        -0.000000   fHS(2)         0.000000   fHS(3)        -0.000001
fPR(1)         0.000000   fPR(2)         0.000000   fPR(3)         0.000000
fCG(1)         0.000000   fCG(2)         0.000000   fCG(3)         0.000000
fR(1)  -8.1001261e-009   fR(2)   4.7666617e-009   fR(3)  -2.9778835e-007

 Moment Equilibrium    1003 
mMR(1)        -0.002342   mMR(2)         0.004016   mMR(3)         0.000000
mTR(1)         0.000000   mTR(2)         0.000000   mTR(3)         0.000000
mFus(1)        0.000000   mFus(2)        0.001523   mFus(3)        0.000000
mFN(1)         0.000000   mFN(2)         0.000000   mFN(3)         0.000000
mHS(1)         0.000000   mHS(2)        -0.000000   mHS(3)         0.000000
mPR(1)         0.000000   mPR(2)         0.000000   mPR(3)         0.000000
mR(1)  -2.5051193e-008   mR(2)   5.9478487e-008   mR(3)  -4.6213700e-010
QR  4.0222480e-011
mW  5.5389342e-003


=I=I=I=I=I= Iteration Results =I=I=I=I=I=
xMR   11.125    xcg   11.125    dxCG    0.000    iRigMR    0.0
cTs 0.12798   cT 0.00768   cLs 9.93328   cL 0.59601
aN     0.20105°    a1    0.07216°   b1    0.06296°
Br   aN    11.52°       a1    4.13°      b1    3.61°
716  aN    11.52°       a1    2.79°      b1    1.42°
mu  0.158633 lamD    0.01344    lamI    0.01447     mu*a1    0.00772     lamNf    0.00572
A1S    0.01706°    B1S    0.05445°
A1S     0.98°    B1S     3.12°    alfD     9.98°   alfaNf     7.19°   alSm    -0.33°
thtaN      8.21°    thtaTR    -0.06°
Trim   phi    -1.93°    thta    -2.74°
vBx    23.30    vBy     0.08    vBz    -1.11
fMR(1)          -402.57   fMR(2)           679.75   fMR(3)        -20678.28
fTR(1)             0.00   fTR(2)            27.48   fTR(3)             0.00
fPR(1)             0.00   fPR(2)             0.00   fPR(3)             0.00
fFus(1)         -630.27   fFus(2)           24.91   fFus(3)         -901.93
fFN(1)            -1.64   fFN(2)            -4.62   fFN(3)             0.00
fHS(1)            -0.00   fHS(2)             0.00   fHS(3)             0.03
fCG(1)          1034.47   fCG(2)          -727.52   fCG(3)         21580.18
fWN(1)            -0.00   fWN(2)             0.00   fWN(3)            -0.00
fR(1)   6.2337378e-009   fR(2)   5.3250915e-009   fR(3)  -2.2551990e-007

Moment Equilibrium
mMR(1)           -37.12   mMR(2)          -220.03   mMR(3)            -0.00
mTR(1)            50.25   mTR(2)             0.00   mTR(3)          -236.95
mPR(1)             0.00   mPR(2)            -0.00   mPR(3)             0.00
mFus(1)            0.00   mFus(2)          215.15   mFus(3)          201.35
mFN(1)           -13.13   mFN(2)             4.66   mFN(3)            35.59
mHS(1)             0.00   mHS(2)             0.21   mHS(3)             0.00
mWN(1)             0.00   mWN(2)             0.00   mWN(3)             0.00
mR(1)   1.7460408e-008   mR(2)  -6.0085950e-008   mR(3)  -4.6213700e-010
==x=x===x===x=x==
MR Fx  -402.57    Fz -20678.28   thtaClmb    -0.00   torque  6557.53
dxMR   -0.0356  Fx/Fz    1.1°        mu   0.15863   oM  20.0  n  191.0

=I=I=I=I=I= End Of Iteration Results =I=I=I=I=I=


         ### stability derivatives ###
 R ._. R ._. << RotaryWingSim Data >> ._. R ._. R

       u              w            q         oM
x   -0.066313     -0.036762     0.797451     0.028286
z   -0.026696     -1.351388     0.076455    -1.023430
m    0.005067      0.005539    -0.146685    -0.005595

      measured  data
       u                w              q
x   -0.056400       0.136300        0.527100
z    0.127600      -1.234900       -1.318600
m    0.015900      -0.030000       -0.660100

Q    0.000000      -0.000000        0.000000       -0.000000

Xu      -0.066313       -146.13
Xw      -0.036762        -81.01
Xq       0.797451      11706.84
Zu      -0.026696        -58.83
Zw      -1.351388      -2977.90
Zwd      0.000000          0.00
Zq       0.076455       1122.38
Mu       0.005067         11.16
Mw       0.005539         12.21
Mwd      0.000000          0.00
Mq      -0.146685      -2153.39

##### SP and PH Mode ----- approximation ###
----- Short Period Mode -----
omega SP         0.2619
zeta  SP         2.8603
re  -0.7490 +   0.7018
re  -0.7490 -   0.7018

----- Phugoid Mode -----
omega PH         0.9805
zeta  PH         0.3840
re  -0.3765 +  0.9053j
re  -0.3765 -  0.9053j

A          1.0000
B          2.2511
C          3.1430
D          2.2336
E          1.0129

##### SP and PH Mode from quartic #####
A        1.000         1.000
B        1.564         1.564
C        0.163         0.163
D        0.053         0.053
E        0.066         0.066

Routh D       -0.150

M thta        -0.000 

z1  -1.45630    0.00000j
z2  -0.39028    0.00000j
z3   0.14110    0.30938j
z4   0.14110   -0.30938j

       Short Period                Phugoid
1   1.96357  0.00000j        0.89475  0.00000j
2   0.10296  0.00000j       -1.32372  0.00000j
3   0.01353  0.00000j       -0.00785  0.00000j
4  -0.04080  0.00000j        0.02840  0.00000j


 M _ _ M _ _ << Measured Data >> _ _ M _ _ M
Xu      -0.056400       -124.28
Xw       0.136300        300.35
Xq       0.527100       7738.00
Zu       0.127600        281.18
Zw      -1.234900      -2721.21
Zwd      0.000000          0.00
Zq      -1.318600     -19357.47
Mu       0.015900         35.04
Mw      -0.030000        -66.11
Mwd      0.000000          0.00
Mq      -0.660100      -9690.48

##### SP and PH Mode ----- approximation ###
----- Short Period Mode -----
omega SP         1.2147
zeta  SP         0.7800
re  -0.9475 +  0.7601j
re  -0.9475 -  0.7601j

----- Phugoid Mode -----
omega PH         0.3149
zeta  PH         0.2134
re  -0.0672 +  0.3076j
re  -0.0672 -  0.3076j

A          1.0000
B          2.0294
C          1.8293
D          0.3862
E          0.1463

##### SP and PH Mode from quartic #####
A        1.000         1.000
B        1.951         1.951
C        1.557         1.557
D        0.172         0.172
E        0.155         0.155

Routh D       -0.098

M thta        -0.000 

z1  -0.98667    0.72302j
z2  -0.98667   -0.72302j
z3   0.01097    0.32174j
z4   0.01097   -0.32174j

       Short Period                Phugoid
1   0.22848  0.00000j        1.92113  0.00000j
2   1.93895  0.00000j        0.52329  0.00000j
3   0.02054  0.00000j        0.02104  0.00000j
4   0.01842  0.00000j       -0.00479  0.00000j


----- Phugoid Mode -----
omega PH         0.3219
zeta  PH         0.0341
period PH       19.5290
tHalf  PH       63.1944
N half PH        3.2359

----- Short Period Mode -----
omega SP         1.2232
zeta  SP        -0.8066
period SP        8.6902
tHalf  SP        0.7025
N half SP        0.0808

dlc    14.62   dla    6.02   dle   -2.09      dlp    4.29      dlt    0.00
thtaN   8.21°   A1S   0.98°   B1S   3.12°   thtaTR  -0.06°
TrimAC phi LFr      -1.93°    thta      -2.74°    psi      -0.10°
