   deriv 3104
       u                w              q
x   -0.125579      0.079493     0.043018
z   -0.054055     -1.066821     0.213979
m    0.036907     -0.012339    -0.014600

      RotaryWingSim  
       u                w              q
x   -0.138558       0.061298        0.475018
z    0.016193      -1.561486        0.089971
m    0.006841      -0.001605       -0.052115

      Measured  Data
       u                w              q
x   -0.090000       0.110000        0.092100
z    0.010000      -1.100000        0.140000
m    0.007000       0.005000       -0.025000



      RotaryWingSim  
       u                w              q
x   -0.041893       0.044224        0.427069
z    0.001098      -1.092216       -0.075994
m    0.000556      -0.007934       -0.076166

      Measured  Data 7166
      
       u                w              q
x   -0.033040       0.038720      -1.31500
z   -0.019530      -0.907300       0.3-----                100.8
m    0.005146      -0.008031      -0.6739
      
thta 0.03453 = 1.98
thtaN 0.2169 = 12.42

CornellAeronauticalLab_S-51_
Helicopter Handling Qualities Investigation _PhaseII_AnalysHeliStabCtrlProbl_PartC_CharacteristicsAndComparisonExsitingHelicopterStabilizingDevices


http://www.rotorklubas.lt/failai/gyroplane_stability.pdf

http://www.ardmediathek.de/swr2/swr2-wissen?documentId=14463936
http://muzofon.com/search/ESTHER%20OFARIM

Gyroflying Russia Winter
http://www.youtube.com/watch?v=LqJaAQYH8IY

M-130 et al
http://www.flickr.com/photos/kemon01/8414853573/in/photostream/


http://www.seawings.co.uk/planspage.htm
http://aviationancestry.com/Aircraft/Cierva/Cierva-Autogiro-1933-3.html
Rocket Skeeter
http://www.aviationancestry.com/Aircraft/SaundersRoe/SaundersRoe-Skeeter-1957-5.html
Versetile Skeeter
http://www.aviationancestry.com/Aircraft/SaundersRoe/SaundersRoe-Skeeter-1952-1.html

Wayn Johnson Helicopter
http://bib.convdocs.org/docs/34/33948/conv_1/file1.pdf

Kay in flight
http://www.blackfordhistoricalsociety.org.uk/images/155_Kays_Autogyro_in_flight.jpg

http://www.flickr.com/photos/boston_public_library/sets/72157626899741411/detail/?page=22
large Helo (page 30 from above)
http://www.flickr.com/photos/boston_public_library/7314241258/sizes/o/in/set-72157626899741411/
http://www.flickr.com/photos/boston_public_library/7314241550/sizes/o/in/set-72157626899741411/

http://www.rtl.de/cms/sendungen/lets-dance/news/let-s-dance-2013-sila-sahin-bekommt-zehn-punkte-von-joachim-llambi-2ee16-4e22-19-1515149.html

http://www.thelabelframer.com/site/s_ads.php?cat=UGxhbmVzLCBUcmFpbnMgJiBCb2F0cw==

A scene not of "some day" but of today. This paved courtyard may permit the Pitcairn autogyro to 
taxi closer the door than on some estates but even the country place of moderate size may have a 
lawn entirely adequate for the practical use of the Pitcairn Autogyro. If yours is such an estate 
or if you will select a neighbouring field a Pitcairn representative will gladly demonstrate the 
complete practicability of this modern American scene. The 1932 Pitcairn Tandem affords greater
speed and comfort than before. Full visibility for both pilot and passenger and dual controls
permit sharing the full enjoyment of flying. With its security now an accepted fact owning a 
Pitcairn Tandem is sporting? just as practical to think of for 1932 as a new motor car. 
Write for Pitcairn descriptive literature.

Boris
http://www.rotaryforum.com/forum/showthread.php?t=28723


Kolibrie NHL
http://www.rotaryforum.com/forum/showthread.php?t=24259&page=2

Vintage Pics
http://www.google.de/imgres?q=Sikorksy+R4-B&start=270&um=1&client=firefox-a&sa=N&rls=org.mozilla:en-US:official&hl=en&biw=1348&bih=794&tbm=isch&tbnid=187ZOn-sED1gZM:&imgrefurl=http://www.v-like-vintage.net/en/specials/%3Ftopic%3D38&docid=SsNaP4sdkmMIgM&imgurl=http://www.v-like-vintage.net/uploads/images/thumb310/00092114.jpg&w=310&h=230&ei=B2OmUZ-cA4mX0AW7jIBQ&zoom=1&iact=hc&vpx=895&vpy=411&dur=3193&hovh=184&hovw=248&tx=88&ty=88&page=9&tbnh=136&tbnw=183&ndsp=35&ved=1t:429,r:76,s:200,i:232
USB
http://www.t-online.de/computer/download/id_54671610/usb-sticks-diese-tricks-kennen-nur-wenige.html

CH-47
http://www.chinook-helicopter.com/standards/Army_D_Model_AQC_Classes/Flight_Controls.pdf

LZ-129 Weltfahrt
http://www.youtube.com/watch?feature=player_embedded&v=2jk-lic6UQc

Antarctic Expedition 1948
http://www.youtube.com/watch?v=skjjfKwHFFs

Marion Springer
http://www.rotaryforum.com/forum/attachment.php?attachmentid=94600&d=1340861714


http://www.hankstruckpictures.com/whitetrks.htm

For some years I have been afflicted with the belief that flight is possible to man. 
The disease has increased in severity and I feel it will soon cost me an increased 
amount of money, if not my life.

Wilbur Wright, beginning of his first letter to Octave Chanute, 13 May 1900.


Flugversuche zur Systemidentifizierung eines MTOsports im Projekt GyroTrain
Pruter, Insa and Duda, Holger (2010) Flugversuche zur Systemidentifizierung eines MTOsports im Projekt GyroTrain. DLR-Interner Bericht. DLR-IB 111-2010/57, 24 S.

1. Entre dos mansos arroyos, Romance a 4?7'41
2. Romerico florido, Folía a 2?3'53
3. Coraçon, ¿donde estuvistes?, Cancíon a 3?3'45
4. Hermosas y enjojadas (instrumental)?3'53
5. A la dulce risa del alva, Folía a 4?3'55
6-7. ¡Ay, qué me muero de zelos, Letrilla a 3?4'28
8. Las eridas de Medoro (instrumental)?3'06
9. Aquella hermosa aldeana, Romance a 4?5'00
10. En este inbierno frío, Cancíon a 3?4'00
11. Caiase de un espino, Romance a 4?5'53
12. Volarás, pensamiento mío, Canción a 3?4'16
13. Fatigada navecilla, Romance a 4?2'40
14. En una playa amena, Cancíon a 3?6'08
15. Pescador, que das al mar, a 4?2'07



Cappella Mediterranea

Mariana Flores, soprano
Capucine Keller, soprano
Fabían Schofrin, contre-ténor
Fernando Guimarães, ténor

Ensemble Clematis

Stéphanie de Failly, violon
Tatiana Babut du Marès, flûte à bec
Rodrigo Calveyra, cornet à bouquin et flûte à bec
François Joubert-Caillet, dessus et taille de viole
Margaux Blanchard, basse de viole
Lucile Boulanger, alto de viole
Thomas Dunford, vihuela
Vincent Flückiger, vihuela
Marie Bournisien, harpe chromatique
Thierry Gomar, percussions

Léonardo García Alarcón, direction et orgue

    Buy "Entre dos mansos arroyos, Romance a 4" on


title: General Investigation into the Characteristics of the C.30 Autogiro 
author: P.A. Hufton, A.E. Woodward, F.A. Bigg, J.A. Beaven
comment: I was very excited by this report, the most thorough investigation into an aircraft that was probably built in larger numbers than any other  autogyro of the 30'. Once again my daughter was so kind as to order this report that I had located at the University of Delft. Only this time she was surprised that she held an original report from 1939 in her hands! If you look closely you will see the string that held together the pages, especially on the first one. She told me it was so fragile that she had to be very careful turning the pages. 
[URL="http://aerade.cranfield.ac.uk/ara/arc/rm/1859.pdf"]http://aerade.cranfield.ac.uk/ara/arc/rm/1859.pdf[/URL]



    
    