reading aircraft data from ./data/RotDatPuma1a.dat
reading Flight Data from ./data/fDataPuma1NN.flt
reading Rotor Data from ./data/fDataPuma1NN.flt


#### RotaryWingSim ####
rhoAir          1.2261 kg/m°
thtaN   11.00°   twist   -10.88°
mHeli          12798.00 lb

nRot      235.5 1/min    oM     24.67 rad/s
oMR       185.11 m/s     oMR   607.32 ft/s
aBlade         16.21 m^2

rRotTR       1.30 m
nRotTR       1662.7 1/min
oMTR    174.12
oMRTR   185.11 m/s    oMRTR   607.32 ft/s
sigmaTR   0.2621

Area Mrot     176.93 m^2
m blade        90.7 kg
I blade      3892.9 kg*m^2
gamRot         12.2700
sigma           0.0916


Trim phi       0.00°    thta      -4.20°    psi       0.00°   
vH     100.00 mph     vV          0 fpm
cTs   0.08338146     cT  0.0076     cT2sa  0.0290     cL  0.2614
m Heli    56948.7 N      fpA        1.7 m^2          18.3 ft^2
Iyy Heli       33283.3 kg*m^2
Coordintats x,z    [m]         [ft]
Rotor      :  -0.01   2.07       -0.02   6.79
Rudder     :   8.55   2.10       28.06   6.89
Fin        :   9.45   2.84       31.00   9.33
H-Stab     :   8.80   0.50       28.88   1.64
Wing       :  -4.70   0.00      -15.42   0.00
Propeller  :  -4.66  -0.05      -15.30  -0.15
### Var ###
mu             24.667  vFlight     88.9 kn
thtaClmb      -0.0000     -0.0000°
cTsReq    0.08338    cTReq    0.00764    cT2saReq    0.02902
alfaD     224.93°    thtaClmb      -0.00°    thtaTrim      -4.20
trim iter 34     anorm 8.87068e-011

 ====== u - derivatives ===== 
fMR(1)        -0.101571   fMR(2)         0.003567   fMR(3)         0.053970
fTR(1)         0.000000   fTR(2)         0.000000   fTR(3)         0.000000
fFus(1)       -0.018323   fFus(2)       -0.000074   fFus(3)        0.006813
fFN(1)         0.000025   fFN(2)         0.001448   fFN(3)         0.000000
fHS(1)        -0.001367   fHS(2)         0.000000   fHS(3)        -0.006599
fPR(1)         0.000000   fPR(2)         0.000000   fPR(3)         0.000000
fCG(1)         0.000000   fCG(2)         0.000000   fCG(3)         0.000000
fR(1)  -7.0373291e-008   fR(2)   2.8658178e-009   fR(3)   3.1446308e-008

 Moment Equilibrium    1001 
mMR(1)        -0.019827   mMR(2)         0.111981   mMR(3)         0.000004
mTR(1)         0.000000   mTR(2)         0.000000   mTR(3)         0.000000
mFus(1)        0.000000   mFus(2)       -0.000469   mFus(3)        0.002356
mFN(1)         0.000719   mFN(2)        -0.000012   mFN(3)        -0.002386
mHS(1)         0.000000   mHS(2)        -0.010012   mHS(3)         0.000000
mPR(1)         0.000000   mPR(2)         0.000000   mPR(3)         0.000000
mR(1)  -6.3536845e-008   mR(2)   3.3773947e-007   mR(3)  -8.7766239e-011
QR  6.6725018e-013

 ====== q - derivatives ===== 
fMR(1)         0.748261   fMR(2)        -0.522030   fMR(3)         0.256550
fTR(1)         0.000000   fTR(2)         0.000000   fTR(3)         0.000000
fFus(1)        0.000001   fFus(2)        0.000000   fFus(3)       -0.000028
fFN(1)         0.000000   fFN(2)         0.000000   fFN(3)         0.000000
fHS(1)        -0.011046   fHS(2)         0.000000   fHS(3)        -0.404108
fPR(1)         0.000000   fPR(2)         0.000000   fPR(3)         0.000000
fCG(1)         0.000000   fCG(2)         0.000000   fCG(3)         0.000000
fR(1)   4.2797302e-007   fR(2)  -3.0305000e-007   fR(3)  -8.5682058e-008

 Moment Equilibrium    1002 
mMR(1)         1.394443   mMR(2)        -2.558137   mMR(3)        -0.000555
mTR(1)         0.000000   mTR(2)         0.000000   mTR(3)         0.000000
mFus(1)        0.000000   mFus(2)       -0.002667   mFus(3)        0.000000
mFN(1)         0.000000   mFN(2)         0.000000   mFN(3)         0.000000
mHS(1)         0.000000   mHS(2)        -0.619475   mHS(3)         0.000000
mPR(1)         0.000000   mPR(2)         0.000000   mPR(3)         0.000000
mR(1)   4.6412360e-006   mR(2)  -1.0585079e-005   mR(3)  -1.8471837e-009
QR -1.9386702e-012

 ====== w - derivatives ===== 
fMR(1)         0.037244   fMR(2)         0.039431   fMR(3)        -0.705064
fTR(1)         0.000000   fTR(2)         0.000000   fTR(3)         0.000000
fFus(1)        0.001728   fFus(2)        0.000000   fFus(3)       -0.053864
fFN(1)         0.000000   fFN(2)         0.000000   fFN(3)         0.000000
fHS(1)        -0.001058   fHS(2)         0.000000   fHS(3)        -0.038690
fPR(1)         0.000000   fPR(2)         0.000000   fPR(3)         0.000000
fCG(1)         0.000000   fCG(2)         0.000000   fCG(3)         0.000000
fR(1)   2.2016279e-008   fR(2)   2.2887434e-008   fR(3)  -4.6304232e-007

 Moment Equilibrium    1003 
mMR(1)        -0.088148   mMR(2)         0.094181   mMR(3)         0.000042
mTR(1)         0.000000   mTR(2)         0.000000   mTR(3)         0.000000
mFus(1)        0.000000   mFus(2)        0.004039   mFus(3)        0.000000
mFN(1)         0.000000   mFN(2)         0.000000   mFN(3)         0.000000
mHS(1)         0.000000   mHS(2)        -0.059309   mHS(3)         0.000000
mPR(1)         0.000000   mPR(2)         0.000000   mPR(3)         0.000000
mR(1)  -2.9332205e-007   mR(2)   1.2946529e-007   mR(3)   1.3960744e-010
QR  1.7522326e-012


=I=I=I=I=I= Iteration Results =I=I=I=I=I=
xMR   15.400    xcg   15.420    dxCG   -0.020    iRigMR   -9.2
cTs 0.17109   cT 0.01568   cLs 6.29567   cL 0.57691
aN     0.28342°    a1    0.15766°   b1    0.10824°
Br   aN    16.24°       a1    9.03°      b1    6.20°
716  aN    16.24°       a1    5.47°      b1    2.32°
mu  0.233133 lamD    0.00764    lamI    0.01574     mu*a1    0.02226     lamNf   -0.01462
A1S    0.03314°    B1S    0.09723°
A1S     1.90°    B1S     5.57°    alfD     5.73°   alfaNf     0.26°   alSm    -0.10°
thtaN     19.26°    thtaTR     6.70°
Trim   phi    -4.51°    thta     0.23°
vBx    44.58    vBy    -0.01    vBz     0.18
fMR(1)          2752.95   fMR(2)          4308.37   fMR(3)        -58508.98
fTR(1)             0.00   fTR(2)             0.00   fTR(3)             0.00
fPR(1)             0.00   fPR(2)             0.00   fPR(3)             0.00
fFus(1)        -2370.04   fFus(2)          -19.19   fFus(3)          847.41
fFN(1)             3.26   fFN(2)           188.20   fFN(3)             0.00
fHS(1)          -159.12   fHS(2)             0.00   fHS(3)           889.57
fCG(1)          -227.05   fCG(2)         -4477.38   fCG(3)         56772.01
fWN(1)            -0.00   fWN(2)             0.00   fWN(3)            -0.00
fR(1)   1.2914742e-007   fR(2)   3.1001036e-008   fR(3)  -5.1353019e-007

Moment Equilibrium
mMR(1)          -535.38   mMR(2)         -7567.69   mMR(3)            26.26
mTR(1)             0.00   mTR(2)             0.00   mTR(3)             0.00
mPR(1)             0.00   mPR(2)            -0.00   mPR(3)             0.00
mFus(1)            0.00   mFus(2)         -333.10   mFus(3)         1751.77
mFN(1)           535.38   mFN(2)            -9.28   mFN(3)         -1778.04
mHS(1)             0.00   mHS(2)          7910.06   mHS(3)             0.00
mWN(1)             0.00   mWN(2)             0.00   mWN(3)             0.00
mR(1)   1.1688553e-007   mR(2)  -6.0941275e-007   mR(3)   1.8917490e-010
==x=x===x===x=x==
MR Fx -6636.94    Fz -58196.49   thtaClmb    -0.00
dxMR    0.0912  Fx/Fz   -2.7°        mu   0.23313   oM  24.7  n  235.5

=I=I=I=I=I= End Of Iteration Results =I=I=I=I=I=


 R ._. R ._. << RotaryWingSim Data >> ._. R ._. R
              ### stability derivatives ###

       u              w            q         oM
x   -0.121236      0.037914     0.737216     0.222458
z    0.054183     -0.797624    -0.147583    -0.884595
m    0.101488      0.038912    -3.180279    -0.183084

      measured  data
       u                w              q
x   -0.026000       0.004000        0.321000
z   -0.030000      -0.850000       -0.025000
m    0.009000      -0.024000       -0.900000

Q    0.000000      -0.000000        0.000000       -0.000000

Xu      -0.121236       -703.80
Xw       0.037914        220.10
Xq       0.737216      24537.00
Zu       0.054183        314.54
Zw      -0.797624      -4630.35
Zwd      0.000000          0.00
Zq      -0.147583      -4912.05
Mu       0.101488        589.16
Mw       0.038912        225.89
Mwd      0.000000          0.00
Mq      -3.180279    -105850.32

##### SP and PH Mode ----- approximation ###
----- Short Period Mode -----
omega SP         0.8987
zeta  SP         2.2132
re  -1.9890 +   1.7744
re  -1.9890 -   1.7744

----- Phugoid Mode -----
omega PH         1.0028
zeta  PH         0.5491
re  -0.5506 +  0.8381j
re  -0.5506 -  0.8381j

A          1.0000
B          5.0792
C         12.4907
D         11.8240
E          7.1440

##### SP and PH Mode from quartic #####
A        1.000         1.000
B        4.099         4.099
C        1.213         1.213
D        0.855         0.855
E        0.815         0.815

Routh D      -10.172

M thta        -0.000 

z1  -3.82594    0.00000j
z2  -0.59415    0.00000j
z3   0.16048    0.57679j
z4   0.16048   -0.57679j

       Short Period                Phugoid
1   0.16239 -0.45512j        0.46318  0.45512j
2  -0.13260  0.00000j       -0.10443  0.00000j
3   0.08632 -0.01066j        0.01362  0.01066j
4   0.00761  0.02478j        0.03334 -0.02478j

dlc    34.30   dla    7.50   dle    1.28      dlp    0.07      dlt    0.00
thtaN  19.26°   A1S   1.90°   B1S   5.57°   thtaTR   6.70°
TrimAC phi LFr      -4.51°    thta       0.23°    psi       0.00°
