reading aircraft data from ./data/RotDatPuma1a.dat
reading Flight Data from ./data/fDataPuma2a.flt
reading Rotor Data from ./data/fDataPuma2a.flt


#### RotaryWingSim ####
rhoAir          1.2261 kg/m°
thtaN   10.95°   twist   -10.88°
mHeli          12798.00 lb

nRot      245.1 1/min    oM     25.67 rad/s
oMR       192.62 m/s     oMR   631.94 ft/s
aBlade         16.21 m^2

rRotTR       1.30 m
nRotTR       1662.7 1/min
oMTR    174.12
oMRTR   192.62 m/s    oMRTR   631.94 ft/s
sigmaTR   0.2621

Area Mrot     176.93 m^2
m blade        90.7 kg
I blade      3892.9 kg*m^2
gamRot         12.2700
sigma           0.0916


Trim phi       0.00°    thta      -4.20°    psi       0.00°   
vH     131.00 mph     vV       2538 fpm
cTs   0.07701078     cT  0.0071     cT2sa  0.0268     cL  0.1453
m Heli    56948.7 N      fpA        1.7 m^2          18.3 ft^2
Iyy Heli       33283.3 kg*m^2
Coordintats x,z    [m]         [ft]
Rotor      :  -0.01   2.07       -0.02   6.79
Rudder     :   8.55   2.10       28.06   6.89
Fin        :   9.45   2.84       31.00   9.33
H-Stab     :   8.80   0.50       28.88   1.64
Wing       :  -4.70   0.00      -15.42   0.00
Propeller  :  -4.66  -0.05      -15.30  -0.15
### Var ###
mu             25.667  vFlight    119.3 kn
thtaClmb      -0.2173    -12.4506°
cTsReq    0.07701    cTReq    0.00706    cT2saReq    0.02680
alfaD     234.05°    thtaClmb     -12.45°    thtaTrim      -4.20
trim iter 30     anorm 6.76569e-011

 ====== u - derivatives ===== 
fMR(1)        -0.019012   fMR(2)        -0.002386   fMR(3)         0.071391
fTR(1)         0.000000   fTR(2)         0.000000   fTR(3)         0.000000
fFus(1)       -0.023698   fFus(2)       -0.001444   fFus(3)       -0.031635
fFN(1)         0.000031   fFN(2)         0.001864   fFN(3)         0.000000
fHS(1)         0.000436   fHS(2)         0.000000   fHS(3)        -0.096057
fPR(1)         0.000004   fPR(2)         0.000000   fPR(3)         0.000000
fCG(1)         0.000000   fCG(2)         0.000000   fCG(3)         0.000000
fR(1)  -2.4515222e-008   fR(2)  -1.1400516e-009   fR(3)  -3.2716051e-008

 Moment Equilibrium    1001 
mMR(1)        -0.003131   mMR(2)         0.028030   mMR(3)        -0.000003
mTR(1)         0.000000   mTR(2)         0.000000   mTR(3)         0.000000
mFus(1)        0.000000   mFus(2)        0.000556   mFus(3)        0.003165
mFN(1)         0.000925   mFN(2)        -0.000016   mFN(3)        -0.003071
mHS(1)         0.000000   mHS(2)        -0.147516   mHS(3)         0.000000
mPR(1)         0.000000   mPR(2)         0.000000   mPR(3)         0.000000
mR(1)  -7.3782758e-009   mR(2)  -3.9589372e-007   mR(3)   3.0240699e-010
QR -1.3157767e-012

 ====== q - derivatives ===== 
fMR(1)         0.817614   fMR(2)        -0.241396   fMR(3)         0.244793
fTR(1)         0.000000   fTR(2)         0.000000   fTR(3)         0.000000
fFus(1)       -0.000047   fFus(2)        0.000000   fFus(3)       -0.000080
fFN(1)         0.000000   fFN(2)         0.000000   fFN(3)         0.000000
fHS(1)         0.012995   fHS(2)         0.000000   fHS(3)        -1.041946
fPR(1)         0.000000   fPR(2)         0.000000   fPR(3)         0.000000
fCG(1)         0.000000   fCG(2)         0.000000   fCG(3)         0.000000
fR(1)   4.8216041e-007   fR(2)  -1.4013312e-007   fR(3)  -4.6283428e-007

 Moment Equilibrium    1002 
mMR(1)         1.504368   mMR(2)        -2.607703   mMR(3)        -0.000257
mTR(1)         0.000000   mTR(2)         0.000000   mTR(3)         0.000000
mFus(1)        0.000000   mFus(2)       -0.002652   mFus(3)        0.000000
mFN(1)         0.000000   mFN(2)         0.000000   mFN(3)         0.000000
mHS(1)         0.000000   mHS(2)        -1.600858   mHS(3)         0.000000
mPR(1)         0.000000   mPR(2)         0.000000   mPR(3)         0.000000
mR(1)   5.0070037e-006   mR(2)  -1.4016326e-005   mR(3)  -8.5447027e-010
QR -2.4612239e-012

 ====== w - derivatives ===== 
fMR(1)         0.171856   fMR(2)         0.009972   fMR(3)        -0.757943
fTR(1)         0.000000   fTR(2)         0.000000   fTR(3)         0.000000
fFus(1)       -0.013035   fFus(2)        0.000000   fFus(3)       -0.022188
fFN(1)         0.000000   fFN(2)         0.000000   fFN(3)         0.000000
fHS(1)        -0.002666   fHS(2)         0.000000   fHS(3)         0.221236
fPR(1)         0.000000   fPR(2)         0.000000   fPR(3)         0.000000
fCG(1)         0.000000   fCG(2)         0.000000   fCG(3)         0.000000
fR(1)   9.0655684e-008   fR(2)   5.7902980e-009   fR(3)  -3.2447467e-007

 Moment Equilibrium    1003 
mMR(1)        -0.132519   mMR(2)         0.072007   mMR(3)         0.000011
mTR(1)         0.000000   mTR(2)         0.000000   mTR(3)         0.000000
mFus(1)        0.000000   mFus(2)        0.004969   mFus(3)        0.000000
mFN(1)         0.000000   mFN(2)         0.000000   mFN(3)         0.000000
mHS(1)         0.000000   mHS(2)         0.339900   mHS(3)         0.000000
mPR(1)         0.000000   mPR(2)         0.000000   mPR(3)         0.000000
mR(1)  -4.4110379e-007   mR(2)   1.3875024e-006   mR(3)   3.5015546e-011
QR  1.5592170e-011


=I=I=I=I=I= Iteration Results =I=I=I=I=I=
xMR   15.400    xcg   15.420    dxCG   -0.020    iRigMR   -9.2
cTs 0.06261   cT 0.00574   cLs 1.29594   cL 0.11875
aN     0.08591°    a1    0.05812°   b1    0.04681°
Br   aN     4.92°       a1    3.33°      b1    2.68°
716  aN     4.92°       a1    2.74°      b1    1.68°
mu  0.309819 lamD    0.02636    lamI    0.00925     mu*a1    0.01482     lamNf    0.01153
A1S    0.02679°    B1S    0.01002°
A1S     1.53°    B1S     0.57°    alfD     6.56°   alfaNf     3.82°   alSm     2.17°
thtaN     10.28°    thtaTR     6.71°
Trim   phi    -1.11°    thta     1.17°
vBx    58.13    vBy    -0.27    vBz    14.08
fMR(1)          5853.70   fMR(2)          1253.57   fMR(3)        -45837.90
fTR(1)             0.00   fTR(2)             0.00   fTR(3)             0.00
fPR(1)            -1.07   fPR(2)             0.00   fPR(3)             0.00
fFus(1)        -4550.75   fFus(2)         -487.24   fFus(3)        -6277.97
fFN(1)             6.38   fFN(2)           334.70   fFN(3)             0.00
fHS(1)          -148.97   fHS(2)             0.00   fHS(3)         -4810.44
fCG(1)         -1159.29   fCG(2)         -1101.04   fCG(3)         56926.30
fWN(1)            -0.00   fWN(2)             0.00   fWN(3)            -0.00
fR(1)   1.5521872e-008   fR(2)   9.6974873e-009   fR(3)  -1.9564657e-007

Moment Equilibrium
mMR(1)          -952.16   mMR(2)         40542.27   mMR(3)             7.64
mTR(1)             0.00   mTR(2)             0.00   mTR(3)             0.00
mPR(1)             0.00   mPR(2)            -0.05   mPR(3)             0.00
mFus(1)            0.00   mFus(2)         1745.91   mFus(3)         3154.58
mFN(1)           952.16   mFN(2)           -18.14   mFN(3)         -3162.22
mHS(1)             0.00   mHS(2)        -42269.99   mHS(3)             0.00
mWN(1)             0.00   mWN(2)             0.00   mWN(3)             0.00
mR(1)   2.5808663e-007   mR(2)   9.8144529e-008   mR(3)   5.9117156e-011
==x=x===x===x=x==
MR Fx -1550.22    Fz -46184.15   thtaClmb   -12.45
dxMR    0.2561  Fx/Fz   -7.3°        mu   0.30982   oM  25.7  n  245.1

=I=I=I=I=I= End Of Iteration Results =I=I=I=I=I=


 R ._. R ._. << RotaryWingSim Data >> ._. R ._. R
              ### stability derivatives ###

       u              w            q         oM
x   -0.042239      0.156155     0.830562     0.026729
z   -0.056301     -0.558885    -0.797223    -0.336965
m   -0.118946      0.416876    -4.211213     0.029488

      measured  data
       u                w              q
x   -0.090000       0.110000        0.092100
z    0.010000      -1.100000        0.140000
m    0.007000       0.005000       -0.025000

Q   -0.000000      -0.000000        0.000000       -0.000000

Xu      -0.042239       -245.20
Xw       0.156155        906.51
Xq       0.830562      27643.87
Zu      -0.056301       -326.84
Zw      -0.558885      -3244.42
Zwd      0.000000          0.00
Zq      -0.797223     -26534.25
Mu      -0.118946       -690.50
Mw       0.416876       2420.04
Mwd      0.000000          0.00
Mq      -4.211213    -140163.25

##### SP and PH Mode ----- approximation ###
----- Short Period Mode -----
negative oMg2_SP

----- Phugoid Mode -----
omega PH         0.2004
zeta  PH         0.2400
re  -0.0481 +  0.1946j
re  -0.0481 -  0.1946j

##### SP and PH Mode from quartic #####
A        1.000         1.000
B        4.812         4.812
C      -22.886       -22.886
D       -2.060        -2.060
E       -0.882        -0.882

Routh D      243.067

M thta        -0.000 

z1  -7.73761    0.00000j
z2   3.02102    0.00000j
z3  -0.04787    0.18830j
z4  -0.04787   -0.18830j

       Short Period                Phugoid
1   0.05935  0.00000j        1.90282  0.00000j
2   0.00776  0.00000j        0.61405  0.00000j
3  -0.18137  0.00000j        0.00722  0.00000j
4  -0.00408  0.00000j        0.00198  0.00000j

dlc    18.32   dla    6.92   dle   -5.59      dlp    0.07      dlt   -0.00
thtaN  10.28°   A1S   1.53°   B1S   0.57°   thtaTR   6.71°
TrimAC phi LFr      -1.11°    thta       1.17°    psi       0.00°
