reading aircraft data from ./data/RotDatUH-60a.dat
reading Flight Data from ./data/fDataUH-60_1NN.flt
reading Rotor Data from ./data/fDataUH-60_1NN.flt


#### RotaryWingSim ####
rhoAir          1.2261 kg/m°
thtaN   24.68°   twist   -18.00°
mHeli          15350.00 lb

nRot      257.8 1/min    oM     27.00 rad/s
oMR       220.80 m/s     oMR   724.41 ft/s
aBlade         17.25 m^2

rRotTR       1.30 m
nRotTR       1662.7 1/min
oMTR    174.12
oMRTR   220.80 m/s    oMRTR   724.41 ft/s
sigmaTR   0.1049

Area Mrot     210.10 m^2
m blade        93.9 kg
I blade       379.8 kg*m^2
gamRot          8.2700
sigma           0.0821


Trim phi       0.00°    thta      -0.10°    psi      -0.10°   
vH     112.48 mph     vV          0 fpm
cTs   0.06624826     cT  0.0054     cT2sa  0.0231     cL  0.2093
m Heli    68304.7 N      fpA        2.2 m^2          23.3 ft^2
Iyy Heli       54256.0 kg*m^2
Coordintats x,z    [m]         [ft]
Rotor      :   0.09   1.68        0.30   5.50
Rudder     :   5.08   3.01       16.67   9.89
Fin        :   5.57   2.84       18.28   9.33
H-Stab     :   9.20   0.62       30.20   2.04
Wing       :  -8.57   0.00      -28.13   0.00
Propeller  :  -7.44   0.00      -24.41   0.00
### Var ###
mu             27.000  vFlight    100.0 kn
thtaClmb      -0.0000     -0.0000°
cTsReq    0.06625    cTReq    0.00544    cT2saReq    0.02312
alfaD     246.21°    thtaClmb      -0.00°    thtaTrim      -0.10
trim iter 32     anorm 3.87984e-010

 ====== u - derivatives ===== 
fMR(1)        -0.056590   fMR(2)         0.003314   fMR(3)         0.037410
fTR(1)         0.000000   fTR(2)        -0.000000   fTR(3)         0.000000
fFus(1)       -0.021882   fFus(2)        0.000244   fFus(3)        0.002151
fFN(1)        -0.000119   fFN(2)        -0.000086   fFN(3)         0.000000
fHS(1)        -0.003753   fHS(2)         0.000000   fHS(3)        -0.014187
fPR(1)         0.000000   fPR(2)         0.000000   fPR(3)         0.000000
fCG(1)         0.000000   fCG(2)         0.000000   fCG(3)         0.000000
fR(1)  -5.7338938e-008   fR(2)   2.4688518e-009   fR(3)   1.7728704e-008

 Moment Equilibrium    1001 
mMR(1)         0.000087   mMR(2)         0.001542   mMR(3)        -0.000005
mTR(1)        -0.000000   mTR(2)         0.000000   mTR(3)         0.000000
mFus(1)        0.000000   mFus(2)       -0.000092   mFus(3)        0.000123
mFN(1)        -0.000004   mFN(2)         0.000005   mFN(3)         0.000007
mHS(1)         0.000000   mHS(2)        -0.002012   mHS(3)         0.000000
mPR(1)         0.000000   mPR(2)         0.000000   mPR(3)         0.000000
mR(1)   3.8531880e-009   mR(2)  -2.4710972e-008   mR(3)   5.3282747e-009
QR  3.5585508e-012
mU -5.5645171e-004

 ====== q - derivatives ===== 
fMR(1)         0.608561   fMR(2)        -0.418687   fMR(3)         0.112210
fTR(1)         0.000000   fTR(2)         0.000000   fTR(3)         0.000000
fFus(1)        0.000000   fFus(2)        0.000000   fFus(3)       -0.000003
fFN(1)         0.000000   fFN(2)         0.000000   fFN(3)         0.000000
fHS(1)        -0.016049   fHS(2)         0.000000   fHS(3)        -0.912822
fPR(1)         0.000000   fPR(2)         0.000000   fPR(3)         0.000000
fCG(1)         0.000000   fCG(2)         0.000000   fCG(3)         0.000000
fR(1)   4.1254699e-007   fR(2)  -2.9147029e-007   fR(3)  -5.5737754e-007

 Moment Equilibrium    1002 
mMR(1)        -0.011015   mMR(2)        -0.015849   mMR(3)         0.000601
mTR(1)         0.000000   mTR(2)         0.000000   mTR(3)         0.000000
mFus(1)        0.000000   mFus(2)        0.000000   mFus(3)        0.000000
mFN(1)         0.000000   mFN(2)         0.000000   mFN(3)         0.000000
mHS(1)         0.000000   mHS(2)        -0.131688   mHS(3)         0.000000
mPR(1)         0.000000   mPR(2)         0.000000   mPR(3)         0.000000
mR(1)  -4.8855145e-007   mR(2)  -6.5461297e-006   mR(3)   2.6393081e-008
QR -8.6066161e-012

 ====== w - derivatives ===== 
fMR(1)         0.075879   fMR(2)        -0.008125   fMR(3)        -0.740495
fTR(1)         0.000000   fTR(2)         0.000000   fTR(3)         0.000000
fFus(1)        0.002219   fFus(2)        0.000000   fFus(3)       -0.016173
fFN(1)         0.000000   fFN(2)         0.000000   fFN(3)         0.000000
fHS(1)        -0.000762   fHS(2)         0.000000   fHS(3)        -0.053755
fPR(1)         0.000000   fPR(2)         0.000000   fPR(3)         0.000000
fCG(1)         0.000000   fCG(2)         0.000000   fCG(3)         0.000000
fR(1)   5.3842171e-008   fR(2)  -5.6060969e-009   fR(3)  -5.6420239e-007

 Moment Equilibrium    1003 
mMR(1)        -0.000214   mMR(2)        -0.003059   mMR(3)         0.000012
mTR(1)         0.000000   mTR(2)         0.000000   mTR(3)         0.000000
mFus(1)        0.000000   mFus(2)        0.000738   mFus(3)        0.000000
mFN(1)         0.000000   mFN(2)         0.000000   mFN(3)         0.000000
mHS(1)         0.000000   mHS(2)        -0.007757   mHS(3)         0.000000
mPR(1)         0.000000   mPR(2)         0.000000   mPR(3)         0.000000
mR(1)  -9.3288008e-009   mR(2)  -4.4714552e-007   mR(3)   2.5374902e-010
QR  2.7984673e-011
mW -1.0077326e-002


=I=I=I=I=I= Iteration Results =I=I=I=I=I=
xMR   28.433    xcg   28.133    dxCG    0.300    iRigMR   -3.0
cTs 0.13451   cT 0.01104   cLs 5.40217   cL 0.44351
aN     0.14389°    a1    0.11089°   b1    0.05908°
Br   aN     8.24°       a1    6.35°      b1    3.39°
716  aN     8.24°       a1    3.97°      b1    1.05°
mu  0.223069 lamD    0.00851    lamI    0.01211     mu*a1    0.01544     lamNf   -0.00694
A1S   -0.02438°    B1S    0.13847°
A1S    -1.40°    B1S     7.93°    alfD     5.28°   alfaNf     1.31°   alSm    -3.97°
thtaN     21.60°    thtaTR    -0.12°
Trim   phi     0.12°    thta     0.10°
vBx    50.15    vBy     0.09    vBz     0.09
fMR(1)          4588.32   fMR(2)          -503.85   fMR(3)        -70268.24
fTR(1)             0.00   fTR(2)           308.46   fTR(3)             0.00
fPR(1)             0.00   fPR(2)             0.00   fPR(3)             0.00
fFus(1)        -3819.40   fFus(2)           85.14   fFus(3)          369.77
fFN(1)           -20.71   fFN(2)           -29.94   fFN(3)             0.00
fHS(1)          -628.48   fHS(2)             0.00   fHS(3)          1594.04
fCG(1)          -119.73   fCG(2)           140.20   fCG(3)         68304.43
fWN(1)            -0.00   fWN(2)             0.00   fWN(3)            -0.00
fR(1)   1.0754056e-007   fR(2)  -7.8866549e-009   fR(3)  -5.3684479e-007

Moment Equilibrium
mMR(1)          -844.66   mMR(2)        -14117.19   mMR(3)            46.07
mTR(1)           929.84   mTR(2)             0.00   mTR(3)         -1567.00
mPR(1)             0.00   mPR(2)            -0.00   mPR(3)             0.00
mFus(1)            0.00   mFus(2)        -1004.11   mFus(3)         1354.06
mFN(1)           -85.18   mFN(2)            58.92   mFN(3)           166.87
mHS(1)             0.00   mHS(2)         15062.38   mHS(3)             0.00
mWN(1)             0.00   mWN(2)             0.00   mWN(3)             0.00
mR(1)  -1.3151862e-008   mR(2)   4.8218047e-008   mR(3)   4.6225068e-010
==x=x===x===x=x==
MR Fx   904.48    Fz -70412.07   thtaClmb    -0.00   torque 33662.00
dxMR    0.2009  Fx/Fz   -3.7°        mu   0.22307   oM  27.0  n  257.8

=I=I=I=I=I= End Of Iteration Results =I=I=I=I=I=


         ### stability derivatives ###
 R ._. R ._. << RotaryWingSim Data >> ._. R ._. R

       u              w            q         oM
x   -0.082344      0.077336     0.592512     0.154458
z    0.025372     -0.810404    -0.800602    -0.771113
m   -0.000556     -0.010077    -0.147537     0.001087

      measured  data
       u                w              q
x   -0.056400       0.136300        0.527100
z    0.127600      -0.841800       -1.318600
m    0.015900      -0.030000       -0.660100

Q    0.000000      -0.000000        0.000000       -0.000000

Xu      -0.082344       -573.34
Xw       0.077336        538.47
Xq       0.592512      32147.32
Zu       0.025372        176.66
Zw      -0.810404      -5642.65
Zwd      0.000000          0.00
Zq      -0.800602     -43437.48
Mu      -0.000556         -3.87
Mw      -0.010077        -70.17
Mwd      0.000000          0.00
Mq      -0.147537      -8004.75

##### SP and PH Mode ----- approximation ###
----- Short Period Mode -----
omega SP         0.7854
zeta  SP         0.6098
re  -0.4790 +  0.6224j
re  -0.4790 -  0.6224j

----- Phugoid Mode -----
negative oMg2_PH

##### SP and PH Mode from quartic #####
A        1.000         1.000
B        1.040         1.040
C        0.694         0.694
D        0.048         0.048
E       -0.007        -0.007

Routh D        0.040

M thta        -0.000 

z1  -0.47287    0.62636j
z2  -0.47287   -0.62636j
z3  -0.16341    0.00000j
z4   0.06887    0.00000j

       Short Period                Phugoid
1  -0.37598  0.00000j       -0.00103  0.00000j
2  -1.94791  0.00000j       -0.02518  0.00000j
3  -0.01313  0.00000j       -0.00018  0.00000j
4  -0.01519  0.00000j        0.02345  0.00000j


----- Phugoid Mode -----
omega PH         0.7848
zeta  PH        -0.6025
period PH       10.0313
tHalf  PH        1.4658
N half PH        0.1461

----- Short Period Mode -----
omega SP         0.1634
zeta  SP        -1.0000
period SP   --------
tHalf  SP        4.2417
N half SP        0.0000

omega SP         0.0689
zeta  SP         1.0000
period SP   --------
tHalf  SP       10.0643
N half SP        0.0000


 M _ _ M _ _ << Measured Data >> _ _ M _ _ M
Xu      -0.056400       -392.70
Xw       0.136300        949.02
Xq       0.527100      28598.34
Zu       0.127600        888.45
Zw      -0.841800      -5861.25
Zwd      0.000000          0.00
Zq      -1.318600     -71541.96
Mu       0.015900        110.71
Mw      -0.030000       -208.88
Mwd      0.000000          0.00
Mq      -0.660100     -35814.39

##### SP and PH Mode ----- approximation ###
----- Short Period Mode -----
omega SP         1.4215
zeta  SP         0.5283
re  -0.7510 +  1.2069j
re  -0.7510 -  1.2069j

----- Phugoid Mode -----
omega PH         0.2126
zeta  PH         0.1862
re  -0.0396 +  0.2088j
re  -0.0396 -  0.2088j

A          1.0000
B          1.5811
C          2.1846
D          0.2278
E          0.0913

##### SP and PH Mode from quartic #####
A        1.000         1.000
B        1.558         1.558
C        2.079         2.079
D        0.148         0.148
E        0.094         0.094

Routh D        0.229

M thta        -0.000 

z1  -0.76005    1.18162j
z2  -0.76005   -1.18162j
z3  -0.01910    0.21709j
z4  -0.01910   -0.21709j

       Short Period                Phugoid
1   0.14117  0.00000j       -1.83313  0.00000j
2   1.99235  0.00000j       -0.79190  0.00000j
3   0.00297  0.00000j       -0.00901  0.00000j
4   0.02785  0.00000j       -0.00452  0.00000j


----- Phugoid Mode -----
omega PH         0.2179
zeta  PH        -0.0876
period PH       28.9421
tHalf  PH       36.2908
N half PH        1.2539

----- Short Period Mode -----
omega SP         1.4050
zeta  SP        -0.5410
period SP        5.3174
tHalf  SP        0.9120
N half SP        0.1715

dlc    38.47   dla    2.22   dle    4.52      dlp    4.33      dlt    0.00
thtaN  21.60°   A1S  -1.40°   B1S   7.93°   thtaTR  -0.12°
TrimAC phi LFr       0.12°    thta       0.10°    psi      -0.10°
