reading aircraft data from ./data/RotDatR4B_Fa.dat
reading Flight Data from ./data/fDataR4B_40mph.flt
reading Rotor Data from ./data/fDataR4B_40mph.flt


    #### RotaryWingSim ####
rhoAir        1.1553 kg/m³
thtaN    2.68°   twist    -8.00°
mHeli          2266.00 lb

nRot      233.0 1/min    oM     24.40 rad/s
oMR       141.30 m/s     oMR   463.59 ft/s
aBlade          4.43 m^2

rRotTR       1.91 m
nRotTR       1662.7 1/min
oMTR    174.12
oMRTR   141.30 m/s    oMRTR   463.59 ft/s
sigmaTR   0.0173

Area Mrot     105.36 m^2
m blade         5.4 kg
I blade        60.9 kg*m^2 estimated
gamRot         15.0000
sigma           0.0420


Trim phi       0.00°    thta      -0.10°    psi      -0.10°   
vH      40.10 mph     vV          0 fpm
cTs  0.098773     cT  0.0041     cT2sa  0.0345     cL  0.5144
m Heli    10083.3 N      fpA        1.9 m^2          20.0 ft^2
Iyy Heli        2712.8 kg*m^2
Coordintats x,z    [m]         [ft]
Rotor      :   0.02   1.68        0.05   5.50
Rudder     :   7.48   1.52       24.55   5.00
Fin        :   3.86   0.71       12.65   2.33
H-Stab     :   4.04   0.02       13.25   0.06
Wing       :  -1.97   0.00       -6.45   0.00
Propeller  :  -0.83   0.00       -2.73   0.00
### Var ###
mu             24.400  vFlight     35.7 kn
thtaClmb      -0.0000     -0.0000°
cTsReq    0.09877    cTReq    0.00415    cT2saReq    0.03448
alfaD   13349.92°    thtaClmb      -0.00°    thtaTrim      -0.10
trim iter 32     anorm 5.76165e-010

   deriv 3104
       u                w              q
x   -0.149871      0.118088     0.045261
z   -0.060449     -1.087730     0.164878
m    0.041082     -0.074719    -0.006938

 ====== u - derivatives ===== 
fMR(1)        -0.043451   fMR(2)         0.008623   fMR(3)        -0.081954
fTR(1)         0.000000   fTR(2)        -0.000000   fTR(3)         0.000000
fFus(1)       -0.041870   fFus(2)        0.000196   fFus(3)        0.001791
fFN(1)        -0.004056   fFN(2)        -0.000116   fFN(3)         0.000000
fHS(1)        -0.000000   fHS(2)         0.000000   fHS(3)         0.000000
fPR(1)         0.000000   fPR(2)         0.000000   fPR(3)         0.000000
fCG(1)         0.000000   fCG(2)         0.000000   fCG(3)         0.000000
fR(1)  -9.1865645e-009   fR(2)   9.6111430e-010   fR(3)  -8.2473358e-009

 Moment Equilibrium    1001 
mMR(1)         0.005477   mMR(2)         0.027126   mMR(3)        -0.000050
mTR(1)        -0.000000   mTR(2)         0.000000   mTR(3)         0.000000
mFus(1)        0.000000   mFus(2)       -0.000455   mFus(3)        0.002374
mFN(1)        -0.000031   mFN(2)         0.001093   mFN(3)         0.000169
mHS(1)         0.000000   mHS(2)         0.000000   mHS(3)         0.000000
mPR(1)         0.000000   mPR(2)         0.000000   mPR(3)         0.000000
mR(1)   1.5787656e-009   mR(2)   7.5314571e-009   mR(3)   1.7746515e-010
QR  2.0795109e-011
mU  2.7763942e-002

 ====== q - derivatives ===== 
fMR(1)         0.161280   fMR(2)        -0.577729   fMR(3)         0.153255
fTR(1)         0.000000   fTR(2)         0.000000   fTR(3)         0.000000
fFus(1)       -0.001526   fFus(2)        0.000000   fFus(3)       -0.003240
fFN(1)         0.000000   fFN(2)         0.000000   fFN(3)         0.000000
fHS(1)         0.000000   fHS(2)         0.000000   fHS(3)        -0.000001
fPR(1)         0.000000   fPR(2)         0.000000   fPR(3)         0.000000
fCG(1)         0.000000   fCG(2)         0.000000   fCG(3)         0.000000
fR(1)   1.6420486e-008   fR(2)  -5.9315813e-008   fR(3)   1.5412259e-008

 Moment Equilibrium    1002 
mMR(1)        -0.366959   mMR(2)        -0.101556   mMR(3)         0.003336
mTR(1)         0.000000   mTR(2)         0.000000   mTR(3)         0.000000
mFus(1)        0.000000   mFus(2)        0.002738   mFus(3)        0.000000
mFN(1)         0.000000   mFN(2)         0.000000   mFN(3)         0.000000
mHS(1)         0.000000   mHS(2)        -0.000001   mHS(3)         0.000000
mPR(1)         0.000000   mPR(2)         0.000000   mPR(3)         0.000000
mR(1)  -9.9447192e-008   mR(2)  -2.6807883e-008   mR(3)   4.0597570e-010
QR -3.4931698e-011

 ====== w - derivatives ===== 
fMR(1)        -0.027660   fMR(2)        -0.006074   fMR(3)        -0.773744
fTR(1)         0.000000   fTR(2)         0.000000   fTR(3)         0.000000
fFus(1)       -0.016611   fFus(2)        0.000000   fFus(3)       -0.040183
fFN(1)         0.000000   fFN(2)         0.000000   fFN(3)         0.000000
fHS(1)        -0.000000   fHS(2)         0.000000   fHS(3)         0.000000
fPR(1)         0.000000   fPR(2)         0.000000   fPR(3)         0.000000
fCG(1)         0.000000   fCG(2)         0.000000   fCG(3)         0.000000
fR(1)  -4.5503016e-009   fR(2)  -5.5782268e-010   fR(3)  -8.3668093e-008

 Moment Equilibrium    1003 
mMR(1)        -0.003858   mMR(2)         0.013101   mMR(3)         0.000035
mTR(1)         0.000000   mTR(2)         0.000000   mTR(3)         0.000000
mFus(1)        0.000000   mFus(2)        0.029799   mFus(3)        0.000000
mFN(1)         0.000000   mFN(2)         0.000000   mFN(3)         0.000000
mHS(1)         0.000000   mHS(2)         0.000000   mHS(3)         0.000000
mPR(1)         0.000000   mPR(2)         0.000000   mPR(3)         0.000000
mR(1)  -9.4529540e-010   mR(2)   1.1637623e-008   mR(3)  -4.8950710e-010
QR  1.0704947e-010
mW  4.2900206e-002


=I=I=I=I=I= Iteration Results =I=I=I=I=I=
xMR    6.500    xcg    6.450    dxCG    0.050    iRigMR    0.0
cTs 0.15437   cT 0.00648   cLs 18.19310   cL 0.76414
aN     0.31705°    a1    0.06424°   b1    0.07601°
Br   aN    18.17°       a1    3.68°      b1    4.36°
716  aN    18.17°       a1    2.65°      b1    1.78°
mu  0.125805 lamD    0.01764    lamI    0.01598     mu*a1    0.00582     lamNf    0.01181
A1S   -0.01952°    B1S    0.05932°
A1S    -1.12°    B1S     3.40°    alfD    14.96°   alfaNf    12.31°   alSm    -0.75°
thtaN     14.65°    thtaTR    -0.03°
Trim   phi    -0.02°    thta    -2.70°
vBx    17.86    vBy     0.03    vBz    -0.84
fMR(1)           -37.17   fMR(2)            -7.01   fMR(3)        -10056.04
fTR(1)             0.00   fTR(2)             8.70   fTR(3)             0.00
fPR(1)             0.00   fPR(2)             0.00   fPR(3)             0.00
fFus(1)         -400.25   fFus(2)            3.60   fFus(3)          -16.07
fFN(1)           -37.03   fFN(2)            -2.13   fFN(3)             0.00
fHS(1)            -0.00   fHS(2)             0.00   fHS(3)             0.00
fCG(1)           474.46   fCG(2)            -3.16   fCG(3)         10072.11
fWN(1)            -0.00   fWN(2)             0.00   fWN(3)            -0.00
fR(1)   2.6776802e-009   fR(2)  -6.5593442e-010   fR(3)  -7.9402563e-008

Moment Equilibrium
mMR(1)           -11.75   mMR(2)           -90.94   mMR(3)             0.11
mTR(1)            13.26   mTR(2)             0.00   mTR(3)           -65.09
mPR(1)             0.00   mPR(2)            -0.00   mPR(3)             0.00
mFus(1)            0.00   mFus(2)           64.60   mFus(3)           56.79
mFN(1)            -1.51   mFN(2)            26.34   mFN(3)             8.20
mHS(1)             0.00   mHS(2)             0.00   mHS(3)             0.00
mWN(1)             0.00   mWN(2)             0.00   mWN(3)             0.00
mR(1)  -1.1097701e-009   mR(2)  -5.1125230e-009   mR(3)  -4.8800075e-010
==x=x===x===x=x==
MR Fx   -37.17    Fz -10056.04   thtaClmb    -0.00   torque  2722.95
dxMR    0.0090  Fx/Fz    0.2°        mu   0.12581   oM  24.4  n  233.0

=I=I=I=I=I= End Of Iteration Results =I=I=I=I=I=


         ### stability derivatives ###
 R ._. R ._. << RotaryWingSim Data >> ._. R ._. R

       u              w            q         oM
x   -0.089377     -0.044271     0.159753     0.026050
z   -0.080167     -0.813934     0.150017    -0.772434
m    0.027764      0.007150    -0.098819    -0.018845

      measured  data
       u                w              q
x   -0.090000       0.110000        0.092100
z    0.010000      -1.100000        0.140000
m    0.007000       0.005000       -0.025000

Q    0.000000      -0.000000        0.000000       -0.000000

Xu      -0.089377        -91.87
Xw      -0.044271        -45.50
Xq       0.159753        433.38
Zu      -0.080167        -82.40
Zw      -0.813934       -836.61
Zwd      0.000000          0.00
Zq       0.150017        406.97
Mu       0.027764         28.54
Mw       0.007150          7.35
Mwd      0.000000          0.00
Mq      -0.098819       -268.08

##### SP and PH Mode ----- approximation ###
----- Short Period Mode -----
negative oMg2_SP

----- Phugoid Mode -----
negative oMg2_PH

##### SP and PH Mode from quartic #####
A        1.000         1.000
B        1.002         1.002
C        0.025         0.025
D        0.286         0.286
E        0.216         0.216

Routh D       -0.292

M thta        -0.000 

z1  -1.05134    0.00000j
z2   0.29067   -0.54929j
z3   0.29067    0.54929j
z4  -0.53213   -0.00000j

       Short Period                Phugoid
1   1.73036  0.00000j       -0.25825 -0.00000j
2  -0.09332 -0.00000j        1.89103  0.00000j
3   0.03212 -0.00000j        0.00002  0.00000j
4  -0.06609 -0.00000j       -0.01139  0.00000j

