reading aircraft data from ./data/RotDatR4B_1.dat
reading Flight Data from ./data/fDataR4B_no11.flt
reading Rotor Data from ./data/fDataR4B_no11.flt


#### RotaryWingSim ####
rhoAir          1.1513 kg/m°
thtaN    3.50°   twist     0.00°
mHeli          2546.00 lb

nRot      226.0 1/min    oM     23.67 rad/s
oMR       137.06 m/s     oMR   449.67 ft/s
aBlade          6.32 m^2

rRotTR       1.91 m
nRotTR       1662.7 1/min
oMTR    174.12
oMRTR   137.06 m/s    oMRTR   449.67 ft/s
sigmaTR   0.0173

Area Mrot     105.36 m^2
m blade         5.4 kg
I blade        60.9 kg*m^2 estimated
gamRot         15.0000
sigma           0.0600


Trim phi       0.00°    thta      -2.40°    psi       0.00°   
vH      66.87 mph     vV       1600 fpm
cTs   0.08279161     cT  0.0050     cT2sa  0.0289     cL  0.1940
m Heli    11329.2 N      fpA        1.9 m^2          20.0 ft^2
Iyy Heli        2712.8 kg*m^2
Coordintats x,z    [m]         [ft]
Rotor      :   0.04   1.68        0.12   5.50
Rudder     :   7.50   1.52       24.62   5.00
Fin        :   3.88   0.71       12.72   2.33
H-Stab     :   4.06   0.02       13.32   0.06
Wing       :  -1.95   0.00       -6.38   0.00
Propeller  :  -0.81   0.00       -2.66   0.00
### Var ###
mu             23.667  vFlight     61.6 kn
thtaClmb      -0.2662    -15.2510°
cTsReq    0.08279    cTReq    0.00497    cT2saReq    0.02890
alfaD     215.81°    thtaClmb     -15.25°    thtaTrim      -2.40
trim iter 33     anorm 4.51397e-010

 ====== u - derivatives ===== 
fMR(1)        -0.027546   fMR(2)        -0.000263   fMR(3)        -0.009624
fTR(1)         0.000000   fTR(2)        -0.000000   fTR(3)         0.000000
fFus(1)       -0.062505   fFus(2)       -0.000004   fFus(3)       -0.012332
fFN(1)        -0.006164   fFN(2)         0.000002   fFN(3)         0.000000
fHS(1)        -0.000000   fHS(2)         0.000000   fHS(3)        -0.000000
fPR(1)         0.000000   fPR(2)         0.000000   fPR(3)         0.000000
fCG(1)         0.000000   fCG(2)         0.000000   fCG(3)         0.000000
fR(1)  -1.1111422e-008   fR(2)   2.1465496e-011   fR(3)  -2.5318096e-009

 Moment Equilibrium    1001 
mMR(1)        -0.000032   mMR(2)         0.003369   mMR(3)         0.000001
mTR(1)        -0.000000   mTR(2)         0.000000   mTR(3)         0.000000
mFus(1)        0.000000   mFus(2)        0.000127   mFus(3)        0.000709
mFN(1)         0.000000   mFN(2)         0.000322   mFN(3)        -0.000001
mHS(1)         0.000000   mHS(2)        -0.000000   mHS(3)         0.000000
mPR(1)         0.000000   mPR(2)         0.000000   mPR(3)         0.000000
mR(1)   2.8578029e-011   mR(2)   5.9982568e-009   mR(3)   7.2239459e-010
QR  1.8976035e-011
mU  3.8180869e-003

 ====== q - derivatives ===== 
fMR(1)         0.704108   fMR(2)        -0.495290   fMR(3)         0.072863
fTR(1)         0.000000   fTR(2)         0.000000   fTR(3)         0.000000
fFus(1)       -0.003552   fFus(2)        0.000000   fFus(3)       -0.001269
fFN(1)         0.000000   fFN(2)         0.000000   fFN(3)         0.000000
fHS(1)        -0.000000   fHS(2)         0.000000   fHS(3)        -0.000000
fPR(1)         0.000000   fPR(2)         0.000000   fPR(3)         0.000000
fCG(1)         0.000000   fCG(2)         0.000000   fCG(3)         0.000000
fR(1)   8.0904885e-008   fR(2)  -5.7147253e-008   fR(3)   8.2729874e-009

 Moment Equilibrium    1002 
mMR(1)        -0.061035   mMR(2)        -0.086578   mMR(3)         0.001295
mTR(1)         0.000000   mTR(2)         0.000000   mTR(3)         0.000000
mFus(1)        0.000000   mFus(2)        0.000303   mFus(3)        0.000000
mFN(1)         0.000000   mFN(2)         0.000000   mFN(3)         0.000000
mHS(1)         0.000000   mHS(2)        -0.000000   mHS(3)         0.000000
mPR(1)         0.000000   mPR(2)         0.000000   mPR(3)         0.000000
mR(1)  -9.5809597e-008   mR(2)  -1.3554221e-007   mR(3)   1.6428601e-009
QR -3.1936858e-011

 ====== w - derivatives ===== 
fMR(1)         0.007336   fMR(2)        -0.017339   fMR(3)        -1.016327
fTR(1)         0.000000   fTR(2)         0.000000   fTR(3)         0.000000
fFus(1)       -0.035325   fFus(2)        0.000000   fFus(3)       -0.009707
fFN(1)         0.000000   fFN(2)         0.000000   fFN(3)         0.000000
fHS(1)        -0.000000   fHS(2)         0.000000   fHS(3)        -0.000000
fPR(1)         0.000000   fPR(2)         0.000000   fPR(3)         0.000000
fCG(1)         0.000000   fCG(2)         0.000000   fCG(3)         0.000000
fR(1)  -3.2322425e-009   fR(2)  -1.9502611e-009   fR(3)  -1.1848875e-007

 Moment Equilibrium    1003 
mMR(1)        -0.002137   mMR(2)        -0.003561   mMR(3)         0.000045
mTR(1)         0.000000   mTR(2)         0.000000   mTR(3)         0.000000
mFus(1)        0.000000   mFus(2)        0.003007   mFus(3)        0.000000
mFN(1)         0.000000   mFN(2)         0.000000   mFN(3)         0.000000
mHS(1)         0.000000   mHS(2)        -0.000000   mHS(3)         0.000000
mPR(1)         0.000000   mPR(2)         0.000000   mPR(3)         0.000000
mR(1)  -3.2773642e-009   mR(2)  -8.7020454e-010   mR(3)  -3.1994318e-010
QR  2.8211634e-010
mW -5.5384505e-004


=I=I=I=I=I= Iteration Results =I=I=I=I=I=
xMR    6.500    xcg    6.383    dxCG    0.117    iRigMR    0.0
cTs 0.08298   cT 0.00498   cLs 3.25253   cL 0.19515
aN     0.17155°    a1    0.06910°   b1    0.06545°
Br   aN     9.83°       a1    3.96°      b1    3.75°
716  aN     9.83°       a1    3.09°      b1    2.53°
mu  0.224974 lamD    0.01822    lamI    0.01067     mu*a1    0.01215     lamNf    0.00607
A1S   -0.01184°    B1S    0.07487°
A1S    -0.68°    B1S     4.29°    alfD     7.32°   alfaNf     4.22°   alSm    -1.20°
thtaN      4.55°    thtaTR     0.43°
Trim   phi    -0.01°    thta    -7.25°
vBx    30.60    vBy    -0.00    vBz     4.30
fMR(1)           -62.60   fMR(2)           -20.73   fMR(3)        -10973.95
fTR(1)             0.00   fTR(2)            22.76   fTR(3)             0.00
fPR(1)             0.00   fPR(2)             0.00   fPR(3)             0.00
fFus(1)        -1257.61   fFus(2)           -0.15   fFus(3)         -264.79
fFN(1)          -108.90   fFN(2)             0.09   fFN(3)             0.00
fHS(1)            -0.00   fHS(2)             0.00   fHS(3)            -0.00
fCG(1)          1429.11   fCG(2)            -1.97   fCG(3)         11238.73
fWN(1)            -0.00   fWN(2)             0.00   fWN(3)            -0.00
fR(1)   2.8770608e-009   fR(2)   2.7980573e-010   fR(3)  -7.0152741e-008

Moment Equilibrium
mMR(1)           -34.75   mMR(2)          -285.29   mMR(3)             0.74
mTR(1)            34.69   mTR(2)             0.00   mTR(3)          -170.78
mPR(1)             0.00   mPR(2)            -0.00   mPR(3)             0.00
mFus(1)            0.00   mFus(2)          207.84   mFus(3)          170.38
mFN(1)             0.06   mFN(2)            77.45   mFN(3)            -0.34
mHS(1)             0.00   mHS(2)            -0.00   mHS(3)             0.00
mWN(1)             0.00   mWN(2)             0.00   mWN(3)             0.00
mR(1)   4.6112092e-010   mR(2)  -7.5976090e-009   mR(3)  -3.9926817e-010
==x=x===x===x=x==
MR Fx   -62.60    Fz -10973.95   thtaClmb   -15.25   torque   185.86
dxMR    0.0260  Fx/Fz    0.3°        mu   0.22497   oM  23.7  n  226.0

=I=I=I=I=I= End Of Iteration Results =I=I=I=I=I=


         ### stability derivatives ###
 R ._. R ._. << RotaryWingSim Data >> ._. R ._. R

       u              w            q         oM
x   -0.096215     -0.027989     0.700556     0.024912
z   -0.021956     -1.026029     0.071602    -0.607487
m    0.003818     -0.000554    -0.086276    -0.004836

      measured  data
       u                w              q
x   -0.090000       0.110000        0.092100
z    0.010000      -1.100000        0.140000
m    0.007000       0.005000       -0.025000

Q    0.000000      -0.000000        0.000000       -0.000000

Xu      -0.096215       -111.12
Xw      -0.027989        -32.32
Xq       0.700556       1900.47
Zu      -0.021956        -25.36
Zw      -1.026029      -1184.93
Zwd      0.000000          0.00
Zq       0.071602        194.24
Mu       0.003818          4.41
Mw      -0.000554         -0.64
Mwd      0.000000          0.00
Mq      -0.086276       -234.05

##### SP and PH Mode ----- approximation ###
----- Short Period Mode -----
omega SP         0.3241
zeta  SP         1.7157
re  -0.5562 +   0.4519
re  -0.5562 -   0.4519

----- Phugoid Mode -----
omega PH         0.6064
zeta  PH         0.6227
re  -0.3776 +  0.4745j
re  -0.3776 -  0.4745j

A          1.0000
B          1.8676
C          1.7214
D          0.7969
E          0.1889

##### SP and PH Mode from quartic #####
A        1.000         1.000
B        1.209         1.209
C        0.240         0.240
D        0.080         0.080
E        0.039         0.039

Routh D       -0.040

M thta        -0.000 

z1  -1.01242    0.00000j
z2  -0.36667    0.00000j
z3   0.08528    0.31076j
z4   0.08528   -0.31076j

       Short Period                Phugoid
1   1.93113  0.00000j        0.78383  0.00000j
2   0.10702  0.00000j       -1.58049  0.00000j
3   0.01065  0.00000j       -0.01270  0.00000j
4  -0.04410  0.00000j        0.03380  0.00000j


 M _ _ M _ _ << Measured Data >> _ _ M _ _ M
Xu      -0.090000       -103.94
Xw       0.110000        127.04
Xq       0.092100        249.85
Zu       0.010000         11.55
Zw      -1.100000      -1270.35
Zwd      0.000000          0.00
Zq       0.140000        379.79
Mu       0.007000          8.08
Mw       0.005000          5.77
Mwd      0.000000          0.00
Mq      -0.025000        -67.82

##### SP and PH Mode ----- approximation ###
----- Short Period Mode -----
negative oMg2_SP

----- Phugoid Mode -----
negative oMg2_PH

##### SP and PH Mode from quartic #####
A        1.000         1.000
B        1.215         1.215
C        0.034         0.034
D        0.097         0.097
E        0.076         0.076

Routh D       -0.118

M thta        -0.000 

z1  -1.21002    0.00000j
z2   0.18529    0.36464j
z3   0.18529   -0.36464j
z4  -0.37557    0.00000j

       Short Period                Phugoid
1   1.86273  0.00000j       -0.79263  0.00000j
2  -0.00403  0.00000j       -0.54068  0.00000j
3   0.00801  0.00000j        0.01491  0.00000j
4  -0.05888  0.00000j       -0.03306  0.00000j


----- Phugoid Mode -----
omega PH         0.4090
zeta  PH         0.4530
period PH       17.2311
tHalf  PH        3.7408
N half PH        0.2171

----- Short Period Mode -----
omega SP         0.3756
zeta  SP        -1.0000
period SP   --------
tHalf  SP        1.8456
N half SP        0.0000

omega SP         1.2100
zeta  SP        -1.0000
period SP   --------
tHalf  SP        0.5728
N half SP        0.0000

dlc     8.10   dla    3.37   dle   -0.48      dlp    3.98      dlt    0.00
thtaN   4.55°   A1S  -0.68°   B1S   4.29°   thtaTR   0.43°
TrimAC phi LFr      -0.01°    thta      -7.25°    psi       0.00°
