reading aircraft data from ./data/PCA2ps2.dat
reading Flight Data from ./data/fDataPCA-2_A12_5.flt
reading Rotor Data from ./data/fDataPCA-2_A12_5.flt


    #### RotaryWingSim ####
rhoAir        1.0402 kg/m³
thtaN    2.68°   twist    -0.80°
mHeli          2868.00 lb

nRot      142.3 1/min    oM     14.90 rad/s
oMR       102.20 m/s     oMR   335.29 ft/s
aBlade         14.42 m^2
Area Mrot     147.76 m^2
m blade        35.8 kg
I blade       453.0 kg*m^2
gamRot         15.2207
sigma           0.0976


Trim phi       0.00°    thta      -5.30°    psi       0.00°   
vH      85.61 mph     vV       1771 fpm
cTs  0.081103     cT  0.0079     cT2sa  0.0285     cL  0.1067
m Heli    12762.1 N      fpA        1.6 m^2          17.2 ft^2
Iyy Heli        5425.6 kg*m^2
Coordintats x,z    [m]         [ft]
Rotor      :   0.02   1.83        0.07   6.00
Rudder     :   7.57   0.00       24.82   0.00
Fin        :   2.11   0.41        6.92   1.33
H-Stab     :   2.08   0.02        6.82   0.06
Wing       :   0.02  -0.30        0.08  -1.00
Propeller  :  -1.85  -0.03       -6.05  -0.10
### Var ###
mu             14.902  vFlight     78.2 kn
thtaClmb      -0.2315    -13.2622°
cTsReq    0.08110    cTReq    0.00792    cT2saReq    0.02846
alfaD     135.89°    thtaClmb     -13.26°    thtaTrim      -5.30
trim iter 2     anorm        NaN
