reading aircraft data from ./data/VPMM16t.dat
reading Flight Data from ./data/fDataVPMM16a2.flt
reading Rotor Data from ./data/fDataVPMM16a2.flt


#### RotaryWingSim ####
rhoAir          1.2261 kg/m°
thtaN    2.50°   twist     0.00°
mHeli           994.00 lb

nRot      353.3 1/min    oM     37.00 rad/s
oMR       152.25 m/s     oMR   499.50 ft/s
aBlade          1.81 m^2

rRotTR       0.08 m
nRotTR       1662.7 1/min
oMTR    174.12
oMRTR   152.25 m/s    oMRTR   499.50 ft/s
sigmaTR   0.1783

Area Mrot      53.19 m^2
m blade         9.1 kg     estimated
I blade        51.1 kg*m^2 estimated
gamRot          8.0000
sigma           0.0340


Trim phi      -0.60°    thta       1.20°    psi       0.00°   
vH      63.16 mph     vV          0 fpm
cTs   0.08591749     cT  0.0029     cT2sa  0.0299     cL  0.1697
m Heli     4423.1 N      fpA        0.9 m^2          10.0 ft^2
Iyy Heli         870.8 kg*m^2
Coordintats x,z    [m]         [ft]
Rotor      :   0.00   1.98        0.00   6.50
Rudder     :   8.08   0.00       26.50   0.00
Fin        :   2.93   1.32        9.60   4.33
H-Stab     :   2.50   0.02        8.20   0.06
Wing       :   0.02  -0.00        0.05  -0.00
Propeller  :  -1.33   0.00       -4.38   0.00
### Var ###
mu             37.000  vFlight     56.2 kn
thtaClmb      -0.0000     -0.0000°
cTsReq    0.08592    cTReq    0.00293    cT2saReq    0.02988
alfaD     337.40°    thtaClmb      -0.00°    thtaTrim       1.20
trim iter 26     anorm 3.15450e-011

 ====== u - derivatives ===== 
fMR(1)        -0.006831   fMR(2)        -0.000250   fMR(3)         0.030621
fTR(1)         0.000000   fTR(2)         0.000000   fTR(3)         0.000000
fFus(1)       -0.071697   fFus(2)       -0.000008   fFus(3)       -0.017070
fFN(1)        -0.001157   fFN(2)         0.001068   fFN(3)         0.000000
fHS(1)         0.004098   fHS(2)         0.000000   fHS(3)        -0.179987
fPR(1)        -0.022668   fPR(2)         0.000000   fPR(3)         0.000000
fCG(1)         0.000000   fCG(2)         0.000000   fCG(3)         0.000000
fR(1)  -4.4320719e-009   fR(2)   3.3244518e-011   fR(3)  -7.4821618e-009

 Moment Equilibrium    1001 
mMR(1)        -0.000257   mMR(2)         0.007007   mMR(3)         0.000000
mTR(1)         0.000000   mTR(2)         0.000000   mTR(3)         0.000000
mFus(1)        0.000000   mFus(2)       -0.000037   mFus(3)        0.001624
mFN(1)         0.000731   mFN(2)         0.000792   mFN(3)        -0.001619
mHS(1)         0.000000   mHS(2)        -0.232961   mHS(3)         0.000000
mPR(1)         0.000000   mPR(2)         0.000000   mPR(3)         0.000000
mR(1)   3.7736925e-011   mR(2)  -1.9607912e-008   mR(3)   8.4128260e-012
QR -1.0169296e-012

 ====== q - derivatives ===== 
fMR(1)         0.796935   fMR(2)        -0.314917   fMR(3)        -0.221404
fTR(1)         0.000000   fTR(2)         0.000000   fTR(3)         0.000000
fFus(1)       -0.019342   fFus(2)        0.000000   fFus(3)       -0.008917
fFN(1)         0.000000   fFN(2)         0.000000   fFN(3)         0.000000
fHS(1)        -0.002808   fHS(2)         0.000000   fHS(3)         0.053442
fPR(1)         0.000000   fPR(2)         0.000000   fPR(3)         0.000000
fCG(1)         0.000000   fCG(2)         0.000000   fCG(3)         0.000000
fR(1)   3.4932149e-008   fR(2)  -1.4202196e-008   fR(3)  -7.9531940e-009

 Moment Equilibrium    1002 
mMR(1)        -0.323043   mMR(2)        -0.817500   mMR(3)         0.000000
mTR(1)         0.000000   mTR(2)         0.000000   mTR(3)         0.000000
mFus(1)        0.000000   mFus(2)       -0.000479   mFus(3)        0.000000
mFN(1)         0.000000   mFN(2)         0.000000   mFN(3)         0.000000
mHS(1)         0.000000   mHS(2)         0.069187   mHS(3)         0.000000
mPR(1)         0.000000   mPR(2)         0.000000   mPR(3)         0.000000
mR(1)  -2.8134382e-008   mR(2)  -6.5202798e-008   mR(3)   7.9616314e-012
QR  3.4752507e-011

 ====== w - derivatives ===== 
fMR(1)         0.050969   fMR(2)        -0.005075   fMR(3)        -0.978122
fTR(1)         0.000000   fTR(2)         0.000000   fTR(3)         0.000000
fFus(1)       -0.078130   fFus(2)        0.000000   fFus(3)       -0.029664
fFN(1)         0.000000   fFN(2)         0.000000   fFN(3)         0.000000
fHS(1)        -0.027734   fHS(2)         0.000000   fHS(3)         0.524673
fPR(1)         0.000000   fPR(2)         0.000000   fPR(3)         0.000000
fCG(1)         0.000000   fCG(2)         0.000000   fCG(3)         0.000000
fR(1)  -2.4766267e-009   fR(2)  -2.3210589e-010   fR(3)  -2.1761004e-008

 Moment Equilibrium    1003 
mMR(1)        -0.005206   mMR(2)        -0.052284   mMR(3)         0.000000
mTR(1)         0.000000   mTR(2)         0.000000   mTR(3)         0.000000
mFus(1)        0.000000   mFus(2)       -0.003988   mFus(3)        0.000000
mFN(1)         0.000000   mFN(2)         0.000000   mFN(3)         0.000000
mHS(1)         0.000000   mHS(2)         0.679257   mHS(3)         0.000000
mPR(1)         0.000000   mPR(2)         0.000000   mPR(3)         0.000000
mR(1)  -4.5683990e-010   mR(2)   5.4252729e-008   mR(3)   7.9616314e-012
QR  1.3785344e-010


=I=I=I=I=I= Iteration Results =I=I=I=I=I=
xMR    4.500    xcg    4.500    dxCG    0.000    iRigMR    7.0
cTs 0.07242   cT 0.00247   cLs 4.79997   cL 0.16343
aN     0.07642°    a1    0.03532°   b1    0.02746°
Br   aN     4.38°       a1    2.02°      b1    1.57°
716  aN     4.38°       a1    1.71°      b1    0.90°
mu  0.169571 lamD    0.02870    lamI    0.00721     mu*a1    0.00505     lamNf    0.02365
A1S   -0.00200°    B1S    0.21429°
A1S    -0.11°    B1S    12.28°    alfD    11.96°   alfaNf    10.25°   alSm   -10.57°
thtaN      2.50°    thtaTR    -0.05°
Trim   phi    -0.03°    thta    15.63°
vBx    27.12    vBy    -0.00    vBz     7.59
fMR(1)           239.56   fMR(2)            -4.37   fMR(3)         -4292.13
fTR(1)             0.00   fTR(2)             0.00   fTR(3)             0.00
fPR(1)          1585.32   fPR(2)             0.00   fPR(3)             0.00
fFus(1)         -580.46   fFus(2)           -0.09   fFus(3)         -159.02
fFN(1)            -7.04   fFN(2)             6.56   fFN(3)             0.00
fHS(1)           -45.49   fHS(2)             0.00   fHS(3)           191.61
fCG(1)         -1191.72   fCG(2)            -2.09   fCG(3)          4259.55
fWN(1)            -0.17   fWN(2)             0.00   fWN(3)             0.00
fR(1)   8.2929558e-010   fR(2)   2.6076030e-011   fR(3)  -1.2136885e-008

Moment Equilibrium
mMR(1)            -8.66   mMR(2)          -474.62   mMR(3)             0.00
mTR(1)             0.00   mTR(2)             0.00   mTR(3)            -0.00
mPR(1)             0.00   mPR(2)            -0.00   mPR(3)             0.00
mFus(1)            0.00   mFus(2)          -14.45   mFus(3)           19.19
mFN(1)             8.66   mFN(2)             9.29   mFN(3)           -19.19
mHS(1)             0.00   mHS(2)           479.78   mHS(3)             0.00
mWN(1)             0.00   mWN(2)             0.00   mWN(3)             0.00
mR(1)   5.4669158e-011   mR(2)   3.0571680e-009   mR(3)   7.9616314e-012
==x=x===x===x=x==
MR Fx   760.86    Fz -4230.94   thtaClmb    -0.00   torque     0.00
dxMR    0.1106  Fx/Fz   -3.2°        mu   0.16957   oM  39.7  n  379.1

=I=I=I=I=I= End Of Iteration Results =I=I=I=I=I=


 R ._. R ._. << RotaryWingSim Data >> ._. R ._. R
              ### stability derivatives ###

       u              w            q         oM
x   -0.098270     -0.054900     0.774786     0.018422
z   -0.166437     -0.483127    -0.176884    -0.269674
m   -0.054729      0.151401    -0.181975     0.008524

      measured  data
       u                w              q
x    0.047000      -0.268000       -1.169000
z   -0.128000      -0.565000       -1.711500
m    0.021000      -0.064000       -1.055000

Q   -0.000000       0.000000        0.000000       -0.000000

Xu      -0.098270        -44.31
Xw      -0.054900        -24.75
Xq       0.774786        674.69
Zu      -0.166437        -75.04
Zw      -0.483127       -217.83
Zwd      0.000000          0.00
Zq      -0.176884       -154.03
Mu      -0.054729        -24.68
Mw       0.151401         68.26
Mwd      0.000000          0.00
Mq      -0.181975       -158.47

##### SP and PH Mode ----- approximation ###
----- Short Period Mode -----
negative oMg2_SP

----- Phugoid Mode -----
omega PH         0.3484
zeta  PH         0.3451
re  -0.1202 +  0.3270j
re  -0.1202 -  0.3270j

##### SP and PH Mode from quartic #####
A        1.000         1.000
B        0.763         0.763
C       -4.050        -4.050
D       -0.990        -0.990
E       -0.507        -0.507

Routh D        2.376

M thta        -0.000 

z1  -2.34778    0.00000j
z2   1.82924    0.00000j
z3  -0.12241    0.32089j
z4  -0.12241   -0.32089j

       Short Period                Phugoid
1   0.38205  0.00000j        1.88258  0.00000j
2   0.01135  0.00000j        0.67062  0.00000j
3  -0.14362  0.00000j        0.01934  0.00000j
4  -0.01572  0.00000j        0.00241  0.00000j

Xu       0.047000         21.19
Xw      -0.268000       -120.84
Xq      -1.169000      -1017.98
Zu      -0.128000        -57.71
Zw      -0.565000       -254.75
Zwd      0.000000          0.00
Zq      -1.711500      -1490.39
Mu       0.021000          9.47
Mw      -0.064000        -28.86
Mwd      0.000000          0.00
Mq      -1.055000       -918.70

##### SP and PH Mode ----- approximation ###
----- Short Period Mode -----
omega SP         1.5128
zeta  SP         0.5354
re  -0.8100 +  1.2777j
re  -0.8100 -  1.2777j

----- Phugoid Mode -----
omega PH         0.2842
zeta  PH         0.1345
re  -0.0382 +  0.2816j
re  -0.0382 -  0.2816j

A          1.0000
B          1.6965
C          2.4932
D          0.3058
E          0.1848

##### SP and PH Mode from quartic #####
A        1.000         1.000
B        1.573         1.573
C        2.203         2.203
D        0.235         0.235
E        0.197         0.197

Routh D        0.271

M thta        -0.000 

z1  -0.76518    1.20647j
z2  -0.76518   -1.20647j
z3  -0.02132    0.30975j
z4  -0.02132   -0.30975j

       Short Period                Phugoid
1   0.48436  0.00000j       -1.96319  0.00000j
2   1.86271  0.00000j       -0.35824  0.00000j
3  -0.01176  0.00000j       -0.01824  0.00000j
4   0.05616  0.00000j       -0.00171  0.00000j


----- Phugoid Mode -----
omega PH         0.3105
zeta  PH        -0.0687
period PH       20.2847
tHalf  PH       32.5189
N half PH        1.6031

----- Short Period Mode -----
omega SP         1.4287
zeta  SP        -0.5356
period SP        5.2079
tHalf  SP        0.9059
N half SP        0.1739

dlc     4.45   dla    4.27   dle   10.50      dlp    0.03      dlt    0.55
thtaN   2.50°   A1S  -0.11°   B1S  12.28°   thtaTR  -0.05°
TrimAC phi LFr      -0.03°    thta      15.63°    psi       0.00°
