reading aircraft data from ./data/RotDatR4B_Fa.dat
reading Flight Data from ./data/fDataR4B_F41.flt
reading Rotor Data from ./data/fDataR4B_F41.flt


    #### RotaryWingSim ####
rhoAir        1.0671 kg/m³
thtaN    2.68°   twist    -8.00°
mHeli          2486.00 lb
aBlade          4.43 m^2

rRotTR       1.91 m
nRotTR       1662.7 1/min
oMTR    174.12
oMRTR   127.36 m/s    oMRTR   417.83 ft/s
sigmaTR   0.0173

Area Mrot     105.36 m^2
m blade         5.4 kg
I blade        60.9 kg*m^2 estimated
gamRot         15.0000
sigma           0.0420


Trim phi       0.00°    thta      -2.40°    psi      -1.60°   
vH      63.36 mph     vV       1238 fpm
cTs  0.144299     cT  0.0061     cT2sa  0.0504     cL  0.2330
m Heli    11062.2 N      fpA        1.9 m^2          20.0 ft^2
Iyy Heli        2712.8 kg*m^2
Coordintats x,z    [m]         [ft]
Rotor      :   0.04   1.68        0.12   5.50
Rudder     :   7.50   1.52       24.62   5.00
Fin        :   3.88   0.71       12.72   2.33
H-Stab     :   4.06   0.02       13.32   0.06
Wing       :  -1.95   0.00       -6.38   0.00
Propeller  :  -0.81   0.00       -2.66   0.00
### Var ###
mu             21.991  vFlight     57.7 kn
thtaClmb      -0.2191    -12.5519°
cTsReq    0.14430    cTReq    0.00606    cT2saReq    0.05037
alfaD     200.54°    thtaClmb     -12.55°    thtaTrim      -2.40
trim iter 26     anorm 8.29627e-010

   deriv 3104
       u                w              q
x   -0.250575     -0.098546     0.127004
z   -0.212704     -1.190125     0.325528
m    0.070663      0.018125    -0.033914

 ====== u - derivatives ===== 
fMR(1)        -0.051169   fMR(2)         0.001649   fMR(3)         0.008178
fTR(1)         0.000000   fTR(2)         0.000000   fTR(3)         0.000000
fFus(1)       -0.054070   fFus(2)        0.003788   fFus(3)       -0.010461
fFN(1)        -0.003217   fFN(2)         0.003602   fFN(3)         0.000000
fHS(1)        -0.000000   fHS(2)         0.000000   fHS(3)        -0.000000
fPR(1)        -0.004233   fPR(2)         0.000000   fPR(3)         0.000000
fCG(1)         0.000000   fCG(2)         0.000000   fCG(3)         0.000000
fR(1)  -1.2585627e-008   fR(2)   1.0445547e-009   fR(3)   2.4955847e-010

 Moment Equilibrium    1001 
mMR(1)         0.000198   mMR(2)         0.006178   mMR(3)        -0.000004
mTR(1)         0.000000   mTR(2)         0.000000   mTR(3)         0.000000
mFus(1)        0.000000   mFus(2)        0.000265   mFus(3)        0.000502
mFN(1)         0.000184   mFN(2)         0.000164   mFN(3)        -0.001002
mHS(1)         0.000000   mHS(2)        -0.000000   mHS(3)         0.000000
mPR(1)         0.000000   mPR(2)         0.000000   mPR(3)         0.000000
mR(1)   5.9276495e-010   mR(2)   1.0134026e-008   mR(3)  -9.7419672e-010
QR  2.2022680e-011
mU  6.6075006e-003

 ====== q - derivatives ===== 
fMR(1)         0.748016   fMR(2)        -0.512048   fMR(3)         0.085961
fTR(1)         0.000000   fTR(2)         0.000000   fTR(3)         0.000000
fFus(1)       -0.006785   fFus(2)        0.000000   fFus(3)       -0.002432
fFN(1)         0.000000   fFN(2)         0.000000   fFN(3)         0.000000
fHS(1)        -0.000000   fHS(2)         0.000000   fHS(3)        -0.000000
fPR(1)         0.000000   fPR(2)         0.000000   fPR(3)         0.000000
fCG(1)         0.000000   fCG(2)         0.000000   fCG(3)         0.000000
fR(1)   8.3706670e-008   fR(2)  -5.7715852e-008   fR(3)   9.9265820e-009

 Moment Equilibrium    1002 
mMR(1)        -0.061614   mMR(2)        -0.089788   mMR(3)         0.001307
mTR(1)         0.000000   mTR(2)         0.000000   mTR(3)         0.000000
mFus(1)        0.000000   mFus(2)        0.000993   mFus(3)        0.000000
mFN(1)         0.000000   mFN(2)         0.000000   mFN(3)         0.000000
mHS(1)         0.000000   mHS(2)        -0.000000   mHS(3)         0.000000
mPR(1)         0.000000   mPR(2)         0.000000   mPR(3)         0.000000
mR(1)  -9.6805074e-008   mR(2)  -1.3974576e-007   mR(3)   1.8715269e-009
QR -3.8128457e-011

 ====== w - derivatives ===== 
fMR(1)        -0.025307   fMR(2)        -0.017316   fMR(3)        -0.679688
fTR(1)         0.000000   fTR(2)         0.000000   fTR(3)         0.000000
fFus(1)       -0.040464   fFus(2)        0.000000   fFus(3)       -0.011055
fFN(1)         0.000000   fFN(2)         0.000000   fFN(3)         0.000000
fHS(1)        -0.000000   fHS(2)         0.000000   fHS(3)        -0.000000
fPR(1)         0.000000   fPR(2)         0.000000   fPR(3)         0.000000
fCG(1)         0.000000   fCG(2)         0.000000   fCG(3)         0.000000
fR(1)  -7.2948690e-009   fR(2)  -1.9273898e-009   fR(3)  -7.7384909e-008

 Moment Equilibrium    1003 
mMR(1)        -0.002084   mMR(2)         0.001310   mMR(3)         0.000044
mTR(1)         0.000000   mTR(2)         0.000000   mTR(3)         0.000000
mFus(1)        0.000000   mFus(2)        0.005925   mFus(3)        0.000000
mFN(1)         0.000000   mFN(2)         0.000000   mFN(3)         0.000000
mHS(1)         0.000000   mHS(2)        -0.000000   mHS(3)         0.000000
mPR(1)         0.000000   mPR(2)         0.000000   mPR(3)         0.000000
mR(1)  -3.2812970e-009   mR(2)   1.1119726e-008   mR(3)  -1.1230838e-010
QR  2.9265011e-010
mW  7.2349210e-003


=I=I=I=I=I= Iteration Results =I=I=I=I=I=
xMR    6.500    xcg    6.383    dxCG    0.117    iRigMR    0.0
cTs 0.13989   cT 0.00588   cLs 5.41526   cL 0.22745
aN     0.28373°    a1    0.12074°   b1    0.10009°
Br   aN    16.26°       a1    6.92°      b1    5.73°
716  aN    16.26°       a1    5.62°      b1    4.27°
mu  0.227015 lamD    0.02027    lamI    0.01145     mu*a1    0.02227     lamNf   -0.00201
A1S   -0.01880°    B1S    0.14883°
A1S    -1.08°    B1S     8.53°    alfD     7.95°   alfaNf     2.33°   alSm    -2.91°
thtaN     14.39°    thtaTR    -0.11°
Trim   phi    -0.69°    thta    -1.68°
vBx    28.41    vBy     0.72    vBz     5.47
fMR(1)           101.63   fMR(2)            -9.24   fMR(3)        -10822.89
fTR(1)             0.00   fTR(2)            -0.00   fTR(3)             0.00
fPR(1)           734.35   fPR(2)             0.00   fPR(3)             0.00
fFus(1)        -1081.83   fFus(2)          121.45   fFus(3)         -233.78
fFN(1)           -78.65   fFN(2)            21.77   fFN(3)             0.00
fHS(1)            -0.00   fHS(2)             0.00   fHS(3)            -0.00
fCG(1)           324.50   fCG(2)          -133.98   fCG(3)         11056.67
fWN(1)            -0.00   fWN(2)             0.00   fWN(3)            -0.00
fR(1)   8.4077844e-009   fR(2)   3.5834091e-010   fR(3)  -8.0289835e-008

Moment Equilibrium
mMR(1)           -15.49   mMR(2)          -555.24   mMR(3)             0.33
mTR(1)            -0.00   mTR(2)             0.00   mTR(3)             0.00
mPR(1)             0.00   mPR(2)            -0.00   mPR(3)             0.00
mFus(1)            0.00   mFus(2)          499.31   mFus(3)           84.07
mFN(1)            15.49   mFN(2)            55.93   mFN(3)           -84.40
mHS(1)             0.00   mHS(2)            -0.00   mHS(3)             0.00
mWN(1)             0.00   mWN(2)             0.00   mWN(3)             0.00
mR(1)   5.5050187e-010   mR(2)  -1.6699003e-008   mR(3)  -1.9359447e-010
==x=x===x===x=x==
MR Fx   101.63    Fz -10822.89   thtaClmb   -12.55   torque     0.00
dxMR    0.0513  Fx/Fz   -0.5°        mu   0.22701   oM  22.0  n  210.0

=I=I=I=I=I= End Of Iteration Results =I=I=I=I=I=


         ### stability derivatives ###
 R ._. R ._. << RotaryWingSim Data >> ._. R ._. R

       u              w            q         oM
x   -0.112690     -0.065771     0.741231     0.073480
z   -0.002291     -0.690753     0.083525    -0.716514
m    0.006607      0.007235    -0.088794    -0.010472

      measured  data
       u                w              q
x   -0.090000       0.110000        0.092100
z    0.010000      -1.100000        0.140000
m    0.007000       0.005000       -0.025000

Q    0.000000      -0.000000        0.000000       -0.000000

Xu      -0.112690       -127.07
Xw      -0.065771        -74.17
Xq       0.741231       2010.81
Zu      -0.002291         -2.58
Zw      -0.690753       -778.93
Zwd      0.000000          0.00
Zq       0.083525        226.59
Mu       0.00660