reading aircraft data from ./data/RotDatUH1a_1NN_2.dat
reading Flight Data from ./data/fDataUH1a.flt
reading Rotor Data from ./data/fDataUH1a.flt


#### RotaryWingSim ####
rhoAir          1.1562 kg/m°
thtaN    2.68°   twist   -10.88°
mHeli          5878.00 lb

nRot      260.0 1/min    oM     27.23 rad/s
oMR       199.17 m/s     oMR   653.45 ft/s
aBlade          7.80 m^2

rRotTR       1.30 m
nRotTR       1662.7 1/min
oMTR    174.12
oMRTR   199.17 m/s    oMRTR   653.45 ft/s
sigmaTR   0.1049

Area Mrot     168.11 m^2
m blade        93.9 kg
I blade      3892.9 kg*m^2
gamRot         12.2700
sigma           0.0464


Trim phi       0.00°    thta      -0.10°    psi      -0.10°   
vH      45.99 mph     vV          0 fpm
cTs  0.073076     cT  0.0034     cT2sa  0.0254     cL  0.6351
m Heli    26156.0 N      fpA        1.7 m^2          18.3 ft^2
Iyy Heli       17393.1 kg*m^2
Coordintats x,z    [m]         [ft]
Rotor      :   0.02   2.07        0.05   6.79
Rudder     :   8.64   2.10       28.34   6.89
Fin        :   7.72   2.84       25.34   9.33
H-Stab     :   6.11   0.50       20.04   1.64
Wing       :  -3.38   0.00      -11.08   0.00
Propeller  :  -2.24   0.00       -7.35   0.00
### Var ###
mu             27.227  vFlight     40.9 kn
thtaClmb      -0.0000     -0.0000°
cTsReq    0.07308    cTReq    0.00339    cT2saReq    0.02543
alfaD     248.28°    thtaClmb      -0.00°    thtaTrim      -0.10
trim iter 32     anorm 9.87985e-010

 ====== u - derivatives ===== 
fMR(1)        -0.018437   fMR(2)         0.005268   fMR(3)        -0.045818
fTR(1)         0.000000   fTR(2)        -0.000000   fTR(3)         0.000000
fFus(1)       -0.015820   fFus(2)        0.000053   fFus(3)       -0.010873
fFN(1)        -0.000045   fFN(2)        -0.000004   fFN(3)         0.000000
fHS(1)        -0.000880   fHS(2)         0.000000   fHS(3)         0.018855
fPR(1)         0.000000   fPR(2)         0.000000   fPR(3)         0.000000
fCG(1)         0.000000   fCG(2)         0.000000   fCG(3)         0.000000
fR(1)  -9.3798452e-009   fR(2)   1.5179467e-009   fR(3)  -1.0100124e-008

 Moment Equilibrium    1001 
mMR(1)        -0.004429   mMR(2)         0.009523   mMR(3)        -0.000002
mTR(1)        -0.000000   mTR(2)         0.000000   mTR(3)         0.000000
mFus(1)        0.000000   mFus(2)        0.000031   mFus(3)        0.000266
mFN(1)        -0.000000   mFN(2)         0.000003   mFN(3)         0.000001
mHS(1)         0.000000   mHS(2)         0.002423   mHS(3)         0.000000
mPR(1)         0.000000   mPR(2)         0.000000   mPR(3)         0.000000
mR(1)  -5.6153567e-008   mR(2)   1.5242056e-007   mR(3)   2.5066242e-009
QR  6.2578067e-013
mU  1.1979424e-002

 ====== q - derivatives ===== 
fMR(1)         0.511377   fMR(2)        -0.520332   fMR(3)         0.271635
fTR(1)         0.000000   fTR(2)         0.000000   fTR(3)         0.000000
fFus(1)       -0.003834   fFus(2)        0.000000   fFus(3)       -0.008060
fFN(1)         0.000000   fFN(2)         0.000000   fFN(3)         0.000000
fHS(1)         0.002393   fHS(2)         0.000000   fHS(3)        -0.521946
fPR(1)         0.000000   fPR(2)         0.000000   fPR(3)         0.000000
fCG(1)         0.000000   fCG(2)         0.000000   fCG(3)         0.000000
fR(1)   1.3596264e-007   fR(2)  -1.3863371e-007   fR(3)  -6.8900776e-008

 Moment Equilibrium    1002 
mMR(1)         0.208236   mMR(2)        -0.331248   mMR(3)         0.000166
mTR(1)         0.000000   mTR(2)         0.000000   mTR(3)         0.000000
mFus(1)        0.000000   mFus(2)        0.000273   mFus(3)        0.000000
mFN(1)         0.000000   mFN(2)         0.000000   mFN(3)         0.000000
mHS(1)         0.000000   mHS(2)        -0.066840   mHS(3)         0.000000
mPR(1)         0.000000   mPR(2)         0.000000   mPR(3)         0.000000
mR(1)   2.6496761e-006   mR(2)  -5.0615681e-006   mR(3)   1.2509531e-009
QR -2.2791874e-012

 ====== w - derivatives ===== 
fMR(1)         0.042533   fMR(2)         0.013841   fMR(3)        -0.697002
fTR(1)         0.000000   fTR(2)         0.000000   fTR(3)         0.000000
fFus(1)       -0.019278   fFus(2)        0.000000   fFus(3)       -0.028017
fFN(1)         0.000000   fFN(2)         0.000000   fFN(3)         0.000000
fHS(1)        -0.000160   fHS(2)         0.000000   fHS(3)         0.008511
fPR(1)         0.000000   fPR(2)         0.000000   fPR(3)         0.000000
fCG(1)         0.000000   fCG(2)         0.000000   fCG(3)         0.000000
fR(1)   6.1584170e-009   fR(2)   3.7908876e-009   fR(3)  -1.9105319e-007

 Moment Equilibrium    1003 
mMR(1)        -0.005937   mMR(2)         0.004019   mMR(3)        -0.000004
mTR(1)         0.000000   mTR(2)         0.000000   mTR(3)         0.000000
mFus(1)        0.000000   mFus(2)        0.001373   mFus(3)        0.000000
mFN(1)         0.000000   mFN(2)         0.000000   mFN(3)         0.000000
mHS(1)         0.000000   mHS(2)         0.001091   mHS(3)         0.000000
mPR(1)         0.000000   mPR(2)         0.000000   mPR(3)         0.000000
mR(1)  -7.5339642e-008   mR(2)   8.2491211e-008   mR(3)  -9.1961283e-010
QR  5.4772455e-012
mW  6.4833079e-003


=I=I=I=I=I= Iteration Results =I=I=I=I=I=
xMR   11.125    xcg   11.075    dxCG    0.050    iRigMR   -5.0
cTs 0.11815   cT 0.00548   cLs 20.45647   cL 0.94959
aN     0.19538°    a1    0.03842°   b1    0.05070°
Br   aN    11.19°       a1    2.20°      b1    2.90°
716  aN    11.19°       a1    1.65°      b1    0.87°
mu  0.102770 lamD    0.01217    lamI    0.01650     mu*a1    0.00296     lamNf    0.00921
A1S    0.01334°    B1S    0.03272°
A1S     0.76°    B1S     1.87°    alfD    15.58°   alfaNf    13.93°   alSm    -0.22°
thtaN     14.69°    thtaTR    -0.22°
Trim   phi    -1.44°    thta     3.43°
vBx    20.47    vBy     0.00    vBz     1.23
fMR(1)          2208.36   fMR(2)           616.22   fMR(3)        -26695.26
fTR(1)             0.00   fTR(2)            39.13   fTR(3)             0.00
fPR(1)             0.00   fPR(2)             0.00   fPR(3)             0.00
fFus(1)         -594.37   fFus(2)            2.87   fFus(3)         -611.59
fFN(1)            -1.22   fFN(2)            -0.24   fFN(3)             0.00
fHS(1)           -46.62   fHS(2)             0.00   fHS(3)          1206.06
fCG(1)         -1566.15   fCG(2)          -657.99   fCG(3)         26100.80
fWN(1)            -0.00   fWN(2)             0.00   fWN(3)             0.00
fR(1)   1.8419088e-008   fR(2)   3.4052619e-009   fR(3)  -1.7475868e-007

Moment Equilibrium
mMR(1)           -81.50   mMR(2)         -7987.06   mMR(3)            -9.39
mTR(1)            82.17   mTR(2)             0.00   mTR(3)          -338.00
mPR(1)             0.00   mPR(2)            -0.00   mPR(3)             0.00
mFus(1)            0.00   mFus(2)          592.84   mFus(3)          345.57
mFN(1)            -0.67   mFN(2)             3.46   mFN(3)             1.82
mHS(1)             0.00   mHS(2)          7390.76   mHS(3)             0.00
mWN(1)             0.00   mWN(2)            -0.00   mWN(3)             0.00
mR(1)   4.5380318e-008   mR(2)  -1.1359494e-007   mR(3)  -9.1375796e-010
==x=x===x===x=x==
MR Fx  -126.69    Fz -26786.15   thtaClmb    -0.00   torque  6972.69
dxMR    0.1865  Fx/Fz   -4.7°        mu   0.10277   oM  27.2  n  260.0

=I=I=I=I=I= End Of Iteration Results =I=I=I=I=I=


         ### stability derivatives ###
 R ._. R ._. << RotaryWingSim Data >> ._. R ._. R

       u              w            q         oM
x   -0.035181      0.023096     0.509936     0.069080
z   -0.037850     -0.716527    -0.258386    -0.655413
m    0.011979      0.006483    -0.397815    -0.008928

      measured  data
       u                w              q
x   -0.090000       0.110000        0.092100
z    0.010000      -1.100000        0.140000
m    0.007000       0.005000       -0.025000

Q    0.000000      -0.000000        0.000000       -0.000000

Xu      -0.035181        -93.80
Xw       0.023096         61.58
Xq       0.509936       8869.37
Zu      -0.037850       -100.92
Zw      -0.716527      -1910.45
Zwd      0.000000          0.00
Zq      -0.258386      -4494.14
Mu       0.011979         31.94
Mw       0.006483         17.29
Mwd      0.000000          0.00
Mq      -0.397815      -6919.25

##### SP and PH Mode ----- approximation ###
----- Short Period Mode -----
omega SP         0.3921
zeta  SP         1.4208
re  -0.5572 +   0.3958
re  -0.5572 -   0.3958

----- Phugoid Mode -----
omega PH         0.7247
zeta  PH         0.4699
re  -0.3406 +  0.6397j
re  -0.3406 -  0.6397j

A          1.0000
B          1.7955
C          1.7513
D          0.9034
E          0.2453

##### SP and PH Mode from quartic #####
A        1.000         1.000
B        1.150         1.150
C        0.188         0.188
D        0.113         0.113
E        0.082         0.082

Routh D       -0.096

M thta        -0.000 

z1  -0.99166   -0.00000j
z2   0.15503    0.39019j
z3  -0.46792    0.00000j
z4   0.15503   -0.39019j

       Short Period                Phugoid
1   1.86982  0.00000j       -0.39813 -0.00000j
2   0.19193 -0.00000j        1.84740  0.00000j
3   0.02481 -0.00000j       -0.00374  0.00000j
4  -0.03451  0.00000j       -0.00699  0.00000j

