reading aircraft data from ./data/RotDatR4B_1.dat
reading Flight Data from ./data/fDataR4B_no7.flt
reading Rotor Data from ./data/fDataR4B_no7.flt


#### RotaryWingSim ####
rhoAir          1.1390 kg/m°
thtaN    2.68°   twist     0.00°
mHeli          2527.00 lb

nRot      225.0 1/min    oM     23.56 rad/s
oMR       136.45 m/s     oMR   447.68 ft/s
aBlade          6.32 m^2

rRotTR       1.91 m
nRotTR       1662.7 1/min
oMTR    174.12
oMRTR   136.45 m/s    oMRTR   447.68 ft/s
sigmaTR   0.0173

Area Mrot     105.36 m^2
m blade         5.4 kg
I blade        60.9 kg*m^2 estimated
gamRot         15.0000
sigma           0.0600


Trim phi       0.00°    thta      -2.40°    psi       0.00°   
vH      53.10 mph     vV       1240 fpm
cTs   0.08379824     cT  0.0050     cT2sa  0.0294     cL  0.3096
m Heli    11244.7 N      fpA        2.1 m^2          23.0 ft^2
Iyy Heli        2712.8 kg*m^2
Coordintats x,z    [m]         [ft]
Rotor      :   0.02   1.68        0.08   5.50
Rudder     :   7.49   1.52       24.57   5.00
Fin        :   3.86   0.71       12.68   2.33
H-Stab     :   4.05   0.02       13.27   0.06
Wing       :  -1.96   0.00       -6.42   0.00
Propeller  :  -0.82   0.00       -2.70   0.00
### Var ###
mu             23.562  vFlight     48.9 kn
thtaClmb      -0.2601    -14.9002°
cTsReq    0.08380    cTReq    0.00503    cT2saReq    0.02940
alfaD     214.86°    thtaClmb     -14.90°    thtaTrim      -2.40
trim iter 33     anorm 4.39964e-011

 ====== u - derivatives ===== 
fMR(1)        -0.030937   fMR(2)         0.001485   fMR(3)        -0.011569
fTR(1)         0.000000   fTR(2)        -0.000000   fTR(3)         0.000000
fFus(1)       -0.057365   fFus(2)       -0.000003   fFus(3)        0.024002
fFN(1)        -0.004839   fFN(2)         0.000002   fFN(3)         0.000000
fHS(1)        -0.000000   fHS(2)         0.000000   fHS(3)        -0.000000
fPR(1)         0.000000   fPR(2)         0.000000   fPR(3)         0.000000
fCG(1)         0.000000   fCG(2)         0.000000   fCG(3)         0.000000
fR(1)  -1.0676270e-008   fR(2)   1.7527446e-010   fR(3)   1.4257402e-009

 Moment Equilibrium    1001 
mMR(1)         0.001052   mMR(2)         0.021802   mMR(3)        -0.000014
mTR(1)        -0.000000   mTR(2)         0.000000   mTR(3)         0.000000
mFus(1)        0.000000   mFus(2)        0.001962   mFus(3)        0.003198
mFN(1)         0.000000   mFN(2)         0.001454   mFN(3)        -0.000003
mHS(1)         0.000000   mHS(2)        -0.000000   mHS(3)         0.000000
mPR(1)         0.000000   mPR(2)         0.000000   mPR(3)         0.000000
mR(1)   2.9339731e-010   mR(2)   6.8409486e-009   mR(3)   8.2509644e-010
QR  1.3110908e-011

 ====== q - derivatives ===== 
fMR(1)         0.803830   fMR(2)        -0.501969   fMR(3)         0.092739
fTR(1)         0.000000   fTR(2)         0.000000   fTR(3)         0.000000
fFus(1)       -0.000570   fFus(2)        0.000000   fFus(3)       -0.010013
fFN(1)         0.000000   fFN(2)         0.000000   fFN(3)         0.000000
fHS(1)        -0.000000   fHS(2)         0.000000   fHS(3)        -0.000000
fPR(1)         0.000000   fPR(2)         0.000000   fPR(3)         0.000000
fCG(1)         0.000000   fCG(2)         0.000000   fCG(3)         0.000000
fR(1)   9.2073326e-008   fR(2)  -5.7532922e-008   fR(3)   9.4838633e-009

 Moment Equilibrium    1002 
mMR(1)        -0.355562   mMR(2)        -0.568484   mMR(3)         0.004849
mTR(1)         0.000000   mTR(2)         0.000000   mTR(3)         0.000000
mFus(1)        0.000000   mFus(2)       -0.014932   mFus(3)        0.000000
mFN(1)         0.000000   mFN(2)         0.000000   mFN(3)         0.000000
mHS(1)         0.000000   mHS(2)        -0.000001   mHS(3)         0.000000
mPR(1)         0.000000   mPR(2)         0.000000   mPR(3)         0.000000
mR(1)  -9.6448964e-008   mR(2)  -1.5826940e-007   mR(3)   1.2772858e-009
QR -2.2135905e-011

 ====== w - derivatives ===== 
fMR(1)         0.004889   fMR(2)        -0.010430   fMR(3)        -0.960413
fTR(1)         0.000000   fTR(2)         0.000000   fTR(3)         0.000000
fFus(1)       -0.028838   fFus(2)        0.000000   fFus(3)       -0.503201
fFN(1)         0.000000   fFN(2)         0.000000   fFN(3)         0.000000
fHS(1)        -0.000000   fHS(2)         0.000000   fHS(3)        -0.000000
fPR(1)         0.000000   fPR(2)         0.000000   fPR(3)         0.000000
fCG(1)         0.000000   fCG(2)         0.000000   fCG(3)         0.000000
fR(1)  -2.7452488e-009   fR(2)  -1.1903505e-009   fR(3)  -1.6776574e-007

 Moment Equilibrium    1003 
mMR(1)        -0.007388   mMR(2)        -0.012739   mMR(3)         0.000101
mTR(1)         0.000000   mTR(2)         0.000000   mTR(3)         0.000000
mFus(1)        0.000000   mFus(2)        0.029362   mFus(3)        0.000000
mFN(1)         0.000000   mFN(2)         0.000000   mFN(3)         0.000000
mHS(1)         0.000000   mHS(2)        -0.000000   mHS(3)         0.000000
mPR(1)         0.000000   mPR(2)         0.000000   mPR(3)         0.000000
mR(1)  -1.9962769e-009   mR(2)   4.5092316e-009   mR(3)  -1.0700774e-011
QR  2.2407427e-010


=I=I=I=I=I= Iteration Results =I=I=I=I=I=
xMR    6.500    xcg    6.425    dxCG    0.075    iRigMR    0.0
cTs 0.09148   cT 0.00549   cLs 5.51586   cL 0.33095
aN     0.18811°    a1    0.05441°   b1    0.06231°
Br   aN    10.78°       a1    3.12°      b1    3.57°
716  aN    10.78°       a1    2.33°      b1    1.94°
mu  0.178768 lamD    0.02321    lamI    0.01259     mu*a1    0.00726     lamNf    0.01595
A1S   -0.01062°    B1S    0.08815°
A1S    -0.61°    B1S     5.05°    alfD    11.33°   alfaNf     9.00°   alSm    -2.72°
thtaN      4.39°    thtaTR     0.43°
Trim   phi    -0.01°    thta    -4.56°
vBx    24.10    vBy    -0.00    vBz     4.40
fMR(1)            47.41   fMR(2)           -12.72   fMR(3)        -10100.22
fTR(1)             0.00   fTR(2)            13.98   fTR(3)             0.00
fPR(1)             0.00   fPR(2)             0.00   fPR(3)             0.00
fFus(1)         -874.80   fFus(2)           -0.07   fFus(3)        -1108.85
fFN(1)           -66.84   fFN(2)             0.04   fFN(3)             0.00
fHS(1)            -0.00   fHS(2)             0.00   fHS(3)            -0.00
fCG(1)           894.23   fCG(2)            -1.22   fCG(3)         11209.07
fWN(1)            -0.00   fWN(2)             0.00   fWN(3)            -0.00
fR(1)   3.8424487e-009   fR(2)  -5.4050542e-011   fR(3)  -6.5296610e-008

Moment Equilibrium
mMR(1)           -21.33   mMR(2)          -310.37   mMR(3)             0.29
mTR(1)            21.30   mTR(2)             0.00   mTR(3)          -104.69
mPR(1)             0.00   mPR(2)            -0.00   mPR(3)             0.00
mFus(1)            0.00   mFus(2)          262.84   mFus(3)          104.56
mFN(1)             0.03   mFN(2)            47.53   mFN(3)            -0.17
mHS(1)             0.00   mHS(2)            -0.00   mHS(3)             0.00
mWN(1)             0.00   mWN(2)             0.00   mWN(3)             0.00
mR(1)  -9.1386454e-011   mR(2)  -7.8400225e-009   mR(3)  -3.6678216e-011
==x=x===x===x=x==
MR Fx    47.41    Fz -10100.22   thtaClmb   -14.90   torque   972.06
dxMR    0.0307  Fx/Fz   -0.3°        mu   0.17877   oM  23.6  n  225.0

=I=I=I=I=I= End Of Iteration Results =I=I=I=I=I=


 R ._. R ._. << RotaryWingSim Data >> ._. R ._. R
              ### stability derivatives ###

       u              w            q         oM
x   -0.093141     -0.023949     0.803259     0.033522
z    0.012441     -1.463606     0.082741    -0.569653
m    0.025218      0.016622    -0.583417    -0.028900

      measured  data
       u                w              q
x   -0.090000       0.110000        0.092100
z    0.010000      -1.100000        0.140000
m    0.007000       0.005000       -0.025000

Q    0.000000      -0.000000        0.000000       -0.000000

Xu      -0.093141       -106.76
Xw      -0.023949        -27.45
Xq       0.803259       2179.08
Zu       0.012441         14.26
Zw      -1.463606      -1677.65
Zwd      0.000000          0.00
Zq       0.082741        224.46
Mu       0.025218         28.91
Mw       0.016622         19.05
Mwd      0.000000          0.00
Mq      -0.583417      -1582.69

##### SP and PH Mode ----- approximation ###
----- Short Period Mode -----
omega SP         0.6775
zeta  SP         1.5107
re  -1.0235 +   0.7672
re  -1.0235 -   0.7672

----- Phugoid Mode -----
omega PH         0.8922
zeta  PH         0.6257
re  -0.5583 +  0.6959j
re  -0.5583 -  0.6959j

A          1.0000
B          3.1636
C          4.7178
D          3.4563
E          1.3024

##### SP and PH Mode from quartic #####
A        1.000         1.000
B        2.140         2.140
C        0.789         0.789
D        0.509         0.509
E        0.364         0.364

Routh D       -1.068

M thta        -0.000 

z1  -1.79593    0.00000j
z2  -0.60994    0.00000j
z3   0.13285    0.56102j
z4   0.13285   -0.56102j

       Short Period                Phugoid
1   0.89853  0.00000j        0.34126  0.00000j
2  -0.86679  0.38304j        0.95191 -0.38304j
3   0.03150  0.02260j        0.04723 -0.02260j
4  -0.03894  0.03858j       -0.07989 -0.03858j

dlc     7.82   dla    3.48   dle    0.56      dlp    3.98      dlt    0.00
thtaN   4.39°   A1S  -0.61°   B1S   5.05°   thtaTR   0.43°
TrimAC phi LFr      -0.01°    thta      -4.56°    psi       0.00°
