reading aircraft data from ./data/RotDatUH1a_1NN_2.dat
reading Flight Data from ./data/fDataUH1_1NN_3.flt
reading Rotor Data from ./data/fDataUH1_1NN_3.flt


#### RotaryWingSim ####
rhoAir          1.2261 kg/m°
thtaN    7.68°   twist   -10.88°
mHeli          6499.00 lb
aBlade          7.80 m^2

rRotTR       1.30 m
nRotTR       1662.7 1/min
oMTR    174.12
oMRTR   245.13 m/s    oMRTR   804.25 ft/s
sigmaTR   0.1049

Area Mrot     168.11 m^2
m blade        93.9 kg
I blade      3892.9 kg*m^2
gamRot         12.2700
sigma           0.0464


Trim phi       0.00°    thta      -0.10°    psi      -0.10°   
vH     112.48 mph     vV       2746 fpm
cTs  0.050298     cT  0.0023     cT2sa  0.0175     cL  0.1028
m Heli    28919.4 N      fpA        1.7 m^2          18.3 ft^2
Iyy Heli       14680.3 kg*m^2
Coordintats x,z    [m]         [ft]
Rotor      :   0.04   2.07        0.13   6.79
Rudder     :   8.66   2.10       28.42   6.89
Fin        :   7.75   2.84       25.42   9.33
H-Stab     :   6.13   0.50       20.12   1.64
Wing       :  -3.35   0.00      -11.00   0.00
Propeller  :  -2.22   0.00       -7.28   0.00
### Var ###
mu             33.510  vFlight    103.8 kn
thtaClmb      -0.2713    -15.5452°
cTsReq    0.05030    cTReq    0.00233    cT2saReq    0.01750
alfaD     305.58°    thtaClmb     -15.55°    thtaTrim      -0.10
trim iter 27     anorm 7.39340e-010

 ====== u - derivatives ===== 
fMR(1)         0.016802   fMR(2)        -0.000750   fMR(3)         0.031284
fTR(1)         0.000000   fTR(2)         0.000000   fTR(3)         0.000000
fFus(1)       -0.040201   fFus(2)       -0.000584   fFus(3)       -0.032896
fFN(1)         0.000088   fFN(2)         0.003899   fFN(3)         0.000000
fHS(1)        -0.003296   fHS(2)         0.000000   fHS(3)        -0.012452
fPR(1)        -0.000237   fPR(2)         0.000000   fPR(3)         0.000000
fCG(1)         0.000000   fCG(2)         0.000000   fCG(3)         0.000000
fR(1)  -7.9695324e-009   fR(2)   7.1980821e-010   fR(3)  -4.2365168e-009

 Moment Equilibrium    1001 
mMR(1)        -0.001071   mMR(2)         0.000614   mMR(3)         0.000001
mTR(1)         0.000000   mTR(2)         0.000000   mTR(3)         0.000000
mFus(1)        0.000000   mFus(2)        0.000121   mFus(3)        0.000835
mFN(1)         0.000304   mFN(2)        -0.000007   mFN(3)        -0.000829
mHS(1)         0.000000   mHS(2)        -0.002051   mHS(3)         0.000000
mPR(1)         0.000000   mPR(2)         0.000000   mPR(3)         0.000000
mR(1)  -8.6571390e-009   mR(2)  -1.3755055e-008   mR(3)   1.6507329e-010
QR -7.4829081e-013
mU -1.3230295e-003

 ====== q - derivatives ===== 
fMR(1)         0.458277   fMR(2)        -0.190802   fMR(3)         0.138845
fTR(1)         0.000000   fTR(2)         0.000000   fTR(3)         0.000000
fFus(1)       -0.001307   fFus(2)        0.000000   fFus(3)       -0.001651
fFN(1)         0.000000   fFN(2)         0.000000   fFN(3)         0.000000
fHS(1)         0.023562   fHS(2)         0.000000   fHS(3)        -1.721599
fPR(1)         0.000000   fPR(2)         0.000000   fPR(3)         0.000000
fCG(1)         0.000000   fCG(2)         0.000000   fCG(3)         0.000000
fR(1)   1.4160278e-007   fR(2)  -5.6283682e-008   fR(3)  -4.6716204e-007

 Moment Equilibrium    1002 
mMR(1)         0.303643   mMR(2)        -0.453543   mMR(3)         0.000200
mTR(1)         0.000000   mTR(2)         0.000000   mTR(3)         0.000000
mFus(1)        0.000000   mFus(2)        0.000068   mFus(3)        0.000000
mFN(1)         0.000000   mFN(2)         0.000000   mFN(3)         0.000000
mHS(1)         0.000000   mHS(2)        -0.290099   mHS(3)         0.000000
mPR(1)         0.000000   mPR(2)         0.000000   mPR(3)         0.000000
mR(1)   3.2603774e-006   mR(2)  -7.9847403e-006   mR(3)   2.2350832e-009
QR -1.2846594e-012

 ====== w - derivatives ===== 
fMR(1)         0.099357   fMR(2)         0.001958   fMR(3)        -0.937266
fTR(1)         0.000000   fTR(2)         0.000000   fTR(3)         0.000000
fFus(1)       -0.027713   fFus(2)        0.000000   fFus(3)       -0.029963
fFN(1)         0.000000   fFN(2)         0.000000   fFN(3)         0.000000
fHS(1)         0.003092   fHS(2)         0.000000   fHS(3)        -0.235510
fPR(1)         0.000000   fPR(2)         0.000000   fPR(3)         0.000000
fCG(1)         0.000000   fCG(2)         0.000000   fCG(3)         0.000000
fR(1)   2.1976035e-008   fR(2)   5.4086513e-010   fR(3)  -3.5465027e-007

 Moment Equilibrium    1003 
mMR(1)        -0.020102   mMR(2)         0.011373   mMR(3)        -0.000002
mTR(1)         0.000000   mTR(2)         0.000000   mTR(3)         0.000000
mFus(1)        0.000000   mFus(2)        0.001441   mFus(3)        0.000000
mFN(1)         0.000000   mFN(2)         0.000000   mFN(3)         0.000000
mHS(1)         0.000000   mHS(2)        -0.039683   mHS(3)         0.000000
mPR(1)         0.000000   mPR(2)         0.000000   mPR(3)         0.000000
mR(1)  -2.1630433e-007   mR(2)  -2.8809408e-007   mR(3)   7.0031092e-011
QR  1.5671251e-011
mW -2.6869230e-002


=I=I=I=I=I= Iteration Results =I=I=I=I=I=
xMR   11.125    xcg   11.000    dxCG    0.125    iRigMR   -5.0
cTs 0.03950   cT 0.00183   cLs 1.65811   cL 0.07697
aN     0.04681°    a1    0.01061°   b1    0.01915°
Br   aN     2.68°       a1    0.61°      b1    1.10°
716  aN     2.68°       a1    0.66°      b1    0.62°
mu  0.214339 lamD    0.03193    lamI    0.00423     mu*a1    0.00246     lamNf    0.02946
A1S    0.00975°    B1S   -0.01597°
A1S     0.56°    B1S    -0.92°    alfD     9.58°   alfaNf     8.92°   alSm     1.57°
thtaN      7.68°    thtaTR    -0.14°
Trim   phi    -0.70°    thta    -2.52°
vBx    50.71    vBy    -0.06    vBz    11.73
fMR(1)          2498.50   fMR(2)           145.67   fMR(3)        -21600.79
fTR(1)             0.00   fTR(2)             0.00   fTR(3)             0.00
fPR(1)            92.01   fPR(2)             0.00   fPR(3)             0.00
fFus(1)        -3538.40   fFus(2)          -87.32   fFus(3)        -3045.08
fFN(1)             6.70   fFN(2)           295.03   fFN(3)             0.00
fHS(1)          -331.51   fHS(2)             0.00   fHS(3)         -4243.30
fCG(1)          1272.70   fCG(2)          -353.37   fCG(3)         28889.17
fWN(1)            -0.00   fWN(2)             0.00   fWN(3)            -0.00
fR(1)  -3.3279262e-009   fR(2)   9.8867758e-010   fR(3)  -4.4552598e-008

Moment Equilibrium
mMR(1)          -839.29   mMR(2)         24533.11   mMR(3)            -5.55
mTR(1)             0.00   mTR(2)             0.00   mTR(3)            -0.00
mPR(1)             0.00   mPR(2)            -0.00   mPR(3)             0.00
mFus(1)            0.00   mFus(2)         1338.33   mFus(3)         2291.14
mFN(1)           839.29   mFN(2)           -19.07   mFN(3)         -2285.59
mHS(1)             0.00   mHS(2)        -25852.38   mHS(3)             0.00
mWN(1)             0.00   mWN(2)             0.00   mWN(3)             0.00
mR(1)   8.9501555e-008   mR(2)   1.1601988e-007   mR(3)   5.2750693e-011
==x=x===x===x=x==
MR Fx   606.36    Fz -21736.36   thtaClmb   -15.55   torque     0.00
dxMR    0.2775  Fx/Fz   -6.6°        mu   0.21434   oM  32.8  n  313.2

=I=I=I=I=I= End Of Iteration Results =I=I=I=I=I=


         ### stability derivatives ###
 R ._. R ._. << RotaryWingSim Data >> ._. R ._. R

       u              w            q         oM
x   -0.026845      0.074736     0.480533    -0.011100
z   -0.014068     -1.202739    -1.584401    -0.150828
m   -0.001323     -0.026869    -0.743573     0.010762

      measured  data
       u                w              q
x   -0.056400       0.136300        0.527100
z    0.127600      -1.234900       -1.318600
m    0.015900      -0.030000       -0.660100

Q   -0.000000      -0.000000        0.000000       -0.000000

Xu      -0.026845        -79.14
Xw       0.074736        220.32
Xq       0.480533       7054.38
Zu      -0.014068        -41.47
Zw      -1.202739      -3545.61
Zwd      0.000000          0.00
Zq      -1.584401     -23259.50
Mu      -0.001323         -3.90
Mw      -0.026869        -79.21
Mwd      0.000000          0.00
Mq      -0.743573     -10915.89

##### SP and PH Mode ----- approximation ###
----- Short Period Mode -----
omega SP         1.4830
zeta  SP         0.6562
re  -0.9732 +  1.1190j
re  -0.9732 -  1.1190j

----- Phugoid Mode -----
negative oMg2_PH

##### SP and PH Mode from quartic #####
A        1.000         1.000
B        1.973         1.973
C        2.235         2.235
D        0.035         0.035
E       -0.012        -0.012

Routh D        0.201

M thta        -0.000 

z1  -0.97615    1.11645j
z2  -0.97615   -1.11645j
z3  -0.08472    0.00000j
z4   0.06387    0.00000j

       Short Period                Phugoid
1  -0.12019  0.00000j       -1.99877  0.00000j
2   1.98011  0.00000j        0.06845  0.00000j
3   0.00920  0.00000j        0.00110  0.00000j
4   0.01906  0.00000j        0.00236  0.00000j


----- Phugoid Mode -----
omega PH         1.4830
zeta  PH        -0.6582
period PH        5.6278
tHalf  PH        0.7101
N half PH        0.1262

----- Short Period Mode -----
omega SP         0.0847
zeta  SP        -1.0000
period SP   --------
tHalf  SP        8.1813
N half SP        0.0000

omega SP         0.0639
zeta  SP         1.0000
period SP   --------
tHalf  SP       10.8525
N half SP        0.0000


 M _ _ M _ _ << Measured Data >> _ _ M _ _ M
Xu      -0.056400       -166.26
Xw       0.136300        401.81
Xq       0.527100       7738.00
Zu       0.127600        376.16
Zw      -1.234900      -3640.42
Zwd      0.000000          0.00
Zq      -1.318600     -19357.47
Mu       0.015900         46.87
Mw      -0.030000        -88.44
Mwd      0.000000          0.00
Mq      -0.660100      -9690.48

##### SP and PH Mode ----- approximation ###
----- Short Period Mode -----
omega SP         1.5100
zeta  SP         0.6275
re  -0.9475 +  1.1757j
re  -0.9475 -  1.1757j

----- Phugoid Mode -----
omega PH         0.2573
zeta  PH         0.3339
re  -0.0859 +  0.2426j
re  -0.0859 -  0.2426j

A          1.0000
B          2.0668
C          2.6719
D          0.5173
E          0.1510

##### SP and PH Mode from quartic #####
A        1.000         1.000
B        1.951         1.951
C        2.583         2.583
D        0.379         0.379
E        0.155         0.155

Routh D        1.178

M thta        -0.000 

z1  -0.92034    1.21038j
z2  -0.92034   -1.21038j
z3  -0.05536    0.25299j
z4  -0.05536   -0.25299j

       Short Period                Phugoid
1  -0.17462  0.00000j        1.85942  0.00000j
2   1.98019  0.00000j        0.72376  0.00000j
3   0.01321  0.00000j        0.01328  0.00000j
4   0.02015  0.00000j       -0.00831  0.00000j


----- Phugoid Mode -----
omega PH         0.2590
zeta  PH        -0.2138
period PH       24.8357
tHalf  PH       12.5208
N half PH        0.5041

----- Short Period Mode -----
omega SP         1.5205
zeta  SP        -0.6053
period SP        5.1911
tHalf  SP        0.7531
N half SP        0.1451

dlc    13.68   dla    5.35   dle   -7.64      dlp    0.09      dlt    0.04
thtaN   7.68°   A1S   0.56°   B1S  -0.92°   thtaTR  -0.14°
TrimAC phi LFr      -0.70°    thta      -2.52°    psi      -0.10°
