reading aircraft data from ./data/RotDatProuty5.dat
reading Flight Data from ./data/fDataPrty-1.flt
reading Rotor Data from ./data/fDataPrty-1.flt


#### RotaryWingSim ####
rhoAir          1.2261 kg/m°
thtaN   11.00°   twist   -10.00°
mHeli          20000.00 lb

nRot      206.9 1/min    oM     21.67 rad/s
oMR       198.12 m/s     oMR   650.00 ft/s
aBlade         22.30 m^2

rRotTR       1.30 m
nRotTR       1662.7 1/min
oMTR    174.12
oMRTR   198.12 m/s    oMRTR   650.00 ft/s
sigmaTR   0.2621

Area Mrot     262.68 m^2
m blade         5.4 kg
I blade       151.7 kg*m^2 estimated
gamRot          8.1000
sigma           0.0849


Trim phi       0.00°    thta      -4.20°    psi       0.00°   
vH     111.00 mph     vV          0 fpm
cTs   0.08271541     cT  0.0070     cT2sa  0.0288     cL  0.2233
m Heli    88996.3 N      fpA        1.8 m^2          19.3 ft^2
Iyy Heli       54256.0 kg*m^2
Coordintats x,z    [m]         [ft]
Rotor      :   0.00   2.29        0.00   7.50
Rudder     :   8.36   2.10       27.42   6.89
Fin        :   7.01   0.91       23.00   3.00
H-Stab     :   6.49  -0.46       21.30  -1.50
Wing       :  -3.66   0.00      -12.00   0.00
Propeller  :  -3.62  -0.05      -11.88  -0.15
### Var ###
mu             21.667  vFlight     98.7 kn
thtaClmb      -0.0000     -0.0000°
cTsReq    0.08272    cTReq    0.00702    cT2saReq    0.02879
alfaD     197.58°    thtaClmb      -0.00°    thtaTrim      -4.20
trim iter 30     anorm 6.77076e-011

 ====== u - derivatives ===== 
fMR(1)        -0.013520   fMR(2)        -0.000441   fMR(3)        -0.019329
fTR(1)         0.000000   fTR(2)         0.000000   fTR(3)         0.000000
fFus(1)       -0.013341   fFus(2)       -0.000176   fFus(3)        0.008745
fFN(1)        -0.000048   fFN(2)         0.001329   fFN(3)         0.000000
fHS(1)        -0.001064   fHS(2)         0.000000   fHS(3)        -0.000628
fPR(1)        -0.039239   fPR(2)         0.000000   fPR(3)         0.000000
fCG(1)         0.000000   fCG(2)         0.000000   fCG(3)         0.000000
fR(1)  -6.0965655e-008   fR(2)   6.4528649e-010   fR(3)  -1.0211755e-008

 Moment Equilibrium    1001 
mMR(1)        -0.000587   mMR(2)         0.006318   mMR(3)         0.000000
mTR(1)         0.000000   mTR(2)         0.000000   mTR(3)         0.000000
mFus(1)        0.000000   mFus(2)        0.000259   mFus(3)        0.001593
mFN(1)         0.000203   mFN(2)         0.000007   mFN(3)        -0.001558
mHS(1)         0.000000   mHS(2)        -0.000763   mHS(3)         0.000000
mPR(1)         0.000000   mPR(2)        -0.000300   mPR(3)         0.000000
mR(1)  -2.0858124e-009   mR(2)   2.9928937e-008   mR(3)   1.9099389e-010
QR  4.0822100e-011

 ====== q - derivatives ===== 
fMR(1)         1.599199   fMR(2)        -0.420020   fMR(3)         0.158287
fTR(1)         0.000000   fTR(2)         0.000000   fTR(3)         0.000000
fFus(1)       -0.000084   fFus(2)        0.000000   fFus(3)       -0.003603
fFN(1)         0.000000   fFN(2)         0.000000   fFN(3)         0.000000
fHS(1)         0.004800   fHS(2)         0.000000   fHS(3)        -0.141066
fPR(1)         0.000000   fPR(2)         0.000000   fPR(3)         0.000000
fCG(1)         0.000000   fCG(2)         0.000000   fCG(3)         0.000000
fR(1)   1.4550838e-006   fR(2)  -3.8104349e-007   fR(3)   1.2314610e-008

 Moment Equilibrium    1002 
mMR(1)        -0.114320   mMR(2)        -0.709399   mMR(3)         0.000000
mTR(1)         0.000000   mTR(2)         0.000000   mTR(3)         0.000000
mFus(1)        0.000000   mFus(2)       -0.004431   mFus(3)        0.000000
mFN(1)         0.000000   mFN(2)         0.000000   mFN(3)         0.000000
mHS(1)         0.000000   mHS(2)        -0.152767   mHS(3)         0.000000
mPR(1)         0.000000   mPR(2)         0.000000   mPR(3)         0.000000
mR(1)  -6.2025725e-007   mR(2)  -4.7018341e-006   mR(3)   0.0000000e+000
QR -9.3556917e-011

 ====== w - derivatives ===== 
fMR(1)         0.020152   fMR(2)        -0.002127   fMR(3)        -0.672417
fTR(1)         0.000000   fTR(2)         0.000000   fTR(3)         0.000000
fFus(1)       -0.005726   fFus(2)        0.000000   fFus(3)       -0.245735
fFN(1)         0.000000   fFN(2)         0.000000   fFN(3)         0.000000
fHS(1)         0.000527   fHS(2)         0.000000   fHS(3)        -0.017148
fPR(1)         0.000000   fPR(2)         0.000000   fPR(3)         0.000000
fCG(1)         0.000000   fCG(2)         0.000000   fCG(3)         0.000000
fR(1)   1.3574712e-008   fR(2)  -1.9306299e-009   fR(3)  -8.4854759e-007

 Moment Equilibrium    1003 
mMR(1)        -0.002550   mMR(2)        -0.005273   mMR(3)         0.000000
mTR(1)         0.000000   mTR(2)         0.000000   mTR(3)         0.000000
mFus(1)        0.000000   mFus(2)        0.002066   mFus(3)        0.000000
mFN(1)         0.000000   mFN(2)         0.000000   mFN(3)         0.000000
mHS(1)         0.000000   mHS(2)        -0.018575   mHS(3)         0.000000
mPR(1)         0.000000   mPR(2)         0.000000   mPR(3)         0.000000
mR(1)  -1.3836768e-008   mR(2)  -1.1820775e-007   mR(3)   0.0000000e+000
QR  6.9252167e-010


=I=I=I=I=I= Iteration Results =I=I=I=I=I=
xMR   12.000    xcg   12.000    dxCG    0.000    iRigMR    0.0
cTs 0.07642   cT 0.00649   cLs 2.38277   cL 0.20226
aN     0.07637°    a1    0.06406°   b1    0.04317°
Br   aN     4.38°       a1    3.67°      b1    2.47°
716  aN     4.38°       a1    3.03°      b1    1.25°
mu  0.252011 lamD    0.02118    lamI    0.01287     mu*a1    0.01333     lamNf    0.00785
A1S    0.00099°    B1S    0.07219°
A1S     0.06°    B1S     4.14°    alfD     7.69°   alfaNf     4.66°   alSm    -1.11°
thtaN     11.00°    thtaTR     6.76°
Trim   phi    -0.39°    thta     8.85°
vBx    48.90    vBy    -0.05    vBz     7.61
fMR(1)          -779.26   fMR(2)           372.30   fMR(3)        -80314.43
fTR(1)             0.00   fTR(2)             0.00   fTR(3)             0.00
fPR(1)         17896.79   fPR(2)             0.00   fPR(3)             0.00
fFus(1)        -3173.74   fFus(2)          -77.94   fFus(3)        -7272.71
fFN(1)           -10.17   fFN(2)           303.67   fFN(3)             0.00
fHS(1)          -241.36   fHS(2)             0.00   fHS(3)          -347.55
fCG(1)        -13692.27   fCG(2)          -598.03   fCG(3)         87934.69
fWN(1)            -0.00   fWN(2)             0.00   fWN(3)            -0.00
fR(1)   1.3934872e-008   fR(2)   5.0490598e-009   fR(3)  -4.9669683e-007

Moment Equilibrium
mMR(1)          -277.68   mMR(2)           732.58   mMR(3)             0.00
mTR(1)             0.00   mTR(2)             0.00   mTR(3)             0.00
mPR(1)             0.00   mPR(2)           818.24   mPR(3)             0.00
mFus(1)            0.00   mFus(2)          806.60   mFus(3)         2128.88
mFN(1)           277.68   mFN(2)             9.30   mFN(3)         -2128.88
mHS(1)             0.00   mHS(2)         -2366.73   mHS(3)             0.00
mWN(1)             0.00   mWN(2)             0.00   mWN(3)             0.00
mR(1)   9.5358814e-009   mR(2)  -3.7837973e-008   mR(3)   0.0000000e+000
==x=x===x===x=x==
MR Fx  -779.26    Fz -80314.43   thtaClmb    -0.00
dxMR   -0.0222  Fx/Fz    0.6°        mu   0.25201   oM  21.4  n  204.4

=I=I=I=I=I= End Of Iteration Results =I=I=I=I=I=


 R ._. R ._. << RotaryWingSim Data >> ._. R ._. R
              ### stability derivatives ###

       u              w            q         oM
x   -0.067214      0.014952     1.603917     0.015349
z   -0.011212     -0.935304     0.013618    -0.547461
m    0.005521     -0.021782    -0.866597    -0.006969

      measured  data
       u                w              q
x   -0.090000       0.110000        0.092100
z    0.010000      -1.100000        0.140000
m    0.007000       0.005000       -0.025000

Q    0.000000      -0.000000        0.000000       -0.000000

Xu      -0.067214       -609.76
Xw       0.014952        135.64
Xq       1.603917      87022.11
Zu      -0.011212       -101.72
Zw      -0.935304      -8485.08
Zwd      0.000000          0.00
Zq       0.013618        738.88
Mu       0.005521         50.09
Mw      -0.021782       -197.61
Mwd      0.000000          0.00
Mq      -0.866597     -47018.08

##### SP and PH Mode ----- approximation ###
----- Short Period Mode -----
omega SP         1.3743
zeta  SP         0.6556
re  -0.9010 +  1.0378j
re  -0.9010 -  1.0378j

----- Phugoid Mode -----
omega PH         0.1676
zeta  PH         0.2631
re  -0.0441 +  0.1617j
re  -0.0441 -  0.1617j

A          1.0000
B          1.8901
C          2.0758
D          0.2172
E          0.0531

##### SP and PH Mode from quartic #####
A        1.000         1.000
B        1.869         1.869
C        2.001         2.001
D        0.168         0.168
E        0.053         0.053

Routh D        0.417

M thta        -0.000 

z1  -0.90310    1.02149j
z2  -0.90310   -1.02149j
z3  -0.03146    0.16598j
z4  -0.03146   -0.16598j

       Short Period                Phugoid
1   0.24469  0.00000j        1.97919  0.00000j
2   1.98421  0.00000j        0.28179  0.00000j
3   0.00135  0.00000j        0.00575  0.00000j
4   0.02184  0.00000j       -0.00584  0.00000j


----- Phugoid Mode -----
omega PH         0.1689
zeta  PH        -0.1862
period PH       37.8554
tHalf  PH       22.0361
N half PH        0.5821

----- Short Period Mode -----
omega SP         1.3635
zeta  SP        -0.6624
period SP        6.1510
tHalf  SP        0.7675
N half SP        0.1248

dlc    19.59   dla    4.55   dle   -0.69      dlp    0.03      dlt    7.04
thtaN  11.00°   A1S   0.06°   B1S   4.14°   thtaTR   6.76°
TrimAC phi LFr      -0.39°    thta       8.85°    psi       0.00°
