reading aircraft data from ./data/HS-1x/RotDatHS-1x_3.dat
reading Flight Data from ./data/HS-1x/fDataHS-1x_3.flt
reading Rotor Data from ./data/HS-1x/fDataHS-1x_3.flt


    #### RotaryWingSim ####
rhoAir        1.2252 kg/m³
thtaN   14.68°   twist    -8.00°
mHeli          10030.00 lb

nRot      276.9 1/min    oM     29.00 rad/s
oMR       212.14 m/s     oMR   696.00 ft/s
aBlade         15.61 m^2

rRotTR       1.30 m
nRotTR       1662.7 1/min
oMTR    174.12
oMRTR   212.14 m/s    oMRTR   696.00 ft/s
sigmaTR   0.1049

Area Mrot     168.11 m^2
m blade        93.9 kg
I blade       379.8 kg*m^2
gamRot         11.2700
sigma           0.0928


Trim phi       0.00°    thta      -3.10°    psi      -0.10°   
vH     140.58 mph     vV          0 fpm
cTs  0.051788     cT  0.0048     cT2sa  0.0180     cL  0.1093
m Heli    44631.7 N      fpA        5.5 m^2          59.3 ft^2
Iyy Heli       23737.0 kg*m^2
Coordintats x,z    [m]         [ft]
Rotor      :   0.00   2.07        0.00   6.79
Rudder     :   8.62   2.10       28.29   6.89
Fin        :   7.71   2.84       25.29   9.33
H-Stab     :   6.09   0.50       19.99   1.64
Wing       :  -3.39   0.00      -11.13   0.00
Propeller  :  -3.39   1.14      -11.13   3.73
### Var ###
mu             29.000  vFlight    125.0 kn
thtaClmb      -0.0000     -0.0000°
cTsReq    0.05179    cTReq    0.00481    cT2saReq    0.01802
alfaD   15866.90°    thtaClmb      -0.00°    thtaTrim      -3.10
trim iter 33     anorm 4.11209e-010

   deriv 3104
       u                w              q
x   -0.081908      0.511278    -0.089807
z    0.326964     -1.088099     0.480132
m    0.055337     -0.381781     0.014449

 ====== u - derivatives ===== 
fMR(1)        -0.255556   fMR(2)         0.020200   fMR(3)         0.266755
fTR(1)         0.000000   fTR(2)        -0.000000   fTR(3)         0.000000
fFus(1)       -0.014630   fFus(2)        0.000299   fFus(3)        0.001649
fFN(1)        -0.000141   fFN(2)        -0.000092   fFN(3)         0.000000
fHS(1)        -0.004726   fHS(2)         0.000000   fHS(3)        -0.057003
fPR(1)         0.000000   fPR(2)         0.000000   fPR(3)         0.000000
fCG(1)         0.000000   fCG(2)         0.000000   fCG(3)         0.000000
fR(1)  -1.2516109e-007   fR(2)   9.3207291e-009   fR(3)   9.6259908e-008

 Moment Equilibrium    1001 
mMR(1)         0.001096   mMR(2)         0.013860   mMR(3)         0.000000
mTR(1)        -0.000000   mTR(2)         0.000000   mTR(3)         0.000000
mFus(1)        0.000000   mFus(2)       -0.000036   mFus(3)        0.000277
mFN(1)        -0.000007   mFN(2)         0.000010   mFN(3)         0.000019
mHS(1)         0.000000   mHS(2)        -0.009039   mHS(3)         0.000000
mPR(1)         0.000000   mPR(2)         0.000000   mPR(3)         0.000000
mR(1)   1.8980529e-008   mR(2)   8.3301685e-008   mR(3)   4.8210040e-009
QR  2.9431083e-011
mU  4.7961353e-003

 ====== q - derivatives ===== 
fMR(1)         0.628373   fMR(2)        -0.489961   fMR(3)        -0.442992
fTR(1)         0.000000   fTR(2)         0.000000   fTR(3)         0.000000
fFus(1)       -0.000089   fFus(2)        0.000000   fFus(3)       -0.000551
fFN(1)         0.000000   fFN(2)         0.000000   fFN(3)         0.000000
fHS(1)        -0.018849   fHS(2)         0.000000   fHS(3)        -0.512406
fPR(1)         0.000000   fPR(2)         0.000000   fPR(3)         0.000000
fCG(1)         0.000000   fCG(2)         0.000000   fCG(3)         0.000000
fR(1)   2.7724666e-007   fR(2)  -2.2287621e-007   fR(3)  -4.3484134e-007

 Moment Equilibrium    1002 
mMR(1)        -0.026574   mMR(2)        -0.034081   mMR(3)         0.000000
mTR(1)         0.000000   mTR(2)         0.000000   mTR(3)         0.000000
mFus(1)        0.000000   mFus(2)        0.000103   mFus(3)        0.000000
mFN(1)         0.000000   mFN(2)         0.000000   mFN(3)         0.000000
mHS(1)         0.000000   mHS(2)        -0.081562   mHS(3)         0.000000
mPR(1)         0.000000   mPR(2)         0.000000   mPR(3)         0.000000
mR(1)  -4.6135011e-007   mR(2)  -2.0062263e-006   mR(3)  -3.1104719e-010
QR -5.8220382e-011

 ====== w - derivatives ===== 
fMR(1)         0.282967   fMR(2)        -0.023841   fMR(3)        -0.976470
fTR(1)         0.000000   fTR(2)         0.000000   fTR(3)         0.000000
fFus(1)       -0.000731   fFus(2)        0.000000   fFus(3)        0.000240
fFN(1)         0.000000   fFN(2)         0.000000   fFN(3)         0.000000
fHS(1)        -0.007466   fHS(2)         0.000000   fHS(3)        -0.203475
fPR(1)         0.000000   fPR(2)         0.000000   fPR(3)         0.000000
fCG(1)         0.000000   fCG(2)         0.000000   fCG(3)         0.000000
fR(1)   1.2498724e-007   fR(2)  -1.0809785e-008   fR(3)  -5.3663926e-007

 Moment Equilibrium    1003 
mMR(1)        -0.001293   mMR(2)        -0.015347   mMR(3)         0.000000
mTR(1)         0.000000   mTR(2)         0.000000   mTR(3)         0.000000
mFus(1)        0.000000   mFus(2)        0.000840   mFus(3)        0.000000
mFN(1)         0.000000   mFN(2)         0.000000   mFN(3)         0.000000
mHS(1)         0.000000   mHS(2)        -0.032388   mHS(3)         0.000000
mPR(1)         0.000000   mPR(2)         0.000000   mPR(3)         0.000000
mR(1)  -2.2375104e-008   mR(2)  -8.1428253e-007   mR(3)  -3.1104719e-010
QR -9.2120008e-011
mW -4.6895917e-002


=I=I=I=I=I= Iteration Results =I=I=I=I=I=
xMR   11.125    xcg   11.125    dxCG    0.000    iRigMR    0.0
cTs 0.17145   cT 0.01592   cLs 4.47321   cL 0.41529
aN     0.26171°    a1    0.20271°   b1    0.10182°
Br   aN    14.99°       a1   11.61°      b1    5.83°
716  aN    14.99°       a1    6.07°      b1    1.79°
mu  0.275158 lamD   -0.00240    lamI    0.00659     mu*a1    0.02917     lamNf   -0.03157
A1S   -0.06713°    B1S    0.44668°
A1S    -3.85°    B1S    25.59°    alfD     0.87°   alfaNf    -5.20°   alSm   -19.52°
thtaN     18.14°    thtaTR    -0.10°
Trim   phi    -0.12°    thta     4.24°
vBx    62.50    vBy     0.10    vBz     4.64
fMR(1)          5801.39   fMR(2)          -162.44   fMR(3)        -46560.98
fTR(1)             0.00   fTR(2)           195.71   fTR(3)             0.00
fPR(1)             0.00   fPR(2)             0.00   fPR(3)             0.00
fFus(1)        -2094.74   fFus(2)           85.07   fFus(3)          195.33
fFN(1)           -19.93   fFN(2)           -26.27   fFN(3)             0.00
fHS(1)          -385.95   fHS(2)             0.00   fHS(3)          1856.31
fCG(1)         -3300.78   fCG(2)           -92.06   fCG(3)         44509.34
fWN(1)            -0.00   fWN(2)             0.00   fWN(3)            -0.00
fR(1)   2.7304343e-007   fR(2)  -1.9073909e-008   fR(3)  -4.2798739e-007

Moment Equilibrium
mMR(1)          -336.25   mMR(2)        -12008.82   mMR(3)             0.00
mTR(1)           411.00   mTR(2)             0.00   mTR(3)         -1687.64
mPR(1)             0.00   mPR(2)            -0.00   mPR(3)             0.00
mFus(1)            0.00   mFus(2)          447.81   mFus(3)         1485.09
mFN(1)           -74.75   mFN(2)            56.68   mFN(3)           202.55
mHS(1)             0.00   mHS(2)         11504.32   mHS(3)             0.00
mWN(1)             0.00   mWN(2)             0.00   mWN(3)             0.00
mR(1)  -3.9481790e-008   mR(2)  -4.7451167e-008   mR(3)  -3.1104719e-010
==x=x===x===x=x==
MR Fx  5801.39    Fz -46560.98   thtaClmb    -0.00   torque 42033.38
dxMR    0.2579  Fx/Fz   -7.1°        mu   0.27516   oM  29.0  n  276.9

=I=I=I=I=I= End Of Iteration Results =I=I=I=I=I=


         ### stability derivatives ###
 R ._. R ._. << RotaryWingSim Data >> ._. R ._. R

       u              w            q         oM
x   -0.275054      0.274770     0.609435     0.600196
z    0.211405     -1.179702    -0.955951    -0.940886
m    0.004796     -0.046896    -0.115540    -0.002734

      measured  data
       u                w              q
x   -0.056400       0.136300        0.527100
z    0.127600      -1.234900       -1.318600
m    0.015900      -0.030000       -0.660100

Q    0.000000      -0.000000       -0.000000       -0.000000

Xu      -0.275054      -1251.39
Xw       0.274770       1250.10
Xq       0.609435      14466.16
Zu       0.211405        961.81
Zw      -1.179702      -5367.18
Zwd      0.000000          0.00
Zq      -0.955951     -22691.42
Mu       0.004796         21.82
Mw      -0.046896       -213.36
Mwd      0.000000          0.00
Mq      -0.115540      -2742.57

##### SP and PH Mode ----- approximation ###
----- Short Period Mode -----
omega SP         1.7409
zeta  SP         0.3720
re  -0.6476 +  1.6159j
re  -0.6476 -  1.6159j

----- Phugoid Mode -----
negative oMg2_PH

##### SP and PH Mode from quartic #####
A        1.000         1.000
B        1.570         1.570
C        3.326         3.326
D        0.795         0.795
E       -0.042        -0.042

Routh D        3.624

M thta        -0.000 

z1  -0.64897    1.60162j
z2  -0.64897   -1.60162j
z3  -0.31652    0.00000j
z4   0.04417    0.00000j

       Short Period                Phugoid
1   0.09326  0.00000j        0.00174  0.00000j
2   1.98474  0.00000j       -0.01331  0.00000j
3   0.01675  0.00000j       -0.00081  0.00000j
4   0.02439  0.00000j        0.03613  0.00000j


----- Phugoid Mode -----
omega PH         1.7281
zeta  PH        -0.3755
period PH        3.9230
tHalf  PH        1.0681
N half PH        0.2723

----- Short Period Mode -----
omega SP         0.3165
zeta  SP        -1.0000
period SP   --------
tHalf  SP        2.1899
N half SP        0.0000

omega SP         0.0442
zeta  SP         1.0000
period SP   --------
tHalf  SP       15.6927
N half SP        0.0000


 M _ _ M _ _ << Measured Data >> _ _ M _ _ M
Xu      -0.056400       -256.60
Xw       0.136300        620.11
Xq       0.527100      12511.77
Zu       0.127600        580.53
Zw      -1.234900      -5618.31
Zwd      0.000000          0.00
Zq      -1.318600     -31299.61
Mu       0.015900         72.34
Mw      -0.030000       -136.49
Mwd      0.000000          0.00
Mq      -0.660100     -15668.79

##### SP and PH Mode ----- approximation ###
----- Short Period Mode -----
omega SP         1.6297
zeta  SP         0.5814
re  -0.9475 +  1.3259j
re  -0.9475 -  1.3259j

----- Phugoid Mode -----
omega PH         0.2391
zeta  PH         0.1283
re  -0.0307 +  0.2371j
re  -0.0307 -  0.2371j

A          1.0000
B          1.9563
C          2.8292
D          0.2712
E          0.1518

##### SP and PH Mode from quartic #####
A        1.000         1.000
B        1.951         1.951
C        2.737         2.737
D        0.153         0.153
E        0.155         0.155

Routh D        0.203

M thta        -0.000 

z1  -0.96822    1.30842j
z2  -0.96822   -1.30842j
z3  -0.00748    0.24181j
z4  -0.00748   -0.24181j

       Short Period                Phugoid
1   0.07606  0.00000j       -1.85393  0.00000j
2   1.99373  0.00000j       -0.74085  0.00000j
3   0.00851  0.00000j       -0.01139  0.00000j
4   0.01802  0.00000j       -0.00166  0.00000j


----- Phugoid Mode -----
omega PH         0.2419
zeta  PH        -0.0309
period PH       25.9839
tHalf  PH       92.6297
N half PH        3.5649

----- Short Period Mode -----
omega SP         1.6277
zeta  SP        -0.5948
period SP        4.8021
tHalf  SP        0.7159
N half SP        0.1491

dlc    32.30   dla   -1.70   dle   28.79      dlp    4.31      dlt    0.00
thtaN  18.14°   A1S  -3.85°   B1S  25.59°   thtaTR  -0.10°
TrimAC phi LFr      -0.12°    thta       4.24°    psi      -0.10°
