reading aircraft data from ./data/OH-6/OH-6A_1.dat
reading Flight Data from ./data/OH-6/fDataOH-6A_6N.flt
reading Rotor Data from ./data/OH-6/fDataOH-6A_6N.flt


    #### RotaryWingSim ####
rhoAir        1.2252 kg/m³
thtaN    9.68°   twist    -8.00°
mHeli          2555.00 lb

nRot      483.0 1/min    oM     50.58 rad/s
oMR       202.50 m/s     oMR   664.38 ft/s
aBlade          2.75 m^2

rRotTR       0.65 m
nRotTR       2617.6 1/min
oMTR    274.12
oMRTR   202.50 m/s    oMRTR   664.38 ft/s
sigmaTR   0.0360

Area Mrot      50.36 m^2
m blade        93.9 kg
I blade        63.5 kg*m^2
gamRot         12.2700
sigma           0.0545


Trim phi       0.00°    thta      -0.10°    psi      -0.10°   
vH      67.48 mph     vV          0 fpm
cTs  0.082417     cT  0.0045     cT2sa  0.0287     cL  0.4041
m Heli    11369.3 N      fpA        0.6 m^2           6.3 ft^2
Iyy Heli        1219.4 kg*m^2
Coordintats x,z    [m]         [ft]
Rotor      :   0.00   0.85        0.00   2.78
Rudder     :   4.62   0.12       15.17   0.41
Fin        :   5.51   1.58       18.08   5.20
H-Stab     :   3.90  -0.76       12.78  -2.49
Wing       :  -2.54  -1.26       -8.33  -4.13
Propeller  :  -2.54  -0.12       -8.33  -0.41
### Var ###
mu             50.580  vFlight     60.0 kn
thtaClmb      -0.0000     -0.0000°
cTsReq    0.08242    cTReq    0.00449    cT2saReq    0.02868
alfaD     461.23°    thtaClmb      -0.00°    thtaTrim      -0.10
trim iter 30     anorm 3.86981e-010

   deriv 3104
       u                w              q
x   -0.088692      0.118515     0.021331
z   -0.026530     -1.068588     0.232584
m    0.015359     -0.043420    -0.038226

 ====== u - derivatives ===== 
fMR(1)        -0.024271   fMR(2)         0.004473   fMR(3)        -0.021565
fTR(1)         0.000000   fTR(2)        -0.000001   fTR(3)         0.000000
fFus(1)       -0.019431   fFus(2)        0.000421   fFus(3)        0.065751
fFN(1)        -0.000160   fFN(2)        -0.000134   fFN(3)         0.000000
fHS(1)        -0.002067   fHS(2)         0.000000   fHS(3)         0.000281
fPR(1)         0.000000   fPR(2)         0.000000   fPR(3)         0.000000
fCG(1)         0.000000   fCG(2)         0.000000   fCG(3)         0.000000
fR(1)  -5.3230777e-009   fR(2)   6.2073013e-010   fR(3)   5.1469738e-009

 Moment Equilibrium    1001 
mMR(1)        -0.073922   mMR(2)         0.151864   mMR(3)         0.000000
mTR(1)        -0.000000   mTR(2)         0.000000   mTR(3)         0.000001
mFus(1)        0.000000   mFus(2)       -0.000803   mFus(3)        0.002747
mFN(1)        -0.000051   mFN(2)         0.000060   mFN(3)         0.000176
mHS(1)         0.000000   mHS(2)        -0.000113   mHS(3)         0.000000
mPR(1)         0.000000   mPR(2)         0.000000   mPR(3)         0.000000
mR(1)  -3.6120562e-008   mR(2)   7.3743990e-008   mR(3)   1.1104362e-009
QR  3.9849323e-012
mU  1.5100803e-001

 ====== q - derivatives ===== 
fMR(1)         0.255965   fMR(2)        -0.245629   fMR(3)         0.064083
fTR(1)         0.000000   fTR(2)         0.000000   fTR(3)         0.000000
fFus(1)       -0.001302   fFus(2)        0.000000   fFus(3)       -0.044035
fFN(1)         0.000000   fFN(2)         0.000000   fFN(3)         0.000000
fHS(1)         0.000387   fHS(2)         0.000000   fHS(3)        -0.150546
fPR(1)         0.000000   fPR(2)         0.000000   fPR(3)         0.000000
fCG(1)         0.000000   fCG(2)         0.000000   fCG(3)         0.000000
fR(1)   2.9558787e-008   fR(2)  -2.8398006e-008   fR(3)  -1.5131120e-008

 Moment Equilibrium    1002 
mMR(1)         1.961875   mMR(2)        -2.765493   mMR(3)         0.000000
mTR(1)         0.000000   mTR(2)         0.000000   mTR(3)         0.000000
mFus(1)        0.000000   mFus(2)        0.001352   mFus(3)        0.000000
mFN(1)         0.000000   mFN(2)         0.000000   mFN(3)         0.000000
mHS(1)         0.000000   mHS(2)        -0.139178   mHS(3)         0.000000
mPR(1)         0.000000   mPR(2)         0.000000   mPR(3)         0.000000
mR(1)   9.5779844e-007   mR(2)  -1.4174059e-006   mR(3)  -3.1690206e-010
QR -4.9907854e-012

 ====== w - derivatives ===== 
fMR(1)         0.012362   fMR(2)         0.019345   fMR(3)        -0.647614
fTR(1)         0.000000   fTR(2)         0.000000   fTR(3)         0.000000
fFus(1)       -0.013271   fFus(2)        0.000000   fFus(3)       -0.452418
fFN(1)         0.000000   fFN(2)         0.000000   fFN(3)         0.000000
fHS(1)         0.000099   fHS(2)         0.000000   fHS(3)        -0.038637
fPR(1)         0.000000   fPR(2)         0.000000   fPR(3)         0.000000
fCG(1)         0.000000   fCG(2)         0.000000   fCG(3)         0.000000
fR(1)  -9.4051616e-011   fR(2)   2.3110829e-009   fR(3)  -1.3197209e-007

 Moment Equilibrium    1003 
mMR(1)        -0.149805   mMR(2)         0.137110   mMR(3)         0.000000
mTR(1)         0.000000   mTR(2)         0.000000   mTR(3)         0.000000
mFus(1)        0.000000   mFus(2)        0.013788   mFus(3)        0.000000
mFN(1)         0.000000   mFN(2)         0.000000   mFN(3)         0.000000
mHS(1)         0.000000   mHS(2)        -0.035720   mHS(3)         0.000000
mPR(1)         0.000000   mPR(2)         0.000000   mPR(3)         0.000000
mR(1)  -7.3142794e-008   mR(2)   5.6251836e-008   mR(3)  -3.1690206e-010
QR  3.6191024e-011
mW  1.1517879e-001


=I=I=I=I=I= Iteration Results =I=I=I=I=I=
xMR    8.333    xcg    8.333    dxCG    0.000    iRigMR   -3.0
cTs 0.12095   cT 0.00659   cLs 10.83772   cL 0.59092
aN     0.20154°    a1    0.06122°   b1    0.05819°
Br   aN    11.55°       a1    3.51°      b1    3.33°
716  aN    11.55°       a1    2.47°      b1    1.29°
mu  0.147768 lamD    0.01141    lamI    0.01304     mu*a1    0.00636     lamNf    0.00505
A1S    0.02180°    B1S    0.04292°
A1S     1.25°    B1S     2.46°    alfD     9.39°   alfaNf     6.93°   alSm     0.01°
thtaN     12.99°    thtaTR    -0.19°
Trim   phi    -2.21°    thta    -0.45°
vBx    30.08    vBy     0.06    vBz    -0.23
fMR(1)           351.13   fMR(2)           379.98   fMR(3)        -10389.27
fTR(1)             0.00   fTR(2)            48.58   fTR(3)             0.00
fPR(1)             0.00   fPR(2)             0.00   fPR(3)             0.00
fFus(1)         -401.54   fFus(2)           14.69   fFus(3)         -981.33
fFN(1)            -2.76   fFN(2)            -4.68   fFN(3)             0.00
fHS(1)           -36.06   fHS(2)             0.00   fHS(3)            10.14
fCG(1)            89.23   fCG(2)          -438.57   fCG(3)         11360.47
fWN(1)            -0.00   fWN(2)             0.00   fWN(3)            -0.00
fR(1)   2.8137308e-009   fR(2)   1.2760211e-009   fR(3)  -4.8613258e-008

Moment Equilibrium
mMR(1)             1.37   mMR(2)          -232.52   mMR(3)            -0.00
mTR(1)             6.05   mTR(2)             0.00   mTR(3)          -224.59
mPR(1)             0.00   mPR(2)            -0.00   mPR(3)             0.00
mFus(1)            0.00   mFus(2)          216.04   mFus(3)          198.79
mFN(1)            -7.42   mFN(2)             4.38   mFN(3)            25.80
mHS(1)             0.00   mHS(2)            12.11   mHS(3)             0.00
mWN(1)             0.00   mWN(2)             0.00   mWN(3)             0.00
mR(1)   2.1124626e-008   mR(2)  -4.3586627e-008   mR(3)  -3.1690206e-010
==x=x===x===x=x==
MR Fx  -193.09    Fz -10393.41   thtaClmb    -0.00   torque  1591.15
dxMR    0.0287  Fx/Fz   -1.9°        mu   0.14777   oM  50.6  n  483.0

=I=I=I=I=I= End Of Iteration Results =I=I=I=I=I=


         ### stability derivatives ###
 R ._. R ._. << RotaryWingSim Data >> ._. R ._. R

       u              w            q         oM
x   -0.045928     -0.000809     0.255051     0.024280
z    0.044464     -1.138669    -0.130505    -0.419407
m    0.604586      0.076856   -11.623932    -0.357610

      measured  data
       u                w              q
x   -0.031400       0.010700        0.550600
z   -0.037100      -0.715000       -0.215200
m    0.034500      -0.013000       -2.484300

Q    0.000000      -0.000000        0.000000       -0.000000

Xu      -0.045928        -53.23
Xw      -0.000809         -0.94
Xq       0.255051        311.01
Zu       0.044464         51.53
Zw      -1.138669      -1319.66
Zwd      0.000000          0.00
Zq      -0.130505       -159.14
Mu       0.604586        700.68
Mw       0.076856         89.07
Mwd      0.000000          0.00
Mq     -11.623932     -14174.26

##### SP and PH Mode ----- approximation ###
----- Short Period Mode -----
omega SP         3.3066
zeta  SP         1.9299
re  -6.3813 +   5.4578
re  -6.3813 -   5.4578

----- Phugoid Mode -----
omega PH         0.7862
zeta  PH         0.3731
re  -0.2933 +  0.7294j
re  -0.2933 -  0.7294j

A          1.0000
B         13.3493
C         78.6138
D         49.2535
E         43.5771

##### SP and PH Mode from quartic #####
A        1.000         1.000
B       12.809        12.809
C       11.366        11.366
D        6.272         6.272
E        6.787         6.787

Routh D     -239.757

M thta        -0.000 

z1 -11.89318    0.00000j
z2  -1.00401    0.00000j
z3   0.04433    0.75261j
z4   0.04433   -0.75261j

       Short Period                Phugoid
1   0.43111 -0.40711j        0.50883  0.40711j
2  -0.15464  0.00000j       -0.21319  0.00000j
3   0.36802 -0.01914j        0.02579  0.01914j
4  -0.00069  0.03869j        0.03225 -0.03869j


 M _ _ M _ _ << Measured Data >> _ _ M _ _ M
Xu      -0.031400        -36.39
Xw       0.010700         12.40
Xq       0.550600        671.40
Zu      -0.037100        -43.00
Zw      -0.715000       -828.65
Zwd      0.000000          0.00
Zq      -0.215200       -262.42
Mu       0.034500         39.98
Mw      -0.013000        -15.07
Mwd      0.000000          0.00
Mq      -2.484300      -3029.36

##### SP and PH Mode ----- approximation ###
----- Short Period Mode -----
omega SP         1.4712
zeta  SP         1.0873
re  -1.5997 +   0.6279
re  -1.5997 -   0.6279

----- Phugoid Mode -----
omega PH         0.3364
zeta  PH         0.2404
re  -0.0809 +  0.3265j
re  -0.0809 -  0.3265j

A          1.0000
B          3.3610
C          3.5838
D          0.8396
E          0.3342

##### SP and PH Mode from quartic #####
A        1.000         1.000
B        3.231         3.231
C        2.246         2.246
D        0.383         0.383
E        0.247         0.247

Routh D        0.055

M thta        -0.000 

z1  -2.30983    0.00000j
z2  -0.91764    0.00000j
z3  -0.00162    0.34117j
z4  -0.00162   -0.34117j

       Short Period                Phugoid
1  -1.03291  0.00000j       -0.99889  0.00000j
2  -1.32134 -0.18119j       -1.32603  0.18119j
3   0.04180 -0.00057j       -0.00440  0.00057j
4  -0.02106 -0.03244j       -0.00544  0.03244j

dlc    23.14   dla    6.46   dle   -3.00      dlp    4.37      dlt    0.00
thtaN  12.99°   A1S   1.25°   B1S   2.46°   thtaTR  -0.19°
TrimAC phi LFr      -2.21°    thta      -0.45°    psi      -0.10°
