reading aircraft data from ./data/RotDatR4B_Fa.dat
reading Flight Data from ./data/fDataR4B_F1.flt
reading Rotor Data from ./data/fDataR4B_F1.flt


    #### RotaryWingSim ####
rhoAir        1.2999 kg/m³
thtaN   10.50°   twist     0.00°
mHeli          2546.00 lb

nRot      225.0 1/min    oM     23.56 rad/s
oMR       136.45 m/s     oMR   447.68 ft/s
aBlade          4.43 m^2

rRotTR       1.91 m
nRotTR       1662.7 1/min
oMTR    174.12
oMRTR   136.45 m/s    oMRTR   447.68 ft/s
sigmaTR   0.0173

Area Mrot     105.36 m^2
m blade         5.4 kg
I blade        60.9 kg*m^2 estimated
gamRot         15.0000
sigma           0.0420


Trim phi       0.00°    thta      -2.10°    psi      -0.10°   
vH      44.91 mph     vV          0 fpm
cTs  0.105703     cT  0.0044     cT2sa  0.0369     cL  0.4092
m Heli    11329.2 N      fpA        1.9 m^2          20.0 ft^2
Iyy Heli        2712.8 kg*m^2
Coordintats x,z    [m]         [ft]
Rotor      :   0.02   1.68        0.05   5.50
Rudder     :   7.48   1.52       24.55   5.00
Fin        :   3.86   0.71       12.65   2.33
H-Stab     :   4.04   0.02       13.25   0.06
Wing       :  -1.97   0.00       -6.45   0.00
Propeller  :  -0.83   0.00       -2.73   0.00
### Var ###
mu             23.562  vFlight     39.9 kn
thtaClmb      -0.0000     -0.0000°
cTsReq    0.10570    cTReq    0.00444    cT2saReq    0.03689
alfaD     214.86°    thtaClmb      -0.00°    thtaTrim      -2.10
trim iter 32     anorm 6.39896e-010

   deriv 3104
       u                w              q
x   -0.164051      0.137413     0.105298
z    0.000823     -1.116753     0.195620
m    0.047460     -0.093349    -0.021044

 ====== u - derivatives ===== 
fMR(1)        -0.051449   fMR(2)         0.009696   fMR(3)        -0.043740
fTR(1)         0.000000   fTR(2)        -0.000000   fTR(3)         0.000000
fFus(1)       -0.046963   fFus(2)        0.000221   fFus(3)        0.003170
fFN(1)        -0.004546   fFN(2)        -0.000131   fFN(3)         0.000000
fHS(1)        -0.000000   fHS(2)         0.000000   fHS(3)         0.000000
fPR(1)         0.000000   fPR(2)         0.000000   fPR(3)         0.000000
fCG(1)         0.000000   fCG(2)         0.000000   fCG(3)         0.000000
fR(1)  -1.1890410e-008   fR(2)   1.2042820e-009   fR(3)  -4.6885392e-009

 Moment Equilibrium    1001 
mMR(1)         0.001195   mMR(2)         0.006291   mMR(3)        -0.000011
mTR(1)        -0.000000   mTR(2)         0.000000   mTR(3)         0.000000
mFus(1)        0.000000   mFus(2)       -0.000445   mFus(3)        0.000516
mFN(1)        -0.000007   mFN(2)         0.000238   mFN(3)         0.000037
mHS(1)         0.000000   mHS(2)         0.000000   mHS(3)         0.000000
mPR(1)         0.000000   mPR(2)         0.000000   mPR(3)         0.000000
mR(1)   1.9793482e-009   mR(2)   9.5576584e-009   mR(3)   2.9778846e-010
QR  2.3333467e-011
mU  6.0834533e-003

 ====== q - derivatives ===== 
fMR(1)         0.586444   fMR(2)        -0.619384   fMR(3)         0.126368
fTR(1)         0.000000   fTR(2)         0.000000   fTR(3)         0.000000
fFus(1)       -0.001283   fFus(2)        0.000000   fFus(3)       -0.004456
fFN(1)         0.000000   fFN(2)         0.000000   fFN(3)         0.000000
fHS(1)         0.000000   fHS(2)         0.000000   fHS(3)        -0.000001
fPR(1)         0.000000   fPR(2)         0.000000   fPR(3)         0.000000
fCG(1)         0.000000   fCG(2)         0.000000   fCG(3)         0.000000
fR(1)   6.7578053e-008   fR(2)  -7.1456522e-008   fR(3)   1.4076155e-008

 Moment Equilibrium    1002 
mMR(1)        -0.076328   mMR(2)        -0.072127   mMR(3)         0.000694
mTR(1)         0.000000   mTR(2)         0.000000   mTR(3)         0.000000
mFus(1)        0.000000   mFus(2)        0.000739   mFus(3)        0.000000
mFN(1)         0.000000   mFN(2)         0.000000   mFN(3)         0.000000
mHS(1)         0.000000   mHS(2)        -0.000000   mHS(3)         0.000000
mPR(1)         0.000000   mPR(2)         0.000000   mPR(3)         0.000000
mR(1)  -1.1980101e-007   mR(2)  -1.1215316e-007   mR(3)   5.3570659e-010
QR -3.9288507e-011

 ====== w - derivatives ===== 
fMR(1)        -0.031932   fMR(2)        -0.009481   fMR(3)        -0.789171
fTR(1)         0.000000   fTR(2)         0.000000   fTR(3)         0.000000
fFus(1)       -0.012872   fFus(2)        0.000000   fFus(3)       -0.040691
fFN(1)         0.000000   fFN(2)         0.000000   fFN(3)         0.000000
fHS(1)         0.000000   fHS(2)         0.000000   fHS(3)        -0.000000
fPR(1)         0.000000   fPR(2)         0.000000   fPR(3)         0.000000
fCG(1)         0.000000   fCG(2)         0.000000   fCG(3)         0.000000
fR(1)  -5.1745878e-009   fR(2)  -1.0209327e-009   fR(3)  -9.5839917e-008

 Moment Equilibrium    1003 
mMR(1)        -0.001168   mMR(2)         0.003051   mMR(3)         0.000011
mTR(1)         0.000000   mTR(2)         0.000000   mTR(3)         0.000000
mFus(1)        0.000000   mFus(2)        0.007425   mFus(3)        0.000000
mFN(1)         0.000000   mFN(2)         0.000000   mFN(3)         0.000000
mHS(1)         0.000000   mHS(2)        -0.000000   mHS(3)         0.000000
mPR(1)         0.000000   mPR(2)         0.000000   mPR(3)         0.000000
mR(1)  -1.7227855e-009   mR(2)   1.6458187e-008   mR(3)  -5.3773874e-010
QR  1.3637387e-010
mW  1.0475791e-002


=I=I=I=I=I= Iteration Results =I=I=I=I=I=
xMR    6.500    xcg    6.450    dxCG    0.050    iRigMR    0.0
cTs 0.16267   cT 0.00683   cLs 14.87797   cL 0.62490
aN     0.34218°    a1    0.08286°   b1    0.08463°
Br   aN    19.61°       a1    4.75°      b1    4.85°
716  aN    19.61°       a1    3.32°      b1    2.34°
mu  0.145384 lamD    0.01762    lamI    0.01309     mu*a1    0.00841     lamNf    0.00921
A1S   -0.02481°    B1S    0.07773°
A1S    -1.42°    B1S     4.45°    alfD    11.93°   alfaNf     8.61°   alSm    -1.14°
thtaN      9.55°    thtaTR    -0.03°
Trim   phi    -0.02°    thta    -3.35°
vBx    19.99    vBy     0.04    vBz    -1.17
fMR(1)           -52.41   fMR(2)            -9.88   fMR(3)        -11292.74
fTR(1)             0.00   fTR(2)            12.27   fTR(3)             0.00
fPR(1)             0.00   fPR(2)             0.00   fPR(3)             0.00
fFus(1)         -556.96   fFus(2)            5.10   fFus(3)          -17.16
fFN(1)           -52.20   fFN(2)            -3.01   fFN(3)             0.00
fHS(1)            -0.00   fHS(2)             0.00   fHS(3)             0.00
fCG(1)           661.57   fCG(2)            -4.48   fCG(3)         11309.90
fWN(1)            -0.00   fWN(2)             0.00   fWN(3)            -0.00
fR(1)   4.2152628e-009   fR(2)  -1.0068923e-009   fR(3)  -9.6782154e-008

Moment Equilibrium
mMR(1)           -16.56   mMR(2)           -84.25   mMR(3)             0.15
mTR(1)            18.70   mTR(2)             0.00   mTR(3)           -91.81
mPR(1)             0.00   mPR(2)            -0.00   mPR(3)             0.00
mFus(1)            0.00   mFus(2)           47.12   mFus(3)           80.04
mFN(1)            -2.14   mFN(2)            37.13   mFN(3)            11.62
mHS(1)             0.00   mHS(2)             0.00   mHS(3)             0.00
mWN(1)             0.00   mWN(2)             0.00   mWN(3)             0.00
mR(1)  -1.6992487e-009   mR(2)  -7.2949160e-009   mR(3)  -5.3795191e-010
==x=x===x===x=x==
MR Fx   -52.41    Fz -11292.74   thtaClmb    -0.00   torque  3163.11
dxMR    0.0075  Fx/Fz    0.3°        mu   0.14538   oM  23.6  n  225.0

=I=I=I=I=I= End Of Iteration Results =I=I=I=I=I=


         ### stability derivatives ###
 R ._. R ._. << RotaryWingSim Data >> ._. R ._. R

       u              w            q         oM
x   -0.102957     -0.044805     0.585162     0.036502
z   -0.040574     -0.829855     0.121910    -0.838014
m    0.006083      0.010476    -0.071388    -0.004644

      measured  data
       u                w              q
x   -0.090000       0.110000        0.092100
z    0.010000      -1.100000        0.140000
m    0.007000       0.005000       -0.025000

Q    0.000000      -0.000000        0.000000       -0.000000

Xu      -0.102957       -118.90
Xw      -0.044805        -51.74
Xq       0.585162       1587.43
Zu      -0.040574        -46.86
Zw      -0.829855       -958.37
Zwd      0.000000          0.00
Zq       0.121910        330.72
Mu       0.006083          7.03
Mw       0.010476         12.10
Mwd      0.000000          0.00
Mq      -0.071388       -193.66

##### SP and PH Mode ----- approximation ###
----- Short Period Mode -----
negative oMg2_SP

----- Phugoid Mode -----
negative oMg2_PH

##### SP and PH Mode from quartic #####
A        1.000         1.000
B        1.004         1.004
C       -0.064        -0.064
D        0.047         0.047
E        0.045         0.045

Routh D       -0.051

M thta        -0.000 

z1  -1.06819    0.00000j
z2   0.19461    0.30444j
z3   0.19461   -0.30444j
z4  -0.32522    0.00000j

       Short Period                Phugoid
1   1.92142  0.00000j        0.77015  0.00000j
2  -0.10319  0.00000j       -1.35153  0.00000j
3   0.00676  0.00000j        0.00409  0.00000j
4  -0.05741  0.00000j        0.01169  0.00000j


----- Phugoid Mode -----
omega PH         0.3613
zeta  PH         0.5386
period PH       20.6385
tHalf  PH        3.5618
N half PH        0.1726

----- Short Period Mode -----
omega SP         1.0682
zeta  SP        -1.0000
period SP   --------
tHalf  SP        0.6489
N half SP        0.0000

omega SP         0.3252
zeta  SP        -1.0000
period SP   --------
tHalf  SP        2.1313
N half SP        0.0000


 M _ _ M _ _ << Measured Data >> _ _ M _ _ M
Xu      -0.090000       -103.94
Xw       0.110000        127.04
Xq       0.092100        249.85
Zu       0.010000         11.55
Zw      -1.100000      -1270.35
Zwd      0.000000          0.00
Zq       0.140000        379.79
Mu       0.007000          8.08
Mw       0.005000          5.77
Mwd      0.000000          0.00
Mq      -0.025000        -67.82

##### SP and PH Mode ----- approximation ###
----- Short Period Mode -----
negative oMg2_SP

----- Phugoid Mode -----
negative oMg2_PH

##### SP and PH Mode from quartic #####
A        1.000         1.000
B        1.215         1.215
C        0.026         0.026
D        0.046         0.046
E        0.076         0.076

Routh D       -0.113

M thta        -0.000 

z1  -1.17938    0.00000j
z2  -0.42672    0.00000j
z3   0.19555    0.33590j
z4   0.19555   -0.33590j

       Short Period                Phugoid
1  -1.92426  0.00000j       -0.86695  0.00000j
2  -0.08761  0.00000j       -0.65120  0.00000j
3  -0.01349  0.00000j        0.01592  0.00000j
4   0.05490  0.00000j       -0.03149  0.00000j

dlc    17.01   dla    2.18   dle   -0.26      dlp    4.27      dlt    0.00
thtaN   9.55°   A1S  -1.42°   B1S   4.45°   thtaTR  -0.03°
TrimAC phi LFr      -0.02°    thta      -3.35°    psi      -0.10°
