reading aircraft data from ./data/PCA2ps2.dat
reading Flight Data from ./data/fDataPCA-2_A6_3.flt
reading Rotor Data from ./data/fDataPCA-2_A6_3.flt


    #### RotaryWingSim ####
rhoAir        1.0402 kg/m³
thtaN    1.35°   twist    -0.80°
mHeli          2858.00 lb
aBlade         14.42 m^2
Area Mrot     147.76 m^2
m blade        35.8 kg
I blade       453.0 kg*m^2
gamRot         15.2207
sigma           0.0976


Trim phi       0.00°    thta     -16.30°    psi       0.00°   
vH     114.28 mph     vV       3330 fpm
cTs  0.084598     cT  0.0083     cT2sa  0.0297     cL  0.0547
m Heli    12717.6 N      fpA        1.6 m^2          17.2 ft^2
Iyy Heli        5425.6 kg*m^2
Coordintats x,z    [m]         [ft]
Rotor      :   0.02   1.83        0.07   6.00
Rudder     :   7.57   0.00       24.82   0.00
Fin        :   2.11   0.41        6.92   1.33
H-Stab     :   2.08   0.02        6.82   0.06
Wing       :   0.02  -0.30        0.08  -1.00
Propeller  :  -1.85  -0.03       -6.05  -0.10
### Var ###
mu             14.300  vFlight    107.1 kn
thtaClmb      -0.3206    -18.3666°
cTsReq    0.08460    cTReq    0.00826    cT2saReq    0.02968
alfaD     130.40°    thtaClmb     -18.37°    thtaTrim     -16.30
trim iter 26     anorm 3.49727e-010

   deriv 3104
       u                w              q
x   -0.125291     -0.102875     0.084075
z   -0.091205     -1.189618     0.773156
m   -0.119577     -0.021730    -0.174946

 ====== u - derivatives ===== 
fMR(1)        -0.101333   fMR(2)        -0.010260   fMR(3)         0.105641
fTR(1)         0.000000   fTR(2)         0.000000   fTR(3)         0.000000
fFus(1)       -0.076495   fFus(2)       -0.000389   fFus(3)        0.001667
fFN(1)        -0.005084   fFN(2)         0.004601   fFN(3)         0.000000
fHS(1)        -0.010406   fHS(2)         0.000000   fHS(3)         0.029551
fPR(1)        -0.008934   fPR(2)         0.000000   fPR(3)        -0.000312
fCG(1)         0.000000   fCG(2)         0.000000   fCG(3)         0.000000
fR(1)  -2.7250849e-008   fR(2)  -8.4131102e-010   fR(3)   4.9467417e-009

 Moment Equilibrium    1001 
mMR(1)        -0.000381   mMR(2)         0.007153   mMR(3)         0.000008
mTR(1)         0.000000   mTR(2)         0.000000   mTR(3)         0.000000
mFus(1)        0.000000   mFus(2)        0.000104   mFus(3)        0.000357
mFN(1)         0.000065   mFN(2)         0.000072   mFN(3)        -0.000338
mHS(1)         0.000000   mHS(2)         0.002147   mHS(3)         0.000000
mPR(1)         0.000000   mPR(2)         0.000011   mPR(3)         0.000000
mR(1)  -1.2253594e-009   mR(2)   3.7045083e-008   mR(3)   2.2913582e-010
QR -4.1510491e-012
mU  9.4864252e-003

 ====== q - derivatives ===== 
fMR(1)         1.439408   fMR(2)         0.135461   fMR(3)        -0.050814
fTR(1)         0.000000   fTR(2)         0.000000   fTR(3)         0.000000
fFus(1)       -0.001589   fFus(2)        0.000000   fFus(3)       -0.001909
fFN(1)         0.000000   fFN(2)         0.000000   fFN(3)         0.000000
fHS(1)        -0.008769   fHS(2)         0.000000   fHS(3)        -0.502314
fPR(1)         0.000000   fPR(2)         0.000000   fPR(3)         0.000000
fCG(1)         0.000000   fCG(2)         0.000000   fCG(3)         0.000000
fR(1)   1.8494507e-007   fR(2)   1.7503766e-008   fR(3)  -7.5143362e-008

 Moment Equilibrium    1002 
mMR(1)         0.049197   mMR(2)        -0.150747   mMR(3)        -0.000101
mTR(1)         0.000000   mTR(2)         0.000000   mTR(3)         0.000000
mFus(1)        0.000000   mFus(2)        0.000072   mFus(3)        0.000000
mFN(1)         0.000000   mFN(2)         0.000000   mFN(3)         0.000000
mHS(1)         0.000000   mHS(2)        -0.036374   mHS(3)         0.000000
mPR(1)         0.000000   mPR(2)         0.000000   mPR(3)         0.000000
mR(1)   1.8300328e-007   mR(2)  -6.9548491e-007   mR(3)  -2.4334668e-010
QR  7.5296227e-012

 ====== w - derivatives ===== 
fMR(1)         0.832611   fMR(2)        -0.086539   fMR(3)        -1.537013
fTR(1)         0.000000   fTR(2)         0.000000   fTR(3)         0.000000
fFus(1)       -0.032552   fFus(2)        0.000000   fFus(3)       -0.038777
fFN(1)         0.000000   fFN(2)         0.000000   fFN(3)         0.000000
fHS(1)        -0.004397   fHS(2)         0.000000   fHS(3)        -0.161711
fPR(1)        -0.000309   fPR(2)         0.000000   fPR(3)        -0.000011
fCG(1)         0.000000   fCG(2)         0.000000   fCG(3)         0.000000
fR(1)   9.7004886e-008   fR(2)  -1.1276001e-008   fR(3)  -2.6908674e-007

 Moment Equilibrium    1003 
mMR(1)        -0.014660   mMR(2)        -0.044750   mMR(3)         0.000064
mTR(1)         0.000000   mTR(2)         0.000000   mTR(3)         0.000000
mFus(1)        0.000000   mFus(2)        0.001478   mFus(3)        0.000000
mFN(1)         0.000000   mFN(2)         0.000000   mFN(3)         0.000000
mHS(1)         0.000000   mHS(2)        -0.011709   mHS(3)         0.000000
mPR(1)         0.000000   mPR(2)         0.000000   mPR(3)         0.000000
mR(1)  -5.4597933e-008   mR(2)  -1.9868605e-007   mR(3)   3.7073278e-010
QR  7.4453656e-011
mW -5.4980307e-002


=I=I=I=I=I= Iteration Results =I=I=I=I=I=
xMR    6.250    xcg    6.180    dxCG    0.070    iRigMR    0.0
cTs 0.05321   cT 0.00519   cLs 0.35502   cL 0.03466
aN     0.09709°    a1    0.11744°   b1    0.06670°
Br   aN     5.56°       a1    6.73°      b1    3.82°
716  aN     5.56°       a1    4.61°      b1    3.18°
mu  0.547343 lamD    0.05023    lamI    0.00398     mu*a1    0.04407     lamNf    0.00616
A1S    0.04867°    B1S    0.11859°
A1S     2.79°    B1S     6.79°    alfD     5.66°   alfaNf     1.04°   alSm    -2.18°
thtaN      2.49°    thtaTR    -0.05°
Trim   phi    -0.91°    thta   -10.51°
vBx    53.18    vBy    -0.12    vBz     7.34
fMR(1)           437.87   fMR(2)            56.91   fMR(3)         -7685.70
fTR(1)             0.00   fTR(2)            -0.00   fTR(3)             0.00
fPR(1)          1492.66   fPR(2)             0.00   fPR(3)            52.12
fFus(1)        -2807.82   fFus(2)          -26.84   fFus(3)         -146.30
fFN(1)          -159.45   fFN(2)           169.25   fFN(3)             0.00
fHS(1)          -385.69   fHS(2)             0.00   fHS(3)           472.91
fCG(1)          2318.85   fCG(2)          -199.32   fCG(3)         12502.79
fWN(1)          -896.42   fWN(2)             0.00   fWN(3)         -5195.83
fR(1)  -8.5083229e-010   fR(2)   1.1441472e-008   fR(3)  -5.5603778e-008

Moment Equilibrium
mMR(1)           -68.78   mMR(2)         -1916.54   mMR(3)            -1.21
mTR(1)            -0.00   mTR(2)             0.00   mTR(3)             0.00
mPR(1)             0.00   mPR(2)           -50.70   mPR(3)             0.00
mFus(1)            0.00   mFus(2)          325.25   mFus(3)          358.19
mFN(1)            68.78   mFN(2)            64.80   mFN(3)          -356.98
mHS(1)             0.00   mHS(2)           990.58   mHS(3)             0.00
mWN(1)             0.00   mWN(2)           586.61   mWN(3)             0.00
mR(1)   3.2267394e-008   mR(2)  -3.2998628e-008   mR(3)  -1.1397105e-010
==x=x===x===x=x==
MR Fx   437.87    Fz -7685.70   thtaClmb   -18.37   torque     0.00
dxMR    0.1255  Fx/Fz   -3.3°        mu   0.54734   oM  14.3  n  136.6

=I=I=I=I=I= End Of Iteration Results =I=I=I=I=I=


         ### stability derivatives ###
 R ._. R ._. << RotaryWingSim Data >> ._. R ._. R

       u              w            q         oM
x   -0.211373      0.747103     1.425450    -0.007730
z    0.037316     -2.076506    -0.580478    -0.429755
m    0.009939     -0.053415    -0.186931    -0.008886

      measured  data
       u                w              q
x   -0.090000       0.110000        0.092100
z    0.010000      -1.100000        0.140000
m    0.007000       0.005000       -0.025000

Q   -0.000000       0.000000        0.000000       -0.000000

Xu      -0.211373       -274.02
Xw       0.747103        968.54
Xq       1.425450       7733.92
Zu       0.037316         48.38
Zw      -2.076506      -2691.96
Zwd      0.000000          0.00
Zq      -0.580478      -3149.44
Mu       0.009939         12.88
Mw      -0.053415        -69.25
Mwd      0.000000          0.00
Mq      -0.186931      -1014.21

##### SP and PH Mode ----- approximation ###
----- Short Period Mode -----
omega SP         1.7546
zeta  SP         0.6450
re  -1.1317 +  1.3409j
re  -1.1317 -  1.3409j

----- Phugoid Mode -----
omega PH         0.2424
zeta  PH         0.4410
re  -0.1069 +  0.2175j
re  -0.1069 -  0.2175j

A          1.0000
B          2.4772
C          3.6213
D          0.7910
E          0.1808

##### SP and PH Mode from quartic #####
A        1.000         1.000
B        2.475         2.475
C        3.683         3.683
D        0.658         0.658
E        0.183         0.183

Routh D        4.444

M thta        -0.000 

z1  -1.15625    1.38374j
z2  -1.15625   -1.38374j
z3  -0.08115    0.22286j
z4  -0.08115   -0.22286j

       Short Period                Phugoid
1   0.50544  0.00000j       -1.96950  0.00000j
2  -1.92063  0.00000j       -0.34023  0.00000j
3  -0.03546  0.00000j       -0.01224  0.00000j
4  -0.00991  0.00000j        0.01956  0.00000j


----- Phugoid Mode -----
omega PH         0.2372
zeta  PH        -0.3422
period PH       28.1939
tHalf  PH        8.5411
N half PH        0.3029

----- Short Period Mode -----
omega SP         1.8032
zeta  SP        -0.6412
period SP        4.5407
tHalf  SP        0.5995
N half SP        0.1320


 M _ _ M _ _ << Measured Data >> _ _ M _ _ M
Xu      -0.090000       -116.67
Xw       0.110000        142.60
Xq       0.092100        499.70
Zu       0.010000         12.96
Zw      -1.100000      -1426.03
Zwd      0.000000          0.00
Zq       0.140000        759.58
Mu       0.007000          9.07
Mw       0.005000          6.48
Mwd      0.000000          0.00
Mq      -0.025000       -135.64

##### SP and PH Mode ----- approximation ###
----- Short Period Mode -----
negative oMg2_SP

----- Phugoid Mode -----
negative oMg2_PH

##### SP and PH Mode from quartic #####
A        1.000         1.000
B        1.215         1.215
C       -0.010        -0.010
D        0.139         0.139
E        0.076         0.076

Routh D       -0.133

M thta        -0.000 

z1  -1.27197    0.00000j
z2   0.18994    0.38603j
z3   0.18994   -0.38603j
z4  -0.32292    0.00000j

       Short Period                Phugoid
1   1.71016  0.00000j       -0.68998  0.00000j
2  -0.21048  0.00000j       -0.40454  0.00000j
3   0.00201  0.00000j        0.01243  0.00000j
4  -0.05460  0.00000j       -0.03082  0.00000j


----- Phugoid Mode -----
omega PH         0.4302
zeta  PH         0.4415
period PH       16.2764
tHalf  PH        3.6492
N half PH        0.2242

----- Short Period Mode -----
omega SP         0.3229
zeta  SP        -1.0000
period SP   --------
tHalf  SP        2.1465
N half SP        0.0000

omega SP         1.2720
zeta  SP        -1.0000
period SP   --------
tHalf  SP        0.5449
N half SP        0.0000

dlc     4.43   dla    8.92   dle    2.96      dlp    0.03      dlt    0.62
thtaN   2.49°   A1S   2.79°   B1S   6.79°   thtaTR  -0.05°
TrimAC phi LFr      -0.91°    thta     -10.51°    psi       0.00°
