reading aircraft data from ./data/RotDatR4B_Fa.dat
reading Flight Data from ./data/fDataR4B_F22.flt
reading Rotor Data from ./data/fDataR4B_F22.flt


    #### RotaryWingSim ####
rhoAir        1.1847 kg/m³
thtaN   10.50°   twist     0.00°
mHeli          2546.00 lb

nRot      240.0 1/min    oM     25.13 rad/s
oMR       145.55 m/s     oMR   477.52 ft/s
aBlade          4.43 m^2

rRotTR       1.91 m
nRotTR       1662.7 1/min
oMTR    174.12
oMRTR   145.55 m/s    oMRTR   477.52 ft/s
sigmaTR   0.0173

Area Mrot     105.36 m^2
m blade         5.4 kg
I blade        60.9 kg*m^2 estimated
gamRot         15.0000
sigma           0.0420


Trim phi       0.00°    thta      -2.10°    psi      -0.10°   
vH      74.69 mph     vV          0 fpm
cTs  0.101934     cT  0.0043     cT2sa  0.0356     cL  0.1624
m Heli    11329.2 N      fpA        1.9 m^2          20.0 ft^2
Iyy Heli        2712.8 kg*m^2
Coordintats x,z    [m]         [ft]
Rotor      :   0.02   1.68        0.05   5.50
Rudder     :   7.48   1.52       24.55   5.00
Fin        :   3.86   0.71       12.65   2.33
H-Stab     :   4.04   0.02       13.25   0.06
Wing       :  -1.97   0.00       -6.45   0.00
Propeller  :  -0.83   0.00       -2.73   0.00
### Var ###
mu             25.133  vFlight     66.4 kn
thtaClmb      -0.0000     -0.0000°
cTsReq    0.10193    cTReq    0.00428    cT2saReq    0.03558
alfaD     229.18°    thtaClmb      -0.00°    thtaTrim      -2.10
trim iter 32     anorm 9.56081e-010

   deriv 3104
       u                w              q
x   -0.145162      0.379072     0.073022
z    0.252976     -1.184414     0.311146
m    0.068451     -0.233755     0.011604

 ====== u - derivatives ===== 
fMR(1)        -0.088651   fMR(2)         0.014030   fMR(3)         0.013183
fTR(1)         0.000000   fTR(2)        -0.000000   fTR(3)         0.000000
fFus(1)       -0.073083   fFus(2)        0.000364   fFus(3)        0.007746
fFN(1)        -0.006805   fFN(2)        -0.000215   fFN(3)         0.000000
fHS(1)        -0.000000   fHS(2)         0.000000   fHS(3)         0.000000
fPR(1)         0.000000   fPR(2)         0.000000   fPR(3)         0.000000
fCG(1)         0.000000   fCG(2)         0.000000   fCG(3)         0.000000
fR(1)  -1.9464321e-008   fR(2)   1.7481483e-009   fR(3)   2.4151027e-009

 Moment Equilibrium    1001 
mMR(1)         0.001729   mMR(2)         0.010939   mMR(3)        -0.000016
mTR(1)        -0.000000   mTR(2)         0.000000   mTR(3)         0.000000
mFus(1)        0.000000   mFus(2)       -0.001405   mFus(3)        0.000772
mFN(1)        -0.000011   mFN(2)         0.000356   mFN(3)         0.000061
mHS(1)         0.000000   mHS(2)         0.000000   mHS(3)         0.000000
mPR(1)         0.000000   mPR(2)         0.000000   mPR(3)         0.000000
mR(1)   2.8672105e-009   mR(2)   1.5538579e-008   mR(3)   4.5537263e-010
QR  1.9689092e-011
mU  9.8904941e-003

 ====== q - derivatives ===== 
fMR(1)         0.557384   fMR(2)        -0.563043   fMR(3)         0.059348
fTR(1)         0.000000   fTR(2)         0.000000   fTR(3)         0.000000
fFus(1)        0.001703   fFus(2)        0.000000   fFus(3)       -0.001580
fFN(1)         0.000000   fFN(2)         0.000000   fFN(3)         0.000000
fHS(1)         0.000000   fHS(2)         0.000000   fHS(3)        -0.000001
fPR(1)         0.000000   fPR(2)         0.000000   fPR(3)         0.000000
fCG(1)         0.000000   fCG(2)         0.000000   fCG(3)         0.000000
fR(1)   6.4566623e-008   fR(2)  -6.4913168e-008   fR(3)   6.6697189e-009

 Moment Equilibrium    1002 
mMR(1)        -0.069385   mMR(2)        -0.068621   mMR(3)         0.000631
mTR(1)         0.000000   mTR(2)         0.000000   mTR(3)         0.000000
mFus(1)        0.000000   mFus(2)        0.000035   mFus(3)        0.000000
mFN(1)         0.000000   mFN(2)         0.000000   mFN(3)         0.000000
mHS(1)         0.000000   mHS(2)        -0.000000   mHS(3)         0.000000
mPR(1)         0.000000   mPR(2)         0.000000   mPR(3)         0.000000
mR(1)  -1.0883731e-007   mR(2)  -1.0775130e-007   mR(3)   1.6262902e-010
QR -3.3454518e-011

 ====== w - derivatives ===== 
fMR(1)        -0.037164   fMR(2)        -0.022042   fMR(3)        -0.830359
fTR(1)         0.000000   fTR(2)         0.000000   fTR(3)         0.000000
fFus(1)        0.058203   fFus(2)        0.000000   fFus(3)       -0.051920
fFN(1)         0.000000   fFN(2)         0.000000   fFN(3)         0.000000
fHS(1)         0.000000   fHS(2)         0.000000   fHS(3)        -0.000000
fPR(1)         0.000000   fPR(2)         0.000000   fPR(3)         0.000000
fCG(1)         0.000000   fCG(2)         0.000000   fCG(3)         0.000000
fR(1)   2.4294907e-009   fR(2)  -2.4348612e-009   fR(3)  -1.0189484e-007

 Moment Equilibrium    1003 
mMR(1)        -0.002716   mMR(2)         0.003650   mMR(3)         0.000025
mTR(1)         0.000000   mTR(2)         0.000000   mTR(3)         0.000000
mFus(1)        0.000000   mFus(2)        0.001194   mFus(3)        0.000000
mFN(1)         0.000000   mFN(2)         0.000000   mFN(3)         0.000000
mHS(1)         0.000000   mHS(2)        -0.000000   mHS(3)         0.000000
mPR(1)         0.000000   mPR(2)         0.000000   mPR(3)         0.000000
mR(1)  -4.0986734e-009   mR(2)   7.6096329e-009   mR(3)  -7.8955509e-010
QR  6.3551128e-011
mW  4.8435420e-003


=I=I=I=I=I= Iteration Results =I=I=I=I=I=
xMR    6.500    xcg    6.450    dxCG    0.050    iRigMR    0.0
cTs 0.19315   cT 0.00811   cLs 8.12245   cL 0.34116
aN     0.40765°    a1    0.16893°   b1    0.12739°
Br   aN    23.36°       a1    9.68°      b1    7.30°
716  aN    23.36°       a1    5.93°      b1    3.52°
mu  0.218031 lamD    0.01072    lamI    0.00812     mu*a1    0.02258     lamNf   -0.01186
A1S   -0.05475°    B1S    0.13968°
A1S    -3.14°    B1S     8.00°    alfD     4.94°   alfaNf    -0.99°   alSm    -2.07°
thtaN     12.76°    thtaTR    -0.04°
Trim   phi    -0.06°    thta    -9.64°
vBx    32.83    vBy     0.06    vBz    -5.57
fMR(1)          -282.09   fMR(2)           -24.25   fMR(3)        -11403.88
fTR(1)             0.00   fTR(2)            30.48   fTR(3)             0.00
fPR(1)             0.00   fPR(2)             0.00   fPR(3)             0.00
fFus(1)        -1485.94   fFus(2)           13.80   fFus(3)          234.47
fFN(1)          -128.18   fFN(2)            -8.16   fFN(3)             0.00
fHS(1)            -0.00   fHS(2)             0.00   fHS(3)             0.00
fCG(1)          1896.22   fCG(2)           -11.88   fCG(3)         11169.41
fWN(1)            -0.00   fWN(2)             0.00   fWN(3)             0.00
fR(1)   1.0870511e-008   fR(2)  -2.7485232e-009   fR(3)  -1.1462231e-007

Moment Equilibrium
mMR(1)           -40.65   mMR(2)           299.10   mMR(3)             0.37
mTR(1)            46.45   mTR(2)             0.00   mTR(3)          -228.07
mPR(1)             0.00   mPR(2)            -0.00   mPR(3)             0.00
mFus(1)            0.00   mFus(2)         -390.27   mFus(3)          196.25
mFN(1)            -5.80   mFN(2)            91.16   mFN(3)            31.46
mHS(1)             0.00   mHS(2)             0.01   mHS(3)             0.00
mWN(1)             0.00   mWN(2)            -0.00   mWN(3)             0.00
mR(1)  -4.6244892e-009   mR(2)  -1.8611568e-008   mR(3)  -7.8478024e-010
==x=x===x===x=x==
MR Fx  -282.09    Fz -11403.88   thtaClmb    -0.00   torque  5488.10
dxMR   -0.0262  Fx/Fz    1.4°        mu   0.21803   oM  25.1  n  240.0

=I=I=I=I=I= End Of Iteration Results =I=I=I=I=I=


         ### stability derivatives ###
 R ._. R ._. << RotaryWingSim Data >> ._. R ._. R

       u              w            q         oM
x   -0.168540      0.021039     0.559085     0.094130
z    0.020933     -0.882289     0.057773    -0.992496
m    0.009890      0.004844    -0.068586    -0.011847

      measured  data
       u                w              q
x   -0.090000       0.110000        0.092100
z    0.010000      -1.100000        0.140000
m    0.007000       0.005000       -0.025000

Q    0.000000      -0.000000        0.000000       -0.000000

Xu      -0.168540       -194.64
Xw       0.021039         24.30
Xq       0.559085       1516.69
Zu       0.020933         24.17
Zw      -0.882289      -1018.93
Zwd      0.000000          0.00
Zq       0.057773        156.73
Mu       0.009890         11.42
Mw       0.004844          5.59
Mwd      0.000000          0.00
Mq      -0.068586       -186.06

##### SP and PH Mode ----- approximation ###
----- Short Period Mode -----
negative oMg2_SP

----- Phugoid Mode -----
negative oMg2_PH

##### SP and PH Mode from quartic #####
A        1.000         1.000
B        1.119         1.119
C        0.053         0.053
D        0.068         0.068
E        0.087         0.087

Routh D       -0.109

M thta        -0.000 

z1  -1.05660    0.00000j
z2  -0.46690    0.00000j
z3   0.20204    0.36704j
z4   0.20204   -0.36704j

       Short Period                Phugoid
1   0.67840  0.00000j       -1.65577  0.00000j
2  -1.70035  0.00000j       -0.01923  0.00000j
3  -0.00393  0.00000j       -0.01188  0.00000j
4   0.01469  0.00000j        0.06183  0.00000j


 M _ _ M _ _ << Measured Data >> _ _ M _ _ M
Xu      -0.090000       -103.94
Xw       0.110000        127.04
Xq       0.092100        249.85
Zu       0.010000         11.55
Zw      -1.100000      -1270.35
Zwd      0.000000          0.00
Zq       0.140000        379.79
Mu       0.007000          8.08
Mw       0.005000          5.77
Mwd      0.000000          0.00
Mq      -0.025000        -67.82

##### SP and PH Mode ----- approximation ###
----- Short Period Mode -----
negative oMg2_SP

----- Phugoid Mode -----
negative oMg2_PH

##### SP and PH Mode from quartic #####
A        1.000         1.000
B        1.215         1.215
C       -0.040        -0.040
D        0.030         0.030
E        0.076         0.076

Routh D       -0.115

M thta        -0.000 

z1  -1.22623    0.00000j
z2  -0.41411    0.00000j
z3   0.21267    0.32325j
z4   0.21267   -0.32325j

       Short Period                Phugoid
1  -0.95309  0.00000j        1.80780  0.00000j
2   1.46586  0.00000j        0.07973  0.00000j
3   0.00613  0.00000j        0.01077  0.00000j
4  -0.02078  0.00000j       -0.05478  0.00000j

dlc    22.72   dla   -0.56   dle    4.62      dlp    4.28      dlt    0.00
thtaN  12.76°   A1S  -3.14°   B1S   8.00°   thtaTR  -0.04°
TrimAC phi LFr      -0.06°    thta      -9.64°    psi      -0.10°
