reading aircraft data from ./data/MntGmPr1.dat
reading Flight Data from ./data/fDataMntGmPr1.flt
reading Rotor Data from ./data/fDataMntGmPr1.flt


#### RotaryWingSim ####
rhoAir          1.2261 kg/m°
thtaN    2.00°   twist     0.00°
mHeli           734.00 lb

nRot      375.3 1/min    oM     39.30 rad/s
oMR       173.69 m/s     oMR   569.85 ft/s
aBlade          1.74 m^2

rRotTR       0.08 m
nRotTR       1662.7 1/min
oMTR    174.12
oMRTR   173.69 m/s    oMRTR   569.85 ft/s
sigmaTR   0.1783

Area Mrot      61.36 m^2
m blade         9.4 kg     estimated
I blade       181.8 kg*m^2
gamRot          2.9153
sigma           0.0284


Trim phi      -0.60°    thta       1.20°    psi       0.00°   
vH      60.15 mph     vV          0 fpm
cTs   0.05070023     cT  0.0014     cT2sa  0.0176     cL  0.1198
m Heli     3266.2 N      fpA        1.2 m^2          12.8 ft^2
Iyy Heli         870.8 kg*m^2
Coordintats x,z    [m]         [ft]
Rotor      :   0.11   2.10        0.35   6.90
Rudder     :   8.18   0.00       26.85   0.00
Fin        :   3.03   0.41        9.95   1.33
H-Stab     :   2.61   0.02        8.55   0.06
Wing       :   0.12  -0.00        0.40  -0.00
Propeller  :  -1.23  -0.05       -4.03  -0.15
### Var ###
mu             39.300  vFlight     53.5 kn
thtaClmb      -0.0000     -0.0000°
cTsReq    0.05070    cTReq    0.00144    cT2saReq    0.01763
alfaD     358.37°    thtaClmb      -0.00°    thtaTrim       1.20
trim iter 30     anorm 8.35970e-011

 ====== u - derivatives ===== 
fMR(1)        -0.105204   fMR(2)         0.000192   fMR(3)         0.360952
fTR(1)         0.000000   fTR(2)         0.000000   fTR(3)         0.000000
fFus(1)        0.047733   fFus(2)       -0.000045   fFus(3)        0.056391
fFN(1)        -0.001121   fFN(2)         0.001196   fFN(3)         0.000000
fHS(1)         0.060970   fHS(2)         0.000000   fHS(3)        -1.527898
fPR(1)        -0.030854   fPR(2)         0.000000   fPR(3)         0.000000
fCG(1)         0.000000   fCG(2)         0.000000   fCG(3)         0.000000
fR(1)  -9.4893697e-010   fR(2)   4.4692250e-011   fR(3)  -3.6952168e-008

 Moment Equilibrium    1001 
mMR(1)         0.000154   mMR(2)         0.099314   mMR(3)        -0.000008
mTR(1)         0.000000   mTR(2)         0.000000   mTR(3)         0.000000
mFus(1)        0.000000   mFus(2)       -0.085337   mFus(3)        0.001401
mFN(1)         0.000186   mFN(2)         0.000174   mFN(3)        -0.001387
mHS(1)         0.000000   mHS(2)        -1.522829   mHS(3)         0.000000
mPR(1)         0.000000   mPR(2)        -0.000539   mPR(3)         0.000000
mR(1)   2.9610758e-011   mR(2)  -1.3136336e-007   mR(3)   5.9152683e-013
QR -9.3538541e-012

 ====== q - derivatives ===== 
fMR(1)         3.139624   fMR(2)        -0.328876   fMR(3)         0.211692
fTR(1)         0.000000   fTR(2)         0.000000   fTR(3)         0.000000
fFus(1)       -0.322623   fFus(2)        0.000000   fFus(3)       -0.154165
fFN(1)         0.000000   fFN(2)         0.000000   fFN(3)         0.000000
fHS(1)        -0.098899   fHS(2)         0.000000   fHS(3)         2.318571
fPR(1)         0.000000   fPR(2)         0.000000   fPR(3)         0.000000
fCG(1)         0.000000   fCG(2)         0.000000   fCG(3)         0.000000
fR(1)   9.0497892e-008   fR(2)  -1.0949696e-008   fR(3)   7.9133432e-008

 Moment Equilibrium    1002 
mMR(1)        -0.264449   mMR(2)        -2.515942   mMR(3)         0.013414
mTR(1)         0.000000   mTR(2)         0.000000   mTR(3)         0.000000
mFus(1)        0.000000   mFus(2)        0.187083   mFus(3)        0.000000
mFN(1)         0.000000   mFN(2)         0.000000   mFN(3)         0.000000
mHS(1)         0.000000   mHS(2)         2.310929   mHS(3)         0.000000
mPR(1)         0.000000   mPR(2)         0.000000   mPR(3)         0.000000
mR(1)  -2.3028483e-008   mR(2)  -1.5006452e-009   mR(3)   1.1681607e-009
QR  1.9498120e-011

 ====== w - derivatives ===== 
fMR(1)         0.391830   fMR(2)        -0.001545   fMR(3)        -1.248368
fTR(1)         0.000000   fTR(2)         0.000000   fTR(3)         0.000000
fFus(1)       -0.466723   fFus(2)        0.000000   fFus(3)       -0.188990
fFN(1)         0.000000   fFN(2)         0.000000   fFN(3)         0.000000
fHS(1)        -0.100958   fHS(2)         0.000000   fHS(3)         2.366840
fPR(1)         0.000000   fPR(2)         0.000000   fPR(3)         0.000000
fCG(1)         0.000000   fCG(2)         0.000000   fCG(3)         0.000000
fR(1)  -5.8534653e-009   fR(2)  -5.1455729e-011   fR(3)   3.0969300e-008

 Moment Equilibrium    1003 
mMR(1)        -0.001242   mMR(2)        -0.365993   mMR(3)         0.000063
mTR(1)         0.000000   mTR(2)         0.000000   mTR(3)         0.000000
mFus(1)        0.000000   mFus(2)        0.285542   mFus(3)        0.000000
mFN(1)         0.000000   mFN(2)         0.000000   mFN(3)         0.000000
mHS(1)         0.000000   mHS(2)         2.359038   mHS(3)         0.000000
mPR(1)         0.000000   mPR(2)         0.000000   mPR(3)         0.000000
mR(1)  -1.0817747e-010   mR(2)   1.9848200e-007   mR(3)   5.5351279e-012
QR  3.3614140e-011


=I=I=I=I=I= Iteration Results =I=I=I=I=I=
xMR    4.500    xcg    4.150    dxCG    0.350    iRigMR    0.0
cTs 0.05083   cT 0.00144   cLs 4.18296   cL 0.11869
aN     0.01890°    a1    0.01827°   b1    0.01059°
Br   aN     1.08°       a1    1.05°      b1    0.61°
716  aN     1.08°       a1    0.90°      b1    0.20°
mu  0.151353 lamD    0.02813    lamI    0.00470     mu*a1    0.00239     lamNf    0.02574
A1S   -0.00006°    B1S    0.31919°
A1S    -0.00°    B1S    18.29°    alfD    12.24°   alfaNf    11.33°   alSm   -17.39°
thtaN      0.98°    thtaTR    -0.05°
Trim   phi    -0.07°    thta    29.68°
vBx    23.30    vBy    -0.02    vBz    13.28
fMR(1)           978.66   fMR(2)            -0.92   fMR(3)         -3126.42
fTR(1)             0.00   fTR(2)             0.00   fTR(3)             0.00
fPR(1)          1632.54   fPR(2)             0.00   fPR(3)             0.00
fFus(1)         -937.22   fFus(2)           -0.35   fFus(3)         -242.38
fFN(1)            -4.24   fFN(2)             4.74   fFN(3)             0.00
fHS(1)           -52.48   fHS(2)             0.00   fHS(3)           531.10
fCG(1)         -1617.20   fCG(2)            -3.48   fCG(3)          2837.69
fWN(1)            -0.06   fWN(2)             0.00   fWN(3)             0.00
fR(1)   1.9165360e-009   fR(2)   8.8085095e-012   fR(3)  -2.8297692e-009

Moment Equilibrium
mMR(1)            -1.93   mMR(2)         -2391.76   mMR(3)             0.10
mTR(1)             0.00   mTR(2)             0.00   mTR(3)            -0.00
mPR(1)             0.00   mPR(2)            74.64   mPR(3)             0.00
mFus(1)            0.00   mFus(2)          930.31   mFus(3)           14.28
mFN(1)             1.93   mFN(2)             1.72   mFN(3)           -14.37
mHS(1)             0.00   mHS(2)          1385.09   mHS(3)             0.00
mWN(1)             0.00   mWN(2)             0.00   mWN(3)             0.00
mR(1)   1.8565816e-011   mR(2)   1.0850748e-008   mR(3)  -8.9350749e-013
==x=x===x===x=x==
MR Fx   978.66    Fz -3126.42   thtaClmb    -0.00   torque     0.00
dxMR    0.7350  Fx/Fz  -17.4°        mu   0.15135   oM  39.3  n  375.3

=I=I=I=I=I= End Of Iteration Results =I=I=I=I=I=


 R ._. R ._. << RotaryWingSim Data >> ._. R ._. R
              ### stability derivatives ###

       u              w            q         oM
x   -0.028515     -0.175823     2.718112     0.057551
z   -1.110553      0.929483     2.376104    -0.085679
m   -0.341483      0.515564    -0.004057     0.028036

      measured  data
       u                w              q
x   -0.230000      -0.205000        1.700000
z   -0.125200      -1.180000        1.250000
m   -0.001000       0.015000       -0.725000

Q   -0.000000       0.000000        0.000000       -0.000000

Xu      -0.028515         -9.49
Xw      -0.175823        -58.54
Xq       2.718112       2366.96
Zu      -1.110553       -369.75
Zw       0.929483        309.46
Zwd      0.000000          0.00
Zq       2.376104       2069.13
Mu      -0.341483       -113.69
Mw       0.515564        171.65
Mwd      0.000000          0.00
Mq      -0.004057         -3.53

##### SP and PH Mode ----- approximation ###
----- Short Period Mode -----
negative oMg2_SP

----- Phugoid Mode -----
omega PH         0.4254
zeta  PH         0.4011
re  -0.1706 +  0.3897j
re  -0.1706 -  0.3897j

##### SP and PH Mode from quartic #####
A        1.000         1.000
B       -0.897        -0.897
C      -14.348       -14.348
D       -4.839        -4.839
E       -2.503        -2.503

Routh D      -83.680

M thta        -0.000 

z1   4.41987    0.00000j
z2  -3.19570    0.00000j
z3  -0.16363    0.38787j
z4  -0.16363   -0.38787j

       Short Period                Phugoid
1  -0.25308  0.00000j       -1.67444  0.00000j
2  -1.94381  0.00000j       -1.09150  0.00000j
3   0.00617  0.00000j       -0.02266  0.00000j
4  -0.06537  0.00000j       -0.00978  0.00000j

Xu      -0.230000        -76.58
Xw      -0.205000        -68.25
Xq       1.700000       1480.37
Zu      -0.125200        -41.68
Zw      -1.180000       -392.87
Zwd      0.000000          0.00
Zq       1.250000       1088.51
Mu      -0.001000         -0.33
Mw       0.015000          4.99
Mwd      0.000000          0.00
Mq      -0.725000       -631.34

##### SP and PH Mode ----- approximation ###
----- Short Period Mode -----
omega SP         0.6592
zeta  SP         1.4450
re  -0.9525 +   0.6876
re  -0.9525 -   0.6876

----- Phugoid Mode -----
negative oMg2_PH

##### SP and PH Mode from quartic #####
A        1.000         1.000
B        2.135         2.135
C        0.849         0.849
D        0.071         0.071
E       -0.030        -0.030

Routh D        0.260

M thta        -0.000 

z1  -1.65463    0.00000j
z2  -0.30694    0.20393j
z3  -0.30694   -0.20393j
z4   0.13351    0.00000j

       Short Period                Phugoid
1   1.18053  0.00000j       -0.02419  0.00000j
2   0.98827 -0.28730j        0.20194  0.28730j
3  -0.01288 -0.00904j        0.00704  0.00904j
4   0.01703  0.02434j        0.04088 -0.02434j

