reading aircraft data from ./data/PCA2ps.dat
reading Flight Data from ./data/fDataPCA-2_475_18.flt
reading Rotor Data from ./data/fDataPCA-2_475_18.flt


#### RotaryWingSim ####
rhoAir          1.0851 kg/m°
thtaN    2.68°   twist    -0.80°
mHeli          2930.00 lb
aBlade         14.42 m^2
Area Mrot     147.76 m^2
m blade        35.8 kg
I blade       453.0 kg*m^2
gamRot         15.8781
sigma           0.0976


Trim phi       0.00°    thta      -3.30°    psi       0.00°   
vH     106.80 mph     vV          0 fpm
cTs  0.102216     cT  0.0100     cT2sa  0.0359     cL  0.0711
m Heli    13038.0 N      fpA        1.6 m^2          17.2 ft^2
Iyy Heli        5425.6 kg*m^2
Coordintats x,z    [m]         [ft]
Rotor      :   0.02   1.83        0.07   6.00
Rudder     :   7.57   0.00       24.82   0.00
Fin        :   2.11   0.41        6.92   1.33
H-Stab     :   2.08   0.02        6.82   0.06
Wing       :   0.02  -0.30        0.08  -1.00
Propeller  :  -1.85  -0.03       -6.05  -0.10
### Var ###
mu             13.153  vFlight     95.0 kn
thtaClmb      -0.0000     -0.0000°
cTsReq    0.10222    cTReq    0.00998    cT2saReq    0.03587
alfaD     119.94°    thtaClmb      -0.00°    thtaTrim      -3.30
trim iter 25     anorm 9.17973e-010

 ====== u - derivatives ===== 
fMR(1)         0.003696   fMR(2)        -0.018355   fMR(3)        -0.108232
fTR(1)         0.000000   fTR(2)         0.000000   fTR(3)         0.000000
fFus(1)       -0.070790   fFus(2)       -0.000053   fFus(3)        0.001583
fFN(1)        -0.004492   fFN(2)         0.004283   fFN(3)         0.000000
fHS(1)        -0.007575   fHS(2)         0.000000   fHS(3)        -0.065476
fPR(1)        -0.022470   fPR(2)         0.000000   fPR(3)        -0.000785
fCG(1)         0.000000   fCG(2)         0.000000   fCG(3)         0.000000
fR(1)  -1.5480282e-008   fR(2)  -2.2004656e-009   fR(3)  -3.2638582e-008

 Moment Equilibrium    1001 
mMR(1)        -0.002325   mMR(2)         0.001499   mMR(3)         0.000014
mTR(1)         0.000000   mTR(2)         0.000000   mTR(3)         0.000000
mFus(1)        0.000000   mFus(2)       -0.000143   mFus(3)        0.000329
mFN(1)         0.000062   mFN(2)         0.000065   mFN(3)        -0.000323
mHS(1)         0.000000   mHS(2)        -0.004856   mHS(3)         0.000000
mPR(1)         0.000000   mPR(2)         0.000027   mPR(3)         0.000000
mR(1)  -8.8562402e-009   mR(2)  -1.1884026e-008   mR(3)   4.4622084e-010
QR  6.7124495e-012
mU -3.4079189e-003

 ====== q - derivatives ===== 
fMR(1)         1.165416   fMR(2)        -0.056196   fMR(3)         0.172654
fTR(1)         0.000000   fTR(2)         0.000000   fTR(3)         0.000000
fFus(1)       -0.000041   fFus(2)        0.000000   fFus(3)       -0.000252
fFN(1)         0.000000   fFN(2)         0.000000   fFN(3)         0.000000
fHS(1)         0.010311   fHS(2)         0.000000   fHS(3)        -0.744565
fPR(1)         0.000000   fPR(2)         0.000000   fPR(3)         0.000000
fCG(1)         0.000000   fCG(2)         0.000000   fCG(3)         0.000000
fR(1)   1.5610590e-007   fR(2)  -7.7918685e-009   fR(3)  -7.6939614e-008

 Moment Equilibrium    1002 
mMR(1)         0.041682   mMR(2)        -0.133945   mMR(3)         0.000043
mTR(1)         0.000000   mTR(2)         0.000000   mTR(3)         0.000000
mFus(1)        0.000000   mFus(2)        0.000023   mFus(3)        0.000000
mFN(1)         0.000000   mFN(2)         0.000000   mFN(3)         0.000000
mHS(1)         0.000000   mHS(2)        -0.055291   mHS(3)         0.000000
mPR(1)         0.000000   mPR(2)         0.000000   mPR(3)         0.000000
mR(1)   1.5465492e-007   mR(2)  -7.0371104e-007   mR(3)   5.3023541e-010
QR -1.2277764e-011

 ====== w - derivatives ===== 
fMR(1)         0.350965   fMR(2)        -0.050174   fMR(3)        -1.567888
fTR(1)         0.000000   fTR(2)         0.000000   fTR(3)         0.000000
fFus(1)       -0.004380   fFus(2)        0.000000   fFus(3)       -0.019769
fFN(1)         0.000000   fFN(2)         0.000000   fFN(3)         0.000000
fHS(1)         0.003797   fHS(2)         0.000000   fHS(3)        -0.197822
fPR(1)        -0.000787   fPR(2)         0.000000   fPR(3)        -0.000027
fCG(1)         0.000000   fCG(2)         0.000000   fCG(3)         0.000000
fR(1)   4.1780595e-008   fR(2)  -6.9915700e-009   fR(3)  -2.6967564e-007

 Moment Equilibrium    1003 
mMR(1)        -0.011667   mMR(2)        -0.016694   mMR(3)         0.000038
mTR(1)         0.000000   mTR(2)         0.000000   mTR(3)         0.000000
mFus(1)        0.000000   mFus(2)        0.002289   mFus(3)        0.000000
mFN(1)         0.000000   mFN(2)         0.000000   mFN(3)         0.000000
mHS(1)         0.000000   mHS(2)        -0.014691   mHS(3)         0.000000
mPR(1)         0.000000   mPR(2)         0.000001   mPR(3)         0.000000
mR(1)  -4.3851109e-008   mR(2)  -1.0118998e-007   mR(3)   5.1318239e-010
QR  7.2197403e-011
mW -2.9095042e-002


=I=I=I=I=I= Iteration Results =I=I=I=I=I=
xMR    6.250    xcg    6.180    dxCG    0.070    iRigMR    0.0
cTs 0.05762   cT 0.00562   cLs 0.51292   cL 0.05007
aN     0.11271°    a1    0.10523°   b1    0.07183°
Br   aN     6.46°       a1    6.03°      b1    4.12°
716  aN     6.46°       a1    4.21°      b1    3.31°
mu  0.473643 lamD    0.04403    lamI    0.00594     mu*a1    0.03478     lamNf    0.00926
A1S    0.04452°    B1S   -0.01741°
A1S     2.55°    B1S    -1.00°    alfD     6.02°   alfaNf     1.82°   alSm     5.20°
thtaN      2.68°    thtaTR    -0.05°
Trim   phi    -1.29°    thta     0.84°
vBx    47.61    vBy    -0.02    vBz     0.70
fMR(1)          -574.69   fMR(2)           159.36   fMR(3)         -9097.98
fTR(1)             0.00   fTR(2)            -0.00   fTR(3)             0.00
fPR(1)          4021.55   fPR(2)             0.00   fPR(3)           140.44
fFus(1)        -2244.79   fFus(2)           -3.37   fFus(3)           24.85
fFN(1)          -140.16   fFN(2)           136.81   fFN(3)             0.00
fHS(1)          -296.59   fHS(2)             0.00   fHS(3)         -1591.96
fCG(1)          -191.54   fCG(2)          -292.81   fCG(3)         13033.27
fWN(1)          -573.78   fWN(2)             0.00   fWN(3)         -2508.62
fR(1)  -1.2228270e-008   fR(2)   1.0095448e-008   fR(3)  -6.3184416e-008

Moment Equilibrium
mMR(1)           -55.60   mMR(2)          3240.39   mMR(3)            -3.40
mTR(1)            -0.00   mTR(2)             0.00   mTR(3)             0.00
mPR(1)             0.00   mPR(2)          -136.61   mPR(3)             0.00
mFus(1)            0.00   mFus(2)          -48.66   mFus(3)          291.97
mFN(1)            55.60   mFN(2)            56.96   mFN(3)          -288.57
mHS(1)             0.00   mHS(2)         -3303.47   mHS(3)             0.00
mWN(1)             0.00   mWN(2)           191.39   mWN(3)             0.00
mR(1)   2.8978555e-008   mR(2)   4.5509523e-008   mR(3)   1.4864554e-010
==x=x===x===x=x==
MR Fx  -574.69    Fz -9097.98   thtaClmb    -0.00   torque     0.00
dxMR   -0.0942  Fx/Fz    3.6°        mu   0.47364   oM  14.7  n  139.9

=I=I=I=I=I= End Of Iteration Results =I=I=I=I=I=


         ### stability derivatives ###
 R ._. R ._. << RotaryWingSim Data >> ._. R ._. R

       u              w            q         oM
x   -0.116406      0.314435     1.174639    -0.091938
z   -0.246071     -2.029581    -0.579400    -0.475904
m   -0.003228     -0.027229    -0.189159     0.012197

      measured  data
       u                w              q
x   -0.090000       0.110000        0.092100
z    0.010000      -1.100000        0.140000
m    0.007000       0.005000       -0.025000

Q    0.000000      -0.000000        0.000000       -0.000000

Xu      -0.116406       -154.71
Xw       0.314435        417.90
Xq       1.174639       6373.12
Zu      -0.246071       -327.04
Zw      -2.029581      -2697.41
Zwd      0.000000          0.00
Zq      -0.579400      -3143.59
Mu      -0.003228         -4.29
Mw      -0.027229        -36.19
Mwd      0.000000          0.00
Mq      -0.189159      -1026.30

##### SP and PH Mode ----- approximation ###
----- Short Period Mode -----
omega SP         1.2902
zeta  SP         0.8598
re  -1.1094 +  0.6587j
re  -1.1094 -  0.6587j

----- Phugoid Mode -----
omega PH         0.0295
zeta  PH         2.1926
re  -0.0646 +   0.0575
re  -0.0646 -   0.0575

A          1.0000
B          2.3480
C          1.9588
D          0.2317
E          0.0125

##### SP and PH Mode from quartic #####
A        1.000         1.000
B        2.335         2.335
C        2.004         2.004
D        0.224         0.224
E        0.001         0.001

Routh D        0.991

M thta        -0.000 

z1  -1.10282    0.70805j
z2  -1.10282   -0.70805j
z3  -0.12255    0.00000j
z4  -0.00695    0.00000j

       Short Period                Phugoid
1   0.34450  0.00000j        0.00008  0.00000j
2  -1.88100  0.00000j       -0.00026  0.00000j
3  -0.03526  0.00000j        0.00028  0.00000j
4   0.01223  0.00000j        0.01172  0.00000j


----- Phugoid Mode -----
omega PH         1.3106
zeta  PH        -0.8415
period PH        8.8739
tHalf  PH        0.6285
N half PH        0.0708

----- Short Period Mode -----
omega SP         0.1225
zeta  SP        -1.0000
period SP   --------
tHalf  SP        5.6561
N half SP        0.0000

omega SP         0.0070
zeta  SP        -1.0000
period SP   --------
tHalf  SP       99.7092
N half SP        0.0000


 M _ _ M _ _ << Measured Data >> _ _ M _ _ M
Xu      -0.090000       -119.61
Xw       0.110000        146.20
Xq       0.092100        499.70
Zu       0.010000         13.29
Zw      -1.100000      -1461.95
Zwd      0.000000          0.00
Zq       0.140000        759.58
Mu       0.007000          9.30
Mw       0.005000          6.65
Mwd      0.000000          0.00
Mq      -0.025000       -135.64

##### SP and PH Mode ----- approximation ###
----- Short Period Mode -----
negative oMg2_SP

----- Phugoid Mode -----
negative oMg2_PH

##### SP and PH Mode from quartic #####
A        1.000         1.000
B        1.215         1.215
C       -0.112        -0.112
D        0.012         0.012
E        0.076         0.076

Routh D       -0.114

M thta        -0.000 

z1  -1.27344    0.00000j
z2  -0.40262    0.00000j
z3   0.23053    0.30845j
z4   0.23053   -0.30845j

       Short Period                Phugoid
1  -1.64567  0.00000j       -0.76614  0.00000j
2  -0.02446  0.00000j       -0.44794  0.00000j
3  -0.00765  0.00000j        0.01181  0.00000j
4   0.05342  0.00000j       -0.02321  0.00000j

dlc     4.77   dla    8.54   dle   -7.75      dlp    0.03      dlt    1.60
thtaN   2.68°   A1S   2.55°   B1S  -1.00°   thtaTR  -0.05°
TrimAC phi LFr      -1.29°    thta       0.84°    psi       0.00°
