reading aircraft data from ./data/RotDatR4B_Fa.dat
reading Flight Data from ./data/fDataUH1_1NN_2.flt
reading Rotor Data from ./data/fDataUH1_1NN_2.flt


    #### RotaryWingSim ####
rhoAir        1.2252 kg/m³
thtaN    9.68°   twist    -8.00°
mHeli          2546.00 lb

nRot      233.0 1/min    oM     24.40 rad/s
oMR       141.30 m/s     oMR   463.59 ft/s
aBlade          4.43 m^2

rRotTR       1.91 m
nRotTR       1662.7 1/min
oMTR    174.12
oMRTR   141.30 m/s    oMRTR   463.59 ft/s
sigmaTR   0.0173

Area Mrot     105.36 m^2
m blade         5.4 kg
I blade        60.9 kg*m^2 estimated
gamRot         15.0000
sigma           0.0420


Trim phi       0.00°    thta      -0.10°    psi      -0.10°   
vH      92.43 mph     vV          0 fpm
cTs  0.104652     cT  0.0044     cT2sa  0.0365     cL  0.1026
m Heli    11329.2 N      fpA        1.9 m^2          20.0 ft^2
Iyy Heli        2712.8 kg*m^2
Coordintats x,z    [m]         [ft]
Rotor      :   0.00   1.68        0.00   5.50
Rudder     :   7.47   1.52       24.50   5.00
Fin        :   3.84   0.71       12.60   2.33
H-Stab     :   4.02   0.02       13.20   0.06
Wing       :  -1.98   0.00       -6.50   0.00
Propeller  :  -0.85   0.00       -2.77   0.00
### Var ###
mu             24.400  vFlight     82.2 kn
thtaClmb      -0.0000     -0.0000°
cTsReq    0.10465    cTReq    0.00440    cT2saReq    0.03653
alfaD   13349.92°    thtaClmb      -0.00°    thtaTrim      -0.10
trim iter 32     anorm 8.88375e-010

   deriv 3104
       u                w              q
x    0.050015      0.786088    -0.028465
z    0.549215     -1.204193     0.365910
m    0.084588     -0.444760     0.074242

 ====== u - derivatives ===== 
fMR(1)        -0.149289   fMR(2)         0.024034   fMR(3)         0.013561
fTR(1)         0.000000   fTR(2)        -0.000000   fTR(3)         0.000000
fFus(1)       -0.093602   fFus(2)        0.000577   fFus(3)        0.032124
fFN(1)        -0.008370   fFN(2)        -0.000341   fFN(3)         0.000000
fHS(1)        -0.000000   fHS(2)         0.000000   fHS(3)        -0.000001
fPR(1)         0.000000   fPR(2)         0.000000   fPR(3)         0.000000
fCG(1)         0.000000   fCG(2)         0.000000   fCG(3)         0.000000
fR(1)  -2.9018000e-008   fR(2)   2.9056650e-009   fR(3)   5.2851550e-009

 Moment Equilibrium    1001 
mMR(1)         0.017152   mMR(2)         0.106541   mMR(3)         0.000000
mTR(1)        -0.000000   mTR(2)         0.000000   mTR(3)         0.000001
mFus(1)        0.000000   mFus(2)       -0.011410   mFus(3)        0.005476
mFN(1)        -0.000103   mFN(2)         0.002534   mFN(3)         0.000557
mHS(1)         0.000000   mHS(2)        -0.000002   mHS(3)         0.000000
mPR(1)         0.000000   mPR(2)         0.000000   mPR(3)         0.000000
mR(1)   4.7816684e-009   mR(2)   2.6495755e-008   mR(3)   8.6782848e-010
QR  1.8702645e-011
mU  9.7664000e-002

 ====== q - derivatives ===== 
fMR(1)         0.074138   fMR(2)        -0.593731   fMR(3)        -0.026918
fTR(1)         0.000000   fTR(2)         0.000000   fTR(3)         0.000000
fFus(1)        0.014270   fFus(2)        0.000000   fFus(3)       -0.001342
fFN(1)         0.000000   fFN(2)         0.000000   fFN(3)         0.000000
fHS(1)        -0.000000   fHS(2)         0.000000   fHS(3)        -0.000002
fPR(1)         0.000000   fPR(2)         0.000000   fPR(3)         0.000000
fCG(1)         0.000000   fCG(2)         0.000000   fCG(3)         0.000000
fR(1)   1.0209416e-008   fR(2)  -6.8465035e-008   fR(3)  -3.2550003e-009

 Moment Equilibrium    1002 
mMR(1)        -0.423722   mMR(2)        -0.052910   mMR(3)         0.000000
mTR(1)         0.000000   mTR(2)         0.000000   mTR(3)         0.000000
mFus(1)        0.000000   mFus(2)        0.000625   mFus(3)        0.000000
mFN(1)         0.000000   mFN(2)         0.000000   mFN(3)         0.000000
mHS(1)         0.000000   mHS(2)        -0.000003   mHS(3)         0.000000
mPR(1)         0.000000   mPR(2)         0.000000   mPR(3)         0.000000
mR(1)  -1.1479048e-007   mR(2)  -1.4182959e-008   mR(3)  -7.6926199e-010
QR -3.1357071e-011

 ====== w - derivatives ===== 
fMR(1)        -0.067874   fMR(2)        -0.034978   fMR(3)        -0.867924
fTR(1)         0.000000   fTR(2)         0.000000   fTR(3)         0.000000
fFus(1)        0.167941   fFus(2)        0.000000   fFus(3)       -0.016833
fFN(1)         0.000000   fFN(2)         0.000000   fFN(3)         0.000000
fHS(1)        -0.000000   fHS(2)         0.000000   fHS(3)        -0.000002
fPR(1)         0.000000   fPR(2)         0.000000   fPR(3)         0.000000
fCG(1)         0.000000   fCG(2)         0.000000   fCG(3)         0.000000
fR(1)   1.1555923e-008   fR(2)  -3.9366128e-009   fR(3)  -1.0216983e-007

 Moment Equilibrium    1003 
mMR(1)        -0.024963   mMR(2)         0.048438   mMR(3)         0.000000
mTR(1)         0.000000   mTR(2)         0.000000   mTR(3)         0.000000
mFus(1)        0.000000   mFus(2)        0.007364   mFus(3)        0.000000
mFN(1)         0.000000   mFN(2)         0.000000   mFN(3)         0.000000
mHS(1)         0.000000   mHS(2)        -0.000003   mHS(3)         0.000000
mPR(1)         0.000000   mPR(2)         0.000000   mPR(3)         0.000000
mR(1)  -6.6150392e-009   mR(2)   1.5138752e-008   mR(3)  -7.6926199e-010
QR -9.6133786e-011
mW  5.5799424e-002


=I=I=I=I=I= Iteration Results =I=I=I=I=I=
xMR    6.500    xcg    6.500    dxCG    0.000    iRigMR    0.0
cTs 0.25733   cT 0.01081   cLs 7.75091   cL 0.32555
aN     0.52663°    a1    0.27692°   b1    0.18209°
Br   aN    30.17°       a1   15.87°      b1   10.43°
716  aN    30.17°       a1    9.11°      b1    4.27°
mu  0.252195 lamD   -0.00987    lamI    0.00736     mu*a1    0.04012     lamNf   -0.04998
A1S   -0.10067°    B1S    0.20227°
A1S    -5.77°    B1S    11.59°    alfD    -0.57°   alfaNf    -9.68°   alSm    -2.47°
thtaN     24.72°    thtaTR    -0.04°
Trim   phi    -0.11°    thta   -18.63°
vBx    39.05    vBy     0.10    vBz   -13.17
fMR(1)          -341.46   fMR(2)           -35.34   fMR(3)        -11559.86
fTR(1)             0.00   fTR(2)            46.05   fTR(3)             0.00
fPR(1)             0.00   fPR(2)             0.00   fPR(3)             0.00
fFus(1)        -3091.26   fFus(2)           26.01   fFus(3)          824.38
fFN(1)          -186.79   fFN(2)           -15.37   fFN(3)             0.00
fHS(1)            -0.00   fHS(2)             0.00   fHS(3)             0.01
fCG(1)          3619.50   fCG(2)           -21.35   fCG(3)         10735.47
fWN(1)            -0.00   fWN(2)             0.00   fWN(3)             0.00
fR(1)   2.3013737e-008   fR(2)  -6.7776469e-009   fR(3)  -1.5152810e-007

Moment Equilibrium
mMR(1)           -59.24   mMR(2)           572.42   mMR(3)             0.00
mTR(1)            70.18   mTR(2)             0.00   mTR(3)          -343.86
mPR(1)             0.00   mPR(2)            -0.00   mPR(3)             0.00
mFus(1)            0.00   mFus(2)         -705.30   mFus(3)          284.82
mFN(1)           -10.93   mFN(2)           132.84   mFN(3)            59.04
mHS(1)             0.00   mHS(2)             0.04   mHS(3)             0.00
mWN(1)             0.00   mWN(2)            -0.00   mWN(3)             0.00
mR(1)  -1.1377750e-008   mR(2)  -3.4262044e-008   mR(3)  -7.6926199e-010
==x=x===x===x=x==
MR Fx  -341.46    Fz -11559.86   thtaClmb    -0.00   torque  9983.48
dxMR   -0.0495  Fx/Fz    1.7°        mu   0.25219   oM  24.4  n  233.0

=I=I=I=I=I= End Of Iteration Results =I=I=I=I=I=


         ### stability derivatives ###
 R ._. R ._. << RotaryWingSim Data >> ._. R ._. R

       u              w            q         oM
x   -0.251262      0.100068     0.088408     0.199281
z    0.045693     -0.884762    -0.028257    -1.312156
m    0.097664      0.009300    -0.052287    -0.126303

      measured  data
       u                w              q
x   -0.056400       0.136300        0.527100
z    0.127600      -1.234900       -1.318600
m    0.015900      -0.030000       -0.660100

Q    0.000000      -0.000000       -0.000000       -0.000000

Xu      -0.251262       -290.17
Xw       0.100068        115.56
Xq       0.088408        239.83
Zu       0.045693         52.77
Zw      -0.884762      -1021.78
Zwd      0.000000          0.00
Zq      -0.028257        -76.65
Mu       0.097664        112.79
Mw       0.009300         10.74
Mwd      0.000000          0.00
Mq      -0.052287       -141.84

##### SP and PH Mode ----- approximation ###
----- Short Period Mode -----
negative oMg2_SP

----- Phugoid Mode -----
negative oMg2_PH

##### SP and PH Mode from quartic #####
A        1.000         1.000
B        1.188         1.188
C       -0.114        -0.114
D        0.463         0.463
E        0.852         0.852

Routh D       -1.480

M thta        -0.000 

z1   0.47155    0.71397j
z2   0.47155   -0.71397j
z3  -1.06570    0.16677j
z4  -1.06570   -0.16677j

       Short Period                Phugoid
1  -0.08023  0.00000j       -0.11426  0.00000j
2   1.89374  0.00000j        1.99418  0.00000j
3   0.06246  0.00000j       -0.00864  0.00000j
4   0.07157  0.00000j        0.00908  0.00000j


----- Phugoid Mode -----
omega PH         0.8556
zeta  PH         0.5511
period PH        8.8003
tHalf  PH        1.4699
N half PH        0.1670

----- Short Period Mode -----
omega SP         1.0787
zeta  SP        -0.9880
period SP       37.6762
tHalf  SP        0.6504
N half SP        0.0173


 M _ _ M _ _ << Measured Data >> _ _ M _ _ M
Xu      -0.056400        -65.13
Xw       0.136300        157.41
Xq       0.527100       1429.92
Zu       0.127600        147.36
Zw      -1.234900      -1426.14
Zwd      0.000000          0.00
Zq      -1.318600      -3577.10
Mu       0.015900         18.36
Mw      -0.030000        -34.65
Mwd      0.000000          0.00
Mq      -0.660100      -1790.72

##### SP and PH Mode ----- approximation ###
----- Short Period Mode -----
omega SP         1.4184
zeta  SP         0.6680
re  -0.9475 +  1.0555j
re  -0.9475 -  1.0555j

----- Phugoid Mode -----
omega PH         0.2731
zeta  PH         0.1622
re  -0.0443 +  0.2695j
re  -0.0443 -  0.2695j

A          1.0000
B          1.9836
C          2.2544
D          0.3196
E          0.1501

##### SP and PH Mode from quartic #####
A        1.000         1.000
B        1.951         1.951
C        2.093         2.093
D        0.163         0.163
E        0.155         0.155

Routh D        0.049

M thta        -0.000 

z1  -0.97255    1.02832j
z2  -0.97255   -1.02832j
z3  -0.00315    0.27820j
z4  -0.00315   -0.27820j

       Short Period                Phugoid
1   0.14606  0.00000j        1.88118  0.00000j
2   1.98311  0.00000j        0.66084  0.00000j
3   0.01258  0.00000j        0.01540  0.00000j
4   0.02047  0.00000j       -0.00020  0.00000j


----- Phugoid Mode -----
omega PH         0.2782
zeta  PH        -0.0113
period PH       22.5851
tHalf  PH      219.9578
N half PH        9.7391

----- Short Period Mode -----
omega SP         1.4154
zeta  SP        -0.6871
period SP        6.1102
tHalf  SP        0.7127
N half SP        0.1166

trim iter 32     anorm 8.93068e-010
trim iter 32     anorm 8.91314e-010
trim iter 32     anorm 8.95983e-010
dlc    44.03   dla   -4.78   dle    9.55      dlp    4.28      dlt    0.00
thtaN  24.72°   A1S  -5.77°   B1S  11.59°   thtaTR  -0.04°
TrimAC phi LFr      -0.11°    thta     -18.63°    psi      -0.10°
