reading aircraft data from ./data/RotDatBensenB8M_a.dat
reading Flight Data from ./data/fDataBensenB8M_60mph.flt
reading Rotor Data from ./data/fDataBensenB8M_60mph.flt


    #### RotaryWingSim ####
rhoAir        1.2252 kg/m³
thtaN    2.50°   twist     1.50°
mHeli           500.00 lb
aBlade          1.15 m^2

rRotTR       0.08 m
nRotTR       1662.7 1/min
oMTR    174.12
oMRTR   124.05 m/s    oMRTR   407.00 ft/s
sigmaTR   0.1783

Area Mrot      35.32 m^2
m blade         4.7 kg     estimated
I blade        28.2 kg*m^2
gamRot          3.5400
sigma           0.0325


Trim phi      -0.00°    thta       1.20°    psi       0.00°   
vH      60.15 mph     vV          0 fpm
cTs  0.102711     cT  0.0033     cT2sa  0.0373     cL  0.1419
m Heli     2224.9 N      fpA        0.8 m^2           9.0 ft^2
Iyy Heli         870.8 kg*m^2
Coordintats x,z    [m]         [ft]
Rotor      :   0.18   0.97        0.60   3.19
Rudder     :   9.45   0.00       31.00   0.00
Fin        :   4.30   1.32       14.10   4.33
H-Stab     :   0.55  -0.30        1.82  -1.00
Wing       :   1.39  -0.00        4.55  -0.00
Propeller  :   0.55   0.00        1.82   0.00
### Var ###
mu             37.000  vFlight     53.5 kn
thtaClmb      -0.0000     -0.0000°
cTsReq    0.10271    cTReq    0.00334    cT2saReq    0.03735
alfaD     337.40°    thtaClmb      -0.00°    thtaTrim       1.20
trim iter 24     anorm 4.42398e-010

   deriv 3104
       u                w              q
x   -0.304740     -0.202361     0.498787
z    0.188313     -1.153768     1.085753
m    0.073251      0.034087    -0.136779

 ====== u - derivatives ===== 
fMR(1)        -0.046783   fMR(2)        -0.000951   fMR(3)        -0.183703
fTR(1)         0.000000   fTR(2)         0.000000   fTR(3)         0.000000
fFus(1)       -0.136983   fFus(2)        0.000001   fFus(3)        0.000743
fFN(1)        -0.007502   fFN(2)         0.001236   fFN(3)         0.000000
fHS(1)        -0.003420   fHS(2)         0.000000   fHS(3)        -0.000240
fPR(1)        -0.041790   fPR(2)         0.000000   fPR(3)         0.000000
fCG(1)         0.000000   fCG(2)         0.000000   fCG(3)         0.000000
fR(1)  -5.3546681e-009   fR(2)  -5.8427707e-011   fR(3)  -4.0932752e-009

 Moment Equilibrium    1001 
mMR(1)        -0.000240   mMR(2)         0.003078   mMR(3)         0.000045
mTR(1)         0.000000   mTR(2)         0.000000   mTR(3)         0.000000
mFus(1)        0.000000   mFus(2)        0.000000   mFus(3)        0.001302
mFN(1)         0.000425   mFN(2)         0.002581   mFN(3)        -0.001383
mHS(1)         0.000000   mHS(2)        -0.000306   mHS(3)         0.000000
mPR(1)         0.000000   mPR(2)         0.000014   mPR(3)         0.000000
mR(1)  -6.6543215e-011   mR(2)   2.2872049e-010   mR(3)   2.4247981e-010
QR  2.6145293e-011
mU  5.3657628e-003

 ====== q - derivatives ===== 
fMR(1)         1.591621   fMR(2)        -0.306706   fMR(3)        -0.158961
fTR(1)         0.000000   fTR(2)         0.000000   fTR(3)         0.000000
fFus(1)       -0.001145   fFus(2)        0.000000   fFus(3)       -0.000385
fFN(1)         0.000000   fFN(2)         0.000000   fFN(3)         0.000000
fHS(1)         0.000338   fHS(2)         0.000000   fHS(3)        -0.031403
fPR(1)         0.000000   fPR(2)         0.000000   fPR(3)         0.000000
fCG(1)         0.000000   fCG(2)         0.000000   fCG(3)         0.000000
fR(1)   3.6088303e-008   fR(2)  -7.0209951e-009   fR(3)  -4.2647555e-009

 Moment Equilibrium    1002 
mMR(1)        -0.077547   mMR(2)        -0.409996   mMR(3)         0.014609
mTR(1)         0.000000   mTR(2)         0.000000   mTR(3)         0.000000
mFus(1)        0.000000   mFus(2)        0.000000   mFus(3)        0.000000
mFN(1)         0.000000   mFN(2)         0.000000   mFN(3)         0.000000
mHS(1)         0.000000   mHS(2)        -0.004510   mHS(3)         0.000000
mPR(1)         0.000000   mPR(2)         0.000000   mPR(3)         0.000000
mR(1)  -6.8355179e-009   mR(2)  -3.6334183e-008   mR(3)   1.5177157e-009
QR -7.1956539e-012

 ====== w - derivatives ===== 
fMR(1)        -0.175651   fMR(2)        -0.004895   fMR(3)        -1.032385
fTR(1)         0.000000   fTR(2)         0.000000   fTR(3)         0.000000
fFus(1)       -0.025321   fFus(2)        0.000000   fFus(3)       -0.010224
fFN(1)         0.000000   fFN(2)         0.000000   fFN(3)         0.000000
fHS(1)         0.000568   fHS(2)         0.000000   fHS(3)        -0.052845
fPR(1)         0.000000   fPR(2)         0.000000   fPR(3)         0.000000
fCG(1)         0.000000   fCG(2)         0.000000   fCG(3)         0.000000
fR(1)  -4.5364933e-009   fR(2)  -1.7593371e-010   fR(3)  -2.4782947e-008

 Moment Equilibrium    1003 
mMR(1)        -0.001238   mMR(2)        -0.004763   mMR(3)         0.000233
mTR(1)         0.000000   mTR(2)         0.000000   mTR(3)         0.000000
mFus(1)        0.000000   mFus(2)        0.000000   mFus(3)        0.000000
mFN(1)         0.000000   mFN(2)         0.000000   mFN(3)         0.000000
mHS(1)         0.000000   mHS(2)        -0.007590   mHS(3)         0.000000
mPR(1)         0.000000   mPR(2)         0.000000   mPR(3)         0.000000
mR(1)  -1.9041480e-010   mR(2)  -1.3142375e-009   mR(3)   2.6588864e-010
QR  1.2194093e-010
mW -1.2352471e-002


=I=I=I=I=I= Iteration Results =I=I=I=I=I=
xMR    0.600    xcg    0.000    dxCG    0.600    iRigMR    8.7
cTs 0.07738   cT 0.00252   cLs 4.44505   cL 0.14458
aN     0.03897°    a1    0.04851°   b1    0.01923°
Br   aN     2.23°       a1    2.78°      b1    1.10°
716  aN     2.23°       a1    2.28°      b1    0.50°
mu  0.184324 lamD    0.02432    lamI    0.00680     mu*a1    0.00733     lamNf    0.01698
A1S   -0.00347°    B1S    0.03474°
A1S    -0.20°    B1S     1.99°    alfD     9.58°   alfaNf     7.30°   alSm     0.29°
thtaN      2.50°    thtaTR    -0.02°
Trim   phi     0.03°    thta     0.67°
vBx    26.81    vBy     0.00    vBz     0.31
fMR(1)          -387.06   fMR(2)            -5.11   fMR(3)         -2238.78
fTR(1)             0.00   fTR(2)            -0.00   fTR(3)             0.00
fPR(1)           870.25   fPR(2)             0.00   fPR(3)             0.00
fFus(1)         -423.64   fFus(2)            0.00   fFus(3)           -0.23
fFN(1)           -22.81   fFN(2)             3.76   fFN(3)             0.00
fHS(1)           -10.74   fHS(2)             0.00   fHS(3)            14.25
fCG(1)           -25.99   fCG(2)             1.35   fCG(3)          2224.76
fWN(1)            -0.00   fWN(2)             0.00   fWN(3)            -0.00
fR(1)  -1.1300180e-009   fR(2)  -7.4420248e-011   fR(3)  -7.5075086e-009

Moment Equilibrium
mMR(1)            -4.96   mMR(2)           -33.67   mMR(3)             0.93
mTR(1)            -0.00   mTR(2)             0.00   mTR(3)             0.00
mPR(1)             0.00   mPR(2)            -1.09   mPR(3)             0.00
mFus(1)            0.00   mFus(2)            0.00   mFus(3)           15.21
mFN(1)             4.96   mFN(2)            30.13   mFN(3)           -16.14
mHS(1)             0.00   mHS(2)             4.63   mHS(3)             0.00
mWN(1)             0.00   mWN(2)            -0.00   mWN(3)             0.00
mR(1)  -9.1866958e-011   mR(2)  -5.1554927e-010   mR(3)   2.4732572e-010
==x=x===x===x=x==
MR Fx   -43.97    Fz -2271.57   thtaClmb    -0.00   torque     0.00
dxMR    0.0150  Fx/Fz    9.8°        mu   0.18432   oM  43.0  n  410.9

=I=I=I=I=I= End Of Iteration Results =I=I=I=I=I=


         ### stability derivatives ###
 R ._. R ._. << RotaryWingSim Data >> ._. R ._. R

       u              w            q         oM
x   -0.236478     -0.200404     1.590813    -0.050206
z   -0.183203     -1.095446    -0.190764    -0.333742
m    0.005366     -0.012353    -0.414507    -0.003181

      measured  data
       u                w              q
x   -0.205000      -0.268000       -1.169000
z   -0.128000      -1.050000       -1.711500
m    0.021000      -0.084000       -2.055000

Q    0.000000      -0.000000        0.000000       -0.000000

Xu      -0.236478        -53.63        -16.35
Xw      -0.200404        -45.45        -13.85
Xq       1.590813       1385.29       1870.15
Zu      -0.183203        -41.55        -12.66
Zw      -1.095446       -248.45        -75.73
Zwd      0.000000          0.00          0.00
Zq      -0.190764       -166.12       -224.26
Mu       0.005366          1.22          0.37
Mw      -0.012353         -2.80         -0.85
Mwd      0.000000          0.00          0.00
Mq      -0.414507       -360.96       -487.29

##### SP and PH Mode ----- approximation ###
----- Short Period Mode -----
omega SP         0.8849
zeta  SP         0.8532
re  -0.7550 +  0.4615j
re  -0.7550 -  0.4615j

----- Phugoid Mode -----
omega PH         0.3182
zeta  PH         0.4216
re  -0.1342 +  0.2886j
re  -0.1342 -  0.2886j

##### SP and PH Mode from quartic 3104 #####
quartic coefficients
A        1.000
B        1.746
C        1.095
D        0.238
E        0.080

Routh D        0.155

M thta         0.000 

z1  -0.82475    0.39952j
z2  -0.82475   -0.39952j
z3  -0.04846    0.30454j
z4  -0.04846   -0.30454j

       Short Period                Phugoid
-0.83016    0.45894j
-0.83016   -0.45894j
-0.04306    0.29479j
-0.04306   -0.29479j

-0.82475    0.39952j
-0.82475   -0.39952j
-0.04846    0.30454j
-0.04846   -0.30454j
1   0.26329  0.00000j        1.98405  0.00000j
2   1.91701  0.00000j        0.08490  0.00000j
3   0.02091  0.00000j        0.01951  0.00000j
4  -0.00421  0.00000j       -0.03596  0.00000j


----- Phugoid Mode -----
omega PH         0.9486
zeta  PH         0.8752
fhi  PH        28.9352
period PH       13.6907
tHalf  PH        0.8350
N half PH        0.0610

 M _ _ M _ _ << Measured Data >> _ _ M _ _ M
Xu      -0.205000        -46.49        -14.17
Xw      -0.268000        -60.78        -18.53
Xq      -1.169000      -1017.98      -1374.27
Zu      -0.128000        -29.03         -8.85
Zw      -1.050000       -238.14        -72.59
Zwd      0.000000          0.00          0.00
Zq      -1.711500      -1490.39      -2012.03
Mu       0.021000          4.76          1.45
Mw      -0.084000        -19.05         -5.81
Mwd      0.000000          0.00          0.00
Mq      -2.055000      -1789.51      -2415.84

##### SP and PH Mode ----- approximation ###
----- Short Period Mode -----
omega SP         2.0656
zeta  SP         0.7516
re  -1.5525 +  1.3625j
re  -1.5525 -  1.3625j

----- Phugoid Mode -----
omega PH         0.2657
zeta  PH         0.4765
re  -0.1266 +  0.2336j
re  -0.1266 -  0.2336j

##### SP and PH Mode from quartic 3104 #####
quartic coefficients
A        1.000
B        3.310
C        4.893
D        1.190
E        0.322

Routh D       14.330

M thta         0.000 

z1  -1.53944    1.31661j
z2  -1.53944   -1.31661j
z3  -0.11556    0.25508j
z4  -0.11556   -0.25508j

       Short Period                Phugoid
-1.55007    1.34080j
-1.55007   -1.34080j
-0.10493    0.25612j
-0.10493   -0.25612j

-1.53944    1.31661j
-1.53944   -1.31661j
-0.11556    0.25508j
-0.11556   -0.25508j
1   0.21158  0.00000j        1.99417  0.00000j
2   1.98194  0.00000j        0.13435  0.00000j
3  -0.03840  0.00000j        0.01566  0.00000j
4   0.04813  0.00000j       -0.02221  0.00000j


----- Phugoid Mode -----
omega PH         2.0495
zeta  PH         0.7563
fhi  PH        40.8595
period PH        4.6862
tHalf  PH        0.4472
N half PH        0.0954
trim iter 24     anorm 4.42190e-010
trim iter 24     anorm 4.41821e-010
trim iter 24     anorm 4.41812e-010
dlc     4.45   dla    4.14   dle   -3.64      dlp    0.01      dlt    0.79
thtaN   2.50°   A1S  -0.20°   B1S   1.99°   thtaTR  -0.02°
TrimAC phi LFr       0.03°    thta       0.67°    psi       0.00°
