reading aircraft data from ./data/MntGmPr1.dat
reading Flight Data from ./data/fDataMntGmPr3.flt
reading Rotor Data from ./data/fDataMntGmPr3.flt


#### RotaryWingSim ####
rhoAir          1.2261 kg/m°
thtaN    4.86°   twist     0.00°
mHeli           794.00 lb

nRot      374.0 1/min    oM     39.17 rad/s
oMR       149.22 m/s     oMR   489.56 ft/s
aBlade          1.50 m^2

rRotTR       0.08 m
nRotTR       1662.7 1/min
oMTR    174.12
oMRTR   149.22 m/s    oMRTR   489.56 ft/s
sigmaTR   0.1783

Area Mrot      45.60 m^2
m blade         6.9 kg     estimated
I blade       181.8 kg*m^2
gamRot          1.6101
sigma           0.0329


Trim phi      -0.60°    thta       1.20°    psi       0.00°   
vH      60.15 mph     vV          0 fpm
cTs   0.08619717     cT  0.0028     cT2sa  0.0300     cL  0.1744
m Heli     3533.2 N      fpA        1.2 m^2          12.8 ft^2
Iyy Heli         870.8 kg*m^2
Coordintats x,z    [m]         [ft]
Rotor      :   0.11   2.10        0.35   6.90
Rudder     :   8.18   0.00       26.85   0.00
Fin        :   3.03   0.41        9.95   1.33
H-Stab     :   2.61   0.02        8.55   0.06
Wing       :   0.12  -0.00        0.40  -0.00
Propeller  :  -1.23  -0.05       -4.03  -0.15
### Var ###
mu             39.165  vFlight     53.5 kn
thtaClmb      -0.0000     -0.0000°
cTsReq    0.08620    cTReq    0.00284    cT2saReq    0.02998
alfaD     357.14°    thtaClmb      -0.00°    thtaTrim       1.20
trim iter 19     anorm        NaN

 ====== u - derivatives ===== 
fMR(1)              NaN   fMR(2)              NaN   fMR(3)              NaN
fTR(1)         0.000000   fTR(2)              NaN   fTR(3)         0.000000
fFus(1)             NaN   fFus(2)             NaN   fFus(3)             NaN
fFN(1)              NaN   fFN(2)              NaN   fFN(3)         0.000000
fHS(1)              NaN   fHS(2)         0.000000   fHS(3)              NaN
fPR(1)              NaN   fPR(2)              NaN   fPR(3)              NaN
fCG(1)              NaN   fCG(2)              NaN   fCG(3)              NaN
fR(1)              NaN   fR(2)              NaN   fR(3)              NaN

 Moment Equilibrium    1001 
mMR(1)              NaN   mMR(2)              NaN   mMR(3)              NaN
mTR(1)              NaN   mTR(2)         0.000000   mTR(3)              NaN
mFus(1)        0.000000   mFus(2)             NaN   mFus(3)             NaN
mFN(1)              NaN   mFN(2)              NaN   mFN(3)              NaN
mHS(1)         0.000000   mHS(2)              NaN   mHS(3)         0.000000
mPR(1)         0.000000   mPR(2)              NaN   mPR(3)         0.000000
mR(1)              NaN   mR(2)              NaN   mR(3)              NaN
QR             NaN

 ====== q - derivatives ===== 
fMR(1)              NaN   fMR(2)              NaN   fMR(3)              NaN
fTR(1)         0.000000   fTR(2)              NaN   fTR(3)         0.000000
fFus(1)             NaN   fFus(2)             NaN   fFus(3)             NaN
fFN(1)              NaN   fFN(2)              NaN   fFN(3)         0.000000
fHS(1)              NaN   fHS(2)         0.000000   fHS(3)              NaN
fPR(1)              NaN   fPR(2)              NaN   fPR(3)              NaN
fCG(1)              NaN   fCG(2)              NaN   fCG(3)              NaN
fR(1)              NaN   fR(2)              NaN   fR(3)              NaN

 Moment Equilibrium    1002 
mMR(1)              NaN   mMR(2)              NaN   mMR(3)              NaN
mTR(1)              NaN   mTR(2)         0.000000   mTR(3)              NaN
mFus(1)        0.000000   mFus(2)             NaN   mFus(3)             NaN
mFN(1)              NaN   mFN(2)              NaN   mFN(3)              NaN
mHS(1)         0.000000   mHS(2)              NaN   mHS(3)         0.000000
mPR(1)         0.000000   mPR(2)              NaN   mPR(3)         0.000000
mR(1)              NaN   mR(2)              NaN   mR(3)              NaN
QR             NaN

 ====== w - derivatives ===== 
fMR(1)              NaN   fMR(2)              NaN   fMR(3)              NaN
fTR(1)         0.000000   fTR(2)              NaN   fTR(3)         0.000000
fFus(1)             NaN   fFus(2)             NaN   fFus(3)             NaN
fFN(1)              NaN   fFN(2)              NaN   fFN(3)         0.000000
fHS(1)              NaN   fHS(2)         0.000000   fHS(3)              NaN
fPR(1)              NaN   fPR(2)              NaN   fPR(3)              NaN
fCG(1)              NaN   fCG(2)              NaN   fCG(3)              NaN
fR(1)              NaN   fR(2)              NaN   fR(3)              NaN

 Moment Equilibrium    1003 
mMR(1)              NaN   mMR(2)              NaN   mMR(3)              NaN
mTR(1)              NaN   mTR(2)         0.000000   mTR(3)              NaN
mFus(1)        0.000000   mFus(2)             NaN   mFus(3)             NaN
mFN(1)              NaN   mFN(2)              NaN   mFN(3)              NaN
mHS(1)         0.000000   mHS(2)              NaN   mHS(3)         0.000000
mPR(1)         0.000000   mPR(2)              NaN   mPR(3)         0.000000
mR(1)              NaN   mR(2)              NaN   mR(3)              NaN
QR             NaN


=I=I=I=I=I= Iteration Results =I=I=I=I=I=
xMR    4.500    xcg    4.150    dxCG    0.350    iRigMR    0.0
cTs     NaN   cT     NaN   cLs     NaN   cL     NaN
aN         NaN°    a1        NaN°   b1        NaN°
Br   aN      NaN°       a1     NaN°      b1     NaN°
716  aN      NaN°       a1     NaN°      b1     NaN°
mu       NaN lamD        NaN    lamI        NaN     mu*a1        NaN     lamNf        NaN
A1S        NaN°    B1S        NaN°
A1S      NaN°    B1S      NaN°    alfD      NaN°   alfaNf      NaN°   alSm      NaN°
thtaN       NaN°    thtaTR      NaN°
Trim   phi      NaN°    thta      NaN°
vBx      NaN    vBy      NaN    vBz      NaN
fMR(1)              NaN   fMR(2)              NaN   fMR(3)              NaN
fTR(1)             0.00   fTR(2)              NaN   fTR(3)             0.00
fPR(1)              NaN   fPR(2)              NaN   fPR(3)              NaN
fFus(1)             NaN   fFus(2)             NaN   fFus(3)             NaN
fFN(1)              NaN   fFN(2)              NaN   fFN(3)             0.00
fHS(1)              NaN   fHS(2)             0.00   fHS(3)              NaN
fCG(1)              NaN   fCG(2)              NaN   fCG(3)              NaN
fWN(1)              NaN   fWN(2)              NaN   fWN(3)              NaN
fR(1)              NaN   fR(2)              NaN   fR(3)              NaN

Moment Equilibrium
mMR(1)              NaN   mMR(2)              NaN   mMR(3)              NaN
mTR(1)              NaN   mTR(2)             0.00   mTR(3)              NaN
mPR(1)             0.00   mPR(2)              NaN   mPR(3)             0.00
mFus(1)            0.00   mFus(2)             NaN   mFus(3)             NaN
mFN(1)              NaN   mFN(2)              NaN   mFN(3)              NaN
mHS(1)             0.00   mHS(2)              NaN   mHS(3)             0.00
mWN(1)             0.00   mWN(2)              NaN   mWN(3)             0.00
mR(1)              NaN   mR(2)              NaN   mR(3)              NaN
==x=x===x===x=x==
MR Fx      NaN    Fz      NaN   thtaClmb    -0.00   torque     0.00
dxMR       NaN  Fx/Fz    NaN°        mu       NaN   oM  39.2  n  374.0

=I=I=I=I=I= End Of Iteration Results =I=I=I=I=I=


 R ._. R ._. << RotaryWingSim Data >> ._. R ._. R
              ### stability derivatives ###

       u              w            q         oM
x         NaN           NaN          NaN          NaN
z         NaN           NaN          NaN          NaN
m         NaN           NaN          NaN          NaN

      measured  data
       u                w              q
x   -0.090000       0.110000        0.092100
z    0.010000      -1.100000        0.140000
m    0.007000       0.005000       -0.025000

Q         NaN            NaN             NaN             NaN

Xu            NaN           NaN
Xw            NaN           NaN
Xq            NaN           NaN
Zu            NaN           NaN
Zw            NaN           NaN
Zwd      0.000000          0.00
Zq            NaN           NaN
Mu            NaN           NaN
Mw            NaN           NaN
Mwd      0.000000          0.00
Mq            NaN           NaN

##### SP and PH Mode ----- approximation ###
----- Short Period Mode -----
omega SP            NaN
zeta  SP            NaN
re      NaN +      NaN
re      NaN -      NaN

----- Phugoid Mode -----
omega PH            NaN
zeta  PH            NaN
re      NaN +      NaN
re      NaN -      NaN

A          1.0000
B             NaN
C             NaN
D             NaN
E             NaN

##### SP and PH Mode from quartic #####
