reading aircraft data from ./data/PCA2ps.dat
reading Flight Data from ./data/fDataPCA-2_A12_7.flt
reading Rotor Data from ./data/fDataPCA-2_A12_7.flt


#### RotaryWingSim ####
rhoAir          1.0422 kg/m°
thtaN    1.04°   twist    -0.80°
mHeli          2832.00 lb
aBlade         14.42 m^2
Area Mrot     147.76 m^2
m blade        35.8 kg
I blade       453.0 kg*m^2
gamRot         15.2501
sigma           0.0976


Trim phi       0.00°    thta      -5.30°    psi       0.00°   
vH      64.45 mph     vV       1220 fpm
cTs  0.075822     cT  0.0074     cT2sa  0.0266     cL  0.1872
m Heli    12601.9 N      fpA        1.6 m^2          17.2 ft^2
Iyy Heli        5425.6 kg*m^2
Coordintats x,z    [m]         [ft]
Rotor      :   0.02   1.83        0.07   6.00
Rudder     :   7.57   0.00       24.82   0.00
Fin        :   2.11   0.41        6.92   1.33
H-Stab     :   2.08   0.02        6.82   0.06
Wing       :   0.02  -0.30        0.08  -1.00
Propeller  :  -1.85  -0.03       -6.05  -0.10
### Var ###
mu             15.300  vFlight     58.6 kn
thtaClmb      -0.2124    -12.1716°
cTsReq    0.07582    cTReq    0.00740    cT2saReq    0.02660
alfaD     139.52°    thtaClmb     -12.17°    thtaTrim      -5.30
trim iter 25     anorm 3.90546e-010

 ====== u - derivatives ===== 
fMR(1)         0.039708   fMR(2)        -0.004880   fMR(3)        -0.139830
fTR(1)         0.000000   fTR(2)         0.000000   fTR(3)         0.000000
fFus(1)       -0.042464   fFus(2)       -0.000150   fFus(3)        0.001227
fFN(1)        -0.002866   fFN(2)         0.002524   fFN(3)         0.000000
fHS(1)        -0.005704   fHS(2)         0.000000   fHS(3)        -0.085346
fPR(1)        -0.001547   fPR(2)         0.000000   fPR(3)        -0.000054
fCG(1)         0.000000   fCG(2)         0.000000   fCG(3)         0.000000
fR(1)  -2.3765665e-009   fR(2)  -3.8406256e-010   fR(3)  -3.8224471e-008

 Moment Equilibrium    1001 
mMR(1)        -0.001525   mMR(2)        -0.001488   mMR(3)         0.000004
mTR(1)         0.000000   mTR(2)         0.000000   mTR(3)         0.000000
mFus(1)        0.000000   mFus(2)        0.000082   mFus(3)        0.000195
mFN(1)         0.000035   mFN(2)         0.000040   mFN(3)        -0.000184
mHS(1)         0.000000   mHS(2)        -0.006121   mHS(3)         0.000000
mPR(1)         0.000000   mPR(2)         0.000002   mPR(3)         0.000000
mR(1)  -5.6594729e-009   mR(2)  -2.6963448e-008   mR(3)   1.9306867e-010
QR  5.6227287e-012
mU -7.4850581e-003

 ====== q - derivatives ===== 
fMR(1)         0.875916   fMR(2)        -0.462876   fMR(3)         0.200378
fTR(1)         0.000000   fTR(2)         0.000000   fTR(3)         0.000000
fFus(1)       -0.001037   fFus(2)        0.000000   fFus(3)       -0.001459
fFN(1)         0.000000   fFN(2)         0.000000   fFN(3)         0.000000
fHS(1)        -0.007579   fHS(2)         0.000000   fHS(3)        -0.602990
fPR(1)         0.000000   fPR(2)         0.000000   fPR(3)         0.000000
fCG(1)         0.000000   fCG(2)         0.000000   fCG(3)         0.000000
fR(1)   1.1093573e-007   fR(2)  -5.9523074e-008   fR(3)  -5.2913265e-008

 Moment Equilibrium    1002 
mMR(1)         0.023900   mMR(2)        -0.114365   mMR(3)         0.000341
mTR(1)         0.000000   mTR(2)         0.000000   mTR(3)         0.000000
mFus(1)        0.000000   mFus(2)        0.000038   mFus(3)        0.000000
mFN(1)         0.000000   mFN(2)         0.000000   mFN(3)         0.000000
mHS(1)         0.000000   mHS(2)        -0.043269   mHS(3)         0.000000
mPR(1)         0.000000   mPR(2)         0.000000   mPR(3)         0.000000
mR(1)   8.8815050e-008   mR(2)  -5.8640029e-007   mR(3)   1.4050556e-009
QR -1.0289138e-011

 ====== w - derivatives ===== 
fMR(1)        -0.019997   fMR(2)         0.002689   fMR(3)        -1.426990
fTR(1)         0.000000   fTR(2)         0.000000   fTR(3)         0.000000
fFus(1)       -0.024673   fFus(2)        0.000000   fFus(3)       -0.031298
fFN(1)         0.000000   fFN(2)         0.000000   fFN(3)         0.000000
fHS(1)        -0.000594   fHS(2)         0.000000   fHS(3)        -0.112208
fPR(1)        -0.000054   fPR(2)         0.000000   fPR(3)        -0.000002
fCG(1)         0.000000   fCG(2)         0.000000   fCG(3)         0.000000
fR(1)  -1.4218870e-008   fR(2)   2.8325076e-010   fR(3)  -2.1753453e-007

 Moment Equilibrium    1003 
mMR(1)        -0.004718   mMR(2)         0.003828   mMR(3)        -0.000002
mTR(1)         0.000000   mTR(2)         0.000000   mTR(3)         0.000000
mFus(1)        0.000000   mFus(2)        0.000895   mFus(3)        0.000000
mFN(1)         0.000000   mFN(2)         0.000000   mFN(3)         0.000000
mHS(1)         0.000000   mHS(2)        -0.008052   mHS(3)         0.000000
mPR(1)         0.000000   mPR(2)         0.000000   mPR(3)         0.000000
mR(1)  -1.7671489e-008   mR(2)  -1.0081578e-008   mR(3)   1.2902035e-010
QR  5.3437799e-011
mW -3.3288242e-003


=I=I=I=I=I= Iteration Results =I=I=I=I=I=
xMR    6.250    xcg    6.180    dxCG    0.070    iRigMR    0.0
cTs 0.05254   cT 0.00513   cLs 1.44999   cL 0.14154
aN     0.09693°    a1    0.03230°   b1    0.04667°
Br   aN     5.55°       a1    1.85°      b1    2.67°
716  aN     5.55°       a1    1.46°      b1    1.75°
mu  0.264350 lamD    0.03870    lamI    0.00964     mu*a1    0.00673     lamNf    0.03197
A1S    0.02239°    B1S   -0.04567°
A1S     1.28°    B1S    -2.62°    alfD    10.36°   alfaNf     8.90°   alSm     4.08°
thtaN      1.04°    thtaTR    -0.05°
Trim   phi    -0.79°    thta    -5.83°
vBx    29.21    vBy    -0.04    vBz     3.25
fMR(1)          -112.25   fMR(2)           127.85   fMR(3)         -9538.18
fTR(1)             0.00   fTR(2)             0.00   fTR(3)             0.00
fPR(1)           304.08   fPR(2)             0.00   fPR(3)            10.62
fFus(1)         -870.31   fFus(2)           -5.62   fFus(3)          -72.31
fFN(1)           -50.54   fFN(2)            49.59   fFN(3)             0.00
fHS(1)          -124.92   fHS(2)             0.00   fHS(3)         -1221.59
fCG(1)          1279.58   fCG(2)          -171.82   fCG(3)         12535.57
fWN(1)          -425.64   fWN(2)             0.00   fWN(3)         -1714.11
fR(1)  -1.1067243e-008   fR(2)   2.6112730e-009   fR(3)  -4.3874707e-008

Moment Equilibrium
mMR(1)           -20.15   mMR(2)          2232.29   mMR(3)            -2.73
mTR(1)             0.00   mTR(2)             0.00   mTR(3)            -0.00
mPR(1)             0.00   mPR(2)           -10.33   mPR(3)             0.00
mFus(1)            0.00   mFus(2)          121.82   mFus(3)          107.33
mFN(1)            20.15   mFN(2)            20.54   mFN(3)          -104.60
mHS(1)             0.00   mHS(2)         -2536.92   mHS(3)             0.00
mWN(1)             0.00   mWN(2)           172.60   mWN(3)             0.00
mR(1)   1.3553993e-008   mR(2)   5.0163578e-008   mR(3)   7.9353413e-011
==x=x===x===x=x==
MR Fx  -112.25    Fz -9538.18   thtaClmb   -12.17   torque     0.00
dxMR   -0.0002  Fx/Fz    0.7°        mu   0.26435   oM  16.0  n  152.9

=I=I=I=I=I= End Of Iteration Results =I=I=I=I=I=


         ### stability derivatives ###
 R ._. R ._. << RotaryWingSim Data >> ._. R ._. R

       u              w            q         oM
x   -0.019219     -0.111406     0.862867    -0.086872
z   -0.298261     -1.694110    -0.412607    -0.342246
m   -0.007201     -0.002663    -0.157551     0.013528

      measured  data
       u                w              q
x   -0.090000       0.110000        0.092100
z    0.010000      -1.100000        0.140000
m    0.007000       0.005000       -0.025000

Q    0.000000      -0.000000        0.000000       -0.000000

Xu      -0.019219        -24.69
Xw      -0.111406       -143.11
Xq       0.862867       4681.57
Zu      -0.298261       -383.15
Zw      -1.694110      -2176.25
Zwd      0.000000          0.00
Zq      -0.412607      -2238.64
Mu      -0.007201         -9.25
Mw      -0.002663         -3.42
Mwd      0.000000          0.00
Mq      -0.157551       -854.81

##### SP and PH Mode ----- approximation ###
----- Short Period Mode -----
omega SP         0.5851
zeta  SP         1.5823
re  -0.9258 +   0.7175
re  -0.9258 -   0.7175

----- Phugoid Mode -----
negative oMg2_PH

##### SP and PH Mode from quartic #####
A        1.000         1.000
B        1.871         1.871
C        0.306         0.306
D       -0.153        -0.153
E       -0.112        -0.112

Routh D        0.281

M thta        -0.000 

z1  -1.65464    0.00000j
z2   0.38199    0.00000j
z3  -0.29911    0.29586j
z4  -0.29911   -0.29586j

       Short Period                Phugoid
1   0.03940  0.00000j       -0.84937  0.00000j
2  -0.29763  0.39635j        0.99184 -0.39635j
3  -0.01712  0.01958j       -0.00370 -0.01958j
4  -0.05256 -0.04279j       -0.02420  0.04279j


 M _ _ M _ _ << Measured Data >> _ _ M _ _ M
Xu      -0.090000       -115.61
Xw       0.110000        141.31
Xq       0.092100        499.70
Zu       0.010000         12.85
Zw      -1.100000      -1413.05
Zwd      0.000000          0.00
Zq       0.140000        759.58
Mu       0.007000          8.99
Mw       0.005000          6.42
Mwd      0.000000          0.00
Mq      -0.025000       -135.64

##### SP and PH Mode ----- approximation ###
----- Short Period Mode -----
negative oMg2_SP

----- Phugoid Mode -----
negative oMg2_PH

##### SP and PH Mode from quartic #####
A        1.000         1.000
B        1.215         1.215
C        0.026         0.026
D        0.083         0.083
E        0.076         0.076

Routh D       -0.117

M thta        -0.000 

z1  -1.20733    0.00000j
z2   0.18931    0.35662j
z3   0.18931   -0.35662j
z4  -0.38629    0.00000j

       Short Period                Phugoid
1  -1.86717  0.00000j       -0.80490  0.00000j
2  -0.01873  0.00000j       -0.55346  0.00000j
3  -0.00897  0.00000j        0.01491  0.00000j
4   0.05854  0.00000j       -0.03215  0.00000j


----- Phugoid Mode -----
omega PH         0.4038
zeta  PH         0.4689
period PH       17.6186
tHalf  PH        3.6614
N half PH        0.2078

----- Short Period Mode -----
omega SP         0.3863
zeta  SP        -1.0000
period SP   --------
tHalf  SP        1.7944
N half SP        0.0000

omega SP         1.2073
zeta  SP        -1.0000
period SP   --------
tHalf  SP        0.5741
N half SP        0.0000

dlc     1.85   dla    6.51   dle   -9.97      dlp    0.03      dlt    0.11
thtaN   1.04°   A1S   1.28°   B1S  -2.62°   thtaTR  -0.05°
TrimAC phi LFr      -0.79°    thta      -5.83°    psi       0.00°
