reading aircraft data from ./data/RotDatR4B_1.dat
reading Flight Data from ./data/fDataR4B_no12_a1_12p3.flt
reading Rotor Data from ./data/fDataR4B_no12_a1_12p3.flt


#### RotaryWingSim ####
rhoAir          1.1513 kg/m°
thtaN    2.68°   twist     0.00°
mHeli          2546.00 lb

nRot      197.0 1/min    oM     20.63 rad/s
oMR       119.47 m/s     oMR   391.97 ft/s
aBlade          6.32 m^2

rRotTR       1.91 m
nRotTR       1662.7 1/min
oMTR    174.12
oMRTR   119.47 m/s    oMRTR   391.97 ft/s
sigmaTR   0.0173

Area Mrot     105.36 m^2
m blade         5.4 kg
I blade        60.9 kg*m^2 estimated
gamRot         15.0000
sigma           0.0600


Trim phi       0.00°    thta      -2.40°    psi       0.00°   
vH      54.74 mph     vV       1306 fpm
cTs   0.10896092     cT  0.0065     cT2sa  0.0382     cL  0.2896
m Heli    11329.2 N      fpA        2.1 m^2          23.0 ft^2
Iyy Heli        2712.8 kg*m^2
Coordintats x,z    [m]         [ft]
Rotor      :   0.04   1.68        0.12   5.50
Rudder     :   7.50   1.52       24.62   5.00
Fin        :   3.88   0.71       12.72   2.33
H-Stab     :   4.06   0.02       13.32   0.06
Wing       :  -1.95   0.00       -6.38   0.00
Propeller  :  -0.81   0.00       -2.66   0.00
### Var ###
mu             20.630  vFlight     50.4 kn
thtaClmb      -0.2655    -15.2094°
cTsReq    0.10896    cTReq    0.00654    cT2saReq    0.03823
alfaD     188.12°    thtaClmb     -15.21°    thtaTrim      -2.40
trim iter 27     anorm 3.55645e-011

 ====== u - derivatives ===== 
fMR(1)        -0.008884   fMR(2)        -0.001602   fMR(3)        -0.060278
fTR(1)         0.000000   fTR(2)         0.000000   fTR(3)         0.000000
fFus(1)       -0.059430   fFus(2)       -0.000040   fFus(3)       -0.079862
fFN(1)        -0.003780   fFN(2)         0.002003   fFN(3)         0.000000
fHS(1)        -0.000000   fHS(2)         0.000000   fHS(3)        -0.000000
fPR(1)        -0.003131   fPR(2)         0.000000   fPR(3)         0.000000
fCG(1)         0.000000   fCG(2)         0.000000   fCG(3)         0.000000
fR(1)  -8.6954128e-009   fR(2)   3.3985259e-011   fR(3)  -1.6188148e-008

 Moment Equilibrium    1001 
mMR(1)        -0.001143   mMR(2)         0.005428   mMR(3)         0.000024
mTR(1)         0.000000   mTR(2)         0.000000   mTR(3)         0.000000
mFus(1)        0.000000   mFus(2)       -0.000000   mFus(3)        0.003324
mFN(1)         0.000606   mFN(2)         0.001144   mFN(3)        -0.003304
mHS(1)         0.000000   mHS(2)        -0.000000   mHS(3)         0.000000
mPR(1)         0.000000   mPR(2)         0.000000   mPR(3)         0.000000
mR(1)  -1.5485924e-010   mR(2)   1.7982101e-009   mR(3)   2.7128522e-011
QR  2.6578971e-011

 ====== q - derivatives ===== 
fMR(1)         0.649261   fMR(2)        -0.468296   fMR(3)         0.118382
fTR(1)         0.000000   fTR(2)         0.000000   fTR(3)         0.000000
fFus(1)       -0.000441   fFus(2)        0.000000   fFus(3)       -0.000837
fFN(1)         0.000000   fFN(2)         0.000000   fFN(3)         0.000000
fHS(1)        -0.000000   fHS(2)         0.000000   fHS(3)        -0.000000
fPR(1)         0.000000   fPR(2)         0.000000   fPR(3)         0.000000
fCG(1)         0.000000   fCG(2)         0.000000   fCG(3)         0.000000
fR(1)   7.4922052e-008   fR(2)  -5.4089588e-008   fR(3)   1.3570518e-008

 Moment Equilibrium    1002 
mMR(1)        -0.334204   mMR(2)        -0.461559   mMR(3)         0.007089
mTR(1)         0.000000   mTR(2)         0.000000   mTR(3)         0.000000
mFus(1)        0.000000   mFus(2)        0.000000   mFus(3)        0.000000
mFN(1)         0.000000   mFN(2)         0.000000   mFN(3)         0.000000
mHS(1)         0.000000   mHS(2)        -0.000001   mHS(3)         0.000000
mPR(1)         0.000000   mPR(2)         0.000000   mPR(3)         0.000000
mR(1)  -9.0672124e-008   mR(2)  -1.2519670e-007   mR(3)   1.9384174e-009
QR -4.4527550e-011

 ====== w - derivatives ===== 
fMR(1)        -0.021634   fMR(2)        -0.009800   fMR(3)        -0.972414
fTR(1)         0.000000   fTR(2)         0.000000   fTR(3)         0.000000
fFus(1)       -0.031894   fFus(2)        0.000000   fFus(3)       -0.055952
fFN(1)         0.000000   fFN(2)         0.000000   fFN(3)         0.000000
fHS(1)        -0.000000   fHS(2)         0.000000   fHS(3)        -0.000000
fPR(1)         0.000000   fPR(2)         0.000000   fPR(3)         0.000000
fCG(1)         0.000000   fCG(2)         0.000000   fCG(3)         0.000000
fR(1)  -6.1897549e-009   fR(2)  -1.1394068e-009   fR(3)  -1.1876824e-007

 Moment Equilibrium    1003 
mMR(1)        -0.006994   mMR(2)         0.000719   mMR(3)         0.000148
mTR(1)         0.000000   mTR(2)         0.000000   mTR(3)         0.000000
mFus(1)        0.000000   mFus(2)       -0.000000   mFus(3)        0.000000
mFN(1)         0.000000   mFN(2)         0.000000   mFN(3)         0.000000
mHS(1)         0.000000   mHS(2)        -0.000000   mHS(3)         0.000000
mPR(1)         0.000000   mPR(2)         0.000000   mPR(3)         0.000000
mR(1)  -1.9064430e-009   mR(2)   2.1020377e-010   mR(3)   5.5507599e-011
QR  2.8253795e-010


=I=I=I=I=I= Iteration Results =I=I=I=I=I=
xMR    6.500    xcg    6.383    dxCG    0.117    iRigMR    0.0
cTs 0.07272   cT 0.00436   cLs 4.21088   cL 0.25265
aN     0.14559°    a1    0.03952°   b1    0.05188°
Br   aN     8.34°       a1    2.26°      b1    2.97°
716  aN     8.34°       a1    1.89°      b1    1.83°
mu  0.181159 lamD    0.02798    lamI    0.01197     mu*a1    0.00597     lamNf    0.02200
A1S   -0.00347°    B1S    0.02378°
A1S    -0.20°    B1S     1.36°    alfD    12.44°   alfaNf    10.55°   alSm     0.53°
thtaN      2.68°    thtaTR    -0.04°
Trim   phi    -0.08°    thta    -3.18°
vBx    24.73    vBy    -0.01    vBz     5.27
fMR(1)          -189.04   fMR(2)           -12.28   fMR(3)         -9983.77
fTR(1)             0.00   fTR(2)             0.00   fTR(3)             0.00
fPR(1)           569.53   fPR(2)             0.00   fPR(3)             0.00
fFus(1)         -954.93   fFus(2)           -1.14   fFus(3)        -1328.03
fFN(1)           -53.59   fFN(2)            28.94   fFN(3)             0.00
fHS(1)            -0.00   fHS(2)             0.00   fHS(3)            -0.00
fCG(1)           628.04   fCG(2)           -15.52   fCG(3)         11311.80
fWN(1)            -0.00   fWN(2)             0.00   fWN(3)            -0.00
fR(1)  -5.2825694e-011   fR(2)   3.3254643e-010   fR(3)  -5.2184130e-008

Moment Equilibrium
mMR(1)           -20.58   mMR(2)           -38.11   mMR(3)             0.44
mTR(1)             0.00   mTR(2)             0.00   mTR(3)            -0.00
mPR(1)             0.00   mPR(2)            -0.00   mPR(3)             0.00
mFus(1)            0.00   mFus(2)           -0.00   mFus(3)          111.74
mFN(1)            20.58   mFN(2)            38.11   mFN(3)          -112.18
mHS(1)             0.00   mHS(2)            -0.00   mHS(3)             0.00
mWN(1)             0.00   mWN(2)             0.00   mWN(3)             0.00
mR(1)   5.6114047e-010   mR(2)  -1.8878725e-009   mR(3)   3.1690206e-012
==x=x===x===x=x==
MR Fx  -189.04    Fz -9983.77   thtaClmb   -15.21   torque     0.00
dxMR    0.0038  Fx/Fz    1.1°        mu   0.18116   oM  23.7  n  226.2

=I=I=I=I=I= End Of Iteration Results =I=I=I=I=I=


 R ._. R ._. << RotaryWingSim Data >> ._. R ._. R
              ### stability derivatives ###

       u              w            q         oM
x   -0.075225     -0.053529     0.648820    -0.000389
z   -0.140134     -1.028376     0.117547    -0.451823
m    0.001135      0.000124    -0.079700    -0.001211

      measured  data
       u                w              q
x   -0.090000       0.110000        0.092100
z    0.010000      -1.100000        0.140000
m    0.007000       0.005000       -0.025000

Q    0.000000      -0.000000        0.000000       -0.000000

Xu      -0.075225        -86.87
Xw      -0.053529        -61.82
Xq       0.648820       1760.12
Zu      -0.140134       -161.84
Zw      -1.028376      -1187.64
Zwd      0.000000          0.00
Zq       0.117547        318.88
Mu       0.001135          1.31
Mw       0.000124          0.14
Mwd      0.000000          0.00
Mq      -0.079700       -216.21

##### SP and PH Mode ----- approximation ###
----- Short Period Mode -----
omega SP         0.2809
zeta  SP         1.9722
re  -0.5540 +   0.4775
re  -0.5540 -   0.4775

----- Phugoid Mode -----
omega PH         0.3789
zeta  PH         0.3412
re  -0.1293 +  0.3562j
re  -0.1293 -  0.3562j

A          1.0000
B          1.3667
C          0.9651
D          0.2975
E          0.0768

##### SP and PH Mode from quartic #####
A        1.000         1.000
B        1.183         1.183
C        0.162         0.162
D        0.025         0.025
E        0.011         0.011

Routh D       -0.012

M thta        -0.000 

z1  -1.04103    0.00000j
z2  -0.25553    0.00000j
z3   0.05663    0.19797j
z4   0.05663   -0.19797j

       Short Period                Phugoid
1   1.98744  0.00000j        0.87923  0.00000j
2  -0.16514  0.00000j       -1.35163  0.00000j
3   0.00521  0.00000j       -0.00559  0.00000j
4  -0.02899  0.00000j        0.02246  0.00000j

Xu      -0.090000       -103.94
Xw       0.110000        127.04
Xq       0.092100        249.85
Zu       0.010000         11.55
Zw      -1.100000      -1270.35
Zwd      0.000000          0.00
Zq       0.140000        379.79
Mu       0.007000          8.08
Mw       0.005000          5.77
Mwd      0.000000          0.00
Mq      -0.025000        -67.82

##### SP and PH Mode ----- approximation ###
----- Short Period Mode -----
negative oMg2_SP

----- Phugoid Mode -----
negative oMg2_PH

##### SP and PH Mode from quartic #####
A        1.000         1.000
B        1.215         1.215
C        0.051         0.051
D        0.092         0.092
E        0.076         0.076

Routh D       -0.115

M thta        -0.000 

z1  -1.19222    0.00000j
z2   0.18222    0.36261j
z3   0.18222   -0.36261j
z4  -0.38721    0.00000j

       Short Period                Phugoid
1  -1.90194  0.00000j       -0.82059  0.00000j
2  -0.02579  0.00000j       -0.59190  0.00000j
3  -0.00961  0.00000j        0.01580  0.00000j
4   0.05890  0.00000j       -0.03435  0.00000j


----- Phugoid Mode -----
omega PH         0.4058
zeta  PH         0.4490
period PH       17.3276
tHalf  PH        3.8040
N half PH        0.2195

----- Short Period Mode -----
omega SP         0.3872
zeta  SP        -1.0000
period SP   --------
tHalf  SP        1.7901
N half SP        0.0000

omega SP         1.1922
zeta  SP        -1.0000
period SP   --------
tHalf  SP        0.5814
N half SP        0.0000

dlc     4.77   dla    4.14   dle   -4.51      dlp    0.02      dlt    0.19
thtaN   2.68°   A1S  -0.20°   B1S   1.36°   thtaTR  -0.04°
TrimAC phi LFr      -0.08°    thta      -3.18°    psi       0.00°
