reading aircraft data from ./data/RotDatR4B_1a.dat
reading Flight Data from ./data/fDataR4B_no1a.flt
reading Rotor Data from ./data/fDataR4B_no1a.flt


#### RotaryWingSim ####
rhoAir          1.1562 kg/m°
thtaN    2.50°   twist     0.00°
mHeli          2266.00 lb
aBlade          6.32 m^2

rRotTR       1.91 m
nRotTR       1662.7 1/min
oMTR    174.12
oMRTR   157.68 m/s    oMRTR   517.32 ft/s
sigmaTR   0.0173

Area Mrot     105.36 m^2
m blade         5.4 kg
I blade        60.9 kg*m^2 estimated
gamRot         18.0000
sigma           0.0600


Trim phi       0.00°    thta      -2.10°    psi      -0.10°   
vH      45.59 mph     vV       1080 fpm
cTs   0.05544996     cT  0.0033     cT2sa  0.0202     cL  0.3703
m Heli    10083.3 N      fpA        1.8 m^2          19.0 ft^2
Iyy Heli        2712.8 kg*m^2
Coordintats x,z    [m]         [ft]
Rotor      :   0.02   1.68        0.05   5.50
Rudder     :   7.48   1.52       24.55   5.00
Fin        :   3.86   0.41       12.65   1.33
H-Stab     :   4.04   0.02       13.25   0.06
Wing       :  -1.97   0.00       -6.45   0.00
Propeller  :  -0.83   0.00       -2.73   0.00
### Var ###
mu             27.227  vFlight     42.0 kn
thtaClmb      -0.2636    -15.1046°
cTsReq    0.05545    cTReq    0.00333    cT2saReq    0.02016
alfaD     248.28°    thtaClmb     -15.10°    thtaTrim      -2.10
trim iter 24     anorm 7.54148e-010

 ====== u - derivatives ===== 
fMR(1)        -0.010230   fMR(2)         0.000567   fMR(3)        -0.087228
fTR(1)         0.000000   fTR(2)         0.000000   fTR(3)         0.000000
fFus(1)       -0.045951   fFus(2)        0.000169   fFus(3)       -0.008964
fFN(1)         0.000843   fFN(2)         0.001896   fFN(3)         0.000000
fHS(1)        -0.000000   fHS(2)         0.000000   fHS(3)        -0.000000
fPR(1)        -0.000305   fPR(2)         0.000000   fPR(3)         0.000000
fCG(1)         0.000000   fCG(2)         0.000000   fCG(3)         0.000000
fR(1)  -5.9558638e-009   fR(2)   1.0595969e-010   fR(3)  -1.0096768e-008

 Moment Equilibrium    1001 
mMR(1)         0.000062   mMR(2)         0.001035   mMR(3)        -0.000001
mTR(1)         0.000000   mTR(2)         0.000000   mTR(3)         0.000000
mFus(1)        0.000000   mFus(2)        0.000341   mFus(3)        0.000474
mFN(1)         0.000050   mFN(2)        -0.000022   mFN(3)        -0.000478
mHS(1)         0.000000   mHS(2)        -0.000000   mHS(3)         0.000000
mPR(1)         0.000000   mPR(2)         0.000000   mPR(3)         0.000000
mR(1)  -4.9376503e-011   mR(2)   2.4026120e-009   mR(3)   1.6375168e-010
QR  2.0999910e-011
mU  1.3531248e-003

 ====== q - derivatives ===== 
fMR(1)         0.487107   fMR(2)        -0.489155   fMR(3)         0.162953
fTR(1)         0.000000   fTR(2)         0.000000   fTR(3)         0.000000
fFus(1)       -0.000497   fFus(2)        0.000000   fFus(3)       -0.000138
fFN(1)         0.000000   fFN(2)         0.000000   fFN(3)         0.000000
fHS(1)        -0.000000   fHS(2)         0.000000   fHS(3)        -0.000000
fPR(1)         0.000000   fPR(2)         0.000000   fPR(3)         0.000000
fCG(1)         0.000000   fCG(2)         0.000000   fCG(3)         0.000000
fR(1)   4.9780075e-008   fR(2)  -5.0442686e-008   fR(3)   1.6524142e-008

 Moment Equilibrium    1002 
mMR(1)        -0.053650   mMR(2)        -0.053263   mMR(3)         0.000488
mTR(1)         0.000000   mTR(2)         0.000000   mTR(3)         0.000000
mFus(1)        0.000000   mFus(2)        0.000072   mFus(3)        0.000000
mFN(1)         0.000000   mFN(2)         0.000000   mFN(3)         0.000000
mHS(1)         0.000000   mHS(2)        -0.000000   mHS(3)         0.000000
mPR(1)         0.000000   mPR(2)         0.000000   mPR(3)         0.000000
mR(1)  -8.4512493e-008   mR(2)  -8.3287907e-008   mR(3)   9.3794483e-010
QR -3.5233997e-011

 ====== w - derivatives ===== 
fMR(1)        -0.001425   fMR(2)        -0.006400   fMR(3)        -1.152511
fTR(1)         0.000000   fTR(2)         0.000000   fTR(3)         0.000000
fFus(1)       -0.025768   fFus(2)        0.000000   fFus(3)       -0.006549
fFN(1)         0.000000   fFN(2)         0.000000   fFN(3)         0.000000
fHS(1)        -0.000000   fHS(2)         0.000000   fHS(3)        -0.000000
fPR(1)         0.000000   fPR(2)         0.000000   fPR(3)         0.000000
fCG(1)         0.000000   fCG(2)         0.000000   fCG(3)         0.000000
fR(1)  -3.0315542e-009   fR(2)  -8.2242479e-010   fR(3)  -1.1934527e-007

 Moment Equilibrium    1003 
mMR(1)        -0.000702   mMR(2)        -0.000993   mMR(3)         0.000006
mTR(1)         0.000000   mTR(2)         0.000000   mTR(3)         0.000000
mFus(1)        0.000000   mFus(2)        0.003749   mFus(3)        0.000000
mFN(1)         0.000000   mFN(2)         0.000000   mFN(3)         0.000000
mHS(1)         0.000000   mHS(2)        -0.000000   mHS(3)         0.000000
mPR(1)         0.000000   mPR(2)         0.000000   mPR(3)         0.000000
mR(1)  -1.3290862e-009   mR(2)   4.6063865e-009   mR(3)   1.8174262e-010
QR  2.1286933e-010
mW  2.7558764e-003


=I=I=I=I=I= Iteration Results =I=I=I=I=I=
xMR    6.500    xcg    6.450    dxCG    0.050    iRigMR    0.0
cTs 0.05318   cT 0.00319   cLs 6.03758   cL 0.36225
aN     0.13589°    a1    0.02187°   b1    0.04112°
Br   aN     7.79°       a1    1.25°      b1    2.36°
716  aN     7.79°       a1    1.10°      b1    1.22°
mu  0.129342 lamD    0.01451    lamI    0.01229     mu*a1    0.00248     lamNf    0.01202
A1S   -0.00437°    B1S    0.03121°
A1S    -0.25°    B1S     1.79°    alfD    11.71°   alfaNf    10.61°   alSm    -0.69°
thtaN      2.50°    thtaTR    -0.12°
Trim   phi    -0.11°    thta    -2.64°
vBx    20.56    vBy     0.03    vBz     4.54
fMR(1)            29.51   fMR(2)            -4.77   fMR(3)         -9960.59
fTR(1)             0.00   fTR(2)            -0.00   fTR(3)             0.00
fPR(1)            50.73   fPR(2)             0.00   fPR(3)             0.00
fFus(1)         -552.80   fFus(2)            3.58   fFus(3)         -111.98
fFN(1)             8.37   fFN(2)            19.68   fFN(3)             0.00
fHS(1)            -0.00   fHS(2)             0.00   fHS(3)            -0.00
fCG(1)           464.19   fCG(2)           -18.48   fCG(3)         10072.58
fWN(1)            -0.00   fWN(2)             0.00   fWN(3)             0.00
fR(1)   7.3238966e-010   fR(2)  -1.3281465e-010   fR(3)  -4.6178242e-008

Moment Equilibrium
mMR(1)            -8.00   mMR(2)          -201.27   mMR(3)             0.07
mTR(1)            -0.00   mTR(2)             0.00   mTR(3)             0.00
mPR(1)             0.00   mPR(2)            -0.00   mPR(3)             0.00
mFus(1)            0.00   mFus(2)          204.67   mFus(3)           75.79
mFN(1)             8.00   mFN(2)            -3.40   mFN(3)           -75.87
mHS(1)             0.00   mHS(2)            -0.00   mHS(3)             0.00
mWN(1)             0.00   mWN(2)            -0.00   mWN(3)             0.00
mR(1)  -1.7302337e-010   mR(2)  -2.0197523e-009   mR(3)   1.7122659e-010
==x=x===x===x=x==
MR Fx    29.51    Fz -9960.59   thtaClmb   -15.10   torque     0.00
dxMR    0.0202  Fx/Fz   -0.2°        mu   0.12934   oM  27.6  n  263.8

=I=I=I=I=I= End Of Iteration Results =I=I=I=I=I=


         ### stability derivatives ###
 R ._. R ._. << RotaryWingSim Data >> ._. R ._. R

       u              w            q         oM
x   -0.055644     -0.027194     0.486609     0.009426
z   -0.096183     -1.159059     0.162811    -0.447218
m    0.001353      0.002756    -0.053191    -0.001462

      measured  data
       u                w              q
x   -0.090000       0.110000        0.092100
z    0.010000      -1.100000        0.140000
m    0.007000       0.005000       -0.025000

Q    0.000000      -0.000000        0.000000       -0.000000

Xu      -0.055644        -57.19
Xw      -0.027194        -27.95
Xq       0.486609       1320.07
Zu      -0.096183        -98.86
Zw      -1.159059      -1191.35
Zwd      0.000000          0.00
Zq       0.162811        441.68
Mu       0.001353          1.39
Mw       0.002756          2.83
Mwd      0.000000          0.00
Mq      -0.053191       -144.30

##### SP and PH Mode ----- approximation ###
----- Short Period Mode -----
omega SP         0.0720
zeta  SP         8.4186
re  -0.6061 +   0.6018
re  -0.6061 -   0.6018

----- Phugoid Mode -----
omega PH         1.5768
zeta  PH         1.1214
re  -1.7681 +   0.8000
re  -1.7681 -   0.8000

A          1.0000
B          4.7484
C          8.7825
D          7.1455
E          2.7478

##### SP and PH Mode from quartic #####
A        1.000         1.000
B        1.268         1.268
C        0.077         0.077
D        0.021         0.021
E        0.013         0.013

Routh D       -0.019

M thta        -0.000 

z1  -1.21142    0.00000j
z2  -0.22603    0.00000j
z3   0.08478    0.19876j
z4   0.08478   -0.19876j

       Short Period                Phugoid
1  -0.94969  0.00000j        1.99239  0.00000j
2   1.19910  0.00000j       -0.10207  0.00000j
3   0.00207  0.00000j        0.00445  0.00000j
4  -0.01786  0.00000j       -0.03050  0.00000j


 M _ _ M _ _ << Measured Data >> _ _ M _ _ M
Xu      -0.090000        -92.51
Xw       0.110000        113.06
Xq       0.092100        249.85
Zu       0.010000         10.28
Zw      -1.100000      -1130.64
Zwd      0.000000          0.00
Zq       0.140000        379.79
Mu       0.007000          7.20
Mw       0.005000          5.14
Mwd      0.000000          0.00
Mq      -0.025000        -67.82

##### SP and PH Mode ----- approximation ###
----- Short Period Mode -----
negative oMg2_SP

----- Phugoid Mode -----
negative oMg2_PH

##### SP and PH Mode from quartic #####
A        1.000         1.000
B        1.215         1.215
C        0.063         0.063
D        0.088         0.088
E        0.076         0.076

Routh D       -0.113

M thta        -0.000 

z1  -1.17835    0.00000j
z2   0.17999    0.36093j
z3   0.17999   -0.36093j
z4  -0.39664    0.00000j

       Short Period                Phugoid
1  -1.92852  0.00000j       -0.84257  0.00000j
2  -0.04191  0.00000j       -0.63789  0.00000j
3  -0.01086  0.00000j        0.01653  0.00000j
4   0.05858  0.00000j       -0.03537  0.00000j


----- Phugoid Mode -----
omega PH         0.4033
zeta  PH         0.4463
period PH       17.4082
tHalf  PH        3.8510
N half PH        0.2212

----- Short Period Mode -----
omega SP         0.3966
zeta  SP        -1.0000
period SP   --------
tHalf  SP        1.7476
N half SP        0.0000

omega SP         1.1783
zeta  SP        -1.0000
period SP   --------
tHalf  SP        0.5882
N half SP        0.0000

dlc     4.45   dla    4.06   dle   -3.92      dlp    0.08      dlt    0.02
thtaN   2.50°   A1S  -0.25°   B1S   1.79°   thtaTR  -0.12°
TrimAC phi LFr      -0.11°    thta      -2.64°    psi      -0.10°
