reading aircraft data from ./data/RotDatBensenB8M_a.dat
reading Flight Data from ./data/fDataBensenB8M_a.flt
reading Rotor Data from ./data/fDataBensenB8M_a.flt


    #### RotaryWingSim ####
rhoAir        1.2252 kg/m³
thtaN    2.50°   twist     1.50°
mHeli           500.00 lb
aBlade          1.15 m^2

rRotTR       0.08 m
nRotTR       1662.7 1/min
oMTR    174.12
oMRTR   124.05 m/s    oMRTR   407.00 ft/s
sigmaTR   0.1783

Area Mrot      35.32 m^2
m blade         4.7 kg     estimated
I blade        28.2 kg*m^2
gamRot          3.5400
sigma           0.0325


Trim phi      -0.00°    thta       1.20°    psi       0.00°   
vH      70.17 mph     vV          0 fpm
cTs  0.102711     cT  0.0033     cT2sa  0.0373     cL  0.1042
m Heli     2224.9 N      fpA        0.8 m^2           9.0 ft^2
Iyy Heli         870.8 kg*m^2
Coordintats x,z    [m]         [ft]
Rotor      :   0.18   0.97        0.60   3.19
Rudder     :   9.45   0.00       31.00   0.00
Fin        :   4.30   1.32       14.10   4.33
H-Stab     :   0.55  -0.30        1.82  -1.00
Wing       :   1.39  -0.00        4.55  -0.00
Propeller  :   0.55   0.00        1.82   0.00
### Var ###
mu             37.000  vFlight     62.4 kn
thtaClmb      -0.0000     -0.0000°
cTsReq    0.10271    cTReq    0.00334    cT2saReq    0.03735
alfaD     337.40°    thtaClmb      -0.00°    thtaTrim       1.20
trim iter 24     anorm 5.56643e-010

   deriv 3104
       u                w              q
x   -0.301267     -0.172754     0.493177
z   -0.184768     -1.171153     1.277372
m    0.056734      0.009306    -0.118827

 ====== u - derivatives ===== 
fMR(1)        -0.040307   fMR(2)        -0.001360   fMR(3)        -0.168886
fTR(1)         0.000000   fTR(2)         0.000000   fTR(3)         0.000000
fFus(1)       -0.160600   fFus(2)       -0.000000   fFus(3)        0.001043
fFN(1)        -0.008753   fFN(2)         0.001440   fFN(3)         0.000000
fHS(1)        -0.003935   fHS(2)         0.000000   fHS(3)         0.000315
fPR(1)        -0.049425   fPR(2)         0.000000   fPR(3)         0.000000
fCG(1)         0.000000   fCG(2)         0.000000   fCG(3)         0.000000
fR(1)  -5.9548963e-009   fR(2)  -8.7064800e-011   fR(3)  -3.7779120e-009

 Moment Equilibrium    1001 
mMR(1)        -0.000103   mMR(2)         0.000640   mMR(3)         0.000019
mTR(1)         0.000000   mTR(2)         0.000000   mTR(3)         0.000000
mFus(1)        0.000000   mFus(2)        0.000000   mFus(3)        0.000453
mFN(1)         0.000148   mFN(2)         0.000898   mFN(3)        -0.000481
mHS(1)         0.000000   mHS(2)        -0.000080   mHS(3)         0.000000
mPR(1)         0.000000   mPR(2)         0.000005   mPR(3)         0.000000
mR(1)  -9.9251274e-011   mR(2)   1.1885138e-010   mR(3)   3.2551739e-010
QR  2.5088394e-011
mU  1.4635821e-003

 ====== q - derivatives ===== 
fMR(1)         1.663830   fMR(2)        -0.291060   fMR(3)        -0.165357
fTR(1)         0.000000   fTR(2)         0.000000   fTR(3)         0.000000
fFus(1)       -0.000697   fFus(2)        0.000000   fFus(3)       -0.000561
fFN(1)         0.000000   fFN(2)         0.000000   fFN(3)         0.000000
fHS(1)         0.000167   fHS(2)         0.000000   fHS(3)        -0.041312
fPR(1)         0.000000   fPR(2)         0.000000   fPR(3)         0.000000
fCG(1)         0.000000   fCG(2)         0.000000   fCG(3)         0.000000
fR(1)   3.7734088e-008   fR(2)  -6.6901233e-009   fR(3)  -4.6788157e-009

 Moment Equilibrium    1002 
mMR(1)        -0.021949   mMR(2)        -0.127821   mMR(3)         0.004135
mTR(1)         0.000000   mTR(2)         0.000000   mTR(3)         0.000000
mFus(1)        0.000000   mFus(2)        0.000000   mFus(3)        0.000000
mFN(1)         0.000000   mFN(2)         0.000000   mFN(3)         0.000000
mHS(1)         0.000000   mHS(2)        -0.001776   mHS(3)         0.000000
mPR(1)         0.000000   mPR(2)         0.000000   mPR(3)         0.000000
mR(1)  -6.5208665e-009   mR(2)  -3.8146317e-008   mR(3)   1.5351880e-009
QR -5.3492235e-012

 ====== w - derivatives ===== 
fMR(1)        -0.162523   fMR(2)        -0.006605   fMR(3)        -1.071082
fTR(1)         0.000000   fTR(2)         0.000000   fTR(3)         0.000000
fFus(1)       -0.015258   fFus(2)        0.000000   fFus(3)       -0.010879
fFN(1)         0.000000   fFN(2)         0.000000   fFN(3)         0.000000
fHS(1)         0.000275   fHS(2)         0.000000   fHS(3)        -0.067911
fPR(1)         0.000000   fPR(2)         0.000000   fPR(3)         0.000000
fCG(1)         0.000000   fCG(2)         0.000000   fCG(3)         0.000000
fR(1)  -4.0155295e-009   fR(2)  -2.3868041e-010   fR(3)  -2.6057843e-008

 Moment Equilibrium    1003 
mMR(1)        -0.000498   mMR(2)        -0.002960   mMR(3)         0.000094
mTR(1)         0.000000   mTR(2)         0.000000   mTR(3)         0.000000
mFus(1)        0.000000   mFus(2)        0.000000   mFus(3)        0.000000
mFN(1)         0.000000   mFN(2)         0.000000   mFN(3)         0.000000
mHS(1)         0.000000   mHS(2)        -0.002920   mHS(3)         0.000000
mPR(1)         0.000000   mPR(2)         0.000000   mPR(3)         0.000000
mR(1)  -2.5788349e-010   mR(2)  -2.0252248e-009   mR(3)   3.5534953e-010
QR  1.2760187e-010
mW -5.8798665e-003


=I=I=I=I=I= Iteration Results =I=I=I=I=I=
xMR    0.600    xcg    0.000    dxCG    0.600    iRigMR    8.7
cTs 0.07616   cT 0.00248   cLs 3.29049   cL 0.10702
aN     0.03831°    a1    0.05754°   b1    0.01877°
Br   aN     2.19°       a1    3.30°      b1    1.08°
716  aN     2.19°       a1    2.63°      b1    0.57°
mu  0.213636 lamD    0.02510    lamI    0.00565     mu*a1    0.00980     lamNf    0.01531
A1S   -0.00425°    B1S    0.04808°
A1S    -0.24°    B1S     2.75°    alfD     8.19°   alfaNf     5.56°   alSm    -0.13°
thtaN      2.50°    thtaTR    -0.02°
Trim   phi     0.05°    thta    -0.33°
vBx    31.29    vBy    -0.00    vBz    -0.18
fMR(1)          -372.95   fMR(2)            -6.96   fMR(3)         -2251.42
fTR(1)             0.00   fTR(2)             0.00   fTR(3)             0.00
fPR(1)           979.35   fPR(2)             0.00   fPR(3)             0.00
fFus(1)         -573.47   fFus(2)           -0.00   fFus(3)            0.71
fFN(1)           -31.05   fFN(2)             5.11   fFN(3)             0.00
fHS(1)           -14.56   fHS(2)             0.00   fHS(3)            25.84
fCG(1)            12.68   fCG(2)             1.85   fCG(3)          2224.87
fWN(1)            -0.00   fWN(2)             0.00   fWN(3)            -0.00
fR(1)  -1.0820217e-009   fR(2)  -9.9303010e-011   fR(3)  -7.5873205e-009

Moment Equilibrium
mMR(1)            -6.75   mMR(2)           -49.68   mMR(3)             1.27
mTR(1)             0.00   mTR(2)             0.00   mTR(3)            -0.00
mPR(1)             0.00   mPR(2)            -1.22   mPR(3)             0.00
mFus(1)            0.00   mFus(2)           -0.00   mFus(3)           20.70
mFN(1)             6.75   mFN(2)            41.01   mFN(3)           -21.97
mHS(1)             0.00   mHS(2)             9.90   mHS(3)             0.00
mWN(1)             0.00   mWN(2)            -0.00   mWN(3)             0.00
mR(1)  -1.2257750e-010   mR(2)  -6.1493372e-010   mR(3)   3.2985881e-010
==x=x===x===x=x==
MR Fx   -28.11    Fz -2281.92   thtaClmb    -0.00   torque     0.00
dxMR    0.0221  Fx/Fz    9.4°        mu   0.21364   oM  43.5  n  415.1

=I=I=I=I=I= End Of Iteration Results =I=I=I=I=I=


         ### stability derivatives ###
 R ._. R ._. << RotaryWingSim Data >> ._. R ._. R

       u              w            q         oM
x   -0.263019     -0.177509     1.663303    -0.048166
z   -0.167523     -1.149884    -0.207246    -0.335487
m    0.001464     -0.005880    -0.129597    -0.001050

      measured  data
       u                w              q
x   -0.205000      -0.268000       -1.169000
z   -0.128000      -1.050000       -1.711500
m    0.021000      -0.084000       -2.055000

Q    0.000000      -0.000000        0.000000       -0.000000

Xu      -0.263019        -59.65
Xw      -0.177509        -40.26
Xq       1.663303       1448.42
Zu      -0.167523        -37.99
Zw      -1.149884       -260.79
Zwd      0.000000          0.00
Zq      -0.207246       -180.47
