reading aircraft data from ./data/XV-1a.dat
reading Flight Data from ./data/fDataXV-1_1.flt
reading Rotor Data from ./data/fDataXV-1_1.flt


#### RotaryWingSim ####
rhoAir          1.1636 kg/m°
thtaN    4.35°   twist    -0.80°
mHeli          5300.00 lb

nRot      320.0 1/min    oM     33.51 rad/s
oMR       158.32 m/s     oMR   519.41 ft/s
aBlade          6.48 m^2
Area Mrot      70.12 m^2
m blade        35.8 kg
I blade       453.0 kg*m^2
gamRot          2.5008
sigma           0.0924


Trim phi       0.00°    thta       0.00°    psi       0.00°   
vH     114.00 mph     vV          0 fpm
cTs   0.12479789     cT  0.0115     cT2sa  0.0438     cL  0.2221
m Heli    23584.0 N      fpA        1.6 m^2          17.2 ft^2
Iyy Heli        8138.4 kg*m^2
Coordintats x,z    [m]         [ft]
Rotor      :   0.15   1.35        0.50   4.44
Rudder     :   5.94  -0.27       19.48  -0.87
Fin        :   5.48   0.14       17.98   0.46
H-Stab     :   5.48  -0.25       17.98  -0.81
Wing       :   0.21  -0.57        0.68  -1.87
Propeller  :   2.28   0.00        7.48   0.00
### Var ###
mu             33.510  vFlight    101.4 kn
thtaClmb      -0.0000     -0.0000°
cTsReq    0.12480    cTReq    0.01153    cT2saReq    0.04379
alfaD     305.58°    thtaClmb      -0.00°    thtaTrim       0.00
trim iter 27     anorm 9.41306e-011

 ====== u - derivatives ===== 
fMR(1)        -0.012428   fMR(2)         0.000136   fMR(3)        -0.048076
fTR(1)         0.000000   fTR(2)         0.000000   fTR(3)         0.000000
fFus(1)       -0.044656   fFus(2)       -0.000046   fFus(3)        0.015864
fFN(1)        -0.004670   fFN(2)         0.000970   fFN(3)         0.000000
fHS(1)        -0.006578   fHS(2)         0.000000   fHS(3)         0.011816
fPR(1)        -0.022593   fPR(2)         0.000000   fPR(3)         0.000000
fCG(1)         0.000000   fCG(2)         0.000000   fCG(3)         0.000000
fR(1)  -2.4975179e-008   fR(2)   2.5724489e-010   fR(3)  -2.4261681e-008

 Moment Equilibrium    1001 
mMR(1)        -0.001829   mMR(2)         0.021118   mMR(3)        -0.000006
mTR(1)         0.000000   mTR(2)         0.000000   mTR(3)         0.000000
mFus(1)        0.000000   mFus(2)       -0.001131   mFus(3)        0.001720
mFN(1)         0.000000   mFN(2)         0.000195   mFN(3)        -0.001570
mHS(1)         0.000000   mHS(2)         0.018651   mHS(3)         0.000000
mPR(1)         0.000000   mPR(2)         0.000000   mPR(3)         0.000000
mR(1)  -1.4902923e-009   mR(2)   3.1176910e-008   mR(3)   1.1789325e-010
QR  3.5752351e-012

 ====== q - derivatives ===== 
fMR(1)         1.467274   fMR(2)        -0.215212   fMR(3)         0.071683
fTR(1)         0.000000   fTR(2)         0.000000   fTR(3)         0.000000
fFus(1)       -0.000004   fFus(2)        0.000000   fFus(3)       -0.000233
fFN(1)         0.000000   fFN(2)         0.000000   fFN(3)         0.000000
fHS(1)        -0.012110   fHS(2)         0.000000   fHS(3)         0.855473
fPR(1)         0.000000   fPR(2)         0.000000   fPR(3)         0.000000
fCG(1)         0.000000   fCG(2)         0.000000   fCG(3)         0.000000
fR(1)   3.4816208e-007   fR(2)  -5.1736095e-008   fR(3)   2.1717096e-007

 Moment Equilibrium    1002 
mMR(1)         0.182574   mMR(2)        -2.702553   mMR(3)         0.009689
mTR(1)         0.000000   mTR(2)         0.000000   mTR(3)         0.000000
mFus(1)        0.000000   mFus(2)       -0.004393   mFus(3)        0.000000
mFN(1)         0.000000   mFN(2)         0.000000   mFN(3)         0.000000
mHS(1)         0.000000   mHS(2)         1.384029   mHS(3)         0.000000
mPR(1)         0.000000   mPR(2)         0.000000   mPR(3)         0.000000
mR(1)   1.4858469e-007   mR(2)  -1.0757216e-006   mR(3)   7.8858875e-009
QR -4.8384973e-012

 ====== w - derivatives ===== 
fMR(1)        -0.010597   fMR(2)         0.003037   fMR(3)        -0.652802
fTR(1)         0.000000   fTR(2)         0.000000   fTR(3)         0.000000
fFus(1)       -0.004848   fFus(2)        0.000000   fFus(3)       -0.215407
fFN(1)         0.000000   fFN(2)         0.000000   fFN(3)         0.000000
fHS(1)         0.002885   fHS(2)         0.000000   fHS(3)        -0.236289
fPR(1)         0.000000   fPR(2)         0.000000   fPR(3)         0.000000
fCG(1)         0.000000   fCG(2)         0.000000   fCG(3)         0.000000
fR(1)  -1.0706799e-008   fR(2)   7.3274009e-010   fR(3)  -2.9086550e-007

 Moment Equilibrium    1003 
mMR(1)        -0.005377   mMR(2)         0.008724   mMR(3)        -0.000137
mTR(1)         0.000000   mTR(2)         0.000000   mTR(3)         0.000000
mFus(1)        0.000000   mFus(2)        0.020256   mFus(3)        0.000000
mFN(1)         0.000000   mFN(2)         0.000000   mFN(3)         0.000000
mHS(1)         0.000000   mHS(2)        -0.382313   mHS(3)         0.000000
mPR(1)         0.000000   mPR(2)         0.000000   mPR(3)         0.000000
mR(1)  -4.3777391e-009   mR(2)  -2.8308153e-007   mR(3)  -1.1033308e-010
QR  2.8912186e-011


=I=I=I=I=I= Iteration Results =I=I=I=I=I=
xMR   12.020    xcg   11.520    dxCG    0.500    iRigMR    0.0
cTs 0.06842   cT 0.00632   cLs 1.77661   cL 0.16418
aN     0.02332°    a1    0.07367°   b1    0.02442°
Br   aN     1.34°       a1    4.22°      b1    1.40°
716  aN     1.34°       a1    3.67°      b1    0.43°
mu  0.276980 lamD    0.02084    lamI    0.01142     mu*a1    0.01775     lamNf    0.00309
A1S    0.00555°    B1S    0.00536°
A1S     0.32°    B1S     0.31°    alfD     6.64°   alfaNf     2.97°   alSm     3.36°
thtaN      4.35°    thtaTR     6.80°
Trim   phi    -0.45°    thta     3.31°
vBx    50.74    vBy    -0.02    vBz     2.94
fMR(1)          -915.55   fMR(2)           129.77   fMR(3)        -17334.14
fTR(1)             0.00   fTR(2)             0.00   fTR(3)             0.00
fPR(1)          7140.97   fPR(2)             0.00   fPR(3)             0.00
fFus(1)        -2741.53   fFus(2)           -5.66   fFus(3)          175.79
fFN(1)          -283.43   fFN(2)            61.40   fFN(3)             0.00
fHS(1)          -398.14   fHS(2)             0.00   fHS(3)          -638.02
fCG(1)         -1361.99   fCG(2)          -185.50   fCG(3)         23543.93
fWN(1)         -1440.33   fWN(2)             0.00   fWN(3)         -5747.57
fR(1)  -1.3533281e-009   fR(2)   5.7249849e-010   fR(3)  -6.7819201e-008

Moment Equilibrium
mMR(1)             0.00   mMR(2)          3722.55   mMR(3)           -19.78
mTR(1)             0.00   mTR(2)             0.00   mTR(3)             0.00
mPR(1)             0.00   mPR(2)            -0.00   mPR(3)             0.00
mFus(1)            0.00   mFus(2)           18.46   mFus(3)          356.25
mFN(1)             0.00   mFN(2)            40.02   mFN(3)          -336.48
mHS(1)             0.00   mHS(2)         -3594.36   mHS(3)             0.00
mWN(1)             0.00   mWN(2)          -186.68   mWN(3)             0.00
mR(1)   2.2757263e-009   mR(2)  -1.8266462e-008   mR(3)  -8.5947249e-011
==x=x===x===x=x==
MR Fx  -915.55    Fz -17334.14   thtaClmb    -0.00
dxMR    0.0810  Fx/Fz    3.0°        mu   0.27698   oM  38.8  n  370.4

=I=I=I=I=I= End Of Iteration Results =I=I=I=I=I=


 R ._. R ._. << RotaryWingSim Data >> ._. R ._. R
              ### stability derivatives ###

       u              w            q         oM
x   -0.103805     -0.044455     1.448295    -0.005548
z   -0.101176     -1.210140     0.903086    -0.282358
m    0.038273     -0.347870    -1.321821    -0.022481

Xu=  -0.103805;   Xw=  -0.044455;   Xq=   1.448295;
Zu=  -0.101176;   Zw=  -1.210140;   Zq=   0.903086;
Mu=   0.038273;   Mw=  -0.347870;   Mq=  -1.321821;
Q    0.000000      -0.000000        0.000000       -0.000000

Xu      -0.103805       -249.56
Xw      -0.044455       -106.87
Xq       1.448295      11786.80
Zu      -0.101176       -243.24
Zw      -1.210140      -2909.27
Zwd      0.000000          0.00
Zq       0.903086       7349.68
Mu       0.038273         92.01
Mw      -0.347870       -836.31
Mwd      0.000000          0.00
Mq      -1.321821     -10757.51

##### SP and PH Mode ----- approximation ###
----- Short Period Mode -----
omega SP         4.4265
zeta  SP         0.2860
re  -1.2660 +  4.2416j
re  -1.2660 -  4.2416j

----- Phugoid Mode -----
omega PH         0.2038
zeta  PH         0.2948
re  -0.0601 +  0.1947j
re  -0.0601 -  0.1947j

A          1.0000
B          2.6521
C         19.9400
D          2.4595
E          0.8138

##### SP and PH Mode from quartic #####
A        1.000         1.000
B        2.636         2.636
C       19.797        19.797
D        2.373         2.373
E        0.800         0.800

Routh D      112.660

M thta        -0.000 

z1  -1.25957    4.22797j
z2  -1.25957   -4.22797j
z3  -0.05832    0.19413j
z4  -0.05832   -0.19413j
       Short Period                Phugoid
1   0.10020  0.00000j        1.99054  0.00000j
2   1.98904  0.00000j        0.18974  0.00000j
3  -0.00170  0.00000j        0.00814  0.00000j
4   0.03546  0.00000j       -0.00889  0.00000j

----- Phugoid Mode -----
omega PH         0.2027
zeta  PH        -0.2877
period PH       32.3664
tHalf  PH       11.8859
N half PH        0.3672

----- Short Period Mode -----
omega SP         4.4116
zeta  SP        -0.2855
period SP        1.4861
tHalf  SP        0.5503
N half SP        0.3703

dlc     7.75   dla    4.97   dle   -5.96      dlp    0.01      dlt    2.91
thtaN   4.35°   A1S   0.32°   B1S   0.31°   thtaTR   6.80°
TrimAC phi LFr      -0.45°    thta       3.31°    psi       0.00°
