reading aircraft data from ./data/RotDatR4B_1.dat
reading Flight Data from ./data/fDataR4B_8NN.flt
reading Rotor Data from ./data/fDataR4B_8NN.flt


#### RotaryWingSim ####
rhoAir          1.1562 kg/m°
thtaN   10.68°   twist     0.00°
mHeli          2266.00 lb

nRot   oMR       141.30 m/s     oMR   463.59 ft/s
aBlade          6.32 m^2

rRotTR       1.91 m
nRotTR       1662.7 1/min
oMTR    174.12
oMRTR   141.30 m/s    oMRTR   463.59 ft/s
sigmaTR   0.0173

Area Mrot     105.36 m^2
m blade         5.4 kg
I blade        60.9 kg*m^2 estimated
gamRot         15.0000
sigma           0.0600


Trim phi       0.00°    thta      -0.10°    psi      -0.10°   
vH      86.09 mph     vV          0 fpm
cTs  0.069092     cT  0.0041     cT2sa  0.0241     cL  0.1115
m Heli    10083.3 N      fpA        2.1 m^2          23.0 ft^2
Iyy Heli        2712.8 kg*m^2
Coordintats x,z    [m]         [ft]
Rotor      :   0.02   1.68        0.05   5.50
Rudder     :   7.48   1.52       24.55   5.00
Fin        :   3.86   0.71       12.65   2.33
H-Stab     :   4.04   0.02       13.25   0.06
Wing       :  -1.97   0.00       -6.45   0.00
Propeller  :  -0.83   0.00       -2.73   0.00
### Var ###
mu             24.400  vFlight     76.6 kn
thtaClmb      -0.0000     -0.0000°
cTsReq    0.06909    cTReq    0.00415    cT2saReq    0.02412
alfaD   13349.92°    thtaClmb      -0.00°    thtaTrim      -0.10
trim iter 32     anorm 6.88511e-010

   deriv 3104
       u                w              q
x    0.187720      0.769979    -0.023439
z    0.611357     -1.136761     0.316993
m    0.063080     -0.439298     0.067461

 ====== u - derivatives ===== 
fMR(1)        -0.170282   fMR(2)         0.027303   fMR(3)         0.030156
fTR(1)         0.000000   fTR(2)        -0.000000   fTR(3)         0.000000
fFus(1)       -0.108982   fFus(2)        0.000590   fFus(3)        0.032100
fFN(1)        -0.005832   fFN(2)        -0.000349   fFN(3)         0.000000
fHS(1)        -0.000000   fHS(2)         0.000000   fHS(3)        -0.000003
fPR(1)         0.000000   fPR(2)         0.000000   fPR(3)         0.000000
fCG(1)         0.000000   fCG(2)         0.000000   fCG(3)         0.000000
fR(1)  -2.9300602e-008   fR(2)   2.9108591e-009   fR(3)   6.4045378e-009

 Moment Equilibrium    1001 
mMR(1)         0.002995   mMR(2)         0.018707   mMR(3)        -0.000027
mTR(1)        -0.000000   mTR(2)         0.000000   mTR(3)         0.000000
mFus(1)        0.000000   mFus(2)       -0.002026   mFus(3)        0.000809
mFN(1)        -0.000016   mFN(2)         0.000271   mFN(3)         0.000088
mHS(1)         0.000000   mHS(2)        -0.000001   mHS(3)         0.000000
mPR(1)         0.000000   mPR(2)         0.000000   mPR(3)         0.000000
mR(1)   4.8005049e-009   mR(2)   2.6626679e-008   mR(3)   7.7000095e-010
QR  7.6225483e-012
mU  1.6950818e-002

 ====== q - derivatives ===== 
fMR(1)         0.328105   fMR(2)        -0.676119   fMR(3)        -0.025059
fTR(1)         0.000000   fTR(2)         0.000000   fTR(3)         0.000000
fFus(1)        0.033137   fFus(2)        0.000000   fFus(3)       -0.002708
fFN(1)         0.000000   fFN(2)         0.000000   fFN(3)         0.000000
fHS(1)        -0.000000   fHS(2)         0.000000   fHS(3)        -0.000001
fPR(1)         0.000000   fPR(2)         0.000000   fPR(3)         0.000000
fCG(1)         0.000000   fCG(2)         0.000000   fCG(3)         0.000000
fR(1)   3.7133439e-008   fR(2)  -6.9415709e-008   fR(3)  -2.8486613e-009

 Moment Equilibrium    1002 
mMR(1)        -0.074156   mMR(2)        -0.036011   mMR(3)         0.000674
mTR(1)         0.000000   mTR(2)         0.000000   mTR(3)         0.000000
mFus(1)        0.000000   mFus(2)        0.000194   mFus(3)        0.000000
mFN(1)         0.000000   mFN(2)         0.000000   mFN(3)         0.000000
mHS(1)         0.000000   mHS(2)        -0.000000   mHS(3)         0.000000
mPR(1)         0.000000   mPR(2)         0.000000   mPR(3)         0.000000
mR(1)  -1.1638063e-007   mR(2)  -5.6274161e-008   mR(3)   4.6281912e-010
QR -1.2046616e-011

 ====== w - derivatives ===== 
fMR(1)        -0.043125   fMR(2)        -0.055641   fMR(3)        -1.238429
fTR(1)         0.000000   fTR(2)         0.000000   fTR(3)         0.000000
fFus(1)        0.252371   fFus(2)        0.000000   fFus(3)       -0.019480
fFN(1)         0.000000   fFN(2)         0.000000   fFN(3)         0.000000
fHS(1)        -0.000000   fHS(2)         0.000000   fHS(3)        -0.000003
fPR(1)         0.000000   fPR(2)         0.000000   fPR(3)         0.000000
fCG(1)         0.000000   fCG(2)         0.000000   fCG(3)         0.000000
fR(1)   2.1510594e-008   fR(2)  -5.6394391e-009   fR(3)  -1.2929025e-007

 Moment Equilibrium    1003 
mMR(1)        -0.006103   mMR(2)         0.003495   mMR(3)         0.000055
mTR(1)         0.000000   mTR(2)         0.000000   mTR(3)         0.000000
mFus(1)        0.000000   mFus(2)        0.001477   mFus(3)        0.000000
mFN(1)         0.000000   mFN(2)         0.000000   mFN(3)         0.000000
mHS(1)         0.000000   mHS(2)        -0.000001   mHS(3)         0.000000
mPR(1)         0.000000   mPR(2)         0.000000   mPR(3)         0.000000
mR(1)  -9.4660919e-009   mR(2)   7.8071162e-009   mR(3)  -5.0908966e-010
QR -2.6246476e-010
mW  4.9717502e-003


=I=I=I=I=I= Iteration Results =I=I=I=I=I=
xMR    6.500    xcg    6.450    dxCG    0.050    iRigMR    0.0
cTs 0.23110   cT 0.01387   cLs 8.42918   cL 0.50575
aN     0.48339°    a1    0.22461°   b1    0.15449°
Br   aN    27.70°       a1   12.87°      b1    8.85°
716  aN    27.70°       a1    6.83°      b1    2.97°
mu  0.231440 lamD   -0.00772    lamI    0.00645     mu*a1    0.02760     lamNf   -0.03532
A1S   -0.09856°    B1S    0.15802°
A1S    -5.65°    B1S     9.05°    alfD    -0.31°   alfaNf    -7.15°   alSm    -2.22°
thtaN     16.58°    thtaTR    -0.04°
Trim   phi    -0.11°    thta   -22.62°
vBx    35.43    vBy     0.09    vBz   -14.76
fMR(1)          -453.95   fMR(2)           -27.43   fMR(3)         -9992.77
fTR(1)             0.00   fTR(2)            36.11   fTR(3)             0.00
fPR(1)             0.00   fPR(2)             0.00   fPR(3)             0.00
fFus(1)        -3319.19   fFus(2)           21.50   fFus(3)          685.09
fFN(1)          -104.95   fFN(2)           -12.71   fFN(3)             0.00
fHS(1)            -0.00   fHS(2)             0.00   fHS(3)             0.02
fCG(1)          3878.08   fCG(2)           -17.47   fCG(3)          9307.67
fWN(1)            -0.00   fWN(2)             0.00   fWN(3)             0.00
fR(1)   2.3780692e-008   fR(2)  -7.6545383e-009   fR(3)  -1.6375828e-007

Moment Equilibrium
mMR(1)           -45.99   mMR(2)           608.71   mMR(3)             0.42
mTR(1)            55.03   mTR(2)             0.00   mTR(3)          -270.19
mPR(1)             0.00   mPR(2)            -0.00   mPR(3)             0.00
mFus(1)            0.00   mFus(2)         -683.41   mFus(3)          220.78
mFN(1)            -9.04   mFN(2)            74.64   mFN(3)            49.00
mHS(1)             0.00   mHS(2)             0.07   mHS(3)             0.00
mWN(1)             0.00   mWN(2)            -0.00   mWN(3)             0.00
mR(1)  -1.2844204e-008   mR(2)  -3.3960163e-008   mR(3)  -4.7839421e-010
==x=x===x===x=x==
MR Fx  -453.95    Fz -9992.77   thtaClmb    -0.00   torque  9935.37
dxMR   -0.0609  Fx/Fz    2.6°        mu   0.23144   oM  24.4  n  233.0

=I=I=I=I=I= End Of Iteration Results =I=I=I=I=I=


         ### stability derivatives ###
 R ._. R ._. << RotaryWingSim Data >> ._. R ._. R

       u              w            q         oM
x   -0.285097      0.209244     0.361238     0.231329
z    0.062258     -1.257913    -0.027766    -1.593252
m    0.016951      0.004972    -0.035817    -0.021614

      measured  data
       u                w              q
x   -0.090000       0.110000        0.092100
z    0.010000      -1.100000        0.140000
m    0.007000       0.005000       -0.025000

Q    0.000000      -0.000000       -0.000000       -0.000000

Xu      -0.285097       -293.04
Xw       0.209244        215.07
Xq       0.361238        979.97
Zu       0.062258         63.99
Zw      -1.257913      -1292.96
Zwd      0.000000          0.00
Zq      -0.027766        -75.32
Mu       0.016951         17.42
Mw       0.004972          5.11
Mwd      0.000000          0.00
Mq      -0.035817        -97.17

##### SP and PH Mode ----- approximation ###
----- Short Period Mode -----
negative oMg2_SP

----- Phugoid Mode -----
negative oMg2_PH

##### SP and PH Mode from quartic #####
A        1.000         1.000
B        1.579         1.579
C        0.204         0.204
D       -0.020        -0.020
E        0.212         0.212

Routh D       -0.536

M thta        -0.000 

z1  -1.32115    0.00000j
z2  -0.73771    0.00000j
z3   0.24001    0.40016j
z4   0.24001   -0.40016j

       Short Period                Phugoid
1  -0.86401  0.00000j        1.45626  0.00000j
2   1.71916  0.00000j        0.17007  0.00000j
3   0.00978  0.00000j        0.01841  0.00000j
4  -0.01404  0.00000j       -0.07365  0.00000j


 M _ _ M _ _ << Measured Data >> _ _ M _ _ M
Xu      -0.090000        -92.51
Xw       0.110000        113.06
Xq       0.092100        249.85
Zu       0.010000         10.28
Zw      -1.100000      -1130.64
Zwd      0.000000          0.00
Zq       0.140000        379.79
Mu       0.007000          7.20
Mw       0.005000          5.14
Mwd      0.000000          0.00
Mq      -0.025000        -67.82

##### SP and PH Mode ----- approximation ###
----- Short Period Mode -----
negative oMg2_SP

----- Phugoid Mode -----
negative oMg2_PH

##### SP and PH Mode from quartic #####
A        1.000         1.000
B        1.215         1.215
C       -0.066        -0.066
D        0.023         0.023
E        0.076         0.076

Routh D       -0.115

M thta        -0.000 

z1  -1.24336    0.00000j
z2  -0.40981    0.00000j
z3   0.21908    0.31814j
z4   0.21908   -0.31814j

       Short Period                Phugoid
1   0.79515  0.00000j        1.75324  0.00000j
2   0.49592  0.00000j        0.06528  0.00000j
3  -0.01291  0.00000j        0.00967  0.00000j
4   0.02545  0.00000j       -0.05442  0.00000j

dlc    29.53   dla   -4.58   dle    6.06      dlp    4.27      dlt    0.00
thtaN  16.58°   A1S  -5.65°   B1S   9.05°   thtaTR  -0.04°
TrimAC phi LFr      -0.11°    thta     -22.62°    psi      -0.10°
