reading aircraft data from ./data/RotDatUH1a.dat
reading Flight Data from ./data/fDataUH1_8N.flt
reading Rotor Data from ./data/fDataUH1_8N.flt


#### RotaryWingSim ####
rhoAir          1.1562 kg/m°
thtaN    2.68°   twist   -10.88°
mHeli          5878.00 lb

nRot      300.8 1/min    oM     31.50 rad/s
oMR       231.65 m/s     oMR   760.00 ft/s
aBlade          7.85 m^2

rRotTR       1.30 m
nRotTR       1662.7 1/min
oMTR    174.12
oMRTR   231.65 m/s    oMRTR   760.00 ft/s
sigmaTR   0.1049

Area Mrot     169.94 m^2
m blade        93.9 kg
I blade      3892.9 kg*m^2
gamRot         12.2700
sigma           0.0462


Trim phi       0.00°    thta      -0.10°    psi      -0.10°   
vH      73.50 mph     vV          0 fpm
cTs   0.05373126     cT  0.0025     cT2sa  0.0187     cL  0.2461
m Heli    26156.0 N      fpA        2.0 m^2          21.3 ft^2
Iyy Heli       14680.3 kg*m^2
Coordintats x,z    [m]         [ft]
Rotor      :   0.02   2.07        0.05   6.79
Rudder     :   8.64   2.10       28.34   6.89
Fin        :   7.72   2.84       25.34   9.33
H-Stab     :   6.11   0.50       20.04   1.64
Wing       :  -3.38   0.00      -11.08   0.00
Propeller  :  -2.24   0.00       -7.35   0.00
### Var ###
mu             31.496  vFlight     65.4 kn
thtaClmb      -0.0000     -0.0000°
cTsReq    0.05373    cTReq    0.00248    cT2saReq    0.01870
alfaD     287.21°    thtaClmb      -0.00°    thtaTrim      -0.10
trim iter 34     anorm 7.42723e-011

 ====== u - derivatives ===== 
fMR(1)        -0.032103   fMR(2)         0.003171   fMR(3)         0.014190
fTR(1)         0.000000   fTR(2)        -0.000000   fTR(3)         0.000000
fFus(1)       -0.032173   fFus(2)        0.000539   fFus(3)        0.052044
fFN(1)        -0.000071   fFN(2)        -0.000044   fFN(3)         0.000000
fHS(1)        -0.001710   fHS(2)         0.000000   fHS(3)        -0.002169
fPR(1)         0.000000   fPR(2)         0.000000   fPR(3)         0.000000
fCG(1)         0.000000   fCG(2)         0.000000   fCG(3)         0.000000
fR(1)  -1.7611439e-008   fR(2)   9.8361852e-010   fR(3)   1.7057647e-008

 Moment Equilibrium    1001 
mMR(1)        -0.030022   mMR(2)         0.083244   mMR(3)        -0.000009
mTR(1)        -0.000000   mTR(2)         0.000000   mTR(3)         0.000000
mFus(1)        0.000000   mFus(2)       -0.000842   mFus(3)        0.003655
mFN(1)        -0.000023   mFN(2)         0.000037   mFN(3)         0.000062
mHS(1)         0.000000   mHS(2)        -0.002251   mHS(3)         0.000000
mPR(1)         0.000000   mPR(2)         0.000000   mPR(3)         0.000000
mR(1)  -4.4111374e-008   mR(2)   1.1773340e-007   mR(3)   5.3971689e-009
QR  1.7148516e-013

 ====== q - derivatives ===== 
fMR(1)         0.606190   fMR(2)        -0.467089   fMR(3)         0.190723
fTR(1)         0.000000   fTR(2)         0.000000   fTR(3)         0.000000
fFus(1)        0.000003   fFus(2)        0.000000   fFus(3)       -0.000414
fFN(1)         0.000000   fFN(2)         0.000000   fFN(3)         0.000000
fHS(1)         0.003897   fHS(2)         0.000000   fHS(3)        -0.663691
fPR(1)         0.000000   fPR(2)         0.000000   fPR(3)         0.000000
fCG(1)         0.000000   fCG(2)         0.000000   fCG(3)         0.000000
fR(1)   1.6266684e-007   fR(2)  -1.2453177e-007   fR(3)  -1.2623506e-007

 Moment Equilibrium    1002 
mMR(1)         2.126547   mMR(2)        -3.341188   mMR(3)         0.001293
mTR(1)         0.000000   mTR(2)         0.000000   mTR(3)         0.000000
mFus(1)        0.000000   mFus(2)       -0.013394   mFus(3)        0.000000
mFN(1)         0.000000   mFN(2)         0.000000   mFN(3)         0.000000
mHS(1)         0.000000   mHS(2)        -0.736700   mHS(3)         0.000000
mPR(1)         0.000000   mPR(2)         0.000000   mPR(3)         0.000000
mR(1)   3.1218332e-006   mR(2)  -6.0061168e-006   mR(3)   1.8500259e-009
QR -1.1873128e-012

 ====== w - derivatives ===== 
fMR(1)         0.044658   fMR(2)         0.019523   fMR(3)        -0.878556
fTR(1)         0.000000   fTR(2)         0.000000   fTR(3)         0.000000
fFus(1)        0.002614   fFus(2)        0.000000   fFus(3)       -0.416662
fFN(1)         0.000000   fFN(2)         0.000000   fFN(3)         0.000000
fHS(1)         0.000456   fHS(2)         0.000000   fHS(3)        -0.095587
fPR(1)         0.000000   fPR(2)         0.000000   fPR(3)         0.000000
fCG(1)         0.000000   fCG(2)         0.000000   fCG(3)         0.000000
fR(1)   1.2726462e-008   fR(2)   5.2116320e-009   fR(3)  -3.7084548e-007

 Moment Equilibrium    1003 
mMR(1)        -0.085077   mMR(2)         0.065232   mMR(3)        -0.000054
mTR(1)         0.000000   mTR(2)         0.000000   mTR(3)         0.000000
mFus(1)        0.000000   mFus(2)        0.007493   mFus(3)        0.000000
mFN(1)         0.000000   mFN(2)         0.000000   mFN(3)         0.000000
mHS(1)         0.000000   mHS(2)        -0.106091   mHS(3)         0.000000
mPR(1)         0.000000   mPR(2)         0.000000   mPR(3)         0.000000
mR(1)  -1.2490028e-007   mR(2)  -4.8967383e-008   mR(3)  -1.2721557e-010
QR  4.6111753e-012


=I=I=I=I=I= Iteration Results =I=I=I=I=I=
xMR   11.125    xcg   11.075    dxCG    0.050    iRigMR   -5.0
cTs 0.10587   cT 0.00489   cLs 10.50023   cL 0.48480
aN     0.17273°    a1    0.04876°   b1    0.04617°
Br   aN     9.90°       a1    2.79°      b1    2.65°
716  aN     9.90°       a1    1.93°      b1    0.93°
mu  0.140492 lamD    0.01192    lamI    0.00973     mu*a1    0.00473     lamNf    0.00720
A1S    0.01448°    B1S    0.03594°
A1S     0.83°    B1S     2.06°    alfD     8.76°   alfaNf     6.83°   alSm    -0.13°
thtaN     13.95°    thtaTR    -0.09°
Trim   phi    -2.01°    thta     0.38°
vBx    32.77    vBy     0.05    vBz     0.22
fMR(1)          1686.80   fMR(2)           769.82   fMR(3)        -29321.34
fTR(1)             0.00   fTR(2)           102.78   fTR(3)             0.00
fPR(1)             0.00   fPR(2)             0.00   fPR(3)             0.00
fFus(1)        -1404.41   fFus(2)           47.11   fFus(3)         2126.90
fFN(1)            -3.10   fFN(2)            -3.87   fFN(3)             0.00
fHS(1)          -105.71   fHS(2)             0.00   fHS(3)          1055.03
fCG(1)          -173.58   fCG(2)          -915.84   fCG(3)         26139.40
fWN(1)            -0.00   fWN(2)             0.00   fWN(3)            -0.00
fR(1)   1.9482018e-008   fR(2)   3.9887027e-009   fR(3)  -1.8085204e-007

Moment Equilibrium
mMR(1)          -204.83   mMR(2)         -6318.62   mMR(3)           -11.73
mTR(1)           215.85   mTR(2)             0.00   mTR(3)          -887.88
mPR(1)             0.00   mPR(2)            -0.00   mPR(3)             0.00
mFus(1)            0.00   mFus(2)         -187.95   mFus(3)          869.71
mFN(1)           -11.01   mFN(2)             8.82   mFN(3)            29.90
mHS(1)             0.00   mHS(2)          6497.74   mHS(3)             0.00
mWN(1)             0.00   mWN(2)             0.00   mWN(3)             0.00
mR(1)   4.5401237e-008   mR(2)  -1.2041729e-007   mR(3)  -1.0857093e-010
==x=x===x===x=x==
MR Fx  -875.14    Fz -29356.77   thtaClmb    -0.00   torque  8686.62
dxMR    0.1341  Fx/Fz   -3.3°        mu   0.14049   oM  31.5  n  300.8

=I=I=I=I=I= End Of Iteration Results =I=I=I=I=I=


 R ._. R ._. << RotaryWingSim Data >> ._. R ._. R
              ### stability derivatives ###

       u              w            q         oM
x   -0.066057      0.047727     0.610089     0.073064
z    0.064061     -1.390797    -0.473369    -0.678213
m    0.010903     -0.004537    -0.556272    -0.011154

      measured  data
       u                w              q
x   -0.034000       0.078800        0.526700
z    0.057100      -0.946400       -0.820900
m    0.013100      -0.014200       -0.612600

Q    0.000000      -0.000000        0.000000       -0.000000

Xu      -0.066057       -176.13
Xw       0.047727        127.25
Xq       0.610089       8956.30
Zu       0.064061        170.80
Zw      -1.390797      -3708.23
Zwd      0.000000          0.00
Zq      -0.473369      -6949.20
Mu       0.010903         29.07
Mw      -0.004537        -12.10
Mwd      0.000000          0.00
Mq      -0.556272      -8166.25

##### SP and PH Mode ----- approximation ###
----- Short Period Mode -----
omega SP         0.9593
zeta  SP         1.0149
re  -0.9735 +   0.1661
re  -0.9735 -   0.1661

----- Phugoid Mode -----
omega PH         0.3953
zeta  PH         0.2052
re  -0.0811 +  0.3869j
re  -0.0811 -  0.3869j

A          1.0000
B          2.1093
C          1.4475
D          0.4625
E          0.1524

##### SP and PH Mode from quartic #####
A        1.000         1.000
B        2.013         2.013
C        1.039         1.039
D        0.140         0.140
E        0.146         0.146

Routh D       -0.318

M thta        -0.000 

z1  -1.06271    0.14712j
z2  -1.06271   -0.14712j
z3   0.05615    0.35158j
z4   0.05615   -0.35158j

       Short Period                Phugoid
1   1.89369  0.00000j       -0.25993  0.00000j
2   0.52164  0.00000j        1.97676  0.00000j
3   0.02363  0.00000j        0.02060 -0.00000j
4  -0.01958  0.00000j       -0.01783  0.00000j

