reading aircraft data from ./data/RotDatProuty6.dat
reading Flight Data from ./data/fDataPrty-7.flt
reading Rotor Data from ./data/fDataPrty-7.flt


#### RotaryWingSim ####
rhoAir          1.2261 kg/m°
thtaN   17.68°   twist   -10.00°
mHeli          20000.00 lb

nRot      276.9 1/min    oM     29.00 rad/s
oMR       266.33 m/s     oMR   873.77 ft/s
aBlade         22.39 m^2

rRotTR       1.30 m
nRotTR       1662.7 1/min
oMTR    174.12
oMRTR   266.33 m/s    oMRTR   873.77 ft/s
sigmaTR   0.1049

Area Mrot     264.96 m^2
m blade        93.9 kg
I blade       379.8 kg*m^2
gamRot         11.2700
sigma           0.0845


Trim phi       0.00°    thta      -0.10°    psi      -0.10°   
vH     148.37 mph     vV          0 fpm
cTs   0.04569917     cT  0.0039     cT2sa  0.0159     cL  0.1243
m Heli    88996.3 N      fpA        1.7 m^2          17.9 ft^2
Iyy Heli       14680.3 kg*m^2
Coordintats x,z    [m]         [ft]
Rotor      :   0.13   2.07        0.42   6.79
Rudder     :  11.80   2.10       38.71   6.89
Fin        :  10.45   0.91       34.29   3.00
H-Stab     :   9.93  -0.46       32.59  -1.50
Wing       :  -3.26   0.00      -10.71   0.00
Propeller  :  -2.13   0.00       -6.98   0.00
### Var ###
mu             29.000  vFlight    131.9 kn
thtaClmb      -0.0000     -0.0000°
cTsReq    0.04570    cTReq    0.00386    cT2saReq    0.01590
alfaD     264.45°    thtaClmb      -0.00°    thtaTrim      -0.10
trim iter 35     anorm 9.97707e-010

 ====== u - derivatives ===== 
fMR(1)        -0.083580   fMR(2)         0.002534   fMR(3)         0.034728
fTR(1)         0.000000   fTR(2)        -0.000000   fTR(3)         0.000000
fFus(1)       -0.016875   fFus(2)        0.000855   fFus(3)        0.000000
fFN(1)        -0.000044   fFN(2)        -0.000158   fFN(3)         0.000000
fHS(1)        -0.000159   fHS(2)         0.000000   fHS(3)         0.007284
fPR(1)         0.000000   fPR(2)         0.000000   fPR(3)         0.000000
fCG(1)         0.000000   fCG(2)         0.000000   fCG(3)         0.000000
fR(1)  -9.1308751e-008   fR(2)   3.0086085e-009   fR(3)   3.8021272e-008

 Moment Equilibrium    1001 
mMR(1)        -0.004096   mMR(2)         0.032464   mMR(3)        -0.000022
mTR(1)        -0.000000   mTR(2)         0.000000   mTR(3)         0.000000
mFus(1)        0.000000   mFus(2)       -0.000534   mFus(3)        0.000356
mFN(1)        -0.000010   mFN(2)         0.000003   mFN(3)         0.000111
mHS(1)         0.000000   mHS(2)         0.004864   mHS(3)         0.000000
mPR(1)         0.000000   mPR(2)         0.000000   mPR(3)         0.000000
mR(1)  -5.5231567e-008   mR(2)   4.9615830e-007   mR(3)   5.1509232e-009
QR  6.2933186e-012
mU  3.6796288e-002

 ====== q - derivatives ===== 
fMR(1)         0.329996   fMR(2)        -0.440267   fMR(3)         0.064499
fTR(1)         0.000000   fTR(2)         0.000000   fTR(3)         0.000000
fFus(1)       -0.000101   fFus(2)        0.000000   fFus(3)        0.000000
fFN(1)         0.000000   fFN(2)         0.000000   fFN(3)         0.000000
fHS(1)        -0.005622   fHS(2)         0.000000   fHS(3)        -0.511584
fPR(1)         0.000000   fPR(2)         0.000000   fPR(3)         0.000000
fCG(1)         0.000000   fCG(2)         0.000000   fCG(3)         0.000000
fR(1)   2.9418785e-007   fR(2)  -3.9933184e-007   fR(3)  -4.0568118e-007

 Moment Equilibrium    1002 
mMR(1)         0.639303   mMR(2)        -1.113538   mMR(3)         0.003762
mTR(1)         0.000000   mTR(2)         0.000000   mTR(3)         0.000000
mFus(1)        0.000000   mFus(2)       -0.000000   mFus(3)        0.000000
mFN(1)         0.000000   mFN(2)         0.000000   mFN(3)         0.000000
mHS(1)         0.000000   mHS(2)        -0.342145   mHS(3)         0.000000
mPR(1)         0.000000   mPR(2)         0.000000   mPR(3)         0.000000
mR(1)   8.6191112e-006   mR(2)  -1.9625234e-005   mR(3)   4.9859409e-008
QR  1.3985153e-012

 ====== w - derivatives ===== 
fMR(1)         0.071181   fMR(2)         0.035510   fMR(3)        -0.905581
fTR(1)         0.000000   fTR(2)         0.000000   fTR(3)         0.000000
fFus(1)        0.011407   fFus(2)        0.000000   fFus(3)        0.000000
fFN(1)         0.000000   fFN(2)         0.000000   fFN(3)         0.000000
fHS(1)        -0.000586   fHS(2)         0.000000   fHS(3)        -0.051016
fPR(1)         0.000000   fPR(2)         0.000000   fPR(3)         0.000000
fCG(1)         0.000000   fCG(2)         0.000000   fCG(3)         0.000000
fR(1)   7.4401183e-008   fR(2)   3.2292519e-008   fR(3)  -8.6790821e-007

 Moment Equilibrium    1003 
mMR(1)        -0.029458   mMR(2)         0.018519   mMR(3)        -0.000303
mTR(1)         0.000000   mTR(2)         0.000000   mTR(3)         0.000000
mFus(1)        0.000000   mFus(2)        0.000384   mFus(3)        0.000000
mFN(1)         0.000000   mFN(2)         0.000000   mFN(3)         0.000000
mHS(1)         0.000000   mHS(2)        -0.034119   mHS(3)         0.000000
mPR(1)         0.000000   mPR(2)         0.000000   mPR(3)         0.000000
mR(1)  -3.9702633e-007   mR(2)  -2.0507714e-007   mR(3)  -4.9567461e-009
QR -1.0055899e-010
mW -1.5216901e-002


=I=I=I=I=I= Iteration Results =I=I=I=I=I=
xMR   11.125    xcg   10.708    dxCG    0.417    iRigMR   -3.8
cTs 0.13504   cT 0.01141   cLs 4.70000   cL 0.39723
aN     0.20273°    a1    0.12633°   b1    0.07411°
Br   aN    11.62°       a1    7.24°      b1    4.25°
716  aN    11.62°       a1    3.92°      b1    1.23°
mu  0.239700 lamD    0.00639    lamI    0.00781     mu*a1    0.01639     lamNf   -0.01000
A1S    0.01799°    B1S    0.07978°
A1S     1.03°    B1S     4.57°    alfD     3.39°   alfaNf    -0.53°   alSm    -0.65°
thtaN     16.02°    thtaTR    -0.03°
Trim   phi    -3.30°    thta    -6.83°
vBx    65.68    vBy     0.57    vBz    -7.84
fMR(1)         -4980.53   fMR(2)          4514.42   fMR(3)        -91756.12
fTR(1)             0.00   fTR(2)           159.80   fTR(3)             0.00
fPR(1)             0.00   fPR(2)             0.00   fPR(3)             0.00
fFus(1)        -5502.31   fFus(2)          509.24   fFus(3)            0.00
fFN(1)           -11.67   fFN(2)           -94.46   fFN(3)             0.00
fHS(1)           -83.94   fHS(2)             0.00   fHS(3)          3537.39
fCG(1)         10578.45   fCG(2)         -5089.00   fCG(3)         88218.73
fWN(1)            -0.00   fWN(2)             0.00   fWN(3)             0.00
fR(1)   1.5439488e-007   fR(2)   3.5282937e-008   fR(3)  -9.2621774e-007

Moment Equilibrium
mMR(1)          -249.21   mMR(2)        -32539.98   mMR(3)          -573.33
mTR(1)           335.58   mTR(2)             0.00   mTR(3)         -1885.32
mPR(1)             0.00   mPR(2)            -0.00   mPR(3)             0.00
mFus(1)            0.00   mFus(2)        -2572.57   mFus(3)         1471.37
mFN(1)           -86.37   mFN(2)            10.67   mFN(3)           987.27
mHS(1)             0.00   mHS(2)         35101.88   mHS(3)             0.00
mWN(1)             0.00   mWN(2)            -0.00   mWN(3)             0.00
mR(1)   1.6911997e-008   mR(2)  -1.1476483e-006   mR(3)  -5.3366875e-009
==x=x===x===x=x==
MR Fx -11050.62    Fz -91224.31   thtaClmb    -0.00   torque 75530.67
dxMR    0.0146  Fx/Fz    3.1°        mu   0.23970   oM  29.0  n  276.9

=I=I=I=I=I= End Of Iteration Results =I=I=I=I=I=


         ### stability derivatives ###
 R ._. R ._. << RotaryWingSim Data >> ._. R ._. R

       u              w            q         oM
x   -0.100660      0.082001     0.324270     0.170177
z    0.042010     -0.956590    -0.447080    -1.020864
m    0.036796     -0.015217    -1.455684    -0.085131

      measured  data
       u                w              q
x   -0.090000       0.110000        0.092100
z    0.010000      -1.100000        0.140000
m    0.007000       0.005000       -0.025000

Q    0.000000       0.000000       -0.000000       -0.000000

Xu      -0.100660       -913.19
Xw       0.082001        743.91
Xq       0.324270       4760.39
Zu       0.042010        381.11
Zw      -0.956590      -8678.18
Zwd      0.000000          0.00
Zq      -0.447080      -6563.28
Mu       0.036796        333.82
Mw      -0.015217       -138.05
Mwd      0.000000          0.00
Mq      -1.455684     -21369.90

##### SP and PH Mode ----- approximation ###
----- Short Period Mode -----
omega SP         1.5467
zeta  SP         0.7798
re  -1.2061 +  0.9682j
re  -1.2061 -  0.9682j

----- Phugoid Mode -----
omega PH         0.3752
zeta  PH         0.2195
re  -0.0823 +  0.3660j
re  -0.0823 -  0.3660j

A          1.0000
B          2.5769
C          2.9303
D          0.7335
E          0.3367

##### SP and PH Mode from quartic #####
A        1.000         1.000
B        2.513         2.513
C        2.620         2.620
D        0.387         0.387
E        0.339         0.339

Routh D        0.259

M thta        -0.000 

z1  -1.24819    0.93884j
z2  -1.24819   -0.93884j
z3  -0.00827    0.37271j
z4  -0.00827   -0.37271j

       Short Period                Phugoid
1   0.04656  0.00000j        1.29600  0.00000j
2   1.99806  0.00000j        1.43454  0.00000j
3  -0.00890  0.00000j        0.01988  0.00000j
4   0.01556  0.00000j        0.01977  0.00000j


----- Phugoid Mode -----
omega PH         0.3728
zeta  PH        -0.0222
period PH       16.8581
tHalf  PH       83.7786
N half PH        4.9696

----- Short Period Mode -----
omega SP         1.5619
zeta  SP        -0.7992
period SP        6.6925
tHalf  SP        0.5553
N half SP        0.0830


 M _ _ M _ _ << Measured Data >> _ _ M _ _ M
Xu      -0.090000       -816.48
Xw       0.110000        997.92
Xq       0.092100       1352.06
Zu       0.010000         90.72
Zw      -1.100000      -9979.20
Zwd      0.000000          0.00
Zq       0.140000       2055.24
Mu       0.007000         63.50
Mw       0.005000         45.36
Mwd      0.000000          0.00
Mq      -0.025000       -367.01

##### SP and PH Mode ----- approximation ###
----- Short Period Mode -----
negative oMg2_SP

----- Phugoid Mode -----
negative oMg2_PH

##### SP and PH Mode from quartic #####
A        1.000         1.000
B        1.215         1.215
C       -0.204        -0.204
D       -0.010        -0.010
E        0.076         0.076

Routh D       -0.110

M thta        -0.000 

z1  -1.33046    0.00000j
z2  -0.39017    0.00000j
z3   0.25281    0.28731j
z4   0.25281   -0.28731j

       Short Period                Phugoid
1   0.72093  0.00000j        1.41790  0.00000j
2   0.38306  0.00000j       -0.10566  0.00000j
3  -0.01016  0.00000j        0.00372  0.00000j
4   0.01977  0.00000j       -0.05070  0.00000j

dlc    28.53   dla    6.11   dle   -0.10      dlp    4.27      dlt    0.00
thtaN  16.02°   A1S   1.03°   B1S   4.57°   thtaTR  -0.03°
TrimAC phi LFr      -3.30°    thta      -6.83°    psi      -0.10°
