reading aircraft data from ./data/PCA2ps.dat
reading Flight Data from ./data/fDataPCA-2_A6_3.flt
reading Rotor Data from ./data/fDataPCA-2_A6_3.flt


#### RotaryWingSim ####
rhoAir          1.0409 kg/m°
thtaN    1.35°   twist    -0.80°
mHeli          2858.00 lb

nRot      136.6 1/min    oM     14.30 rad/s
oMR        98.07 m/s     oMR   321.75 ft/s
aBlade         14.42 m^2
Area Mrot     147.76 m^2
m blade        35.8 kg
I blade       453.0 kg*m^2
gamRot         15.2322
sigma           0.0976


Trim phi       0.00°    thta     -16.30°    psi       0.00°   
vH     114.00 mph     vV       3330 fpm
cTs   0.08453398     cT  0.0083     cT2sa  0.0297     cL  0.0549
m Heli    12717.6 N      fpA        1.6 m^2          17.2 ft^2
Iyy Heli        5425.6 kg*m^2
Coordintats x,z    [m]         [ft]
Rotor      :   0.05   1.83        0.17   6.00
Rudder     :   7.60   0.00       24.92   0.00
Fin        :   2.14   0.41        7.02   1.33
H-Stab     :   2.11   0.02        6.92   0.06
Wing       :   0.05  -0.30        0.18  -1.00
Propeller  :  -1.82  -0.03       -5.96  -0.10
### Var ###
mu             14.300  vFlight    106.8 kn
thtaClmb      -0.3213    -18.4093°
cTsReq    0.08453    cTReq    0.00825    cT2saReq    0.02966
alfaD     130.40°    thtaClmb     -18.41°    thtaTrim     -16.30
trim iter 28     anorm 5.17578e-011

 ====== u - derivatives ===== 
fMR(1)         0.033761   fMR(2)        -0.023131   fMR(3)        -0.083633
fTR(1)         0.000000   fTR(2)         0.000000   fTR(3)         0.000000
fFus(1)       -0.078392   fFus(2)       -0.000074   fFus(3)        0.034045
fFN(1)        -0.004988   fFN(2)         0.004722   fFN(3)         0.000000
fHS(1)        -0.010604   fHS(2)         0.000000   fHS(3)         0.023943
fPR(1)         0.000332   fPR(2)         0.000000   fPR(3)         0.000012
fCG(1)         0.000000   fCG(2)         0.000000   fCG(3)         0.000000
fR(1)  -1.0437475e-008   fR(2)  -2.3832740e-009   fR(3)  -2.3398570e-008

 Moment Equilibrium    1001 
mMR(1)        -0.011925   mMR(2)        -0.010960   mMR(3)         0.000286
mTR(1)         0.000000   mTR(2)         0.000000   mTR(3)         0.000000
mFus(1)        0.000000   mFus(2)       -0.002152   mFus(3)        0.002435
mFN(1)         0.000000   mFN(2)         0.000484   mFN(3)        -0.002414
mHS(1)         0.000000   mHS(2)         0.012116   mHS(3)         0.000000
mPR(1)         0.000000   mPR(2)        -0.000003   mPR(3)         0.000000
mR(1)  -6.4692447e-009   mR(2)  -6.1872640e-010   mR(3)   1.4085799e-010
QR  3.9705265e-012

 ====== q - derivatives ===== 
fMR(1)         0.655401   fMR(2)         0.223105   fMR(3)         0.148857
fTR(1)         0.000000   fTR(2)         0.000000   fTR(3)         0.000000
fFus(1)        0.000000   fFus(2)        0.000000   fFus(3)        0.000103
fFN(1)         0.000000   fFN(2)         0.000000   fFN(3)         0.000000
fHS(1)         0.008695   fHS(2)         0.000000   fHS(3)         0.523423
fPR(1)         0.000000   fPR(2)         0.000000   fPR(3)         0.000000
fCG(1)         0.000000   fCG(2)         0.000000   fCG(3)         0.000000
fR(1)   8.5772626e-008   fR(2)   2.8935858e-008   fR(3)   8.3988198e-008

 Moment Equilibrium    1002 
mMR(1)         0.200651   mMR(2)        -0.473108   mMR(3)        -0.002762
mTR(1)         0.000000   mTR(2)         0.000000   mTR(3)         0.000000
mFus(1)        0.000000   mFus(2)       -0.008480   mFus(3)        0.000000
mFN(1)         0.000000   mFN(2)         0.000000   mFN(3)         0.000000
mHS(1)         0.000000   mHS(2)         0.263752   mHS(3)         0.000000
mPR(1)         0.000000   mPR(2)         0.000000   mPR(3)         0.000000
mR(1)   1.0886604e-007   mR(2)  -1.1800238e-007   mR(3)  -1.5243131e-009
QR -7.2807995e-012

 ====== w - derivatives ===== 
fMR(1)         0.236359   fMR(2)        -0.095689   fMR(3)        -1.599136
fTR(1)         0.000000   fTR(2)         0.000000   fTR(3)         0.000000
fFus(1)       -0.001256   fFus(2)        0.000000   fFus(3)       -0.324446
fFN(1)         0.000000   fFN(2)         0.000000   fFN(3)         0.000000
fHS(1)        -0.005506   fHS(2)         0.000000   fHS(3)        -0.284140
fPR(1)         0.000012   fPR(2)         0.000000   fPR(3)         0.000000
fCG(1)         0.000000   fCG(2)         0.000000   fCG(3)         0.000000
fR(1)   2.3699158e-008   fR(2)  -1.2392206e-008   fR(3)  -3.4786990e-007

 Moment Equilibrium    1003 
mMR(1)        -0.063554   mMR(2)        -0.094952   mMR(3)         0.001185
mTR(1)         0.000000   mTR(2)         0.000000   mTR(3)         0.000000
mFus(1)        0.000000   mFus(2)        0.025610   mFus(3)        0.000000
mFN(1)         0.000000   mFN(2)         0.000000   mFN(3)         0.000000
mHS(1)         0.000000   mHS(2)        -0.143173   mHS(3)         0.000000
mPR(1)         0.000000   mPR(2)        -0.000000   mPR(3)         0.000000
mR(1)  -3.4481062e-008   mR(2)  -1.1176540e-007   mR(3)   6.1714900e-010
QR  7.2956824e-011


=I=I=I=I=I= Iteration Results =I=I=I=I=I=
xMR    6.250    xcg    6.080    dxCG    0.170    iRigMR    0.0
cTs 0.05112   cT 0.00499   cLs 0.34225   cL 0.03341
aN     0.08496°    a1    0.08899°   b1    0.05964°
Br   aN     4.87°       a1    5.10°      b1    3.42°
716  aN     4.87°       a1    4.38°      b1    2.83°
mu  0.545672 lamD    0.06249    lamI    0.00457     mu*a1    0.04172     lamNf    0.02077
A1S    0.05062°    B1S   -0.01381°
A1S     2.90°    B1S    -0.79°    alfD     7.01°   alfaNf     2.63°   alSm     5.17°
thtaN      1.35°    thtaTR     6.77°
Trim   phi    -0.73°    thta   -16.54°
vBx    53.54    vBy    -0.02    vBz     1.75
fMR(1)           625.02   fMR(2)            -6.28   fMR(3)         -7400.28
fTR(1)             0.00   fTR(2)             0.00   fTR(3)             0.00
fPR(1)           -55.43   fPR(2)             0.00   fPR(3)            -1.94
fFus(1)        -2721.65   fFus(2)           -5.11   fFus(3)          813.80
fFN(1)          -170.18   fFN(2)           165.89   fFN(3)             0.00
fHS(1)          -384.24   fHS(2)             0.00   fHS(3)           441.88
fCG(1)          3620.80   fCG(2)          -154.50   fCG(3)         12190.27
fWN(1)          -914.32   fWN(2)             0.00   fWN(3)         -6043.73
fR(1)  -1.1590259e-008   fR(2)   1.2669489e-008   fR(3)  -4.0376108e-008

Moment Equilibrium
mMR(1)             0.00   mMR(2)          -724.31   mMR(3)             0.33
mTR(1)             0.00   mTR(2)             0.00   mTR(3)             0.00
mPR(1)             0.00   mPR(2)             1.82   mPR(3)             0.00
mFus(1)            0.00   mFus(2)         -191.06   mFus(3)          354.62
mFN(1)             0.00   mFN(2)            69.16   mFN(3)          -354.95
mHS(1)             0.00   mHS(2)           939.53   mHS(3)             0.00
mWN(1)             0.00   mWN(2)           -95.14   mWN(3)             0.00
mR(1)   2.8441310e-008   mR(2)   1.6590903e-008   mR(3)  -6.8149575e-010
==x=x===x===x=x==
MR Fx   625.02    Fz -7400.28   thtaClmb   -18.41
dxMR    0.2057  Fx/Fz   -4.8°        mu   0.54567   oM  14.3  n  136.6

=I=I=I=I=I= End Of Iteration Results =I=I=I=I=I=


 R ._. R ._. << RotaryWingSim Data >> ._. R ._. R
              ### stability derivatives ###

       u              w            q         oM
x   -0.080482      0.182839     0.661657    -0.089374
z   -0.180652     -2.683538     0.647701    -0.311612
m   -0.001155     -0.206012    -0.217507     0.030564

Xu=  -0.080482;   Xw=   0.182839;   Xq=   0.661657;
Zu=  -0.180652;   Zw=  -2.683538;   Zq=   0.647701;
Mu=  -0.001155;   Mw=  -0.206012;   Mq=  -0.217507;
Q    0.000000      -0.000000        0.000000       -0.000000

Xu      -0.080482       -104.34
Xw       0.182839        237.03
Xq       0.661657       3589.89
Zu      -0.180652       -234.19
Zw      -2.683538      -3478.91
Zwd      0.000000          0.00
Zq       0.647701       3514.17
Mu      -0.001155         -1.50
Mw      -0.206012       -267.07
Mwd      0.000000          0.00
Mq      -0.217507      -1180.11

##### SP and PH Mode ----- approximation ###
----- Short Period Mode -----
omega SP         3.3448
zeta  SP         0.4337
re  -1.4505 +  3.0139j
re  -1.4505 -  3.0139j

----- Phugoid Mode -----
omega PH         0.1741
zeta  PH         0.3733
re  -0.0650 +  0.1615j
re  -0.0650 -  0.1615j

A          1.0000
B          3.0310
C         11.5950
D          1.5418
E          0.3389

##### SP and PH Mode from quartic #####
A        1.000         1.000
B        2.982         2.982
C       11.435        11.435
D        1.462         1.462
E        0.335         0.335

Routh D       44.724

M thta        -0.000 

z1  -1.42854    3.00147j
z2  -1.42854   -3.00147j
z3  -0.06223    0.16253j
z4  -0.06223   -0.16253j
       Short Period                Phugoid
1  -0.35945  0.00000j       -1.99960  0.00000j
2   1.92745  0.00000j        0.01613  0.00000j
3   0.04573  0.00000j       -0.00621  0.00000j
4   0.02497  0.00000j        0.01431  0.00000j

----- Phugoid Mode -----
omega PH         0.1740
zeta  PH        -0.3575
period PH       38.6583
tHalf  PH       11.1392
N half PH        0.2881

----- Short Period Mode -----
omega SP         3.3241
zeta  SP        -0.4298
period SP        2.0934
tHalf  SP        0.4852
N half SP        0.2318

dlc     2.40   dla    9.10   dle   -7.47      dlp    0.03      dlt   -0.02
thtaN   1.35°   A1S   2.90°   B1S  -0.79°   thtaTR   6.77°
TrimAC phi LFr      -0.73°    thta     -16.54°    psi       0.00°
