reading aircraft data from ./data/RotDatProuty5.dat
reading Flight Data from ./data/fDataPrty-5.flt
reading Rotor Data from ./data/fDataPrty-5.flt


#### RotaryWingSim ####
rhoAir          1.2261 kg/m°
thtaN   19.95°   twist   -10.00°
mHeli          20000.00 lb
aBlade         22.30 m^2

rRotTR       1.30 m
nRotTR       1662.7 1/min
oMTR    174.12
oMRTR   198.12 m/s    oMRTR   650.00 ft/s
sigmaTR   0.2621

Area Mrot     262.68 m^2
m blade         5.4 kg
I blade      3933.6 kg*m^2
gamRot          8.1000
sigma           0.0849


Trim phi       0.00°    thta      -4.20°    psi       0.00°   
vH     131.33 mph     vV       2408 fpm
cTs   0.08271541     cT  0.0070     cT2sa  0.0288     cL  0.1529
m Heli    88996.3 N      fpA        1.8 m^2          19.3 ft^2
Iyy Heli       54256.0 kg*m^2
Coordintats x,z    [m]         [ft]
Rotor      :   0.15   2.29        0.48   7.50
Rudder     :  12.16   2.10       39.90   6.89
Fin        :  10.82   0.91       35.48   3.00
H-Stab     :  10.30  -0.46       33.78  -1.50
Wing       :  -2.90   0.00       -9.52   0.00
Propeller  :  -2.86  -0.05       -9.39  -0.15
### Var ###
mu             21.667  vFlight    119.3 kn
thtaClmb      -0.2060    -11.8028°
cTsReq    0.08272    cTReq    0.00702    cT2saReq    0.02879
alfaD     197.58°    thtaClmb     -11.80°    thtaTrim      -4.20
trim iter 31     anorm 5.98050e-011

 ====== u - derivatives ===== 
fMR(1)        -0.020057   fMR(2)        -0.001007   fMR(3)        -0.029129
fTR(1)         0.000000   fTR(2)         0.000000   fTR(3)         0.000000
fFus(1)       -0.016337   fFus(2)       -0.000205   fFus(3)        0.008226
fFN(1)        -0.000090   fFN(2)         0.000996   fFN(3)         0.000000
fHS(1)        -0.001253   fHS(2)         0.000000   fHS(3)         0.001196
fPR(1)         0.004389   fPR(2)         0.000000   fPR(3)         0.000000
fCG(1)         0.000000   fCG(2)         0.000000   fCG(3)         0.000000
fR(1)  -3.0258486e-008   fR(2)  -1.9554136e-010   fR(3)  -1.7925769e-008

 Moment Equilibrium    1001 
mMR(1)        -0.000120   mMR(2)         0.000990   mMR(3)         0.000003
mTR(1)         0.000000   mTR(2)         0.000000   mTR(3)         0.000000
mFus(1)        0.000000   mFus(2)       -0.000004   mFus(3)        0.000212
mFN(1)         0.000017   mFN(2)         0.000002   mFN(3)        -0.000197
mHS(1)         0.000000   mHS(2)         0.000215   mHS(3)         0.000000
mPR(1)         0.000000   mPR(2)         0.000004   mPR(3)         0.000000
mR(1)  -5.1047095e-009   mR(2)   5.9879694e-008   mR(3)   8.8721208e-010
QR  2.3590891e-012
mU  1.2066977e-003

 ====== q - derivatives ===== 
fMR(1)         1.354307   fMR(2)        -0.383557   fMR(3)         0.140434
fTR(1)         0.000000   fTR(2)         0.000000   fTR(3)         0.000000
fFus(1)       -0.000020   fFus(2)        0.000000   fFus(3)       -0.001079
fFN(1)         0.000000   fFN(2)         0.000000   fFN(3)         0.000000
fHS(1)        -0.013544   fHS(2)         0.000000   fHS(3)        -0.260727
fPR(1)         0.000000   fPR(2)         0.000000   fPR(3)         0.000000
fCG(1)         0.000000   fCG(2)         0.000000   fCG(3)         0.000000
fR(1)   1.2163186e-006   fR(2)  -3.4796176e-007   fR(3)  -1.1015581e-007

 Moment Equilibrium    1002 
mMR(1)        -0.008042   mMR(2)        -0.073692   mMR(3)         0.001034
mTR(1)         0.000000   mTR(2)         0.000000   mTR(3)         0.000000
mFus(1)        0.000000   mFus(2)        0.000002   mFus(3)        0.000000
mFN(1)         0.000000   mFN(2)         0.000000   mFN(3)         0.000000
mHS(1)         0.000000   mHS(2)        -0.049207   mHS(3)         0.000000
mPR(1)         0.000000   mPR(2)         0.000000   mPR(3)         0.000000
mR(1)  -3.9897321e-007   mR(2)  -6.0971522e-006   mR(3)   5.1324605e-008
QR -5.4009158e-012

 ====== w - derivatives ===== 
fMR(1)         0.028738   fMR(2)        -0.002254   fMR(3)        -0.710080
fTR(1)         0.000000   fTR(2)         0.000000   fTR(3)         0.000000
fFus(1)       -0.004135   fFus(2)        0.000000   fFus(3)       -0.192556
fFN(1)         0.000000   fFN(2)         0.000000   fFN(3)         0.000000
fHS(1)        -0.001055   fHS(2)         0.000000   fHS(3)        -0.018455
fPR(1)         0.000000   fPR(2)         0.000000   fPR(3)         0.000000
fCG(1)         0.000000   fCG(2)         0.000000   fCG(3)         0.000000
fR(1)   2.1357157e-008   fR(2)  -2.0438620e-009   fR(3)  -8.3565609e-007

 Moment Equilibrium    1003 
mMR(1)        -0.000460   mMR(2)        -0.002587   mMR(3)         0.000006
mTR(1)         0.000000   mTR(2)         0.000000   mTR(3)         0.000000
mFus(1)        0.000000   mFus(2)        0.000229   mFus(3)        0.000000
mFN(1)         0.000000   mFN(2)         0.000000   mFN(3)         0.000000
mHS(1)         0.000000   mHS(2)        -0.003484   mHS(3)         0.000000
mPR(1)         0.000000   mPR(2)         0.000000   mPR(3)         0.000000
mR(1)  -2.2824850e-008   mR(2)  -2.8984482e-007   mR(3)   3.0422598e-010
QR  2.9987990e-011
mW -5.8425417e-003


=I=I=I=I=I= Iteration Results =I=I=I=I=I=
xMR   10.000    xcg    9.516    dxCG    0.484    iRigMR    0.0
cTs 0.07952   cT 0.00675   cLs 1.74334   cL 0.14798
aN     0.07894°    a1    0.08674°   b1    0.04606°
Br   aN     4.52°       a1    4.97°      b1    2.64°
716  aN     4.52°       a1    3.94°      b1    1.53°
mu  0.301652 lamD    0.02202    lamI    0.01119     mu*a1    0.02076     lamNf    0.00126
A1S    0.00448°    B1S    0.05703°
A1S     0.26°    B1S     3.27°    alfD     6.28°   alfaNf     2.34°   alSm     0.68°
thtaN     11.51°    thtaTR    -0.03°
Trim   phi    -0.59°    thta    -6.17°
vBx    59.53    vBy    -0.06    vBz     5.87
fMR(1)         -3077.57   fMR(2)           741.38   fMR(3)        -85648.52
fTR(1)             0.00   fTR(2)             0.00   fTR(3)             0.00
fPR(1)         -1578.92   fPR(2)             0.00   fPR(3)             0.00
fFus(1)        -4528.82   fFus(2)         -110.92   fFus(3)        -3260.93
fFN(1)           -23.80   fFN(2)           281.41   fFN(3)             0.00
fHS(1)          -352.19   fHS(2)             0.00   fHS(3)           432.93
fCG(1)          9561.29   fCG(2)          -911.87   fCG(3)         88476.52
fWN(1)            -0.00   fWN(2)             0.00   fWN(3)            -0.00
fR(1)   1.4725122e-008   fR(2)   9.8571036e-009   fR(3)  -5.4103802e-007

Moment Equilibrium
mMR(1)          -257.32   mMR(2)         -4559.24   mMR(3)          -109.35
mTR(1)             0.00   mTR(2)             0.00   mTR(3)            -0.00
mPR(1)             0.00   mPR(2)           -72.19   mPR(3)             0.00
mFus(1)            0.00   mFus(2)          312.71   mFus(3)         3152.96
mFN(1)           257.32   mFN(2)            21.76   mFN(3)         -3043.61
mHS(1)             0.00   mHS(2)          4296.96   mHS(3)             0.00
mWN(1)             0.00   mWN(2)             0.00   mWN(3)             0.00
mR(1)   2.0000300e-008   mR(2)  -8.4277192e-008   mR(3)  -1.4510988e-009
==x=x===x===x=x==
MR Fx -3077.57    Fz -85648.52   thtaClmb   -11.80   torque     0.00
dxMR    0.0654  Fx/Fz    2.1°        mu   0.30165   oM  21.7  n  206.9

=I=I=I=I=I= End Of Iteration Results =I=I=I=I=I=


         ### stability derivatives ###
 R ._. R ._. << RotaryWingSim Data >> ._. R ._. R

       u              w            q         oM
x   -0.033348      0.023547     1.340745     0.016237
z   -0.019714     -0.921092    -0.121378    -0.596337
m    0.001207     -0.005843    -0.122898    -0.001699

      measured  data
       u                w              q
x   -0.090000       0.110000        0.092100
z    0.010000      -1.100000        0.140000
m    0.007000       0.005000       -0.025000

Q    0.000000      -0.000000        0.000000       -0.000000

Xu      -0.033348       -302.53
Xw       0.023547        213.62
Xq       1.340745      72743.45
Zu      -0.019714       -178.84
Zw      -0.921092      -8356.15
Zwd      0.000000          0.00
Zq      -0.121378      -6585.50
Mu       0.001207         10.95
Mw      -0.005843        -53.00
Mwd      0.000000          0.00
Mq      -0.122898      -6667.94

##### SP and PH Mode ----- approximation ###
----- Short Period Mode -----
omega SP         0.6742
zeta  SP         0.7742
re  -0.5220 +  0.4267j
re  -0.5220 -  0.4267j

----- Phugoid Mode -----
omega PH         0.1625
zeta  PH         0.2594
re  -0.0422 +  0.1570j
re  -0.0422 -  0.1570j

A          1.0000
B          1.1283
C          0.5690
D          0.0659
E          0.0120

##### SP and PH Mode from quartic #####
A        1.000         1.000
B        1.077         1.077
C        0.503         0.503
D        0.039         0.039
E        0.012         0.012

Routh D        0.006

M thta        -0.000 

z1  -0.52685    0.41697j
z2  -0.52685   -0.41697j
z3  -0.01182    0.16284j
z4  -0.01182   -0.16284j

       Short Period                Phugoid
1   0.21724  0.00000j        1.97680  0.00000j
2   1.98626  0.00000j        0.27478  0.00000j
3   0.01348  0.00000j        0.00529  0.00000j
4  -0.00266  0.00000j       -0.00956  0.00000j


----- Phugoid Mode -----
omega PH         0.1633
zeta  PH        -0.0724
period PH       38.5852
tHalf  PH       58.6579
N half PH        1.5202

----- Short Period Mode -----
omega SP         0.6719
zeta  SP        -0.7841
period SP       15.0687
tHalf  SP        1.3156
N half SP        0.0873


 M _ _ M _ _ << Measured Data >> _ _ M _ _ M
Xu      -0.090000       -816.48
Xw       0.110000        997.92
Xq       0.092100       4996.98
Zu       0.010000         90.72
Zw      -1.100000      -9979.20
Zwd      0.000000          0.00
Zq       0.140000       7595.84
Mu       0.007000         63.50
Mw       0.005000         45.36
Mwd      0.000000          0.00
Mq      -0.025000      -1356.40

##### SP and PH Mode ----- approximation ###
----- Short Period Mode -----
negative oMg2_SP

----- Phugoid Mode -----
negative oMg2_PH

##### SP and PH Mode from quartic #####
A        1.000         1.000
B        1.215         1.215
C       -0.081        -0.081
D        0.094         0.094
E        0.076         0.076

Routh D       -0.130

M thta        -0.000 

z1  -1.29805    0.00000j
z2   0.21209    0.35597j
z3   0.21209   -0.35597j
z4  -0.34112    0.00000j

       Short Period                Phugoid
1   1.61045  0.00000j       -0.69101  0.00000j
2  -0.21970  0.00000j       -0.38756  0.00000j
3   0.00187  0.00000j        0.01132  0.00000j
4  -0.05437  0.00000j       -0.02598  0.00000j


----- Phugoid Mode -----
omega PH         0.4144
zeta  PH         0.5118
period PH       17.6507
tHalf  PH        3.2682
N half PH        0.1852

----- Short Period Mode -----
omega SP         0.3411
zeta  SP        -1.0000
period SP   --------
tHalf  SP        2.0319
N half SP        0.0000

omega SP         1.2980
zeta  SP        -1.0000
period SP   --------
tHalf  SP        0.5340
N half SP        0.0000

dlc    20.49   dla    4.87   dle   -1.89      dlp    0.02      dlt   -0.79
thtaN  11.51°   A1S   0.26°   B1S   3.27°   thtaTR  -0.03°
TrimAC phi LFr      -0.59°    thta      -6.17°    psi       0.00°
