reading aircraft data from ./data/RotDatR4B_1a.dat
reading Flight Data from ./data/fDataR4B_no20.flt
reading Rotor Data from ./data/fDataR4B_no20.flt


    #### RotaryWingSim ####
rhoAir        1.1186 kg/m³
thtaN    2.68°   twist     0.00°
mHeli          2559.00 lb
aBlade          6.32 m^2

rRotTR       1.91 m
nRotTR       1662.7 1/min
oMTR    174.12
oMRTR   137.06 m/s    oMRTR   449.67 ft/s
sigmaTR   0.0173

Area Mrot     105.36 m^2
m blade         5.4 kg
I blade        60.9 kg*m^2 estimated
gamRot         10.0000
sigma           0.0600


Trim phi       0.00°    thta      -6.20°    psi       2.90°   
vH      74.79 mph     vV       1650 fpm
cTs  0.085223     cT  0.0051     cT2sa  0.0297     cL  0.1613
m Heli    11387.1 N      fpA        2.1 m^2          23.0 ft^2
Iyy Heli        2712.8 kg*m^2
Coordintats x,z    [m]         [ft]
Rotor      :   0.03   1.68        0.11   5.50
Rudder     :   7.50   1.52       24.61   5.00
Fin        :   3.87   0.71       12.71   2.33
H-Stab     :   4.06   0.02       13.31   0.06
Wing       :  -1.95   0.00       -6.39   0.00
Propeller  :  -0.81   0.00       -2.67   0.00
### Var ###
mu             23.667  vFlight     68.6 kn
thtaClmb      -0.2463    -14.1114°
cTsReq    0.08522    cTReq    0.00511    cT2saReq    0.02975
alfaD     215.81°    thtaClmb     -14.11°    thtaTrim      -6.20
trim iter 26     anorm 3.88314e-010

   deriv 3104
       u                w              q
x   -0.183675     -0.126092     0.168777
z   -0.165620     -1.150388     0.520568
m    0.054196      0.043369    -0.051990

 ====== u - derivatives ===== 
fMR(1)        -0.025300   fMR(2)        -0.000948   fMR(3)         0.006159
fTR(1)         0.000000   fTR(2)         0.000000   fTR(3)         0.000000
fFus(1)       -0.076874   fFus(2)       -0.008344   fFus(3)       -0.013155
fFN(1)        -0.007809   fFN(2)        -0.000843   fFN(3)         0.000000
fHS(1)        -0.000000   fHS(2)         0.000000   fHS(3)        -0.000000
fPR(1)        -0.003596   fPR(2)         0.000000   fPR(3)         0.000000
fCG(1)         0.000000   fCG(2)         0.000000   fCG(3)         0.000000
fR(1)  -1.3351895e-008   fR(2)  -1.2220767e-009   fR(3)  -8.4801514e-010

 Moment Equilibrium    1001 
mMR(1)        -0.000117   mMR(2)         0.003149   mMR(3)         0.000002
mTR(1)         0.000000   mTR(2)         0.000000   mTR(3)         0.000000
mFus(1)        0.000000   mFus(2)        0.000135   mFus(3)        0.001009
mFN(1)        -0.000044   mFN(2)         0.000410   mFN(3)         0.000241
mHS(1)         0.000000   mHS(2)        -0.000000   mHS(3)         0.000000
mPR(1)         0.000000   mPR(2)         0.000000   mPR(3)         0.000000
mR(1)  -3.0127012e-010   mR(2)   5.9890216e-009   mR(3)   2.0548896e-009
QR  1.5198381e-011
mU  3.6943484e-003

 ====== q - derivatives ===== 
fMR(1)         1.065297   fMR(2)        -0.474135   fMR(3)         0.120742
fTR(1)         0.000000   fTR(2)         0.000000   fTR(3)         0.000000
fFus(1)       -0.005289   fFus(2)        0.000000   fFus(3)       -0.001615
fFN(1)         0.000000   fFN(2)         0.000000   fFN(3)         0.000000
fHS(1)        -0.000000   fHS(2)         0.000000   fHS(3)        -0.000000
fPR(1)         0.000000   fPR(2)         0.000000   fPR(3)         0.000000
fCG(1)         0.000000   fCG(2)         0.000000   fCG(3)         0.000000
fR(1)   1.2287381e-007   fR(2)  -5.5081557e-008   fR(3)   1.3791212e-008

 Moment Equilibrium    1002 
mMR(1)        -0.058727   mMR(2)        -0.131654   mMR(3)         0.001157
mTR(1)         0.000000   mTR(2)         0.000000   mTR(3)         0.000000
mFus(1)        0.000000   mFus(2)        0.000450   mFus(3)        0.000000
mFN(1)         0.000000   mFN(2)         0.000000   mFN(3)         0.000000
mHS(1)         0.000000   mHS(2)        -0.000000   mHS(3)         0.000000
mPR(1)         0.000000   mPR(2)         0.000000   mPR(3)         0.000000
mR(1)  -9.2309278e-008   mR(2)  -2.0594139e-007   mR(3)   1.9044819e-009
QR -2.5701922e-011

 ====== w - derivatives ===== 
fMR(1)         0.024562   fMR(2)        -0.017158   fMR(3)        -1.019610
fTR(1)         0.000000   fTR(2)         0.000000   fTR(3)         0.000000
fFus(1)       -0.048230   fFus(2)        0.000000   fFus(3)       -0.011678
fFN(1)         0.000000   fFN(2)         0.000000   fFN(3)         0.000000
fHS(1)        -0.000000   fHS(2)         0.000000   fHS(3)        -0.000000
fPR(1)         0.000000   fPR(2)         0.000000   fPR(3)         0.000000
fCG(1)         0.000000   fCG(2)         0.000000   fCG(3)         0.000000
fR(1)  -2.9152161e-009   fR(2)  -2.0373250e-009   fR(3)  -1.1974444e-007

 Moment Equilibrium    1003 
mMR(1)        -0.002125   mMR(2)        -0.005530   mMR(3)         0.000042
mTR(1)         0.000000   mTR(2)         0.000000   mTR(3)         0.000000
mFus(1)        0.000000   mFus(2)        0.004104   mFus(3)        0.000000
mFN(1)         0.000000   mFN(2)         0.000000   mFN(3)         0.000000
mHS(1)         0.000000   mHS(2)        -0.000000   mHS(3)         0.000000
mPR(1)         0.000000   mPR(2)         0.000000   mPR(3)         0.000000
mR(1)  -3.3859493e-009   mR(2)  -2.0541978e-009   mR(3)   1.5296564e-010
QR  3.1362960e-010
mW -1.4253412e-003


=I=I=I=I=I= Iteration Results =I=I=I=I=I=
xMR    6.500    xcg    6.392    dxCG    0.108    iRigMR    0.0
cTs 0.08251   cT 0.00495   cLs 2.61787   cL 0.15707
aN     0.11288°    a1    0.07743°   b1    0.04897°
Br   aN     6.47°       a1    4.44°      b1    2.81°
716  aN     6.47°       a1    3.46°      b1    1.91°
mu  0.250380 lamD    0.02168    lamI    0.00874     mu*a1    0.01511     lamNf    0.00657
A1S   -0.01252°    B1S    0.08143°
A1S    -0.72°    B1S     4.67°    alfD     6.93°   alfaNf     3.47°   alSm    -1.21°
thtaN      4.40°    thtaTR     0.09°
Trim   phi     1.43°    thta    -5.98°
vBx    33.99    vBy    -1.56    vBz     4.91
fMR(1)           -24.54   fMR(2)           -34.44   fMR(3)        -11003.31
fTR(1)             0.00   fTR(2)             0.00   fTR(3)             0.00
fPR(1)           618.83   fPR(2)             0.00   fPR(3)             0.00
fFus(1)        -1738.33   fFus(2)         -330.19   fFus(3)         -318.17
fFN(1)           -43.17   fFN(2)            81.18   fFN(3)             0.00
fHS(1)            -0.00   fHS(2)             0.00   fHS(3)            -0.00
fCG(1)          1187.22   fCG(2)           283.44   fCG(3)         11321.47
fWN(1)            -0.00   fWN(2)             0.00   fWN(3)            -0.00
fR(1)   2.5281097e-009   fR(2)   5.6445515e-011   fR(3)  -6.9805903e-008

Moment Equilibrium
mMR(1)           -57.74   mMR(2)          -322.19   mMR(3)             1.14
mTR(1)             0.00   mTR(2)             0.00   mTR(3)            -0.00
mPR(1)             0.00   mPR(2)            -0.00   mPR(3)             0.00
mFus(1)            0.00   mFus(2)          291.48   mFus(3)          313.33
mFN(1)            57.74   mFN(2)            30.71   mFN(3)          -314.47
mHS(1)             0.00   mHS(2)            -0.00   mHS(3)             0.00
mWN(1)             0.00   mWN(2)             0.00   mWN(3)             0.00
mR(1)   1.2406787e-010   mR(2)  -7.0062437e-009   mR(3)   8.3844043e-011
==x=x===x===x=x==
MR Fx   -24.54    Fz -11003.31   thtaClmb   -14.11   torque     0.00
dxMR    0.0293  Fx/Fz    0.1°        mu   0.25038   oM  23.7  n  226.0

=I=I=I=I=I= End Of Iteration Results =I=I=I=I=I=


         ### stability derivatives ###
 R ._. R ._. << RotaryWingSim Data >> ._. R ._. R

       u              w            q         oM
x   -0.113581     -0.023669     1.060007     0.023226
z   -0.006989     -1.031285     0.119128    -0.601063
m    0.003694     -0.001425    -0.131204    -0.004577

      measured  data
       u                w              q
x   -0.090000       0.110000        0.092100
z    0.010000      -1.100000        0.140000
m    0.007000       0.005000       -0.025000

Q    0.000000      -0.000000        0.000000       -0.000000

Xu      -0.113581       -131.84
Xw      -0.023669        -27.47
Xq       1.060007       2875.59
Zu      -0.006989         -8.11
Zw      -1.031285      -1197.08
Zwd      0.000000          0.00
Zq       0.119128        323.17
Mu       0.003694          4.29
Mw      -0.001425         -1.65
Mwd      0.000000          0.00
Mq      -0.131204       -355.93

##### SP and PH Mode ----- approximation ###
----- Short Period Mode -----
omega SP         0.4278
zeta  SP         1.3587
re  -0.5812 +   0.3935
re  -0.5812 -   0.3935

----- Phugoid Mode -----
omega PH         0.4533
zeta  PH         0.5289
re  -0.2398 +  0.3847j
re  -0.2398 -  0.3847j

A          1.0000
B          1.6420
C          1.2557
D          0.4752
E          0.1012

##### SP and PH Mode from quartic #####
A        1.000         1.000
B        1.276         1.276
C        0.342         0.342
D        0.088         0.088
E        0.037         0.037

Routh D       -0.030

M thta        -0.000 

z1  -0.97842    0.00000j
z2  -0.40553    0.00000j
z3   0.05394    0.30255j
z4   0.05394   -0.30255j

       Short Period                Phugoid
1   1.91742  0.00000j        0.67982  0.00000j
2   0.20467  0.00000j       -1.71084  0.00000j
3   0.01180  0.00000j       -0.01474  0.00000j
4  -0.04204  0.00000j        0.03405  0.00000j


 M _ _ M _ _ << Measured Data >> _ _ M _ _ M
Xu      -0.090000       -104.47
Xw       0.110000        127.68
Xq       0.092100        249.85
Zu       0.010000         11.61
Zw      -1.100000      -1276.84
Zwd      0.000000          0.00
Zq       0.140000        379.79
Mu       0.007000          8.13
Mw       0.005000          5.80
Mwd      0.000000          0.00
Mq      -0.025000        -67.82

##### SP and PH Mode ----- approximation ###
----- Short Period Mode -----
negative oMg2_SP

----- Phugoid Mode -----
negative oMg2_PH

##### SP and PH Mode from quartic #####
A        1.000         1.000
B        1.215         1.215
C        0.018         0.018
D        0.095         0.095
E        0.076         0.076

Routh D       -0.119

M thta        -0.000 

z1  -1.22168    0.00000j
z2   0.18934    0.36255j
z3   0.18934   -0.36255j
z4  -0.37200    0.00000j

       Short Period                Phugoid
1   0.81913  0.00000j        1.79258  0.00000j
2   0.98492  0.39728j       -0.49182 -0.39728j
3   0.00004  0.01541j       -0.00710 -0.01541j
4  -0.02635  0.02531j       -0.00044 -0.02531j

