reading aircraft data from ./data/MntGmPrZ.dat
reading Flight Data from ./data/fDataMntGmPr_6N.flt
reading Rotor Data from ./data/fDataMntGmPr_6N.flt


    #### RotaryWingSim ####
rhoAir        1.2252 kg/m³
thtaN    4.50°   twist     0.00°
mHeli           794.00 lb
aBlade          1.50 m^2

rRotTR       0.08 m
nRotTR       1662.7 1/min
oMTR    174.12
oMRTR   149.73 m/s    oMRTR   491.25 ft/s
sigmaTR   0.1783

Area Mrot      45.60 m^2
m blade         6.9 kg     estimated
I blade        63.6 kg*m^2
gamRot          4.5567
sigma           0.0329


Trim phi      -0.60°    thta       1.20°    psi       0.00°   
vH      60.15 mph     vV          0 fpm
cTs  0.085672     cT  0.0028     cT2sa  0.0301     cL  0.1745
m Heli     3533.2 N      fpA        0.8 m^2           8.8 ft^2
Iyy Heli         599.5 kg*m^2
Coordintats x,z    [m]         [ft]
Rotor      :   0.47   2.10        1.53   6.90
Rudder     :   8.54   0.00       28.03   0.00
Fin        :   3.39   0.41       11.13   1.33
H-Stab     :   1.75   0.02        5.73   0.06
Wing       :   0.48  -0.00        1.58  -0.00
Propeller  :  -0.87   0.00       -2.84   0.00
### Var ###
mu             39.300  vFlight     53.5 kn
thtaClmb      -0.0000     -0.0000°
cTsReq    0.08567    cTReq    0.00282    cT2saReq    0.03006
alfaD     358.37°    thtaClmb      -0.00°    thtaTrim       1.20
trim iter 24     anorm 3.58943e-010

   deriv 3104
       u                w              q
x   -0.182649     -0.160232     0.359967
z   -0.209892     -1.178745     0.797615
m    0.077705      0.075112    -0.226840

 ====== u - derivatives ===== 
fMR(1)        -0.055000   fMR(2)        -0.000186   fMR(3)        -0.184218
fTR(1)         0.000000   fTR(2)         0.000000   fTR(3)         0.000000
fFus(1)       -0.084085   fFus(2)        0.000003   fFus(3)        0.001950
fFN(1)        -0.002357   fFN(2)         0.001321   fFN(3)         0.000000
fHS(1)        -0.002324   fHS(2)         0.000000   fHS(3)        -0.004299
fPR(1)        -0.018378   fPR(2)         0.000000   fPR(3)         0.000000
fCG(1)         0.000000   fCG(2)         0.000000   fCG(3)         0.000000
fR(1)  -5.9430449e-009   fR(2)  -1.6870061e-011   fR(3)  -6.5757427e-009

 Moment Equilibrium    1001 
mMR(1)        -0.000062   mMR(2)         0.004663   mMR(3)         0.000014
mTR(1)         0.000000   mTR(2)         0.000000   mTR(3)         0.000000
mFus(1)        0.000000   mFus(2)       -0.000545   mFus(3)        0.000687
mFN(1)         0.000085   mFN(2)         0.000151   mFN(3)        -0.000707
mHS(1)         0.000000   mHS(2)        -0.001177   mHS(3)         0.000000
mPR(1)         0.000000   mPR(2)         0.000000   mPR(3)         0.000000
mR(1)  -2.6966873e-011   mR(2)   6.3895188e-010   mR(3)   1.5402790e-010
QR  1.8462372e-011
mU  3.0917037e-003

 ====== q - derivatives ===== 
fMR(1)         1.386786   fMR(2)        -0.342307   fMR(3)         0.124950
fTR(1)         0.000000   fTR(2)         0.000000   fTR(3)         0.000000
fFus(1)       -0.001632   fFus(2)        0.000000   fFus(3)       -0.002329
fFN(1)         0.000000   fFN(2)         0.000000   fFN(3)         0.000000
fHS(1)         0.006125   fHS(2)         0.000000   fHS(3)        -0.251453
fPR(1)         0.000000   fPR(2)         0.000000   fPR(3)         0.000000
fCG(1)         0.000000   fCG(2)         0.000000   fCG(3)         0.000000
fR(1)   5.0004792e-008   fR(2)  -1.2386337e-008   fR(3)  -4.4957285e-009

 Moment Equilibrium    1002 
mMR(1)        -0.113511   mMR(2)        -0.450659   mMR(3)         0.025225
mTR(1)         0.000000   mTR(2)         0.000000   mTR(3)         0.000000
mFus(1)        0.000000   mFus(2)        0.000736   mFus(3)        0.000000
mFN(1)         0.000000   mFN(2)         0.000000   mFN(3)         0.000000
mHS(1)         0.000000   mHS(2)        -0.069304   mHS(3)         0.000000
mPR(1)         0.000000   mPR(2)         0.000000   mPR(3)         0.000000
mR(1)  -2.5960496e-008   mR(2)  -1.1866941e-007   mR(3)   5.9172471e-009
QR -3.0554610e-011

 ====== w - derivatives ===== 
fMR(1)        -0.174306   fMR(2)        -0.003230   fMR(3)        -0.937580
fTR(1)         0.000000   fTR(2)         0.000000   fTR(3)         0.000000
fFus(1)       -0.014391   fFus(2)        0.000000   fFus(3)       -0.018792
fFN(1)         0.000000   fFN(2)         0.000000   fFN(3)         0.000000
fHS(1)         0.002754   fHS(2)         0.000000   fHS(3)        -0.113076
fPR(1)         0.000000   fPR(2)         0.000000   fPR(3)         0.000000
fCG(1)         0.000000   fCG(2)         0.000000   fCG(3)         0.000000
fR(1)  -6.8001869e-009   fR(2)  -1.7417179e-010   fR(3)  -3.8373042e-008

 Moment Equilibrium    1003 
mMR(1)        -0.001071   mMR(2)        -0.011290   mMR(3)         0.000238
mTR(1)         0.000000   mTR(2)         0.000000   mTR(3)         0.000000
mFus(1)        0.000000   mFus(2)        0.006482   mFus(3)        0.000000
mFN(1)         0.000000   mFN(2)         0.000000   mFN(3)         0.000000
mHS(1)         0.000000   mHS(2)        -0.031165   mHS(3)         0.000000
mPR(1)         0.000000   mPR(2)         0.000000   mPR(3)         0.000000
mR(1)  -2.7684655e-010   mR(2)  -8.2842047e-009   mR(3)   2.0976998e-010
QR  7.5167164e-011
mW -3.5972824e-002


=I=I=I=I=I= Iteration Results =I=I=I=I=I=
xMR    4.500    xcg    2.967    dxCG    1.533    iRigMR    3.0
cTs 0.08362   cT 0.00275   cLs 5.66338   cL 0.18641
aN     0.05297°    a1    0.04951°   b1    0.02309°
Br   aN     3.03°       a1    2.84°      b1    1.32°
716  aN     3.03°       a1    2.37°      b1    0.62°
mu  0.170606 lamD    0.01619    lamI    0.00776     mu*a1    0.00706     lamNf    0.00912
A1S   -0.00289°    B1S   -0.07116°
A1S    -0.17°    B1S    -4.08°    alfD     7.99°   alfaNf     5.62°   alSm     6.45°
thtaN      4.50°    thtaTR    -0.04°
Trim   phi    -0.08°    thta    -1.41°
vBx    26.81    vBy     0.00    vBz    -0.66
fMR(1)          -670.21   fMR(2)            -1.23   fMR(3)         -3710.12
fTR(1)             0.00   fTR(2)            -0.00   fTR(3)             0.00
fPR(1)          1028.35   fPR(2)             0.00   fPR(3)             0.00
fFus(1)         -413.66   fFus(2)            0.03   fFus(3)           -1.67
fFN(1)           -11.39   fFN(2)             6.37   fFN(3)             0.00
fHS(1)           -19.92   fHS(2)             0.00   fHS(3)           179.70
fCG(1)            86.83   fCG(2)            -5.16   fCG(3)          3532.08
fWN(1)            -0.00   fWN(2)             0.00   fWN(3)            -0.00
fR(1)  -2.2444568e-009   fR(2)  -6.1351813e-011   fR(3)  -1.3259619e-008

Moment Equilibrium
mMR(1)            -2.59   mMR(2)          -324.43   mMR(3)             0.58
mTR(1)            -0.00   mTR(2)             0.00   mTR(3)             0.00
mPR(1)             0.00   mPR(2)            -0.00   mPR(3)             0.00
mFus(1)            0.00   mFus(2)            5.38   mFus(3)           21.04
mFN(1)             2.59   mFN(2)             4.63   mFN(3)           -21.61
mHS(1)             0.00   mHS(2)           314.42   mHS(3)             0.00
mWN(1)             0.00   mWN(2)            -0.00   mWN(3)             0.00
mR(1)  -3.9572789e-011   mR(2)  -6.0283965e-010   mR(3)   1.5704060e-010
==x=x===x===x=x==
MR Fx  -475.12    Fz -3740.11   thtaClmb    -0.00   torque     0.00
dxMR    0.0874  Fx/Fz   10.2°        mu   0.17061   oM  41.1  n  392.0

=I=I=I=I=I= End Of Iteration Results =I=I=I=I=I=


         ### stability derivatives ###
 R ._. R ._. << RotaryWingSim Data >> ._. R ._. R

       u              w            q         oM
x   -0.162144     -0.185943     1.391279    -0.059450
z   -0.186579     -1.069449    -0.128826    -0.372161
m    0.011779     -0.022843    -1.978256    -0.008933

      measured  data
       u                w              q
x   -0.230000      -0.205000        1.700000
z   -0.125200      -1.180000        1.250000
m   -0.001000       0.015000       -0.725000

Q    0.000000      -0.000000        0.000000       -0.000000

Xu      -0.162144        -58.40
Xw      -0.185943        -66.97
Xq       1.391279        834.11
Zu      -0.186579        -67.20
Zw      -1.069449       -385.17
Zwd      0.000000          0.00
Zq      -0.128826        -77.24
Mu       0.011779          4.24
Mw      -0.022843         -8.23
Mwd      0.000000          0.00
Mq      -1.978256      -1186.02

##### SP and PH Mode ----- approximation ###
----- Short Period Mode -----
omega SP         1.6508
zeta  SP         0.9231
re  -1.5239 +  0.6349j
re  -1.5239 -  0.6349j

----- Phugoid Mode -----
omega PH         0.2458
zeta  PH         0.2898
re  -0.0712 +  0.2352j
re  -0.0712 -  0.2352j

A          1.0000
B          3.1902
C          3.2198
D          0.5723
E          0.1646

##### SP and PH Mode from quartic #####
A        1.000         1.000
B        3.210         3.210
C        3.168         3.168
D        0.524         0.524
E        0.165         0.165

Routh D        3.349

M thta        -0.000 

z1  -1.54320    0.58756j
z2  -1.54320   -0.58756j
z3  -0.06172    0.23843j
z4  -0.06172   -0.23843j

       Short Period                Phugoid
1  -1.99872  0.00000j        0.47063  0.00000j
2   0.04155  0.00000j        1.94258  0.00000j
3  -0.01262  0.00000j       -0.03119  0.00000j
4   0.01788  0.00000j        0.02692  0.00000j


----- Phugoid Mode -----
omega PH         0.2463
zeta  PH        -0.2506
period PH       26.3528
tHalf  PH       11.2300
N half PH        0.4261

----- Short Period Mode -----
omega SP         1.6513
zeta  SP        -0.9346
period SP       10.6937
tHalf  SP        0.4492
N half SP        0.0420


 M _ _ M _ _ << Measured Data >> _ _ M _ _ M
Xu      -0.230000        -82.84
Xw      -0.205000        -73.83
Xq       1.700000       1019.20
Zu      -0.125200        -45.09
Zw      -1.180000       -424.99
Zwd      0.000000          0.00
Zq       1.250000        749.41
Mu      -0.001000         -0.36
Mw       0.015000          5.40
Mwd      0.000000          0.00
Mq      -0.725000       -434.66

##### SP and PH Mode ----- approximation ###
----- Short Period Mode -----
omega SP         0.6592
zeta  SP         1.4450
re  -0.9525 +   0.6876
re  -0.9525 -   0.6876

----- Phugoid Mode -----
negative oMg2_PH

##### SP and PH Mode from quartic #####
A        1.000         1.000
B        2.135         2.135
C        0.849         0.849
D        0.071         0.071
E       -0.030        -0.030

Routh D        0.260

M thta        -0.000 

z1  -1.65463    0.00000j
z2  -0.30694    0.20393j
z3  -0.30694   -0.20393j
z4   0.13351    0.00000j

       Short Period                Phugoid
1   1.18053  0.00000j       -0.02419  0.00000j
2   0.98827 -0.28730j        0.20194  0.28730j
3  -0.01288 -0.00904j        0.00704  0.00904j
4   0.01703  0.02434j        0.04088 -0.02434j

