reading aircraft data from ./data/RotDatR22t.dat
reading Flight Data from ./data/fDataR22_60mph.flt
reading Rotor Data from ./data/fDataR22_60mph.flt


#### RotaryWingSim ####
rhoAir          1.2252 kg/m°
thtaN    2.68°   twist     0.00°
mHeli          1370.00 lb

nRot   oMR       207.59 m/s     oMR   681.08 ft/s
aBlade          1.38 m^2

rRotTR       1.91 m
nRotTR       1662.7 1/min
oMTR    174.12
oMRTR   207.59 m/s    oMRTR   681.08 ft/s
sigmaTR   0.0173

Area Mrot      46.19 m^2
m blade         5.4 kg
I blade        26.7 kg*m^2 estimated
gamRot          8.0000
sigma           0.0299


Trim phi       0.00°    thta      -0.10°    psi      -0.10°   
vH      60.15 mph     vV          0 fpm
cTs  0.083639     cT  0.0025     cT2sa  0.0292     cL  0.2973
m Heli     6096.2 N      fpA        0.7 m^2           8.0 ft^2
Iyy Heli        1356.4 kg*m^2
Coordintats x,z    [m]         [ft]
Rotor      :   0.02   1.68        0.05   5.50
Rudder     :   8.09   1.52       26.55   5.00
Fin        :   2.94   0.71        9.65   2.33
H-Stab     :   4.65   0.02       15.25   0.06
Wing       :  -1.36   0.00       -4.45   0.00
Propeller  :  -0.22   0.00       -0.73   0.00
### Var ###
mu             54.140  vFlight     53.5 kn
thtaClmb      -0.0000     -0.0000°
cTsReq    0.08364    cTReq    0.00250    cT2saReq    0.02919
alfaD   29621.92°    thtaClmb      -0.00°    thtaTrim      -0.10
trim iter 34     anorm 3.85708e-010

   deriv 3104
       u                w              q
x   -0.160525      0.134930     0.155521
z    0.027967     -1.154957     0.334457
m    0.071813     -0.129724    -0.047410

 ====== u - derivatives ===== 
fMR(1)        -0.026196   fMR(2)         0.002813   fMR(3)        -0.035945
fTR(1)         0.000000   fTR(2)        -0.000000   fTR(3)         0.000000
fFus(1)       -0.045220   fFus(2)        0.000082   fFus(3)        0.001767
fFN(1)        -0.005142   fFN(2)        -0.000201   fFN(3)         0.000000
fHS(1)        -0.000000   fHS(2)         0.000000   fHS(3)         0.000000
fPR(1)         0.000000   fPR(2)         0.000000   fPR(3)         0.000000
fCG(1)         0.000000   fCG(2)         0.000000   fCG(3)         0.000000
fR(1)  -4.7574234e-009   fR(2)   2.0917706e-010   fR(3)  -2.1218366e-009

 Moment Equilibrium    1001 
mMR(1)         0.000563   mMR(2)         0.005182   mMR(3)        -0.000005
mTR(1)        -0.000000   mTR(2)         0.000000   mTR(3)         0.000000
mFus(1)        0.000000   mFus(2)       -0.000563   mFus(3)        0.000314
mFN(1)        -0.000017   mFN(2)         0.000437   mFN(3)         0.000071
mHS(1)         0.000000   mHS(2)         0.000000   mHS(3)         0.000000
mPR(1)         0.000000   mPR(2)         0.000000   mPR(3)         0.000000
mR(1)   3.4787284e-010   mR(2)   2.6291341e-009   mR(3)  -1.4053469e-010
QR  1.4170253e-011
mU  5.0554389e-003

 ====== q - derivatives ===== 
fMR(1)         0.443678   fMR(2)        -0.272423   fMR(3)         0.080949
fTR(1)         0.000000   fTR(2)         0.000000   fTR(3)         0.000000
fFus(1)        0.000562   fFus(2)        0.000000   fFus(3)       -0.000778
fFN(1)         0.000000   fFN(2)         0.000000   fFN(3)         0.000000
fHS(1)         0.000000   fHS(2)         0.000000   fHS(3)        -0.000002
fPR(1)         0.000000   fPR(2)         0.000000   fPR(3)         0.000000
fCG(1)         0.000000   fCG(2)         0.000000   fCG(3)         0.000000
fR(1)   2.7606548e-008   fR(2)  -1.6887431e-008   fR(3)   4.9840455e-009

 Moment Equilibrium    1002 
mMR(1)        -0.054567   mMR(2)        -0.088723   mMR(3)         0.000496
mTR(1)         0.000000   mTR(2)         0.000000   mTR(3)         0.000000
mFus(1)        0.000000   mFus(2)        0.000222   mFus(3)        0.000000
mFN(1)         0.000000   mFN(2)         0.000000   mFN(3)         0.000000
mHS(1)         0.000000   mHS(2)        -0.000001   mHS(3)         0.000000
mPR(1)         0.000000   mPR(2)         0.000000   mPR(3)         0.000000
mR(1)  -2.8316453e-008   mR(2)  -4.6029568e-008   mR(3)  -7.9921847e-011
QR -2.3788977e-011

 ====== w - derivatives ===== 
fMR(1)        -0.019168   fMR(2)        -0.003105   fMR(3)        -0.664436
fTR(1)         0.000000   fTR(2)         0.000000   fTR(3)         0.000000
fFus(1)        0.007561   fFus(2)        0.000000   fFus(3)       -0.009712
fFN(1)         0.000000   fFN(2)         0.000000   fFN(3)         0.000000
fHS(1)        -0.000000   fHS(2)         0.000000   fHS(3)         0.000000
fPR(1)         0.000000   fPR(2)         0.000000   fPR(3)         0.000000
fCG(1)         0.000000   fCG(2)         0.000000   fCG(3)         0.000000
fR(1)  -7.2119958e-010   fR(2)  -1.5113694e-010   fR(3)  -4.1892221e-008

 Moment Equilibrium    1003 
mMR(1)        -0.000622   mMR(2)         0.002630   mMR(3)         0.000006
mTR(1)         0.000000   mTR(2)         0.000000   mTR(3)         0.000000
mFus(1)        0.000000   mFus(2)        0.002981   mFus(3)        0.000000
mFN(1)         0.000000   mFN(2)         0.000000   mFN(3)         0.000000
mHS(1)         0.000000   mHS(2)         0.000000   mHS(3)         0.000000
mPR(1)         0.000000   mPR(2)         0.000000   mPR(3)         0.000000
mR(1)  -2.5972913e-010   mR(2)   2.9178312e-009   mR(3)  -3.3498182e-010
QR  1.1041290e-010
mW  5.6105204e-003


=I=I=I=I=I= Iteration Results =I=I=I=I=I=
xMR    4.500    xcg    4.450    dxCG    0.050    iRigMR    0.0
cTs 0.12949   cT 0.00387   cLs 15.32052   cL 0.45790
aN     0.14535°    a1    0.05676°   b1    0.03799°
Br   aN     8.33°       a1    3.25°      b1    2.18°
716  aN     8.33°       a1    2.31°      b1    0.88°
mu  0.128183 lamD    0.01383    lamI    0.00918     mu*a1    0.00516     lamNf    0.00867
A1S   -0.00930°    B1S    0.04656°
A1S    -0.53°    B1S     2.67°    alfD    10.18°   alfaNf     7.87°   alSm    -0.36°
thtaN      7.54°    thtaTR    -0.01°
Trim   phi     0.00°    thta    -4.45°
vBx    26.74    vBy     0.05    vBz    -2.08
fMR(1)           -56.80   fMR(2)            -2.11   fMR(3)         -6089.38
fTR(1)             0.00   fTR(2)             3.88   fTR(3)             0.00
fPR(1)             0.00   fPR(2)             0.00   fPR(3)             0.00
fFus(1)         -373.67   fFus(2)            1.35   fFus(3)           11.51
fFN(1)           -42.50   fFN(2)            -3.34   fFN(3)             0.00
fHS(1)            -0.00   fHS(2)             0.00   fHS(3)             0.00
fCG(1)           472.97   fCG(2)             0.22   fCG(3)          6077.87
fWN(1)            -0.00   fWN(2)             0.00   fWN(3)            -0.00
fR(1)   5.7392088e-010   fR(2)  -5.8745064e-011   fR(3)  -2.3012020e-008

Moment Equilibrium
mMR(1)            -3.54   mMR(2)             2.41   mMR(3)             0.03
mTR(1)             5.92   mTR(2)             0.00   mTR(3)           -31.42
mPR(1)             0.00   mPR(2)            -0.00   mPR(3)             0.00
mFus(1)            0.00   mFus(2)          -32.64   mFus(3)           21.56
mFN(1)            -2.38   mFN(2)            30.23   mFN(3)             9.83
mHS(1)             0.00   mHS(2)             0.00   mHS(3)             0.00
mWN(1)             0.00   mWN(2)             0.00   mWN(3)             0.00
mR(1)  -1.0484413e-010   mR(2)  -1.1863915e-009   mR(3)  -3.3639225e-010
==x=x===x===x=x==
MR Fx   -56.80    Fz -6089.38   thtaClmb    -0.00   torque   899.24
dxMR   -0.0004  Fx/Fz    0.5°        mu   0.12818   oM  54.1  n  517.0

=I=I=I=I=I= End Of Iteration Results =I=I=I=I=I=


         ### stability derivatives ###
 R ._. R ._. << RotaryWingSim Data >> ._. R ._. R

       u              w            q         oM
x   -0.076557     -0.011607     0.444239     0.009234
z   -0.034174     -0.674153     0.080173    -0.370336
m    0.005055      0.005611    -0.088502    -0.002281

      measured  data
       u                w              q
x   -0.090000       0.110000        0.092100
z    0.010000      -1.100000        0.140000
m    0.007000       0.005000       -0.025000

Q    0.000000      -0.000000        0.000000       -0.000000

Xu      -0.076557        -47.58
Xw      -0.011607         -7.21
Xq       0.444239        602.57
Zu      -0.034174        -21.24
Zw      -0.674153       -418.94
Zwd      0.000000          0.00
Zq       0.080173        108.75
Mu       0.005055          3.14
Mw       0.005611          3.49
Mwd      0.000000          0.00
Mq      -0.088502       -120.04

##### SP and PH Mode ----- approximation ###
----- Short Period Mode -----
negative oMg2_SP

----- Phugoid Mode -----
negative oMg2_PH

##### SP and PH Mode from quartic #####
A        1.000         1.000
B        0.839         0.839
C       -0.035        -0.035
D        0.043         0.043
E        0.032         0.032

Routh D       -0.025

M thta        -0.000 

z1  -0.88830    0.00000j
z2   0.17722    0.29142j
z3   0.17722   -0.29142j
z4  -0.30534    0.00000j

       Short Period                Phugoid
1   1.86139  0.00000j        0.72555  0.00000j
2  -0.07829  0.00000j       -1.51971  0.00000j
3   0.00772  0.00000j        0.00159  0.00000j
4  -0.04771  0.00000j        0.01144  0.00000j


----- Phugoid Mode -----
omega PH         0.3411
zeta  PH         0.5196
period PH       21.5606
tHalf  PH        3.9113
N half PH        0.1814

----- Short Period Mode -----
omega SP         0.8883
zeta  SP        -1.0000
period SP   --------
tHalf  SP        0.7803
N half SP        0.0000

omega SP         0.3053
zeta  SP        -1.0000
period SP   --------
tHalf  SP        2.2701
N half SP        0.0000


 M _ _ M _ _ << Measured Data >> _ _ M _ _ M
Xu      -0.090000        -55.93
Xw       0.110000         68.36
Xq       0.092100        124.92
Zu       0.010000          6.21
Zw      -1.100000       -683.58
Zwd      0.000000          0.00
Zq       0.140000        189.90
Mu       0.007000          4.35
Mw       0.005000          3.11
Mwd      0.000000          0.00
Mq      -0.025000        -33.91

##### SP and PH Mode ----- approximation ###
----- Short Period Mode -----
negative oMg2_SP

----- Phugoid Mode -----
negative oMg2_PH

##### SP and PH Mode from quartic #####
A        1.000         1.000
B        1.215         1.215
C       -0.008        -0.008
D        0.038         0.038
E        0.076         0.076

Routh D       -0.114

M thta        -0.000 

z1  -1.20377    0.00000j
z2  -0.42000    0.00000j
z3   0.20438    0.32955j
z4   0.20438   -0.32955j

       Short Period                Phugoid
1  -1.87010  0.00000j       -0.83853  0.00000j
2  -0.08913  0.00000j       -0.58128  0.00000j
3  -0.01214  0.00000j        0.01465  0.00000j
4   0.05501  0.00000j       -0.02897  0.00000j

dlc    13.43   dla    3.61   dle   -2.71      dlp    4.26      dlt    0.00
thtaN   7.54°   A1S  -0.53°   B1S   2.67°   thtaTR  -0.01°
TrimAC phi LFr       0.00°    thta      -4.45°    psi      -0.10°
