reading aircraft data from ./data/S-58/RotDatS-58.dat
reading Flight Data from ./data/S-58/fDataS-58_mu20.flt
reading Rotor Data from ./data/S-58/fDataS-58_mu20.flt


#### RotaryWingSim ####
rhoAir          1.2252 kg/m°
thtaN    9.68°   twist    -0.88°
mHeli          9000.00 lb

nRot      220.0 1/min    oM     23.04 rad/s
oMR       196.62 m/s     oMR   645.07 ft/s
aBlade         14.27 m^2

rRotTR       1.30 m
nRotTR       1662.7 1/min
oMTR    174.12
oMRTR   196.62 m/s    oMRTR   645.07 ft/s
sigmaTR   0.1049

Area Mrot     228.82 m^2
m blade        93.9 kg
I blade       379.8 kg*m^2
gamRot         11.2700
sigma           0.0624


Trim phi       0.00°    thta      -0.10°    psi      -0.10°   
vH      65.66 mph     vV          0 fpm
cTs  0.059256     cT  0.0037     cT2sa  0.0206     cL  0.3308
m Heli    40048.3 N      fpA        3.5 m^2          37.3 ft^2
Iyy Heli       14680.3 kg*m^2
Coordintats x,z    [m]         [ft]
Rotor      :   0.00   1.83        0.00   6.00
Rudder     :   8.62   1.83       28.29   6.00
Fin        :   7.71   2.84       25.29   9.33
H-Stab     :   6.09   0.50       19.99   1.64
Wing       :  -3.39   0.00      -11.13   0.00
Propeller  :  -3.39   0.00      -11.13   0.00
### Var ###
mu             23.038  vFlight     58.4 kn
thtaClmb      -0.0000     -0.0000°
cTsReq    0.05926    cTReq    0.00370    cT2saReq    0.02062
alfaD   12605.07°    thtaClmb      -0.00°    thtaTrim      -0.10
trim iter 32     anorm 3.79284e-010

   deriv 3104
       u                w              q
x   -0.086299      0.115458     0.066289
z    0.008376     -1.037624     0.246167
m    0.010082     -0.058774    -0.034328

 ====== u - derivatives ===== 
fMR(1)        -0.029742   fMR(2)         0.004450   fMR(3)        -0.031012
fTR(1)         0.000000   fTR(2)        -0.000000   fTR(3)         0.000000
fFus(1)       -0.033816   fFus(2)        0.000454   fFus(3)        0.000000
fFN(1)        -0.000044   fFN(2)        -0.000059   fFN(3)         0.000000
fHS(1)        -0.000456   fHS(2)         0.000000   fHS(3)         0.011983
fPR(1)         0.000000   fPR(2)         0.000000   fPR(3)         0.000000
fCG(1)         0.000000   fCG(2)         0.000000   fCG(3)         0.000000
fR(1)  -2.6151448e-008   fR(2)   1.9394975e-009   fR(3)  -7.7570174e-009

 Moment Equilibrium    1001 
mMR(1)        -0.001804   mMR(2)         0.005950   mMR(3)         0.000000
mTR(1)        -0.000000   mTR(2)         0.000000   mTR(3)         0.000000
mFus(1)        0.000000   mFus(2)       -0.000375   mFus(3)        0.000252
mFN(1)        -0.000005   mFN(2)         0.000004   mFN(3)         0.000015
mHS(1)         0.000000   mHS(2)         0.002387   mHS(3)         0.000000
mPR(1)         0.000000   mPR(2)         0.000000   mPR(3)         0.000000
mR(1)  -2.2733488e-008   mR(2)   9.9802230e-008   mR(3)   3.6700385e-009
QR  5.2875371e-012
mU  7.9657073e-003

 ====== q - derivatives ===== 
fMR(1)         0.701967   fMR(2)        -0.652384   fMR(3)         0.085995
fTR(1)         0.000000   fTR(2)         0.000000   fTR(3)         0.000000
fFus(1)       -0.001404   fFus(2)        0.000000   fFus(3)        0.000000
fFN(1)         0.000000   fFN(2)         0.000000   fFN(3)         0.000000
fHS(1)        -0.000069   fHS(2)         0.000000   fHS(3)        -0.427498
fPR(1)         0.000000   fPR(2)         0.000000   fPR(3)         0.000000
fCG(1)         0.000000   fCG(2)         0.000000   fCG(3)         0.000000
fR(1)   2.8596894e-007   fR(2)  -2.6636781e-007   fR(3)  -1.3940092e-007

 Moment Equilibrium    1002 
mMR(1)         0.101916   mMR(2)        -0.247194   mMR(3)         0.000000
mTR(1)         0.000000   mTR(2)         0.000000   mTR(3)         0.000000
mFus(1)        0.000000   mFus(2)        0.000604   mFus(3)        0.000000
mFN(1)         0.000000   mFN(2)         0.000000   mFN(3)         0.000000
mHS(1)         0.000000   mHS(2)        -0.084879   mHS(3)         0.000000
mPR(1)         0.000000   mPR(2)         0.000000   mPR(3)         0.000000
mR(1)   1.2768120e-006   mR(2)  -4.1529006e-006   mR(3)   3.3168135e-010
QR -9.6926207e-012

 ====== w - derivatives ===== 
fMR(1)         0.002281   fMR(2)         0.018122   fMR(3)        -0.941504
fTR(1)         0.000000   fTR(2)         0.000000   fTR(3)         0.000000
fFus(1)       -0.009809   fFus(2)        0.000000   fFus(3)        0.000000
fFN(1)         0.000000   fFN(2)         0.000000   fFN(3)         0.000000
fHS(1)        -0.000079   fHS(2)         0.000000   fHS(3)        -0.026397
fPR(1)         0.000000   fPR(2)         0.000000   fPR(3)         0.000000
fCG(1)         0.000000   fCG(2)         0.000000   fCG(3)         0.000000
fR(1)  -3.1062160e-009   fR(2)   7.3600859e-009   fR(3)  -3.9512172e-007

 Moment Equilibrium    1003 
mMR(1)        -0.003571   mMR(2)         0.004339   mMR(3)         0.000000
mTR(1)         0.000000   mTR(2)         0.000000   mTR(3)         0.000000
mFus(1)        0.000000   mFus(2)        0.004218   mFus(3)        0.000000
mFN(1)         0.000000   mFN(2)         0.000000   mFN(3)         0.000000
mHS(1)         0.000000   mHS(2)        -0.005240   mHS(3)         0.000000
mPR(1)         0.000000   mPR(2)         0.000000   mPR(3)         0.000000
mR(1)  -4.4804096e-008   mR(2)   4.1568920e-008   mR(3)   3.3168135e-010
QR  4.8035646e-011
mW  3.3177902e-003


=I=I=I=I=I= Iteration Results =I=I=I=I=I=
xMR   11.125    xcg   11.125    dxCG    0.000    iRigMR    0.0
cTs 0.10858   cT 0.00677   cLs 9.71643   cL 0.60593
aN     0.16987°    a1    0.05538°   b1    0.04734°
Br   aN     9.73°       a1    3.17°      b1    2.71°
716  aN     9.73°       a1    2.09°      b1    1.05°
mu  0.147939 lamD    0.01329    lamI    0.00979     mu*a1    0.00540     lamNf    0.00789
A1S    0.01322°    B1S    0.06097°
A1S     0.76°    B1S     3.49°    alfD     8.87°   alfaNf     6.77°   alSm    -1.40°
thtaN      6.83°    thtaTR    -0.06°
Trim   phi    -1.68°    thta    -3.00°
vBx    29.23    vBy     0.10    vBz    -1.53
fMR(1)            59.19   fMR(2)          1064.44   fMR(3)        -41529.10
fTR(1)             0.00   fTR(2)            58.48   fTR(3)             0.00
fPR(1)             0.00   fPR(2)             0.00   fPR(3)             0.00
fFus(1)        -2097.13   fFus(2)           54.20   fFus(3)           -0.00
fFN(1)            -2.58   fFN(2)            -7.08   fFN(3)             0.00
fHS(1)           -52.99   fHS(2)             0.00   fHS(3)          1552.63
fCG(1)          2093.52   fCG(2)         -1170.03   fCG(3)         39976.47
fWN(1)            -0.00   fWN(2)             0.00   fWN(3)            -0.00
fR(1)   1.5038658e-008   fR(2)   7.4232958e-009   fR(3)  -3.6211071e-007

Moment Equilibrium
mMR(1)           -86.80   mMR(2)         -9850.73   mMR(3)            -0.00
mTR(1)           106.95   mTR(2)             0.00   mTR(3)          -504.29
mPR(1)             0.00   mPR(2)            -0.00   mPR(3)             0.00
mFus(1)            0.00   mFus(2)          355.97   mFus(3)          449.69
mFN(1)           -20.15   mFN(2)             7.34   mFN(3)            54.60
mHS(1)             0.00   mHS(2)          9487.42   mHS(3)             0.00
mWN(1)             0.00   mWN(2)             0.00   mWN(3)             0.00
mR(1)   2.4943233e-008   mR(2)  -1.1616657e-007   mR(3)   3.3168135e-010
==x=x===x===x=x==
MR Fx    59.19    Fz -41529.10   thtaClmb    -0.00   torque 15217.31
dxMR    0.0026  Fx/Fz   -0.1°        mu   0.14794   oM  23.0  n  220.0

=I=I=I=I=I= End Of Iteration Results =I=I=I=I=I=


         ### stability derivatives ###
 R ._. R ._. << RotaryWingSim Data >> ._. R ._. R

       u              w            q         oM
x   -0.064057     -0.007607     0.700494     0.036840
z   -0.019035     -0.967900    -0.341502    -0.887038
m    0.007966      0.003318    -0.331469    -0.009272

      measured  data
       u                w              q
x   -0.067000       0.030000        0.100000
z   -0.100000      -1.234900       -1.100000
m    0.008000       0.030000       -0.025000

Q    0.000000      -0.000000        0.000000       -0.000000

Xu      -0.064057       -261.51
Xw      -0.007607        -31.05
Xq       0.700494      10283.47
Zu      -0.019035        -77.71
Zw      -0.967900      -3951.35
Zwd      0.000000          0.00
Zq      -0.341502      -5013.35
Mu       0.007966         32.52
Mw       0.003318         13.54
Mwd      0.000000          0.00
Mq      -0.331469      -4866.07

##### SP and PH Mode ----- approximation ###
----- Short Period Mode -----
omega SP         0.4742
zeta  SP         1.3702
re  -0.6497 +   0.4441
re  -0.6497 -   0.4441

----- Phugoid Mode -----
omega PH         0.5742
zeta  PH         0.3325
re  -0.1910 +  0.5416j
re  -0.1910 -  0.5416j

A          1.0000
B          1.6813
C          1.4454
D          0.6650
E          0.2042

##### SP and PH Mode from quartic #####
A        1.000         1.000
B        1.363         1.363
C        0.302         0.302
D        0.089         0.089
E        0.075         0.075

Routh D       -0.111

M thta        -0.000 

z1  -1.10775    0.00000j
z2  -0.49424    0.00000j
z3   0.11928    0.35042j
z4   0.11928   -0.35042j

       Short Period                Phugoid
1   1.87543  0.00000j        0.54398  0.00000j
2   0.29159  0.00000j       -1.80177  0.00000j
3   0.01977  0.00000j       -0.00796  0.00000j
4  -0.03386  0.00000j        0.02148  0.00000j


 M _ _ M _ _ << Measured Data >> _ _ M _ _ M
Xu      -0.067000       -273.52
Xw       0.030000        122.47
Xq       0.100000       1468.03
Zu      -0.100000       -408.24
Zw      -1.234900      -5041.36
Zwd      0.000000          0.00
Zq      -1.100000     -16148.35
Mu       0.008000         32.66
Mw       0.030000        122.47
Mwd      0.000000          0.00
Mq      -0.025000       -367.01

##### SP and PH Mode ----- approximation ###
----- Short Period Mode -----
negative oMg2_SP

----- Phugoid Mode -----
negative oMg2_PH

##### SP and PH Mode from quartic #####
A        1.000         1.000
B        1.327         1.327
C       -0.728        -0.728
D        0.017         0.017
E        0.067         0.067

Routh D       -0.135

M thta        -0.000 

z1  -1.73821    0.00000j
z2   0.33157    0.21033j
z3   0.33157   -0.21033j
z4  -0.25182    0.00000j

       Short Period                Phugoid
1  -1.01679  0.00000j       -1.87646  0.00000j
2  -0.77269  0.00000j        0.48988  0.00000j
3   0.02213  0.00000j        0.01700  0.00000j
4  -0.02779  0.00000j        0.07791  0.00000j


----- Phugoid Mode -----
omega PH         0.3926
zeta  PH         0.8444
period PH       29.8736
tHalf  PH        2.0905
N half PH        0.0700

----- Short Period Mode -----
omega SP         1.7382
zeta  SP        -1.0000
period SP   --------
tHalf  SP        0.3988
N half SP        0.0000

omega SP         0.2518
zeta  SP        -1.0000
period SP   --------
tHalf  SP        2.7525
N half SP        0.0000

dlc    12.17   dla    5.67   dle   -1.58      dlp    4.29      dlt    0.00
thtaN   6.83°   A1S   0.76°   B1S   3.49°   thtaTR  -0.06°
TrimAC phi LFr      -1.68°    thta      -3.00°    psi      -0.10°
