reading aircraft data from ./data/PCA2ps.dat
reading Flight Data from ./data/fDataPCA-2_A5_5.flt
reading Rotor Data from ./data/fDataPCA-2_A5_5.flt


#### RotaryWingSim ####
rhoAir          1.0790 kg/m°
thtaN    1.95°   twist    -0.95°
mHeli          2898.00 lb
aBlade         14.42 m^2
Area Mrot     147.76 m^2
m blade        35.8 kg
I blade       453.0 kg*m^2
gamRot         15.7884
sigma           0.0976


Trim phi       0.00°    thta     -14.20°    psi       0.00°   
vH     102.35 mph     vV       2572 fpm
cTs  0.083528     cT  0.0082     cT2sa  0.0293     cL  0.0691
m Heli    12895.6 N      fpA        1.6 m^2          17.2 ft^2
Iyy Heli        5425.6 kg*m^2
Coordintats x,z    [m]         [ft]
Rotor      :   0.02   1.83        0.07   6.00
Rudder     :   7.57   0.00       24.82   0.00
Fin        :   2.11   0.41        6.92   1.33
H-Stab     :   2.08   0.02        6.82   0.06
Wing       :   0.02  -0.30        0.08  -1.00
Propeller  :  -1.85  -0.03       -6.05  -0.10
### Var ###
mu             14.300  vFlight     94.7 kn
thtaClmb      -0.2789    -15.9800°
cTsReq    0.08353    cTReq    0.00815    cT2saReq    0.02931
alfaD     130.40°    thtaClmb     -15.98°    thtaTrim     -14.20
trim iter 25     anorm 8.99172e-010

 ====== u - derivatives ===== 
fMR(1)         0.039444   fMR(2)        -0.012125   fMR(3)        -0.017020
fTR(1)         0.000000   fTR(2)         0.000000   fTR(3)         0.000000
fFus(1)       -0.069945   fFus(2)       -0.000271   fFus(3)        0.001307
fFN(1)        -0.004609   fFN(2)         0.004195   fFN(3)         0.000000
fHS(1)        -0.009824   fHS(2)         0.000000   fHS(3)         0.013806
fPR(1)         0.000514   fPR(2)         0.000000   fPR(3)         0.000018
fCG(1)         0.000000   fCG(2)         0.000000   fCG(3)         0.000000
fR(1)  -7.0891701e-009   fR(2)  -1.2261978e-009   fR(3)  -1.0262738e-008

 Moment Equilibrium    1001 
mMR(1)        -0.001392   mMR(2)        -0.001429   mMR(3)         0.000009
mTR(1)         0.000000   mTR(2)         0.000000   mTR(3)         0.000000
mFus(1)        0.000000   mFus(2)       -0.000018   mFus(3)        0.000328
mFN(1)         0.000060   mFN(2)         0.000066   mFN(3)        -0.000313
mHS(1)         0.000000   mHS(2)         0.001021   mHS(3)         0.000000
mPR(1)         0.000000   mPR(2)        -0.000001   mPR(3)         0.000000
mR(1)  -5.1114881e-009   mR(2)  -3.1536729e-010   mR(3)   4.6691184e-010
QR  1.7350866e-012
mU -3.6059009e-004

 ====== q - derivatives ===== 
fMR(1)         1.020513   fMR(2)        -0.128979   fMR(3)         0.055530
fTR(1)         0.000000   fTR(2)         0.000000   fTR(3)         0.000000
fFus(1)       -0.000806   fFus(2)        0.000000   fFus(3)       -0.001077
fFN(1)         0.000000   fFN(2)         0.000000   fFN(3)         0.000000
fHS(1)        -0.004472   fHS(2)         0.000000   fHS(3)        -0.461210
fPR(1)         0.000000   fPR(2)         0.000000   fPR(3)         0.000000
fCG(1)         0.000000   fCG(2)         0.000000   fCG(3)         0.000000
fR(1)   1.3333624e-007   fR(2)  -1.7102764e-008   fR(3)  -5.6128101e-008

 Moment Equilibrium    1002 
mMR(1)         0.039427   mMR(2)        -0.125379   mMR(3)         0.000097
mTR(1)         0.000000   mTR(2)         0.000000   mTR(3)         0.000000
mFus(1)        0.000000   mFus(2)        0.000070   mFus(3)        0.000000
mFN(1)         0.000000   mFN(2)         0.000000   mFN(3)         0.000000
mHS(1)         0.000000   mHS(2)        -0.033868   mHS(3)         0.000000
mPR(1)         0.000000   mPR(2)         0.000000   mPR(3)         0.000000
mR(1)   1.4654940e-007   mR(2)  -5.9176119e-007   mR(3)   7.3754336e-010
QR -3.1751678e-012

 ====== w - derivatives ===== 
fMR(1)         0.424705   fMR(2)        -0.039598   fMR(3)        -1.620002
fTR(1)         0.000000   fTR(2)         0.000000   fTR(3)         0.000000
fFus(1)       -0.023216   fFus(2)        0.000000   fFus(3)       -0.029265
fFN(1)         0.000000   fFN(2)         0.000000   fFN(3)         0.000000
fHS(1)        -0.001939   fHS(2)         0.000000   fHS(3)        -0.124588
fPR(1)         0.000018   fPR(2)         0.000000   fPR(3)         0.000001
fCG(1)         0.000000   fCG(2)         0.000000   fCG(3)         0.000000
fR(1)   4.5676757e-008   fR(2)  -5.3533427e-009   fR(3)  -2.8517570e-007

 Moment Equilibrium    1003 
mMR(1)        -0.010962   mMR(2)        -0.021421   mMR(3)         0.000030
mTR(1)         0.000000   mTR(2)         0.000000   mTR(3)         0.000000
mFus(1)        0.000000   mFus(2)        0.002019   mFus(3)        0.000000
mFN(1)         0.000000   mFN(2)         0.000000   mFN(3)         0.000000
mHS(1)         0.000000   mHS(2)        -0.009148   mHS(3)         0.000000
mPR(1)         0.000000   mPR(2)        -0.000000   mPR(3)         0.000000
mR(1)  -4.0944755e-008   mR(2)  -9.7771363e-008   mR(3)   4.8686388e-010
QR  6.9033908e-011
mW -2.8550099e-002


=I=I=I=I=I= Iteration Results =I=I=I=I=I=
xMR    6.250    xcg    6.180    dxCG    0.070    iRigMR    0.0
cTs 0.05287   cT 0.00516   cLs 0.53437   cL 0.05216
aN     0.09882°    a1    0.07704°   b1    0.06100°
Br   aN     5.66°       a1    4.41°      b1    3.50°
716  aN     5.66°       a1    3.11°      b1    2.77°
mu  0.443883 lamD    0.04226    lamI    0.00581     mu*a1    0.02410     lamNf    0.01816
A1S    0.03866°    B1S    0.03168°
A1S     2.22°    B1S     1.82°    alfD     6.18°   alfaNf     3.07°   alSm     1.29°
thtaN      1.95°    thtaTR    -0.05°
Trim   phi    -1.12°    thta   -11.07°
vBx    47.29    vBy    -0.08    vBz     4.06
fMR(1)          1039.77   fMR(2)           127.84   fMR(3)         -9357.40
fTR(1)             0.00   fTR(2)            -0.00   fTR(3)             0.00
fPR(1)           -91.17   fPR(2)             0.00   fPR(3)            -3.18
fFus(1)        -2251.81   fFus(2)          -16.85   fFus(3)          -58.21
fFN(1)          -133.42   fFN(2)           137.06   fFN(3)             0.00
fHS(1)          -314.39   fHS(2)             0.00   fHS(3)           394.60
fCG(1)          2475.77   fCG(2)          -248.05   fCG(3)         12653.25
fWN(1)          -724.74   fWN(2)             0.00   fWN(3)         -3629.06
fR(1)  -1.7352249e-008   fR(2)   7.7014874e-009   fR(3)  -5.7573743e-008

Moment Equilibrium
mMR(1)           -55.70   mMR(2)         -1431.35   mMR(3)            -2.73
mTR(1)            -0.00   mTR(2)             0.00   mTR(3)             0.00
mPR(1)             0.00   mPR(2)             3.10   mPR(3)             0.00
mFus(1)            0.00   mFus(2)          175.05   mFus(3)          291.81
mFN(1)            55.70   mFN(2)            54.22   mFN(3)          -289.08
mHS(1)             0.00   mHS(2)           826.40   mHS(3)             0.00
mWN(1)             0.00   mWN(2)           372.58   mWN(3)             0.00
mR(1)   2.5533112e-008   mR(2)   2.7691328e-008   mR(3)   2.0833113e-010
==x=x===x===x=x==
MR Fx  1039.77    Fz -9357.40   thtaClmb   -15.98   torque     0.00
dxMR    0.2245  Fx/Fz   -6.3°        mu   0.44388   oM  15.6  n  148.7

=I=I=I=I=I= End Of Iteration Results =I=I=I=I=I=


         ### stability derivatives ###
 R ._. R ._. << RotaryWingSim Data >> ._. R ._. R

       u              w            q         oM
x   -0.056155      0.345249     1.012098    -0.134229
z   -0.080856     -2.172192    -0.429766    -0.440764
m   -0.000093     -0.026285    -0.159047     0.007434

      measured  data
       u                w              q
x   -0.090000       0.110000        0.092100
z    0.010000      -1.100000        0.140000
m    0.007000       0.005000       -0.025000

Q    0.000000      -0.000000        0.000000       -0.000000

Xu      -0.056155        -73.82
Xw       0.345249        453.84
Xq       1.012098       5491.24
Zu      -0.080856       -106.29
Zw      -2.172192      -2855.42
Zwd      0.000000          0.00
Zq      -0.429766      -2331.74
Mu      -0.000093         -0.12
Mw      -0.026285        -34.55
Mwd      0.000000          0.00
Mq      -0.159047       -862.92

##### SP and PH Mode ----- approximation ###
----- Short Period Mode -----
omega SP         1.2384
zeta  SP         0.9412
re  -1.1656 +  0.4183j
re  -1.1656 -  0.4183j

----- Phugoid Mode -----
omega PH         0.1104
zeta  PH         0.3294
re  -0.0364 +  0.1042j
re  -0.0364 -  0.1042j

A          1.0000
B          2.4040
C          1.7154
D          0.1399
E          0.0187

##### SP and PH Mode from quartic #####
A        1.000         1.000
B        2.387         2.387
C        1.691         1.691
D        0.114         0.114
E        0.019         0.019

Routh D        0.341

M thta        -0.000 

z1  -1.16598    0.43636j
z2  -1.16598   -0.43636j
z3  -0.02771    0.10677j
z4  -0.02771   -0.10677j

       Short Period                Phugoid
1   0.32218  0.00000j       -1.99972  0.00000j
2  -1.96683  0.00000j        0.02171  0.00000j
3  -0.04320  0.00000j       -0.00257  0.00000j
4   0.02723  0.00000j        0.00972  0.00000j


----- Phugoid Mode -----
omega PH         0.1103
zeta  PH        -0.2512
period PH       58.8452
tHalf  PH       25.0123
N half PH        0.4251

----- Short Period Mode -----
omega SP         1.2450
zeta  SP        -0.9366
period SP       14.3990
tHalf  SP        0.5945
N half SP        0.0413


 M _ _ M _ _ << Measured Data >> _ _ M _ _ M
Xu      -0.090000       -118.31
Xw       0.110000        144.60
Xq       0.092100        499.70
Zu       0.010000         13.15
Zw      -1.100000      -1445.99
Zwd      0.000000          0.00
Zq       0.140000        759.58
Mu       0.007000          9.20
Mw       0.005000          6.57
Mwd      0.000000          0.00
Mq      -0.025000       -135.64

##### SP and PH Mode ----- approximation ###
----- Short Period Mode -----
negative oMg2_SP

----- Phugoid Mode -----
negative oMg2_PH

##### SP and PH Mode from quartic #####
A        1.000         1.000
B        1.215         1.215
C       -0.010        -0.010
D        0.116         0.116
E        0.076         0.076

Routh D       -0.127

M thta        -0.000 

z1  -1.25825    0.00000j
z2   0.19298    0.37292j
z3   0.19298   -0.37292j
z4  -0.34271    0.00000j

       Short Period                Phugoid
1   0.76094  0.00000j        1.69789  0.00000j
2   0.92535  0.48740j       -0.62837 -0.48740j
3  -0.00157  0.01433j       -0.00760 -0.01433j
4  -0.02558  0.01957j       -0.00074 -0.01957j

