reading aircraft data from ./data/RotDatR4B_1.dat
reading Flight Data from ./data/fDataR4B_no8.flt
reading Rotor Data from ./data/fDataR4B_no8.flt


#### RotaryWingSim ####
rhoAir          1.1501 kg/m°
thtaN    3.68°   twist     0.00°
mHeli          2546.00 lb
aBlade          6.32 m^2

rRotTR       1.91 m
nRotTR       1662.7 1/min
oMTR    174.12
oMRTR   136.45 m/s    oMRTR   447.68 ft/s
sigmaTR   0.0173

Area Mrot     105.36 m^2
m blade         5.4 kg
I blade        60.9 kg*m^2 estimated
gamRot         10.0000
sigma           0.0600


Trim phi       0.00°    thta      -2.40°    psi       0.00°   
vH      64.26 mph     vV       1540 fpm
cTs   0.08361822     cT  0.0050     cT2sa  0.0292     cL  0.2102
m Heli    11329.2 N      fpA        1.9 m^2          20.0 ft^2
Iyy Heli        2712.8 kg*m^2
Coordintats x,z    [m]         [ft]
Rotor      :   0.03   1.68        0.08   5.50
Rudder     :   7.49   1.52       24.58   5.00
Fin        :   3.87   0.71       12.68   2.33
H-Stab     :   4.05   0.02       13.28   0.06
Wing       :  -1.96   0.00       -6.42   0.00
Propeller  :  -0.82   0.00       -2.69   0.00
### Var ###
mu             23.562  vFlight     59.2 kn
thtaClmb      -0.2666    -15.2734°
cTsReq    0.08362    cTReq    0.00502    cT2saReq    0.02919
alfaD     214.86°    thtaClmb     -15.27°    thtaTrim      -2.40
trim iter 26     anorm 3.34701e-010

 ====== u - derivatives ===== 
fMR(1)        -0.013963   fMR(2)        -0.001229   fMR(3)        -0.022098
fTR(1)         0.000000   fTR(2)         0.000000   fTR(3)         0.000000
fFus(1)       -0.059971   fFus(2)       -0.000058   fFus(3)       -0.011903
fFN(1)        -0.003225   fFN(2)         0.002359   fFN(3)         0.000000
fHS(1)        -0.000000   fHS(2)         0.000000   fHS(3)        -0.000000
fPR(1)        -0.002052   fPR(2)         0.000000   fPR(3)         0.000000
fCG(1)         0.000000   fCG(2)         0.000000   fCG(3)         0.000000
fR(1)  -9.2553401e-009   fR(2)   8.0444096e-011   fR(3)  -4.0055141e-009

 Moment Equilibrium    1001 
mMR(1)        -0.000151   mMR(2)         0.001679   mMR(3)         0.000002
mTR(1)         0.000000   mTR(2)         0.000000   mTR(3)         0.000000
mFus(1)        0.000000   mFus(2)        0.000225   mFus(3)        0.000677
mFN(1)         0.000123   mFN(2)         0.000169   mFN(3)        -0.000670
mHS(1)         0.000000   mHS(2)        -0.000000   mHS(3)         0.000000
mPR(1)         0.000000   mPR(2)         0.000000   mPR(3)         0.000000
mR(1)  -9.9451114e-011   mR(2)   3.4266308e-009   mR(3)   8.6231466e-011
QR  1.9949701e-011
mU  2.0729769e-003

 ====== q - derivatives ===== 
fMR(1)         1.058375   fMR(2)        -0.497812   fMR(3)         0.103261
fTR(1)         0.000000   fTR(2)         0.000000   fTR(3)         0.000000
fFus(1)       -0.003672   fFus(2)        0.000000   fFus(3)       -0.001272
fFN(1)         0.000000   fFN(2)         0.000000   fFN(3)         0.000000
fHS(1)        -0.000000   fHS(2)         0.000000   fHS(3)        -0.000000
fPR(1)         0.000000   fPR(2)         0.000000   fPR(3)         0.000000
fCG(1)         0.000000   fCG(2)         0.000000   fCG(3)         0.000000
fR(1)   1.2169644e-007   fR(2)  -5.7534031e-008   fR(3)   1.1699640e-008

 Moment Equilibrium    1002 
mMR(1)        -0.061346   mMR(2)        -0.130233   mMR(3)         0.000929
mTR(1)         0.000000   mTR(2)         0.000000   mTR(3)         0.000000
mFus(1)        0.000000   mFus(2)        0.000286   mFus(3)        0.000000
mFN(1)         0.000000   mFN(2)         0.000000   mFN(3)         0.000000
mHS(1)         0.000000   mHS(2)        -0.000000   mHS(3)         0.000000
mPR(1)         0.000000   mPR(2)         0.000000   mPR(3)         0.000000
mR(1)  -9.6432608e-008   mR(2)  -2.0398065e-007   mR(3)   1.5331523e-009
QR -3.3515199e-011

 ====== w - derivatives ===== 
fMR(1)         0.006304   fMR(2)        -0.010657   fMR(3)        -1.004561
fTR(1)         0.000000   fTR(2)         0.000000   fTR(3)         0.000000
fFus(1)       -0.037983   fFus(2)        0.000000   fFus(3)       -0.010187
fFN(1)         0.000000   fFN(2)         0.000000   fFN(3)         0.000000
fHS(1)        -0.000000   fHS(2)         0.000000   fHS(3)        -0.000000
fPR(1)         0.000000   fPR(2)         0.000000   fPR(3)         0.000000
fCG(1)         0.000000   fCG(2)         0.000000   fCG(3)         0.000000
fR(1)  -3.7660849e-009   fR(2)  -1.2741026e-009   fR(3)  -1.1726853e-007

 Moment Equilibrium    1003 
mMR(1)        -0.001313   mMR(2)        -0.002653   mMR(3)         0.000020
mTR(1)         0.000000   mTR(2)         0.000000   mTR(3)         0.000000
mFus(1)        0.000000   mFus(2)        0.002961   mFus(3)        0.000000
mFN(1)         0.000000   mFN(2)         0.000000   mFN(3)         0.000000
mHS(1)         0.000000   mHS(2)        -0.000000   mHS(3)         0.000000
mPR(1)         0.000000   mPR(2)         0.000000   mPR(3)         0.000000
mR(1)  -2.1184654e-009   mR(2)   6.5503099e-010   mR(3)   1.0413714e-010
QR  3.0595190e-010
mW  3.0879239e-004


=I=I=I=I=I= Iteration Results =I=I=I=I=I=
xMR    6.500    xcg    6.417    dxCG    0.083    iRigMR    0.0
cTs 0.08131   cT 0.00488   cLs 3.40723   cL 0.20443
aN     0.10938°    a1    0.05855°   b1    0.04693°
Br   aN     6.27°       a1    3.35°      b1    2.69°
716  aN     6.27°       a1    2.70°      b1    1.62°
mu  0.215868 lamD    0.02652    lamI    0.01128     mu*a1    0.01017     lamNf    0.01635
A1S   -0.00473°    B1S    0.06063°
A1S    -0.27°    B1S     3.47°    alfD     9.93°   alfaNf     7.23°   alSm    -0.78°
thtaN      3.60°    thtaTR    -0.04°
Trim   phi    -0.11°    thta    -4.47°
vBx    29.17    vBy    -0.01    vBz     5.56
fMR(1)             4.08   fMR(2)           -17.10   fMR(3)        -11039.79
fTR(1)             0.00   fTR(2)             0.00   fTR(3)             0.00
fPR(1)           362.50   fPR(2)             0.00   fPR(3)             0.00
fFus(1)        -1196.36   fFus(2)           -1.95   fFus(3)         -254.90
fFN(1)           -53.85   fFN(2)            40.32   fFN(3)             0.00
fHS(1)            -0.00   fHS(2)             0.00   fHS(3)            -0.00
fCG(1)           883.63   fCG(2)           -21.26   fCG(3)         11294.70
fWN(1)            -0.00   fWN(2)             0.00   fWN(3)            -0.00
fR(1)   1.2077143e-009   fR(2)   2.7620928e-010   fR(3)  -6.3411889e-008

Moment Equilibrium
mMR(1)           -28.67   mMR(2)          -287.25   mMR(3)             0.43
mTR(1)             0.00   mTR(2)             0.00   mTR(3)            -0.00
mPR(1)             0.00   mPR(2)            -0.00   mPR(3)             0.00
mFus(1)            0.00   mFus(2)          248.95   mFus(3)          155.42
mFN(1)            28.67   mFN(2)            38.30   mFN(3)          -155.85
mHS(1)             0.00   mHS(2)            -0.00   mHS(3)             0.00
mWN(1)             0.00   mWN(2)             0.00   mWN(3)             0.00
mR(1)   4.8047966e-010   mR(2)  -3.9732596e-009   mR(3)   6.4773076e-011
==x=x===x===x=x==
MR Fx     4.08    Fz -11039.79   thtaClmb   -15.27   torque     0.00
dxMR    0.0260  Fx/Fz   -0.0°        mu   0.21587   oM  23.6  n  225.0

=I=I=I=I=I= End Of Iteration Results =I=I=I=I=I=


         ### stability derivatives ###
 R ._. R ._. << RotaryWingSim Data >> ._. R ._. R

       u              w            q         oM
x   -0.079210     -0.031679     1.054703     0.011390
z   -0.033990     -1.014736     0.102001    -0.548391
m    0.002073      0.000309    -0.129946    -0.002637

      measured  data
       u                w              q
x   -0.090000       0.110000        0.092100
z    0.010000      -1.100000        0.140000
m    0.007000       0.005000       -0.025000

Q    0.000000      -0.000000        0.000000       -0.000000

Xu      -0.079210        -91.48
Xw      -0.031679        -36.58
Xq       1.054703       2861.20
Zu      -0.033990        -39.25
Zw      -1.014736      -1171.88
Zwd      0.000000          0.00
Zq       0.102001        276.71
Mu       0.002073          2.39
Mw       0.000309          0.36
Mwd      0.000000          0.00
Mq      -0.129946       -352.52

##### SP and PH Mode ----- approximation ###
----- Short Period Mode -----
omega SP         0.3507
zeta  SP         1.6320
re  -0.5723 +   0.4523
re  -0.5723 -   0.4523

----- Phugoid Mode -----
omega PH         0.4093
zeta  PH         0.4425
re  -0.1811 +  0.3671j
re  -0.1811 -  0.3671j

A          1.0000
B          1.5069
C          1.1144
D          0.3846
E          0.0892

##### SP and PH Mode from quartic #####
A        1.000         1.000
B        1.224         1.224
C        0.227         0.227
D        0.046         0.046
E        0.021         0.021

Routh D       -0.020

M thta        -0.000 

z1  -1.02810    0.00000j
z2  -0.31585    0.00000j
z3   0.06003    0.24419j
z4   0.06003   -0.24419j

       Short Period                Phugoid
1   1.97431  0.00000j        0.86827  0.00000j
2   0.08063  0.00000j       -1.42818  0.00000j
3   0.00793  0.00000j       -0.00893  0.00000j
4  -0.03376  0.00000j        0.02921  0.00000j


 M _ _ M _ _ << Measured Data >> _ _ M _ _ M
Xu      -0.090000       -103.94
Xw       0.110000        127.04
Xq       0.092100        249.85
Zu       0.010000         11.55
Zw      -1.100000      -1270.35
Zwd      0.000000          0.00
Zq       0.140000        379.79
Mu       0.007000          8.08
Mw       0.005000          5.77
Mwd      0.000000          0.00
Mq      -0.025000        -67.82

##### SP and PH Mode ----- approximation ###
----- Short Period Mode -----
negative oMg2_SP

----- Phugoid Mode -----
negative oMg2_PH

##### SP and PH Mode from quartic #####
A        1.000         1.000
B        1.215         1.215
C        0.038         0.038
D        0.096         0.096
E        0.076         0.076

Routh D       -0.117

M thta        -0.000 

z1  -1.20624    0.00000j
z2   0.18458    0.36429j
z3   0.18458   -0.36429j
z4  -0.37792    0.00000j

       Short Period                Phugoid
1   1.87149  0.00000j       -0.79844  0.00000j
2   0.00298  0.00000j       -0.55083  0.00000j
3   0.00834  0.00000j        0.01510  0.00000j
4  -0.05892  0.00000j       -0.03334  0.00000j


----- Phugoid Mode -----
omega PH         0.4084
zeta  PH         0.4520
period PH       17.2479
tHalf  PH        3.7552
N half PH        0.2177

----- Short Period Mode -----
omega SP         0.3779
zeta  SP        -1.0000
period SP   --------
tHalf  SP        1.8341
N half SP        0.0000

omega SP         1.2062
zeta  SP        -1.0000
period SP   --------
tHalf  SP        0.5746
N half SP        0.0000

dlc     6.41   dla    4.03   dle   -1.60      dlp    0.02      dlt    0.13
thtaN   3.60°   A1S  -0.27°   B1S   3.47°   thtaTR  -0.04°
TrimAC phi LFr      -0.11°    thta      -4.47°    psi       0.00°
