reading aircraft data from ./data/RotDatBensenB8M_a.dat
reading Flight Data from ./data/fDataBensenB8M_h1.flt
reading Rotor Data from ./data/fDataBensenB8M_h1.flt


    #### RotaryWingSim ####
rhoAir        1.2252 kg/m³
thtaN    2.50°   twist     1.50°
mHeli            65.00 lb

nRot      286.5 1/min    oM     30.00 rad/s
oMR       100.58 m/s     oMR   330.00 ft/s
aBlade          1.15 m^2

rRotTR       0.08 m
nRotTR       1662.7 1/min
oMTR    174.12
oMRTR   100.58 m/s    oMRTR   330.00 ft/s
sigmaTR   0.1783

Area Mrot      35.32 m^2
m blade         4.7 kg     estimated
I blade        28.2 kg*m^2
gamRot          3.5400
sigma           0.0325


Trim phi      -0.00°    thta       1.20°    psi       0.00°   
vH      10.02 mph     vV          0 fpm
cTs  0.020311     cT  0.0007     cT2sa  0.0074     cL  0.6640
m Heli      289.2 N      fpA        0.8 m^2           9.0 ft^2
Iyy Heli         870.8 kg*m^2
Coordintats x,z    [m]         [ft]
Rotor      :   0.18   0.97        0.60   3.19
Rudder     :   9.45   0.00       31.00   0.00
Fin        :   4.30   1.32       14.10   4.33
H-Stab     :   0.55  -0.30        1.82  -1.00
Wing       :   1.39  -0.00        4.55  -0.00
Propeller  :   0.55   0.00        1.82   0.00
### Var ###
mu             30.000  vFlight      8.9 kn
thtaClmb      -0.0000     -0.0000°
cTsReq    0.02031    cTReq    0.00066    cT2saReq    0.00739
alfaD     273.57°    thtaClmb      -0.00°    thtaTrim       1.20
trim iter 26     anorm 4.40196e-010

   deriv 3104
       u                w              q
x   -0.072758      0.060846     0.115177
z   -0.086702     -0.859960     0.194633
m    0.012818     -0.085016    -0.017973

 ====== u - derivatives ===== 
fMR(1)        -0.212553   fMR(2)         0.000883   fMR(3)        -1.216704
fTR(1)         0.000000   fTR(2)        -0.000000   fTR(3)         0.000000
fFus(1)       -0.166513   fFus(2)        0.000004   fFus(3)       -0.002205
fFN(1)        -0.009801   fFN(2)        -0.000005   fFN(3)         0.000000
fHS(1)        -0.007299   fHS(2)         0.000000   fHS(3)        -0.050301
fPR(1)         0.000000   fPR(2)         0.000000   fPR(3)         0.000000
fCG(1)         0.000000   fCG(2)         0.000000   fCG(3)         0.000000
fR(1)  -1.1694124e-009   fR(2)   4.3861172e-011   fR(3)  -3.7461172e-009

 Moment Equilibrium    1001 
mMR(1)         0.000009   mMR(2)        -0.000163   mMR(3)        -0.000002
mTR(1)         0.000000   mTR(2)         0.000000   mTR(3)         0.000000
mFus(1)        0.000000   mFus(2)        0.000000   mFus(3)        0.000063
mFN(1)        -0.000000   mFN(2)         0.000131   mFN(3)         0.000000
mHS(1)         0.000000   mHS(2)        -0.000304   mHS(3)         0.000000
mPR(1)         0.000000   mPR(2)         0.000000   mPR(3)         0.000000
mR(1)   1.5951857e-012   mR(2)  -9.8757984e-011   mR(3)  -3.8048670e-010
QR  2.2378780e-012
mU -3.3680816e-004

 ====== q - derivatives ===== 
fMR(1)         1.568211   fMR(2)        -0.569834   fMR(3)         0.382908
fTR(1)         0.000000   fTR(2)         0.000000   fTR(3)         0.000000
fFus(1)       -0.000218   fFus(2)        0.000000   fFus(3)        0.000092
fFN(1)         0.000000   fFN(2)         0.000000   fFN(3)         0.000000
fHS(1)         0.002148   fHS(2)         0.000000   fHS(3)        -0.132821
fPR(1)         0.000000   fPR(2)         0.000000   fPR(3)         0.000000
fCG(1)         0.000000   fCG(2)         0.000000   fCG(3)         0.000000
fR(1)   4.6280442e-009   fR(2)  -1.6388347e-009   fR(3)   7.3358869e-010

 Moment Equilibrium    1002 
mMR(1)        -0.005586   mMR(2)        -0.014667   mMR(3)         0.001052
mTR(1)         0.000000   mTR(2)         0.000000   mTR(3)         0.000000
mFus(1)        0.000000   mFus(2)        0.000000   mFus(3)        0.000000
mFN(1)         0.000000   mFN(2)         0.000000   mFN(3)         0.000000
mHS(1)         0.000000   mHS(2)        -0.000737   mHS(3)         0.000000
mPR(1)         0.000000   mPR(2)         0.000000   mPR(3)         0.000000
mR(1)  -1.6319317e-009   mR(2)  -4.4979221e-009   mR(3)  -9.1341323e-011
QR -1.0302864e-012

 ====== w - derivatives ===== 
fMR(1)        -0.569073   fMR(2)        -0.001058   fMR(3)        -4.006146
fTR(1)         0.000000   fTR(2)         0.000000   fTR(3)         0.000000
fFus(1)        0.053529   fFus(2)        0.000000   fFus(3)       -0.019462
fFN(1)         0.000000   fFN(2)         0.000000   fFN(3)         0.000000
fHS(1)         0.002140   fHS(2)         0.000000   fHS(3)        -0.132316
fPR(1)         0.000000   fPR(2)         0.000000   fPR(3)         0.000000
fCG(1)         0.000000   fCG(2)         0.000000   fCG(3)         0.000000
fR(1)  -1.5150744e-009   fR(2)   3.8144092e-011   fR(3)  -1.2263206e-008

 Moment Equilibrium    1003 
mMR(1)        -0.000010   mMR(2)        -0.001820   mMR(3)         0.000002
mTR(1)         0.000000   mTR(2)         0.000000   mTR(3)         0.000000
mFus(1)        0.000000   mFus(2)        0.000000   mFus(3)        0.000000
mFN(1)         0.000000   mFN(2)         0.000000   mFN(3)         0.000000
mHS(1)         0.000000   mHS(2)        -0.000735   mHS(3)         0.000000
mPR(1)         0.000000   mPR(2)         0.000000   mPR(3)         0.000000
mR(1)  -3.9408604e-012   mR(2)  -7.4621422e-010   mR(3)  -3.9802717e-010
QR  7.6092392e-012
mW -2.5543382e-003


=I=I=I=I=I= Iteration Results =I=I=I=I=I=
xMR    0.600    xcg    0.000    dxCG    0.600    iRigMR    8.7
cTs 0.06878   cT 0.00224   cLs 35.65557   cL 1.15971
aN     0.03416°    a1    0.00781°   b1    0.01297°
Br   aN     1.96°       a1    0.45°      b1    0.74°
716  aN     1.96°       a1    0.24°      b1    0.04°
mu  0.044331 lamD    0.02622    lamI    0.00747     mu*a1    0.00018     lamNf    0.02604
A1S   -0.00050°    B1S    0.01677°
A1S    -0.03°    B1S     0.96°    alfD    37.24°   alfaNf    37.00°   alSm    -0.73°
thtaN      1.30°    thtaTR    -8.20°
Trim   phi    -0.01°    thta   -11.66°
vBx     4.38    vBy     0.00    vBz    -0.90
fMR(1)           -45.64   fMR(2)             0.00   fMR(3)          -301.99
fTR(1)             0.00   fTR(2)             0.04   fTR(3)             0.00
fPR(1)             0.00   fPR(2)             0.00   fPR(3)             0.00
fFus(1)          -11.29   fFus(2)            0.00   fFus(3)            0.04
fFN(1)            -0.63   fFN(2)            -0.00   fFN(3)             0.00
fHS(1)            -0.90   fHS(2)             0.00   fHS(3)            18.68
fCG(1)            58.45   fCG(2)            -0.04   fCG(3)           283.27
fWN(1)            -0.00   fWN(2)             0.00   fWN(3)            -0.00
fR(1)  -2.6577986e-010   fR(2)   4.0797137e-011   fR(3)  -1.7102688e-009

Moment Equilibrium
mMR(1)             0.00   mMR(2)           -10.92   mMR(3)            -0.00
mTR(1)             0.00   mTR(2)             0.00   mTR(3)            -0.41
mPR(1)             0.00   mPR(2)            -0.00   mPR(3)             0.00
mFus(1)            0.00   mFus(2)           -0.00   mFus(3)            0.41
mFN(1)            -0.00   mFN(2)             0.84   mFN(3)             0.00
mHS(1)             0.00   mHS(2)            10.09   mHS(3)             0.00
mWN(1)             0.00   mWN(2)            -0.00   mWN(3)             0.00
mR(1)  -1.3653167e-012   mR(2)  -5.5164338e-012   mR(3)  -3.9851239e-010
==x=x===x===x=x==
MR Fx     0.57    Fz  -305.42   thtaClmb    -0.00   torque   102.04
dxMR    0.0362  Fx/Fz    8.6°        mu   0.04433   oM  30.0  n  286.5

=I=I=I=I=I= End Of Iteration Results =I=I=I=I=I=


         ### stability derivatives ###
 R ._. R ._. << RotaryWingSim Data >> ._. R ._. R

       u              w            q         oM
x   -0.396168     -0.513405     1.570138    -0.089685
z   -1.269203     -4.157918     0.250165    -0.578710
m   -0.000337     -0.002554    -0.015404    -0.000017

      measured  data
       u                w              q
x   -0.205000      -0.268000       -1.169000
z   -0.128000      -1.050000       -1.711500
m    0.021000      -0.084000       -2.055000

Q    0.000000      -0.000000        0.000000       -0.000000

Xu      -0.396168        -11.68
Xw      -0.513405        -15.14
Xq       1.570138       1367.29
Zu      -1.269203        -37.42
Zw      -4.157918       -122.59
Zwd      0.000000          0.00
Zq       0.250165        217.85
Mu      -0.000337         -0.01
Mw      -0.002554         -0.08
Mwd      0.000000          0.00
Mq      -0.015404        -13.41

##### SP and PH Mode ----- approximation ###
----- Short Period Mode -----
omega SP         0.2759
zeta  SP         7.5639
re  -2.0867 +   2.0683
re  -2.0867 -   2.0683

----- Phugoid Mode -----
omega PH         0.5007
zeta  PH        -0.3936
re   0.1971 +  0.4603j
re   0.1971 -  0.4603j

A          1.0000
B          3.7792
C          7.2380
D         -2.3562
E          2.1638

##### SP and PH Mode from quartic #####
A        1.000         1.000
B        4.569         4.569
C        1.078         1.078
D        0.013         0.013
E        0.018         0.018

Routh D       -0.313

M thta        -0.000 

z1  -4.32037    0.00000j
z2  -0.29131    0.00000j
z3   0.02109    0.11794j
z4   0.02109   -0.11794j

       Short Period                Phugoid
1  -0.82032  0.00000j        1.91354  0.00000j
2   1.30542  0.00000j       -0.57885  0.00000j
3   0.00234  0.00000j        0.00182  0.00000j
4  -0.00613  0.00000j       -0.05081  0.00000j


 M _ _ M _ _ << Measured Data >> _ _ M _ _ M
Xu      -0.205000         -6.04
Xw      -0.268000         -7.90
Xq      -1.169000      -1017.98
Zu      -0.128000         -3.77
Zw      -1.050000        -30.96
Zwd      0.000000          0.00
Zq      -1.711500      -1490.39
Mu       0.021000          0.62
Mw      -0.084000         -2.48
Mwd      0.000000          0.00
Mq      -2.055000      -1789.51

##### SP and PH Mode ----- approximation ###
----- Short Period Mode -----
omega SP         1.5458
zeta  SP         1.0044
re  -1.5525 +   0.1444
re  -1.5525 -   0.1444

----- Phugoid Mode -----
omega PH         0.2883
zeta  PH         0.0167
re  -0.0048 +  0.2882j
re  -0.0048 -  0.2882j

A          1.0000
B          3.1146
C          2.5441
D          0.2814
E          0.2020

##### SP and PH Mode from quartic #####
A        1.000         1.000
B        3.310         3.310
C        3.016         3.016
D        0.679         0.679
E        0.322         0.322

Routh D        2.794

M thta        -0.000 

z1  -1.73882    0.00000j
z2  -1.46340    0.00000j
z3  -0.05389    0.35150j
z4  -0.05389   -0.35150j

       Short Period                Phugoid
1  -1.99088  0.00000j       -0.02846  0.00000j
2   0.16715  0.00000j        0.03608  0.00000j
3  -0.02678  0.00000j        0.07002  0.00000j
4   0.02929  0.00000j       -0.03014  0.00000j

dlc     2.32   dla    4.41   dle   -5.06      dlp    9.36      dlt    0.00
thtaN   1.30°   A1S  -0.03°   B1S   0.96°   thtaTR  -8.20°
TrimAC phi LFr      -0.01°    thta     -11.66°    psi       0.00°
