reading aircraft data from ./data/RotDatPuma1b.dat
reading Flight Data from ./data/fDataPuma1b.flt
reading Rotor Data from ./data/fDataPuma1b.flt


#### RotaryWingSim ####
rhoAir          1.1562 kg/m°
thtaN    2.68°   twist   -10.88°
mHeli          12798.00 lb

nRot      260.0 1/min    oM     27.23 rad/s
oMR       204.33 m/s     oMR   670.36 ft/s
aBlade         16.21 m^2

rRotTR       1.30 m
nRotTR       1662.7 1/min
oMTR    174.12
oMRTR   204.33 m/s    oMRTR   670.36 ft/s
sigmaTR   0.2621

Area Mrot     176.93 m^2
m blade        90.7 kg
I blade      3892.9 kg*m^2
gamRot         12.2700
sigma           0.0916


Trim phi       0.00°    thta      -0.10°    psi      -0.10°   
vH      92.23 mph     vV          0 fpm
cTs   0.07276828     cT  0.0067     cT2sa  0.0253     cL  0.3268
m Heli    56948.7 N      fpA        1.7 m^2          18.3 ft^2
Iyy Heli       33283.3 kg*m^2
Coordintats x,z    [m]         [ft]
Rotor      :   0.13   2.07        0.43   6.79
Rudder     :   8.69   2.10       28.51   6.89
Fin        :   9.58   2.84       31.45   9.33
H-Stab     :   8.94   0.50       29.33   1.64
Wing       :  -4.56   0.00      -14.97   0.00
Propeller  :  -4.52  -0.05      -14.84  -0.15
### Var ###
mu             27.227  vFlight     82.0 kn
thtaClmb      -0.0000     -0.0000°
cTsReq    0.07277    cTReq    0.00667    cT2saReq    0.02532
alfaD     248.28°    thtaClmb      -0.00°    thtaTrim      -0.10
trim iter 30     anorm 7.37653e-011

 ====== u - derivatives ===== 
fMR(1)        -0.060628   fMR(2)         0.000236   fMR(3)         0.095543
fTR(1)         0.000000   fTR(2)        -0.000000   fTR(3)         0.000000
fFus(1)       -0.015522   fFus(2)       -0.000621   fFus(3)        0.012480
fFN(1)        -0.000041   fFN(2)         0.000051   fFN(3)         0.000000
fHS(1)        -0.000278   fHS(2)         0.000000   fHS(3)        -0.052513
fPR(1)         0.000000   fPR(2)         0.000000   fPR(3)         0.000000
fCG(1)         0.000000   fCG(2)         0.000000   fCG(3)         0.000000
fR(1)  -4.4377237e-008   fR(2)  -1.9053914e-010   fR(3)   3.2188201e-008

 Moment Equilibrium    1001 
mMR(1)        -0.011555   mMR(2)         0.076525   mMR(3)        -0.000005
mTR(1)        -0.000000   mTR(2)         0.000000   mTR(3)         0.000000
mFus(1)        0.000000   mFus(2)        0.000042   mFus(3)        0.002072
mFN(1)         0.000025   mFN(2)         0.000020   mFN(3)        -0.000085
mHS(1)         0.000000   mHS(2)        -0.081857   mHS(3)         0.000000
mPR(1)         0.000000   mPR(2)         0.000000   mPR(3)         0.000000
mR(1)  -3.8386418e-008   mR(2)  -1.7516425e-008   mR(3)   6.6172561e-009
QR  7.6397342e-014

 ====== q - derivatives ===== 
fMR(1)         0.377615   fMR(2)        -0.411499   fMR(3)         0.264095
fTR(1)         0.000000   fTR(2)         0.000000   fTR(3)         0.000000
fFus(1)       -0.000065   fFus(2)        0.000000   fFus(3)       -0.003013
fFN(1)         0.000000   fFN(2)         0.000000   fFN(3)         0.000000
fHS(1)         0.004568   fHS(2)         0.000000   fHS(3)        -1.012016
fPR(1)         0.000000   fPR(2)         0.000000   fPR(3)         0.000000
fCG(1)         0.000000   fCG(2)         0.000000   fCG(3)         0.000000
fR(1)   2.2184005e-007   fR(2)  -2.3887924e-007   fR(3)  -4.3596146e-007

 Moment Equilibrium    1002 
mMR(1)         1.597653   mMR(2)        -2.584450   mMR(3)         0.009407
mTR(1)         0.000000   mTR(2)         0.000000   mTR(3)         0.000000
mFus(1)        0.000000   mFus(2)       -0.003762   mFus(3)        0.000000
mFN(1)         0.000000   mFN(2)         0.000000   mFN(3)         0.000000
mHS(1)         0.000000   mHS(2)        -1.578381   mHS(3)         0.000000
mPR(1)         0.000000   mPR(2)         0.000000   mPR(3)         0.000000
mR(1)   5.3175102e-006   mR(2)  -1.3867791e-005   mR(3)   3.1329364e-008
QR -1.2452533e-012

 ====== w - derivatives ===== 
fMR(1)         0.132088   fMR(2)         0.025356   fMR(3)        -0.673216
fTR(1)         0.000000   fTR(2)         0.000000   fTR(3)         0.000000
fFus(1)       -0.005543   fFus(2)        0.000000   fFus(3)       -0.249959
fFN(1)         0.000000   fFN(2)         0.000000   fFN(3)         0.000000
fHS(1)         0.000574   fHS(2)         0.000000   fHS(3)        -0.094426
fPR(1)         0.000000   fPR(2)         0.000000   fPR(3)         0.000000
fCG(1)         0.000000   fCG(2)         0.000000   fCG(3)         0.000000
fR(1)   7.3809780e-008   fR(2)   1.4722900e-008   fR(3)  -5.9077201e-007

 Moment Equilibrium    1003 
mMR(1)        -0.083504   mMR(2)         0.030644   mMR(3)        -0.000580
mTR(1)         0.000000   mTR(2)         0.000000   mTR(3)         0.000000
mFus(1)        0.000000   mFus(2)        0.001668   mFus(3)        0.000000
mFN(1)         0.000000   mFN(2)         0.000000   mFN(3)         0.000000
mHS(1)         0.000000   mHS(2)        -0.147284   mHS(3)         0.000000
mPR(1)         0.000000   mPR(2)         0.000000   mPR(3)         0.000000
mR(1)  -2.7793951e-007   mR(2)  -3.8264040e-007   mR(3)  -1.9088020e-009
QR  2.0178711e-012


=I=I=I=I=I= Iteration Results =I=I=I=I=I=
xMR   15.400    xcg   14.970    dxCG    0.430    iRigMR  -15.2
cTs 0.12863   cT 0.01179   cLs 6.46797   cL 0.59270
aN     0.21021°    a1    0.09237°   b1    0.07518°
Br   aN    12.04°       a1    5.29°      b1    4.31°
716  aN    12.04°       a1    3.28°      b1    1.43°
mu  0.198644 lamD    0.01166    lamI    0.01431     mu*a1    0.01137     lamNf    0.00029
A1S    0.02175°    B1S    0.01664°
A1S     1.25°    B1S     0.95°    alfD     7.45°   alfaNf     4.17°   alSm     2.33°
thtaN     15.69°    thtaTR     0.07°
Trim   phi    -2.26°    thta     6.93°
vBx    40.82    vBy    -0.12    vBz     4.96
fMR(1)          8910.79   fMR(2)          2247.93   fMR(3)        -49294.03
fTR(1)             0.00   fTR(2)           118.04   fTR(3)             0.00
fPR(1)             0.00   fPR(2)             0.00   fPR(3)             0.00
fFus(1)        -1935.07   fFus(2)         -147.13   fFus(3)        -2874.84
fFN(1)            -4.76   fFN(2)            12.09   fFN(3)             0.00
fHS(1)           -95.91   fHS(2)             0.00   fHS(3)         -4319.33
fCG(1)         -6875.05   fCG(2)         -2230.93   fCG(3)         56488.20
fWN(1)            -0.00   fWN(2)             0.00   fWN(3)            -0.00
fR(1)   1.0401501e-007   fR(2)   1.3566023e-008   fR(3)  -3.5934563e-007

Moment Equilibrium
mMR(1)          -282.28   mMR(2)         38357.73   mMR(3)          -294.62
mTR(1)           247.88   mTR(2)             0.00   mTR(3)         -1025.71
mPR(1)             0.00   mPR(2)            -0.00   mPR(3)             0.00
mFus(1)            0.00   mFus(2)          194.62   mFus(3)         1436.24
mFN(1)            34.40   mFN(2)            13.54   mFN(3)          -115.90
mHS(1)             0.00   mHS(2)        -38565.89   mHS(3)             0.00
mWN(1)             0.00   mWN(2)             0.00   mWN(3)             0.00
mR(1)   1.0622196e-007   mR(2)   6.1942439e-008   mR(3)  -1.7571438e-009
==x=x===x===x=x==
MR Fx -4325.30    Fz -49905.86   thtaClmb    -0.00   torque 22046.11
dxMR    0.5053  Fx/Fz  -10.2°        mu   0.19864   oM  27.2  n  260.0

=I=I=I=I=I= End Of Iteration Results =I=I=I=I=I=


 R ._. R ._. << RotaryWingSim Data >> ._. R ._. R
              ### stability derivatives ###

       u              w            q         oM
x   -0.076470      0.127119     0.382116     0.179150
z    0.055511     -1.017601    -0.750924    -0.618946
m   -0.000702     -0.015320    -0.555212     0.002479

      measured  data
       u                w              q
x   -0.027500       0.005000        0.092100
z   -0.025000      -0.900000        0.140000
m    0.008000       0.005000       -0.750000

Q    0.000000      -0.000000        0.000000       -0.000000

Xu      -0.076470       -443.92
Xw       0.127119        737.95
Xq       0.382116      12718.09
Zu       0.055511        322.25
Zw      -1.017601      -5907.35
Zwd      0.000000          0.00
Zq      -0.750924     -24993.27
Mu      -0.000702         -4.08
Mw      -0.015320        -88.94
Mwd      0.000000          0.00
Mq      -0.555212     -18479.30

##### SP and PH Mode ----- approximation ###
----- Short Period Mode -----
omega SP         1.0879
zeta  SP         0.7229
re  -0.7864 +  0.7517j
re  -0.7864 -  0.7517j

----- Phugoid Mode -----
negative oMg2_PH

##### SP and PH Mode from quartic #####
A        1.000         1.000
B        1.649         1.649
C        1.297         1.297
D        0.084         0.084
E       -0.015        -0.015

Routh D        0.214

M thta        -0.000 

z1  -0.78009   -0.74998j
z2  -0.78009    0.74998j
z3  -0.16742    0.00000j
z4   0.07831   -0.00000j

       Short Period                Phugoid
1   0.16796 -0.00000j        1.99979  0.00000j
2   1.97154  0.00000j       -0.00200 -0.00000j
3   0.01137  0.00000j       -0.00276 -0.00000j
4   0.01614 -0.00000j       -0.00664 -0.00000j

