reading aircraft data from ./data/RotDatBensenB8M_a.dat
reading Flight Data from ./data/fDataBensenB8M_a.flt
reading Rotor Data from ./data/fDataBensenB8M_a.flt


    #### RotaryWingSim ####
rhoAir        1.2252 kg/m³
thtaN    2.50°   twist     1.50°
mHeli           500.00 lb
aBlade          1.15 m^2

rRotTR       0.08 m
nRotTR       1662.7 1/min
oMTR    174.12
oMRTR   124.05 m/s    oMRTR   407.00 ft/s
sigmaTR   0.1783

Area Mrot      35.32 m^2
m blade         4.7 kg     estimated
I blade        28.2 kg*m^2
gamRot          3.5400
sigma           0.0325


Trim phi      -0.00°    thta       1.20°    psi       0.00°   
vH      40.10 mph     vV          0 fpm
cTs  0.102711     cT  0.0033     cT2sa  0.0373     cL  0.3192
m Heli     2224.9 N      fpA        0.8 m^2           9.0 ft^2
Iyy Heli         870.8 kg*m^2
Coordintats x,z    [m]         [ft]
Rotor      :   0.18   0.97        0.60   3.19
Rudder     :   9.45   0.00       31.00   0.00
Fin        :   4.30   1.32       14.10   4.33
H-Stab     :   0.55  -0.30        1.82  -1.00
Wing       :   1.39  -0.00        4.55  -0.00
Propeller  :   0.55   0.00        1.82   0.00
### Var ###
mu             37.000  vFlight     35.7 kn
thtaClmb      -0.0000     -0.0000°
cTsReq    0.10271    cTReq    0.00334    cT2saReq    0.03735
alfaD     337.40°    thtaClmb      -0.00°    thtaTrim       1.20
trim iter 24     anorm 2.89089e-010

   deriv 3104
       u                w              q
x   -0.195710     -0.316652     0.508685
z    0.001612     -1.094015     0.684142
m    0.050591      0.116348    -0.172040

 ====== u - derivatives ===== 
fMR(1)        -0.063102   fMR(2)        -0.000230   fMR(3)        -0.229900
fTR(1)         0.000000   fTR(2)         0.000000   fTR(3)         0.000000
fFus(1)       -0.087685   fFus(2)        0.000002   fFus(3)       -0.002398
fFN(1)        -0.004975   fFN(2)         0.000821   fFN(3)         0.000000
fHS(1)        -0.002267   fHS(2)         0.000000   fHS(3)        -0.002050
fPR(1)        -0.037329   fPR(2)         0.000000   fPR(3)         0.000000
fCG(1)         0.000000   fCG(2)         0.000000   fCG(3)         0.000000
fR(1)  -4.4479519e-009   fR(2)  -9.3998143e-012   fR(3)  -5.1908778e-009

 Moment Equilibrium    1001 
mMR(1)        -0.000058   mMR(2)         0.005003   mMR(3)         0.000011
mTR(1)         0.000000   mTR(2)         0.000000   mTR(3)         0.000000
mFus(1)        0.000000   mFus(2)        0.000000   mFus(3)        0.000864
mFN(1)         0.000282   mFN(2)         0.001711   mFN(3)        -0.000919
mHS(1)         0.000000   mHS(2)        -0.000476   mHS(3)         0.000000
mPR(1)         0.000000   mPR(2)         0.000012   mPR(3)         0.000000
mR(1)  -1.1615153e-011   mR(2)   4.3078717e-010   mR(3)   1.0735235e-010
QR  3.0007107e-011
mU  6.2507729e-003

 ====== q - derivatives ===== 
fMR(1)         1.564668   fMR(2)        -0.332039   fMR(3)        -0.135502
fTR(1)         0.000000   fTR(2)         0.000000   fTR(3)         0.000000
fFus(1)       -0.004298   fFus(2)        0.000000   fFus(3)        0.000109
fFN(1)         0.000000   fFN(2)         0.000000   fFN(3)         0.000000
fHS(1)         0.000264   fHS(2)         0.000000   fHS(3)        -0.015536
fPR(1)         0.000000   fPR(2)         0.000000   fPR(3)         0.000000
fCG(1)         0.000000   fCG(2)         0.000000   fCG(3)         0.000000
fR(1)   3.5377893e-008   fR(2)  -7.5534881e-009   fR(3)  -3.2991073e-009

 Moment Equilibrium    1002 
mMR(1)        -0.083952   mMR(2)        -0.402065   mMR(3)         0.015815
mTR(1)         0.000000   mTR(2)         0.000000   mTR(3)         0.000000
mFus(1)        0.000000   mFus(2)        0.000000   mFus(3)        0.000000
mFN(1)         0.000000   mFN(2)         0.000000   mFN(3)         0.000000
mHS(1)         0.000000   mHS(2)        -0.002224   mHS(3)         0.000000
mPR(1)         0.000000   mPR(2)         0.000000   mPR(3)         0.000000
mR(1)  -7.3418089e-009   mR(2)  -3.5319306e-008   mR(3)   1.4884352e-009
QR -1.2541377e-011

 ====== w - derivatives ===== 
fMR(1)        -0.180819   fMR(2)        -0.002335   fMR(3)        -0.950879
fTR(1)         0.000000   fTR(2)         0.000000   fTR(3)         0.000000
fFus(1)       -0.055431   fFus(2)        0.000000   fFus(3)       -0.001186
fFN(1)         0.000000   fFN(2)         0.000000   fFN(3)         0.000000
fHS(1)         0.000470   fHS(2)         0.000000   fHS(3)        -0.027673
fPR(1)         0.000000   fPR(2)         0.000000   fPR(3)         0.000000
fCG(1)         0.000000   fCG(2)         0.000000   fCG(3)         0.000000
fR(1)  -5.3647388e-009   fR(2)  -7.5811357e-011   fR(3)  -2.2096543e-008

 Moment Equilibrium    1003 
mMR(1)        -0.000590   mMR(2)         0.000426   mMR(3)         0.000111
mTR(1)         0.000000   mTR(2)         0.000000   mTR(3)         0.000000
mFus(1)        0.000000   mFus(2)        0.000000   mFus(3)        0.000000
mFN(1)         0.000000   mFN(2)         0.000000   mFN(3)         0.000000
mHS(1)         0.000000   mHS(2)        -0.003961   mHS(3)         0.000000
mPR(1)         0.000000   mPR(2)         0.000000   mPR(3)         0.000000
mR(1)  -8.2570395e-011   mR(2)  -4.2131841e-010   mR(3)   1.2091750e-010
QR  1.1070011e-010
mW -3.5346018e-003


=I=I=I=I=I= Iteration Results =I=I=I=I=I=
xMR    0.600    xcg    0.000    dxCG    0.600    iRigMR    8.7
cTs 0.07946   cT 0.00258   cLs 9.70502   cL 0.31566
aN     0.04010°    a1    0.03043°   b1    0.02168°
Br   aN     2.30°       a1    1.74°      b1    1.24°
716  aN     2.30°       a1    1.53°      b1    0.35°
mu  0.122488 lamD    0.02307    lamI    0.01043     mu*a1    0.00327     lamNf    0.01980
A1S   -0.00202°    B1S    0.01082°
A1S    -0.12°    B1S     0.62°    alfD    15.30°   alfaNf    13.77°   alSm     0.91°
thtaN      2.50°    thtaTR    -0.02°
Trim   phi     0.02°    thta     5.85°
vBx    17.78    vBy     0.00    vBz     1.82
fMR(1)          -403.64   fMR(2)            -2.25   fMR(3)         -2212.29
fTR(1)             0.00   fTR(2)            -0.00   fTR(3)             0.00
fPR(1)           853.91   fPR(2)             0.00   fPR(3)             0.00
fFus(1)         -208.86   fFus(2)            0.01   fFus(3)           -4.62
fFN(1)           -10.04   fFN(2)             1.65   fFN(3)             0.00
fHS(1)            -4.72   fHS(2)             0.00   fHS(3)             3.58
fCG(1)          -226.66   fCG(2)             0.59   fCG(3)          2213.33
fWN(1)            -0.00   fWN(2)             0.00   fWN(3)            -0.00
fR(1)  -1.2470163e-009   fR(2)  -2.8999469e-011   fR(3)  -7.1576393e-009

Moment Equilibrium
mMR(1)            -2.18   mMR(2)           -12.73   mMR(3)             0.41
mTR(1)            -0.00   mTR(2)             0.00   mTR(3)             0.00
mPR(1)             0.00   mPR(2)            -1.07   mPR(3)             0.00
mFus(1)            0.00   mFus(2)            0.00   mFus(3)            6.69
mFN(1)             2.18   mFN(2)            13.25   mFN(3)            -7.10
mHS(1)             0.00   mHS(2)             0.55   mHS(3)             0.00
mWN(1)             0.00   mWN(2)            -0.00   mWN(3)             0.00
mR(1)  -3.7125858e-011   mR(2)  -3.2395796e-010   mR(3)   1.1235723e-010
==x=x===x===x=x==
MR Fx   -64.37    Fz -2247.89   thtaClmb    -0.00   torque     0.00
dxMR    0.0058  Fx/Fz   10.3°        mu   0.12249   oM  42.3  n  403.5

=I=I=I=I=I= End Of Iteration Results =I=I=I=I=I=


         ### stability derivatives ###
 R ._. R ._. << RotaryWingSim Data >> ._. R ._. R

       u              w            q         oM
x   -0.195358     -0.235781     1.560632    -0.054223
z   -0.234332     -0.979732    -0.150921    -0.321050
m    0.006251     -0.003535    -0.404288    -0.002417

      measured  data
       u                w              q
x   -0.205000      -0.268000       -1.169000
z   -0.128000      -1.050000       -1.711500
m    0.021000      -0.084000       -2.055000

Q    0.000000      -0.000000        0.000000       -0.000000

Xu      -0.195358        -44.31        -13.50
Xw      -0.235781        -53.48        -16.30
Xq       1.560632       1359.01       1834.67
Zu      -0.234332        -53.15        -16.20
Zw      -0.979732       -222.20        -67.73
Zwd      0.000000          0.00          0.00
Zq      -0.150921       -131.42       -177.42
Mu       0.006251          1.42          0.43
Mw      -0.003535         -0.80         -0.24
Mwd      0.000000          0.00          0.00
Mq      -0.404288       -352.06       -475.28

##### SP and PH Mode ----- approximation ###
----- Short Period Mode -----
omega SP         0.6773
zeta  SP         1.0217
re  -0.6920 +  0.1419j
re  -0.6920 -  0.1419j

----- Phugoid Mode -----
omega PH         0.3839
zeta  PH         0.2594
re  -0.0996 +  0.3708j
re  -0.0996 -  0.3708j

##### SP and PH Mode from quartic 3104 #####
quartic coefficients
A        1.000
B        1.579
C        0.664
D        0.144
E        0.068

Routh D       -0.040

M thta         0.000 

z1  -0.97755    0.00000j
z2  -0.65024    0.00000j
z3   0.02421    0.32666j
z4   0.02421   -0.32666j

       Short Period                Phugoid
 0.01725    0.31767j
 0.01725   -0.31767j
-0.80694    0.15067j
-0.80694   -0.15067j

-0.97755   
-0.65024   
 0.02421    0.32666j
 0.02421   -0.32666j
1  -1.98227  0.00000j       -0.21877  0.00000j
2   0.16444  0.00000j        1.95350  0.00000j
3  -0.02040  0.00000j        0.01615  0.00000j
4   0.03972  0.00000j       -0.01671  0.00000j


----- Phugoid Mode -----
omega PH         0.8209
zeta  PH         0.9830
fhi  PH        10.5761
period PH       41.7024
tHalf  PH        0.8590
N half PH        0.0206

 M _ _ M _ _ << Measured Data >> _ _ M _ _ M
Xu      -0.205000        -46.49        -14.17
Xw      -0.268000        -60.78        -18.53
Xq      -1.169000      -1017.98      -1374.27
Zu      -0.128000        -29.03         -8.85
Zw      -1.050000       -238.14        -72.59
Zwd      0.000000          0.00          0.00
Zq      -1.711500      -1490.39      -2012.03
Mu       0.021000          4.76          1.45
Mw      -0.084000        -19.05         -5.81
Mwd      0.000000          0.00          0.00
Mq      -2.055000      -1789.51      -2415.84

##### SP and PH Mode ----- approximation ###
----- Short Period Mode -----
omega SP         1.8750
zeta  SP         0.8280
re  -1.5525 +  1.0514j
re  -1.5525 -  1.0514j

----- Phugoid Mode -----
omega PH         0.2877
zeta  PH         0.4061
re  -0.1168 +  0.2629j
re  -0.1168 -  0.2629j

##### SP and PH Mode from quartic 3104 #####
quartic coefficients
A        1.000
B        3.310
C        4.142
D        0.986
E        0.322

Routh D        9.017

M thta         0.000 

z1  -1.55363    1.00230j
z2  -1.55363   -1.00230j
z3  -0.10137    0.28958j
z4  -0.10137   -0.28958j

       Short Period                Phugoid
-0.09730    0.28819j
-0.09730   -0.28819j
-1.55770    1.02546j
-1.55770   -1.02546j

-1.55363    1.00230j
-1.55363   -1.00230j
-0.10137    0.28958j
-0.10137   -0.28958j
1  -1.99803  0.00000j        0.34214  0.00000j
2  -0.04695  0.00000j        1.96233  0.00000j
3  -0.01923  0.00000j       -0.05892  0.00000j
4   0.02423  0.00000j        0.06329  0.00000j


----- Phugoid Mode -----
omega PH         1.8649
zeta  PH         0.8353
fhi  PH        33.3577
period PH        6.1272
tHalf  PH        0.4450
N half PH        0.0726
trim iter 24     anorm 2.90331e-010
trim iter 24     anorm 2.89852e-010
trim iter 24     anorm 2.89090e-010
dlc     4.45   dla    4.27   dle   -5.53      dlp    0.01      dlt    0.71
thtaN   2.50°   A1S  -0.12°   B1S   0.62°   thtaTR  -0.02°
TrimAC phi LFr       0.02°    thta       5.85°    psi       0.00°
