reading aircraft data from ./data/RotDatR4B_1a.dat
reading Flight Data from ./data/fDataR4B_no12.flt
reading Rotor Data from ./data/fDataR4B_no12.flt


    #### RotaryWingSim ####
rhoAir        1.1504 kg/m³
thtaN    2.68°   twist     0.00°
mHeli          2546.00 lb

nRot      223.0 1/min    oM     23.35 rad/s
oMR       135.24 m/s     oMR   443.70 ft/s
aBlade          6.32 m^2

rRotTR       1.91 m
nRotTR       1662.7 1/min
oMTR    174.12
oMRTR   135.24 m/s    oMRTR   443.70 ft/s
sigmaTR   0.0173

Area Mrot     105.36 m^2
m blade         5.4 kg
I blade        60.9 kg*m^2 estimated
gamRot         10.0000
sigma           0.0600


Trim phi       0.00°    thta      -2.40°    psi       0.00°   
vH      52.73 mph     vV       1306 fpm
cTs  0.085099     cT  0.0051     cT2sa  0.0297     cL  0.3106
m Heli    11329.2 N      fpA        2.1 m^2          23.0 ft^2
Iyy Heli        2712.8 kg*m^2
Coordintats x,z    [m]         [ft]
Rotor      :   0.04   1.68        0.12   5.50
Rudder     :   7.50   1.52       24.62   5.00
Fin        :   3.88   0.71       12.72   2.33
H-Stab     :   4.06   0.02       13.32   0.06
Wing       :  -1.95   0.00       -6.38   0.00
Propeller  :  -0.81   0.00       -2.66   0.00
### Var ###
mu             23.353  vFlight     48.7 kn
thtaClmb      -0.2751    -15.7594°
cTsReq    0.08510    cTReq    0.00511    cT2saReq    0.02970
alfaD   12776.96°    thtaClmb     -15.76°    thtaTrim      -2.40
trim iter 32     anorm 9.52731e-010

   deriv 3104
       u                w              q
x   -0.116090     -0.178453     0.167980
z   -0.255024     -1.087194     0.352217
m    0.040419      0.080488    -0.058042

 ====== u - derivatives ===== 
fMR(1)        -0.022361   fMR(2)         0.000379   fMR(3)        -0.042606
fTR(1)         0.000000   fTR(2)        -0.000000   fTR(3)         0.000000
fFus(1)       -0.054693   fFus(2)       -0.000003   fFus(3)       -0.008932
fFN(1)        -0.003505   fFN(2)         0.000002   fFN(3)         0.000000
fHS(1)        -0.000000   fHS(2)         0.000000   fHS(3)        -0.000000
fPR(1)         0.000000   fPR(2)         0.000000   fPR(3)         0.000000
fCG(1)         0.000000   fCG(2)         0.000000   fCG(3)         0.000000
fR(1)  -9.3032527e-009   fR(2)   1.5387558e-010   fR(3)  -5.9507224e-009

 Moment Equilibrium    1001 
mMR(1)         0.000047   mMR(2)         0.002644   mMR(3)        -0.000001
mTR(1)        -0.000000   mTR(2)         0.000000   mTR(3)         0.000000
mFus(1)        0.000000   mFus(2)        0.000131   mFus(3)        0.000556
mFN(1)         0.000000   mFN(2)         0.000183   mFN(3)        -0.000000
mHS(1)         0.000000   mHS(2)        -0.000000   mHS(3)         0.000000
mPR(1)         0.000000   mPR(2)         0.000000   mPR(3)         0.000000
mR(1)   2.4152413e-010   mR(2)   4.6486412e-009   mR(3)   4.6497917e-011
QR  2.4578359e-011
mU  2.9588884e-003

 ====== q - derivatives ===== 
fMR(1)         1.010434   fMR(2)        -0.545018   fMR(3)         0.128793
fTR(1)         0.000000   fTR(2)         0.000000   fTR(3)         0.000000
fFus(1)       -0.008736   fFus(2)        0.000000   fFus(3)       -0.002993
fFN(1)         0.000000   fFN(2)         0.000000   fFN(3)         0.000000
fHS(1)         0.000000   fHS(2)         0.000000   fHS(3)        -0.000000
fPR(1)         0.000000   fPR(2)         0.000000   fPR(3)         0.000000
fCG(1)         0.000000   fCG(2)         0.000000   fCG(3)         0.000000
fR(1)   1.1568315e-007   fR(2)  -6.2832056e-008   fR(3)   1.4529279e-008

 Moment Equilibrium    1002 
mMR(1)        -0.067164   mMR(2)        -0.124181   mMR(3)         0.001425
mTR(1)         0.000000   mTR(2)         0.000000   mTR(3)         0.000000
mFus(1)        0.000000   mFus(2)        0.000629   mFus(3)        0.000000
mFN(1)         0.000000   mFN(2)         0.000000   mFN(3)         0.000000
mHS(1)         0.000000   mHS(2)        -0.000000   mHS(3)         0.000000
mPR(1)         0.000000   mPR(2)         0.000000   mPR(3)         0.000000
mR(1)  -1.0534843e-007   mR(2)  -1.9410509e-007   mR(3)   1.4126442e-009
QR -4.1290516e-011

 ====== w - derivatives ===== 
fMR(1)        -0.011087   fMR(2)        -0.007940   fMR(3)        -0.979864
fTR(1)         0.000000   fTR(2)         0.000000   fTR(3)         0.000000
fFus(1)       -0.049743   fFus(2)        0.000000   fFus(3)       -0.012527
fFN(1)         0.000000   fFN(2)         0.000000   fFN(3)         0.000000
fHS(1)         0.000000   fHS(2)         0.000000   fHS(3)        -0.000000
fPR(1)         0.000000   fPR(2)         0.000000   fPR(3)         0.000000
fCG(1)         0.000000   fCG(2)         0.000000   fCG(3)         0.000000
fR(1)  -7.0247411e-009   fR(2)  -8.0674889e-010   fR(3)  -1.1460624e-007

 Moment Equilibrium    1003 
mMR(1)        -0.000978   mMR(2)        -0.001195   mMR(3)         0.000021
mTR(1)         0.000000   mTR(2)         0.000000   mTR(3)         0.000000
mFus(1)        0.000000   mFus(2)        0.003580   mFus(3)        0.000000
mFN(1)         0.000000   mFN(2)         0.000000   mFN(3)         0.000000
mHS(1)         0.000000   mHS(2)        -0.000000   mHS(3)         0.000000
mPR(1)         0.000000   mPR(2)         0.000000   mPR(3)         0.000000
mR(1)  -1.3692016e-009   mR(2)   3.7466996e-009   mR(3)  -7.9297990e-010
QR  2.7413446e-010
mW  2.3847828e-003


=I=I=I=I=I= Iteration Results =I=I=I=I=I=
xMR    6.500    xcg    6.383    dxCG    0.117    iRigMR    0.0
cTs 0.08652   cT 0.00519   cLs 5.23879   cL 0.31433
aN     0.11866°    a1    0.05258°   b1    0.04566°
Br   aN     6.80°       a1    3.01°      b1    2.62°
716  aN     6.80°       a1    2.45°      b1    1.41°
mu  0.179255 lamD    0.01997    lamI    0.01229     mu*a1    0.00766     lamNf    0.01231
A1S   -0.00661°    B1S    0.05416°
A1S    -0.38°    B1S     3.10°    alfD    10.20°   alfaNf     7.75°   alSm    -0.66°
thtaN      4.36°    thtaTR     0.43°
Trim   phi    -0.01°    thta    -5.59°
vBx    24.04    vBy    -0.00    vBz     4.31
fMR(1)           -63.78   fMR(2)           -12.79   fMR(3)        -11083.38
fTR(1)             0.00   fTR(2)            14.05   fTR(3)             0.00
fPR(1)             0.00   fPR(2)             0.00   fPR(3)             0.00
fFus(1)         -992.04   fFus(2)           -0.07   fFus(3)         -191.89
fFN(1)           -48.66   fFN(2)             0.04   fFN(3)             0.00
fHS(1)            -0.00   fHS(2)             0.00   fHS(3)             0.00
fCG(1)          1104.48   fCG(2)            -1.23   fCG(3)         11275.27
fWN(1)            -0.00   fWN(2)             0.00   fWN(3)            -0.00
fR(1)   1.4169614e-009   fR(2)   1.2489343e-010   fR(3)  -6.9280657e-008

Moment Equilibrium
mMR(1)           -21.44   mMR(2)          -287.21   mMR(3)             0.45
mTR(1)            21.41   mTR(2)             0.00   mTR(3)          -105.41
mPR(1)             0.00   mPR(2)            -0.00   mPR(3)             0.00
mFus(1)            0.00   mFus(2)          252.60   mFus(3)          105.12
mFN(1)             0.03   mFN(2)            34.60   mFN(3)            -0.17
mHS(1)             0.00   mHS(2)             0.00   mHS(3)             0.00
mWN(1)             0.00   mWN(2)             0.00   mWN(3)             0.00
mR(1)   1.9260682e-010   mR(2)  -5.4772749e-009   mR(3)  -8.2610541e-010
==x=x===x===x=x==
MR Fx   -63.78    Fz -11083.38   thtaClmb   -15.76   torque   207.56
dxMR    0.0259  Fx/Fz    0.3°        mu   0.17925   oM  23.4  n  223.0

=I=I=I=I=I= End Of Iteration Results =I=I=I=I=I=


         ### stability derivatives ###
 R ._. R ._. << RotaryWingSim Data >> ._. R ._. R

       u              w            q         oM
x   -0.080561     -0.060831     1.001699     0.012266
z   -0.051536     -0.992386     0.125801    -0.599911
m    0.002959      0.002385    -0.123552    -0.003486

      measured  data
       u                w              q
x   -0.090000       0.110000        0.092100
z    0.010000      -1.100000        0.140000
m    0.007000       0.005000       -0.025000

Q    0.000000      -0.000000        0.000000       -0.000000

Xu      -0.080561        -93.04
Xw      -0.060831        -70.25
Xq       1.001699       2717.41
Zu      -0.051536        -59.52
Zw      -0.992386      -1146.07
Zwd      0.000000          0.00
Zq       0.125801        341.27
Mu       0.002959          3.42
Mw       0.002385          2.75
Mwd      0.000000          0.00
Mq      -0.123552       -335.17

##### SP and PH Mode ----- approximation ###
----- Short Period Mode -----
omega SP         0.2574
zeta  SP         2.1678
re  -0.5580 +   0.4951
re  -0.5580 -   0.4951

----- Phugoid Mode -----
omega PH         0.6472
zeta  PH         0.6015
re  -0.3893 +  0.5170j
re  -0.3893 -  0.5170j

A          1.0000
B          1.8945
C          1.8441
D          0.9006
E          0.2331

##### SP and PH Mode from quartic #####
A        1.000         1.000
B        1.196         1.196
C        0.170         0.170
D        0.054         0.054
E        0.028         0.028

Routh D       -0.031

M thta        -0.000 

z1  -1.06158    0.00000j
z2  -0.31416    0.00000j
z3   0.08962    0.27336j
z4   0.08962   -0.27336j

       Short Period                Phugoid
1   0.91421  0.00000j        1.90457  0.00000j
2  -0.99097  0.16239j       -0.38813 -0.16239j
3   0.00709  0.00736j       -0.00500 -0.00736j
4  -0.02223  0.02225j        0.01004 -0.02225j


 M _ _ M _ _ << Measured Data >> _ _ M _ _ M
Xu      -0.090000       -103.94
Xw       0.110000        127.04
Xq       0.092100        249.85
Zu       0.010000         11.55
Zw      -1.100000      -1270.35
Zwd      0.000000          0.00
Zq       0.140000        379.79
Mu       0.007000          8.08
Mw       0.005000          5.77
Mwd      0.000000          0.00
Mq      -0.025000        -67.82

##### SP and PH Mode ----- approximation ###
----- Short Period Mode -----
negative oMg2_SP

----- Phugoid Mode -----
negative oMg2_PH

##### SP and PH Mode from quartic #####
A        1.000         1.000
B        1.215         1.215
C        0.055         0.055
D        0.093         0.093
E        0.076         0.076

Routh D       -0.115

M thta        -0.000 

z1  -1.18911    0.00000j
z2   0.18100    0.36341j
z3   0.18100   -0.36341j
z4  -0.38789    0.00000j

       Short Period                Phugoid
1  -1.90840  0.00000j       -0.82431  0.00000j
2  -0.02768  0.00000j       -0.60087  0.00000j
3  -0.00978  0.00000j        0.01598  0.00000j
4   0.05893  0.00000j       -0.03476  0.00000j


----- Phugoid Mode -----
omega PH         0.4060
zeta  PH         0.4458
period PH       17.2893
tHalf  PH        3.8295
N half PH        0.2215

----- Short Period Mode -----
omega SP         0.3879
zeta  SP        -1.0000
period SP   --------
tHalf  SP        1.7870
N half SP        0.0000

omega SP         1.1891
zeta  SP        -1.0000
period SP   --------
tHalf  SP        0.5829
N half SP        0.0000

dlc     7.76   dla    3.85   dle   -2.11      dlp    3.98      dlt    0.00
thtaN   4.36°   A1S  -0.38°   B1S   3.10°   thtaTR   0.43°
TrimAC phi LFr      -0.01°    thta      -5.59°    psi       0.00°
