reading aircraft data from ./data/KelletKD1tws4.dat
reading Flight Data from ./data/fDataKD1tws2.flt
reading Rotor Data from ./data/fDataKD1tws2.flt


#### RotaryWingSim ####
rhoAir          1.2261 kg/m°
thtaN    3.00°   twist     0.00°
mHeli          2100.00 lb
aBlade          5.57 m^2

rRotTR       0.08 m
nRotTR       1662.7 1/min
oMTR    174.12
oMRTR   134.31 m/s    oMRTR   440.66 ft/s
sigmaTR   0.1783

Area Mrot     116.75 m^2
m blade        27.5 kg     estimated
I blade       340.9 kg*m^2 estimated
gamRot          8.0225
sigma           0.0477


Trim phi       0.00°    thta       6.80°    psi       0.00°   
vH      55.54 mph     vV          0 fpm
cTs  0.075259     cT  0.0036     cT2sa  0.0284     cL  0.2098
m Heli     9344.6 N      fpA        1.1 m^2          12.2 ft^2
Iyy Heli        5425.6 kg*m^2
Coordintats x,z    [m]         [ft]
Rotor      :   0.30   1.52        1.00   5.00
Rudder     :   7.54  -0.15       24.75  -0.50
Fin        :   1.78   0.25        5.85   0.83
H-Stab     :   3.79  -0.13       12.45  -0.44
Wing       :  -1.91  -0.15       -6.25  -0.50
Propeller  :  -1.91   0.00       -6.25   0.00
### Var ###
mu             22.033  vFlight     49.4 kn
thtaClmb      -0.0000     -0.0000°
cTsReq    0.07526    cTReq    0.00359    cT2saReq    0.02840
alfaD     200.92°    thtaClmb      -0.00°    thtaTrim       6.80
trim iter 33     anorm 4.38777e-010

 ====== u - derivatives ===== 
fMR(1)        -0.034506   fMR(2)        -0.001068   fMR(3)        -0.265489
fTR(1)         0.000000   fTR(2)         0.000000   fTR(3)         0.000000
fFus(1)       -0.040379   fFus(2)       -0.000006   fFus(3)        0.000350
fFN(1)        -0.007495   fFN(2)        -0.000263   fFN(3)         0.000000
fHS(1)        -0.003076   fHS(2)         0.000000   fHS(3)         0.006521
fPR(1)        -0.017573   fPR(2)         0.000000   fPR(3)         0.000000
fCG(1)         0.000000   fCG(2)         0.000000   fCG(3)         0.000000
fR(1)  -9.8130796e-009   fR(2)  -1.2782664e-010   fR(3)  -2.4822380e-008

 Moment Equilibrium    1001 
mMR(1)        -0.001816   mMR(2)         0.000793   mMR(3)         0.000009
mTR(1)         0.000000   mTR(2)         0.000000   mTR(3)         0.000000
mFus(1)        0.000000   mFus(2)        0.000010   mFus(3)        0.000044
mFN(1)        -0.000002   mFN(2)         0.000055   mFN(3)         0.000013
mHS(1)         0.000000   mHS(2)         0.000701   mHS(3)         0.000000
mPR(1)         0.000000   mPR(2)         0.000000   mPR(3)         0.000000
mR(1)  -5.9941498e-009   mR(2)   4.8608590e-009   mR(3)   2.2108892e-010
QR  2.2183243e-012
mU  1.5586169e-003

 ====== q - derivatives ===== 
fMR(1)         1.440778   fMR(2)        -0.537562   fMR(3)        -0.207304
fTR(1)         0.000000   fTR(2)         0.000000   fTR(3)         0.000000
fFus(1)       -0.001337   fFus(2)        0.000000   fFus(3)       -0.000528
fFN(1)         0.000000   fFN(2)         0.000000   fFN(3)         0.000000
fHS(1)         0.011885   fHS(2)         0.000000   fHS(3)        -0.591313
fPR(1)         0.000000   fPR(2)         0.000000   fPR(3)         0.000000
fCG(1)         0.000000   fCG(2)         0.000000   fCG(3)         0.000000
fR(1)   1.3826093e-007   fR(2)  -5.1206470e-008   fR(3)  -7.6299884e-008

 Moment Equilibrium    1002 
mMR(1)         0.045451   mMR(2)        -0.203853   mMR(3)         0.004719
mTR(1)         0.000000   mTR(2)         0.000000   mTR(3)         0.000000
mFus(1)        0.000000   mFus(2)       -0.000029   mFus(3)        0.000000
mFN(1)         0.000000   mFN(2)         0.000000   mFN(3)         0.000000
mHS(1)         0.000000   mHS(2)        -0.064580   mHS(3)         0.000000
mPR(1)         0.000000   mPR(2)         0.000000   mPR(3)         0.000000
mR(1)   1.5034345e-007   mR(2)  -8.8823475e-007   mR(3)   1.5607730e-008
QR  1.2398175e-013

 ====== w - derivatives ===== 
fMR(1)        -0.214195   fMR(2)         0.004814   fMR(3)        -1.055291
fTR(1)         0.000000   fTR(2)         0.000000   fTR(3)         0.000000
fFus(1)       -0.011816   fFus(2)        0.000000   fFus(3)       -0.004085
fFN(1)         0.000000   fFN(2)         0.000000   fFN(3)         0.000000
fHS(1)         0.002562   fHS(2)         0.000000   fHS(3)        -0.136886
fPR(1)         0.000000   fPR(2)         0.000000   fPR(3)         0.000000
fCG(1)         0.000000   fCG(2)         0.000000   fCG(3)         0.000000
fR(1)  -2.1292586e-008   fR(2)   4.5805848e-010   fR(3)  -1.1414450e-007

 Moment Equilibrium    1003 
mMR(1)        -0.003517   mMR(2)         0.006262   mMR(3)        -0.000042
mTR(1)         0.000000   mTR(2)         0.000000   mTR(3)         0.000000
mFus(1)        0.000000   mFus(2)       -0.000252   mFus(3)        0.000000
mFN(1)         0.000000   mFN(2)         0.000000   mFN(3)         0.000000
mHS(1)         0.000000   mHS(2)        -0.014951   mHS(3)         0.000000
mPR(1)         0.000000   mPR(2)         0.000000   mPR(3)         0.000000
mR(1)  -1.1615430e-008   mR(2)  -2.9855594e-008   mR(3)  -1.3961632e-010
QR  1.0829819e-011
mW -8.9411078e-003


=I=I=I=I=I= Iteration Results =I=I=I=I=I=
xMR    7.250    xcg    6.250    dxCG    1.000    iRigMR   12.0
cTs 0.07392   cT 0.00353   cLs 4.14295   cL 0.19781
aN     0.08522°    a1    0.04476°   b1    0.03087°
Br   aN     4.88°       a1    2.56°      b1    1.77°
716  aN     4.88°       a1    0.57°      b1    0.99°
mu  0.185248 lamD    0.02495    lamI    0.00706     mu*a1    0.00183     lamNf    0.02311
A1S    0.01493°    B1S    0.03407°
A1S     0.86°    B1S     1.95°    alfD     9.80°   alfaNf     9.24°   alSm    -1.38°
thtaN      3.00°    thtaTR     0.00°
Trim   phi    -0.44°    thta     1.71°
vBx    24.75    vBy    -0.01    vBz     0.74
fMR(1)         -1722.74   fMR(2)            75.26   fMR(3)         -9733.44
fTR(1)             0.00   fTR(2)             0.00   fTR(3)             0.00
fPR(1)          2637.02   fPR(2)             0.00   fPR(3)             0.00
fFus(1)         -497.00   fFus(2)           -0.15   fFus(3)           -3.91
fFN(1)           -88.39   fFN(2)            -2.77   fFN(3)             0.00
fHS(1)           -49.24   fHS(2)             0.00   fHS(3)           397.42
fCG(1)          -279.48   fCG(2)           -72.35   fCG(3)          9340.15
fWN(1)            -0.17   fWN(2)             0.00   fWN(3)            -0.22
fR(1)  -7.5461130e-009   fR(2)   2.8794034e-010   fR(3)  -6.4119313e-008

Moment Equilibrium
mMR(1)             0.70   mMR(2)         -1512.93   mMR(3)           -22.94
mTR(1)            -0.00   mTR(2)             0.00   mTR(3)            -0.00
mPR(1)             0.00   mPR(2)            -0.00   mPR(3)             0.00
mFus(1)            0.00   mFus(2)          -11.51   mFus(3)           18.01
mFN(1)            -0.70   mFN(2)            22.45   mFN(3)             4.93
mHS(1)             0.00   mHS(2)          1501.58   mHS(3)             0.00
mWN(1)             0.00   mWN(2)             0.41   mWN(3)             0.00
mR(1)   9.4557997e-009   mR(2)  -3.8982330e-008   mR(3)  -8.7764462e-011
==x=x===x===x=x==
MR Fx   338.60    Fz -9878.92   thtaClmb    -0.00   torque     0.00
dxMR    0.0351  Fx/Fz   10.0°        mu   0.18525   oM  21.5  n  205.0

=I=I=I=I=I= End Of Iteration Results =I=I=I=I=I=


         ### stability derivatives ###
 R ._. R ._. << RotaryWingSim Data >> ._. R ._. R

       u              w            q         oM
x   -0.103027     -0.223540     1.451457    -0.079229
z   -0.258622     -1.196328    -0.799035    -0.671163
m    0.001559     -0.008937    -0.268467    -0.011697

      measured  data
       u                w              q
x   -0.090000       0.110000        0.092100
z    0.010000      -1.100000        0.140000
m    0.007000       0.005000       -0.025000

Q    0.000000       0.000000        0.000000       -0.000000

Xu      -0.103027        -98.14
Xw      -0.223540       -212.93
Xq       1.451457       7875.03
Zu      -0.258622       -246.35
Zw      -1.196328      -1139.57
Zwd      0.000000          0.00
Zq      -0.799035      -4335.24
Mu       0.001559          1.49
Mw      -0.008937         -8.51
Mwd      0.000000          0.00
Mq      -0.268467      -1456.59

##### SP and PH Mode ----- approximation ###
----- Short Period Mode -----
omega SP         0.7317
zeta  SP         1.0010
re  -0.7324 +   0.0328
re  -0.7324 -   0.0328

----- Phugoid Mode -----
omega PH         0.2722
zeta  PH         0.1003
re  -0.0273 +  0.2708j
re  -0.0273 -  0.2708j

A          1.0000
B          1.5194
C          0.6915
D          0.1378
E          0.0398

##### SP and PH Mode from quartic #####
A        1.000         1.000
B        1.568         1.568
C        0.626         0.626
D        0.057         0.057
E        0.041         0.041

Routh D       -0.048

M thta        -0.000 

z1  -0.81582    0.05917j
z2  -0.81582   -0.05917j
z3   0.03191    0.24540j
z4   0.03191   -0.24540j

       Short Period                Phugoid
1  -0.03574  0.00000j       -1.98575  0.00000j
2  -1.99616  0.00000j        0.21527  0.00000j
3  -0.03208  0.00000j       -0.01128  0.00000j
4   0.03879  0.00000j        0.02074  0.00000j


----- Phugoid Mode -----
omega PH         0.2475
zeta  PH         0.1290
period PH       25.6043
tHalf  PH       21.7210
N half PH        0.8483

----- Short Period Mode -----
omega SP         0.8180
zeta  SP        -0.9974
period SP      106.1944
tHalf  SP        0.8496
N half SP        0.0080


 M _ _ M _ _ << Measured Data >> _ _ M _ _ M
Xu      -0.090000        -85.73
Xw       0.110000        104.78
Xq       0.092100        499.70
Zu       0.010000          9.53
Zw      -1.100000      -1047.82
Zwd      0.000000          0.00
Zq       0.140000        759.58
Mu       0.007000          6.67
Mw       0.005000          4.76
Mwd      0.000000          0.00
Mq      -0.025000       -135.64

##### SP and PH Mode ----- approximation ###
----- Short Period Mode -----
negative oMg2_SP

----- Phugoid Mode -----
negative oMg2_PH

##### SP and PH Mode from quartic #####
A        1.000         1.000
B        1.215         1.215
C        0.003         0.003
D        0.040         0.040
E        0.076         0.076

Routh D       -0.114

M thta        -0.000 

z1  -1.19648    0.00000j
z2  -0.42197    0.00000j
z3   0.20172    0.33150j
z4   0.20172   -0.33150j

       Short Period                Phugoid
1  -1.88781  0.00000j       -0.84697  0.00000j
2  -0.08992  0.00000j       -0.60055  0.00000j
3  -0.01256  0.00000j        0.01501  0.00000j
4   0.05501  0.00000j       -0.02969  0.00000j

dlc     5.34   dla    5.83   dle   -3.70      dlp   -0.00      dlt    0.90
thtaN   3.00°   A1S   0.86°   B1S   1.95°   thtaTR   0.00°
TrimAC phi LFr      -0.44°    thta       1.71°    psi       0.00°
