reading aircraft data from ./data/RotDatProuty2.dat
reading Flight Data from ./data/fDataPrty-2.flt
reading Rotor Data from ./data/fDataPrty-2.flt


#### RotaryWingSim ####
rhoAir          1.2261 kg/m°
thtaN   11.00°   twist   -10.00°
mHeli          20000.00 lb

nRot      235.5 1/min    oM     24.67 rad/s
oMR       225.55 m/s     oMR   740.00 ft/s
aBlade         22.30 m^2

rRotTR       1.30 m
nRotTR       1662.7 1/min
oMTR    174.12
oMRTR   225.55 m/s    oMRTR   740.00 ft/s
sigmaTR   0.2621

Area Mrot     262.68 m^2
m blade         5.4 kg
I blade       151.7 kg*m^2 estimated
gamRot          8.1000
sigma           0.0849


Trim phi       0.00°    thta      -4.20°    psi       0.00°   
vH     111.00 mph     vV          0 fpm
cTs   0.06381896     cT  0.0054     cT2sa  0.0222     cL  0.2233
m Heli    88996.3 N      fpA        1.8 m^2          19.3 ft^2
Iyy Heli       54256.0 kg*m^2
Coordintats x,z    [m]         [ft]
Rotor      :   0.00   2.29        0.00   7.50
Rudder     :   8.36   2.10       27.42   6.89
Fin        :   7.01   0.91       23.00   3.00
H-Stab     :   6.49  -0.46       21.30  -1.50
Wing       :  -3.66   0.00      -12.00   0.00
Propeller  :  -3.62  -0.05      -11.88  -0.15
### Var ###
mu             24.667  vFlight     98.7 kn
thtaClmb      -0.0000     -0.0000°
cTsReq    0.06382    cTReq    0.00542    cT2saReq    0.02221
alfaD     224.93°    thtaClmb      -0.00°    thtaTrim      -4.20
trim iter 31     anorm 9.01251e-011

 ====== u - derivatives ===== 
fMR(1)        -0.074372   fMR(2)         0.003016   fMR(3)         0.055693
fTR(1)         0.000000   fTR(2)         0.000000   fTR(3)         0.000000
fFus(1)       -0.013709   fFus(2)       -0.000029   fFus(3)        0.012667
fFN(1)        -0.000048   fFN(2)         0.001362   fFN(3)         0.000000
fHS(1)        -0.000929   fHS(2)         0.000000   fHS(3)        -0.000974
fPR(1)         0.000000   fPR(2)         0.000000   fPR(3)         0.000000
fCG(1)         0.000000   fCG(2)         0.000000   fCG(3)         0.000000
fR(1)  -8.0784143e-008   fR(2)   3.9474344e-009   fR(3)   6.1061446e-008

 Moment Equilibrium    1001 
mMR(1)         0.000843   mMR(2)         0.030056   mMR(3)         0.000000
mTR(1)         0.000000   mTR(2)         0.000000   mTR(3)         0.000000
mFus(1)        0.000000   mFus(2)       -0.000315   mFus(3)        0.001602
mFN(1)         0.000208   mFN(2)         0.000007   mFN(3)        -0.001597
mHS(1)         0.000000   mHS(2)        -0.001129   mHS(3)         0.000000
mPR(1)         0.000000   mPR(2)         0.000000   mPR(3)         0.000000
mR(1)   5.7059992e-009   mR(2)   1.5525626e-007   mR(3)   3.0468073e-011
QR  1.7193878e-011

 ====== q - derivatives ===== 
fMR(1)         0.945189   fMR(2)        -0.522960   fMR(3)         0.346875
fTR(1)         0.000000   fTR(2)         0.000000   fTR(3)         0.000000
fFus(1)        0.000001   fFus(2)        0.000000   fFus(3)       -0.000155
fFN(1)         0.000000   fFN(2)         0.000000   fFN(3)         0.000000
fHS(1)        -0.008151   fHS(2)         0.000000   fHS(3)        -0.252799
fPR(1)         0.000000   fPR(2)         0.000000   fPR(3)         0.000000
fCG(1)         0.000000   fCG(2)         0.000000   fCG(3)         0.000000
fR(1)   8.5008914e-007   fR(2)  -4.7442768e-007   fR(3)   8.5130313e-008

 Moment Equilibrium    1002 
mMR(1)        -0.145653   mMR(2)        -0.474944   mMR(3)         0.000000
mTR(1)         0.000000   mTR(2)         0.000000   mTR(3)         0.000000
mFus(1)        0.000000   mFus(2)       -0.004457   mFus(3)        0.000000
mFN(1)         0.000000   mFN(2)         0.000000   mFN(3)         0.000000
mHS(1)         0.000000   mHS(2)        -0.275049   mHS(3)         0.000000
mPR(1)         0.000000   mPR(2)         0.000000   mPR(3)         0.000000
mR(1)  -7.9025256e-007   mR(2)  -4.0933660e-006   mR(3)   0.0000000e+000
QR -6.3511836e-011

 ====== w - derivatives ===== 
fMR(1)         0.067703   fMR(2)         0.001753   fMR(3)        -0.740957
fTR(1)         0.000000   fTR(2)         0.000000   fTR(3)         0.000000
fFus(1)        0.000671   fFus(2)        0.000000   fFus(3)       -0.106994
fFN(1)         0.000000   fFN(2)         0.000000   fFN(3)         0.000000
fHS(1)        -0.001113   fHS(2)         0.000000   fHS(3)        -0.033061
fPR(1)         0.000000   fPR(2)         0.000000   fPR(3)         0.000000
fCG(1)         0.000000   fCG(2)         0.000000   fCG(3)         0.000000
fR(1)   6.1027681e-008   fR(2)   1.5918431e-009   fR(3)  -7.9933509e-007

 Moment Equilibrium    1003 
mMR(1)        -0.001066   mMR(2)        -0.023288   mMR(3)         0.000000
mTR(1)         0.000000   mTR(2)         0.000000   mTR(3)         0.000000
mFus(1)        0.000000   mFus(2)        0.003096   mFus(3)        0.000000
mFN(1)         0.000000   mFN(2)         0.000000   mFN(3)         0.000000
mHS(1)         0.000000   mHS(2)        -0.035974   mHS(3)         0.000000
mPR(1)         0.000000   mPR(2)         0.000000   mPR(3)         0.000000
mR(1)  -5.7790430e-009   mR(2)  -3.0474759e-007   mR(3)   0.0000000e+000
QR  6.2432723e-011


=I=I=I=I=I= Iteration Results =I=I=I=I=I=
xMR   12.000    xcg   12.000    dxCG    0.000    iRigMR  -10.0
cTs 0.13843   cT 0.01175   cLs 5.96985   cL 0.50674
aN     0.15023°    a1    0.11170°   b1    0.06014°
Br   aN     8.61°       a1    6.40°      b1    3.45°
716  aN     8.61°       a1    3.85°      b1    1.09°
mu  0.215094 lamD    0.01061    lamI    0.01258     mu*a1    0.01447     lamNf   -0.00386
A1S   -0.00981°    B1S    0.03807°
A1S    -0.56°    B1S     2.18°    alfD     6.15°   alfaNf     2.30°   alSm     1.67°
thtaN     15.91°    thtaTR     6.76°
Trim   phi    -0.70°    thta     0.80°
vBx    49.48    vBy    -0.01    vBz     0.69
fMR(1)          4540.39   fMR(2)           785.70   fMR(3)        -92762.69
fTR(1)             0.00   fTR(2)             0.00   fTR(3)             0.00
fPR(1)             0.00   fPR(2)             0.00   fPR(3)             0.00
fFus(1)        -3074.32   fFus(2)          -12.84   fFus(3)         2439.78
fFN(1)           -10.64   fFN(2)           307.22   fFN(3)             0.00
fHS(1)          -207.48   fHS(2)             0.00   fHS(3)          1341.89
fCG(1)         -1247.95   fCG(2)         -1080.08   fCG(3)         88981.01
fWN(1)            -0.00   fWN(2)             0.00   fWN(3)            -0.00
fR(1)   1.7090533e-007   fR(2)   8.2513907e-010   fR(3)  -8.2106110e-007

Moment Equilibrium
mMR(1)          -280.92   mMR(2)         -8273.35   mMR(3)             0.00
mTR(1)             0.00   mTR(2)             0.00   mTR(3)             0.00
mPR(1)             0.00   mPR(2)            -0.00   mPR(3)             0.00
mFus(1)            0.00   mFus(2)         -353.41   mFus(3)         2153.71
mFN(1)           280.92   mFN(2)             9.73   mFN(3)         -2153.71
mHS(1)             0.00   mHS(2)          8617.03   mHS(3)             0.00
mWN(1)             0.00   mWN(2)             0.00   mWN(3)             0.00
mR(1)  -1.1312864e-008   mR(2)  -2.9976902e-007   mR(3)   0.0000000e+000
==x=x===x===x=x==
MR Fx -11636.66    Fz -92141.85   thtaClmb    -0.00
dxMR    0.1118  Fx/Fz   -2.8°        mu   0.21509   oM  24.7  n  235.5

=I=I=I=I=I= End Of Iteration Results =I=I=I=I=I=


 R ._. R ._. << RotaryWingSim Data >> ._. R ._. R
              ### stability derivatives ###

       u              w            q         oM
x   -0.089057      0.067261     0.937038     0.188379
z    0.067386     -0.881023     0.093917    -0.904971
m    0.028619     -0.056165    -0.754451    -0.055248

      measured  data
       u                w              q
x   -0.090000       0.110000        0.092100
z    0.010000      -1.100000        0.140000
m    0.007000       0.005000       -0.025000

Q    0.000000      -0.000000        0.000000       -0.000000

Xu      -0.089057       -807.92
Xw       0.067261        610.19
Xq       0.937038      50839.93
Zu       0.067386        611.33
Zw      -0.881023      -7992.64
Zwd      0.000000          0.00
Zq       0.093917       5095.56
Mu       0.028619        259.63
Mw      -0.056165       -509.53
Mwd      0.000000          0.00
Mq      -0.754451     -40933.48

##### SP and PH Mode ----- approximation ###
----- Short Period Mode -----
omega SP         1.8573
zeta  SP         0.4403
re  -0.8177 +  1.6676j
re  -0.8177 -  1.6676j

----- Phugoid Mode -----
omega PH         0.2471
zeta  PH         0.2813
re  -0.0695 +  0.2371j
re  -0.0695 -  0.2371j

A          1.0000
B          1.7745
C          3.7379
D          0.5795
E          0.2106

##### SP and PH Mode from quartic #####
A        1.000         1.000
B        1.725         1.725
C        3.564         3.564
D        0.469         0.469
E        0.210         0.210

Routh D        2.037

M thta        -0.000 

z1  -0.80705    1.63428j
z2  -0.80705   -1.63428j
z3  -0.05521    0.24541j
z4  -0.05521   -0.24541j

       Short Period                Phugoid
1  -0.15764  0.00000j       -1.82930  0.00000j
2  -1.99203  0.00000j       -0.80294  0.00000j
3  -0.00276  0.00000j       -0.01129  0.00000j
4  -0.03161  0.00000j       -0.00027  0.00000j


----- Phugoid Mode -----
omega PH         0.2515
zeta  PH        -0.2195
period PH       25.6024
tHalf  PH       12.5536
N half PH        0.4903

----- Short Period Mode -----
omega SP         1.8227
zeta  SP        -0.4428
period SP        3.8446
tHalf  SP        0.8589
N half SP        0.2234

dlc    28.33   dla    3.56   dle   -3.38      dlp    0.04      dlt    0.00
thtaN  15.91°   A1S  -0.56°   B1S   2.18°   thtaTR   6.76°
TrimAC phi LFr      -0.70°    thta       0.80°    psi       0.00°
