reading aircraft data from ./data/MntGmPrZ.dat
reading Flight Data from ./data/fDataMntGmPrZ.flt
reading Rotor Data from ./data/fDataMntGmPrZ.flt


#### RotaryWingSim ####
rhoAir          1.2261 kg/m°
thtaN    4.50°   twist     0.00°
mHeli           794.00 lb

nRot      375.3 1/min    oM     39.30 rad/s
oMR       149.73 m/s     oMR   491.25 ft/s
aBlade          1.50 m^2

rRotTR       0.08 m
nRotTR       1662.7 1/min
oMTR    174.12
oMRTR   149.73 m/s    oMRTR   491.25 ft/s
sigmaTR   0.1783

Area Mrot      45.60 m^2
m blade         6.9 kg     estimated
I blade        63.6 kg*m^2
gamRot          8.0000
sigma           0.0329


Trim phi      -0.60°    thta       1.20°    psi       0.00°   
vH      60.15 mph     vV          0 fpm
cTs   0.08560681     cT  0.0028     cT2sa  0.0326     cL  0.1744
m Heli     3533.2 N      fpA        1.4 m^2          14.8 ft^2
Iyy Heli         870.8 kg*m^2
Coordintats x,z    [m]         [ft]
Rotor      :   0.50   2.10        1.65   6.90
Rudder     :   8.58   0.00       28.15   0.00
Fin        :   3.43   0.41       11.25   1.33
H-Stab     :   1.78   0.02        5.85   0.06
Wing       :   0.52  -0.00        1.70  -0.00
Propeller  :  -0.83   0.00       -2.73   0.00
### Var ###
mu             39.300  vFlight     53.5 kn
thtaClmb      -0.0000     -0.0000°
cTsReq    0.08561    cTReq    0.00282    cT2saReq    0.03261
alfaD     358.37°    thtaClmb      -0.00°    thtaTrim       1.20
trim iter 26     anorm 3.35578e-011

 ====== u - derivatives ===== 
fMR(1)        -0.075480   fMR(2)        -0.000460   fMR(3)        -0.222261
fTR(1)         0.000000   fTR(2)         0.000000   fTR(3)         0.000000
fFus(1)       -0.144354   fFus(2)        0.000006   fFus(3)        0.025064
fFN(1)        -0.002475   fFN(2)         0.001165   fFN(3)         0.000000
fHS(1)        -0.000022   fHS(2)         0.000000   fHS(3)        -0.000082
fPR(1)        -0.024602   fPR(2)         0.000000   fPR(3)         0.000000
fCG(1)         0.000000   fCG(2)         0.000000   fCG(3)         0.000000
fR(1)  -8.9095815e-009   fR(2)   1.9618085e-011   fR(3)  -7.1018691e-009

 Moment Equilibrium    1001 
mMR(1)        -0.000400   mMR(2)         0.019424   mMR(3)         0.000096
mTR(1)         0.000000   mTR(2)         0.000000   mTR(3)         0.000000
mFus(1)        0.000000   mFus(2)       -0.000003   mFus(3)        0.001600
mFN(1)         0.000196   mFN(2)         0.000416   mFN(3)        -0.001653
mHS(1)         0.000000   mHS(2)        -0.000060   mHS(3)         0.000000
mPR(1)         0.000000   mPR(2)         0.000000   mPR(3)         0.000000
mR(1)  -2.3370639e-011   mR(2)   1.7144256e-009   mR(3)   1.6729729e-011
QR  2.2063873e-011

 ====== q - derivatives ===== 
fMR(1)         0.800991   fMR(2)        -0.336437   fMR(3)         0.047058
fTR(1)         0.000000   fTR(2)         0.000000   fTR(3)         0.000000
fFus(1)       -0.001926   fFus(2)        0.000000   fFus(3)        0.004052
fFN(1)         0.000000   fFN(2)         0.000000   fFN(3)         0.000000
fHS(1)         0.000037   fHS(2)         0.000000   fHS(3)        -0.002316
fPR(1)         0.000000   fPR(2)         0.000000   fPR(3)         0.000000
fCG(1)         0.000000   fCG(2)         0.000000   fCG(3)         0.000000
fR(1)   2.8764304e-008   fR(2)  -1.2123085e-008   fR(3)   1.7607016e-009

 Moment Equilibrium    1002 
mMR(1)        -0.292644   mMR(2)        -0.686939   mMR(3)         0.069980
mTR(1)         0.000000   mTR(2)         0.000000   mTR(3)         0.000000
mFus(1)        0.000000   mFus(2)       -0.003241   mFus(3)        0.000000
mFN(1)         0.000000   mFN(2)         0.000000   mFN(3)         0.000000
mHS(1)         0.000000   mHS(2)        -0.001708   mHS(3)         0.000000
mPR(1)         0.000000   mPR(2)         0.000000   mPR(3)         0.000000
mR(1)  -2.5489269e-008   mR(2)  -6.0257905e-008   mR(3)   6.1069372e-009
QR -2.2125922e-011

 ====== w - derivatives ===== 
fMR(1)        -0.213770   fMR(2)        -0.004959   fMR(3)        -0.873135
fTR(1)         0.000000   fTR(2)         0.000000   fTR(3)         0.000000
fFus(1)        0.066818   fFus(2)        0.000000   fFus(3)       -0.142528
fFN(1)         0.000000   fFN(2)         0.000000   fFN(3)         0.000000
fHS(1)        -0.000041   fHS(2)         0.000000   fHS(3)         0.002813
fPR(1)         0.000000   fPR(2)         0.000000   fPR(3)         0.000000
fCG(1)         0.000000   fCG(2)         0.000000   fCG(3)         0.000000
fR(1)  -5.3101141e-009   fR(2)  -1.8459545e-010   fR(3)  -3.6475365e-008

 Moment Equilibrium    1003 
mMR(1)        -0.004313   mMR(2)         0.004329   mMR(3)         0.001031
mTR(1)         0.000000   mTR(2)         0.000000   mTR(3)         0.000000
mFus(1)        0.000000   mFus(2)        0.000005   mFus(3)        0.000000
mFN(1)         0.000000   mFN(2)         0.000000   mFN(3)         0.000000
mHS(1)         0.000000   mHS(2)         0.002074   mHS(3)         0.000000
mPR(1)         0.000000   mPR(2)         0.000000   mPR(3)         0.000000
mR(1)  -3.8119374e-010   mR(2)   5.5042922e-010   mR(3)   1.0283330e-010
QR  7.2059983e-011


=I=I=I=I=I= Iteration Results =I=I=I=I=I=
xMR    4.500    xcg    2.850    dxCG    1.650    iRigMR    9.0
cTs 0.07866   cT 0.00259   cLs 5.70266   cL 0.18771
aN     0.09480°    a1    0.04797°   b1    0.03189°
Br   aN     5.43°       a1    2.75°      b1    1.83°
716  aN     5.43°       a1    2.32°      b1    1.08°
mu  0.164564 lamD    0.01725    lamI    0.00786     mu*a1    0.00665     lamNf    0.01060
A1S   -0.00460°    B1S   -0.02160°
A1S    -0.26°    B1S    -1.24°    alfD     8.67°   alfaNf     6.36°   alSm     3.55°
thtaN      4.50°    thtaTR    -0.03°
Trim   phi    -0.07°    thta    -3.82°
vBx    26.76    vBy     0.00    vBz    -1.78
fMR(1)          -880.21   fMR(2)            -1.08   fMR(3)         -3701.24
fTR(1)             0.00   fTR(2)            -0.00   fTR(3)             0.00
fPR(1)          1377.30   fPR(2)             0.00   fPR(3)             0.00
fFus(1)         -720.04   fFus(2)            0.06   fFus(3)          172.87
fFN(1)           -11.94   fFN(2)             5.59   fFN(3)             0.00
fHS(1)            -0.23   fHS(2)             0.00   fHS(3)             3.05
fCG(1)           235.12   fCG(2)            -4.57   fCG(3)          3525.32
fWN(1)            -0.00   fWN(2)             0.00   fWN(3)            -0.00
fR(1)  -2.7847884e-009   fR(2)  -8.0859763e-012   fR(3)  -1.3644319e-008

Moment Equilibrium
mMR(1)            -2.27   mMR(2)           -10.25   mMR(3)             0.54
mTR(1)            -0.00   mTR(2)             0.00   mTR(3)             0.00
mPR(1)             0.00   mPR(2)            -0.00   mPR(3)             0.00
mFus(1)            0.00   mFus(2)           -0.04   mFus(3)           18.63
mFN(1)             2.27   mFN(2)             4.85   mFN(3)           -19.17
mHS(1)             0.00   mHS(2)             5.43   mHS(3)             0.00
mWN(1)             0.00   mWN(2)            -0.00   mWN(3)             0.00
mR(1)  -9.9729114e-012   mR(2)  -1.0666307e-009   mR(3)   1.4061641e-011
==x=x===x===x=x==
MR Fx  -290.37    Fz -3793.36   thtaClmb    -0.00   torque     0.00
dxMR    0.0028  Fx/Fz   13.4°        mu   0.16456   oM  42.5  n  405.9

=I=I=I=I=I= End Of Iteration Results =I=I=I=I=I=


 R ._. R ._. << RotaryWingSim Data >> ._. R ._. R
              ### stability derivatives ###

       u              w            q         oM
x   -0.246934     -0.146992     0.799103    -0.076875
z   -0.197274     -1.012845     0.048801    -0.378928
m    0.005191      0.001682    -0.181598    -0.003192

      measured  data
       u                w              q
x   -0.230000      -0.205000        1.700000
z   -0.125200      -1.180000        1.250000
m   -0.001000       0.015000       -0.725000

Q    0.000000      -0.000000        0.000000       -0.000000

Xu      -0.246934        -88.94
Xw      -0.146992        -52.94
Xq       0.799103        695.87
Zu      -0.197274        -71.05
Zw      -1.012845       -364.78
Zwd      0.000000          0.00
Zq       0.048801         42.50
Mu       0.005191          1.87
Mw       0.001682          0.61
Mwd      0.000000          0.00
Mq      -0.181598       -158.14

##### SP and PH Mode ----- approximation ###
----- Short Period Mode -----
omega SP         0.3725
zeta  SP         1.6034
re  -0.5972 +   0.4668
re  -0.5972 -   0.4668

----- Phugoid Mode -----
omega PH         0.5907
zeta  PH         0.5092
re  -0.3008 +  0.5084j
re  -0.3008 -  0.5084j

A          1.0000
B          1.7960
C          1.6421
D          0.7624
E          0.2005

##### SP and PH Mode from quartic #####
A        1.000         1.000
B        1.441         1.441
C        0.401         0.401
D        0.096         0.096
E        0.048         0.048

Routh D       -0.054

M thta        -0.000 

z1  -1.12861    0.00000j
z2  -0.43206    0.00000j
z3   0.05965    0.30908j
z4   0.05965   -0.30908j

       Short Period                Phugoid
1   1.93362  0.00000j        0.51648  0.00000j
2  -0.15052  0.00000j       -1.68456  0.00000j
3   0.01373  0.00000j       -0.00719  0.00000j
4  -0.05706  0.00000j        0.02065  0.00000j

Xu      -0.230000        -82.84
Xw      -0.205000        -73.83
Xq       1.700000       1480.37
Zu      -0.125200        -45.09
Zw      -1.180000       -424.99
Zwd      0.000000          0.00
Zq       1.250000       1088.51
Mu      -0.001000         -0.36
Mw       0.015000          5.40
Mwd      0.000000          0.00
Mq      -0.725000       -631.34

##### SP and PH Mode ----- approximation ###
----- Short Period Mode -----
omega SP         0.6592
zeta  SP         1.4450
re  -0.9525 +   0.6876
re  -0.9525 -   0.6876

----- Phugoid Mode -----
negative oMg2_PH

##### SP and PH Mode from quartic #####
A        1.000         1.000
B        2.135         2.135
C        0.849         0.849
D        0.071         0.071
E       -0.030        -0.030

Routh D        0.260

M thta        -0.000 

z1  -1.65463    0.00000j
z2  -0.30694    0.20393j
z3  -0.30694   -0.20393j
z4   0.13351    0.00000j

       Short Period                Phugoid
1   1.18053  0.00000j       -0.02419  0.00000j
2   0.98827 -0.28730j        0.20194  0.28730j
3  -0.01288 -0.00904j        0.00704  0.00904j
4   0.01703  0.02434j        0.04088 -0.02434j

