reading aircraft data from ./data/RotDatUH1a.dat
reading Flight Data from ./data/fDataUH1_6N.flt
reading Rotor Data from ./data/fDataUH1_6N.flt


#### RotaryWingSim ####
rhoAir          1.2261 kg/m°
thtaN   12.68°   twist   -10.88°
mHeli          6499.00 lb

nRot      324.0 1/min    oM     33.93 rad/s
oMR       249.54 m/s     oMR   818.71 ft/s
aBlade          7.85 m^2

rRotTR       1.30 m
nRotTR       1662.7 1/min
oMTR    174.12
oMRTR   249.54 m/s    oMRTR   818.71 ft/s
sigmaTR   0.1049

Area Mrot     169.94 m^2
m blade        93.9 kg
I blade       379.8 kg*m^2
gamRot         11.2700
sigma           0.0462


Trim phi       0.00°    thta      -0.10°    psi      -0.10°   
vH      67.48 mph     vV          0 fpm
cTs   0.04827486     cT  0.0022     cT2sa  0.0168     cL  0.3044
m Heli    28919.4 N      fpA        1.8 m^2          19.3 ft^2
Iyy Heli       14680.3 kg*m^2
Coordintats x,z    [m]         [ft]
Rotor      :   0.00   2.07        0.00   6.79
Rudder     :   8.62   2.10       28.29   6.89
Fin        :   7.71   2.84       25.29   9.33
H-Stab     :   6.09   0.50       19.99   1.64
Wing       :  -3.39   0.00      -11.13   0.00
Propeller  :  -2.26   0.00       -7.40   0.00
### Var ###
mu             33.929  vFlight     60.0 kn
thtaClmb      -0.0000     -0.0000°
cTsReq    0.04827    cTReq    0.00223    cT2saReq    0.01680
alfaD     309.40°    thtaClmb      -0.00°    thtaTrim      -0.10
trim iter 35     anorm 2.05460e-011

 ====== u - derivatives ===== 
fMR(1)        -0.016051   fMR(2)         0.002210   fMR(3)        -0.003789
fTR(1)         0.000000   fTR(2)        -0.000000   fTR(3)         0.000000
fFus(1)       -0.025598   fFus(2)        0.000240   fFus(3)        0.018319
fFN(1)        -0.000063   fFN(2)        -0.000044   fFN(3)         0.000000
fHS(1)        -0.001100   fHS(2)         0.000000   fHS(3)        -0.001521
fPR(1)         0.000000   fPR(2)         0.000000   fPR(3)         0.000000
fCG(1)         0.000000   fCG(2)         0.000000   fCG(3)         0.000000
fR(1)  -1.2621101e-008   fR(2)   7.1094419e-010   fR(3)   3.8247411e-009

 Moment Equilibrium    1001 
mMR(1)         0.000125   mMR(2)         0.000907   mMR(3)         0.000000
mTR(1)        -0.000000   mTR(2)         0.000000   mTR(3)         0.000000
mFus(1)        0.000000   mFus(2)       -0.000159   mFus(3)        0.000214
mFN(1)        -0.000003   mFN(2)         0.000005   mFN(3)         0.000009
mHS(1)         0.000000   mHS(2)        -0.000238   mHS(3)         0.000000
mPR(1)         0.000000   mPR(2)         0.000000   mPR(3)         0.000000
mR(1)   1.3149588e-009   mR(2)   5.5666584e-009   mR(3)   2.4001565e-009
QR  1.5805138e-012
mU  5.1534538e-004

 ====== q - derivatives ===== 
fMR(1)         0.420995   fMR(2)        -0.394951   fMR(3)         0.209175
fTR(1)         0.000000   fTR(2)         0.000000   fTR(3)         0.000000
fFus(1)       -0.000002   fFus(2)        0.000000   fFus(3)       -0.000777
fFN(1)         0.000000   fFN(2)         0.000000   fFN(3)         0.000000
fHS(1)         0.004128   fHS(2)         0.000000   fHS(3)        -0.422064
fPR(1)         0.000000   fPR(2)         0.000000   fPR(3)         0.000000
fCG(1)         0.000000   fCG(2)         0.000000   fCG(3)         0.000000
fR(1)   1.2532321e-007   fR(2)  -1.1642772e-007   fR(3)  -6.2994016e-008

 Moment Equilibrium    1002 
mMR(1)        -0.022321   mMR(2)        -0.023793   mMR(3)         0.000000
mTR(1)         0.000000   mTR(2)         0.000000   mTR(3)         0.000000
mFus(1)        0.000000   mFus(2)        0.000009   mFus(3)        0.000000
mFN(1)         0.000000   mFN(2)         0.000000   mFN(3)         0.000000
mHS(1)         0.000000   mHS(2)        -0.070275   mHS(3)         0.000000
mPR(1)         0.000000   mPR(2)         0.000000   mPR(3)         0.000000
mR(1)  -2.4100396e-007   mR(2)  -1.0155766e-006   mR(3)  -1.3528734e-011
QR -1.2141220e-011

 ====== w - derivatives ===== 
fMR(1)         0.056770   fMR(2)        -0.002722   fMR(3)        -0.876821
fTR(1)         0.000000   fTR(2)         0.000000   fTR(3)         0.000000
fFus(1)       -0.000284   fFus(2)        0.000000   fFus(3)       -0.180619
fFN(1)         0.000000   fFN(2)         0.000000   fFN(3)         0.000000
fHS(1)         0.000506   fHS(2)         0.000000   fHS(3)        -0.059756
fPR(1)         0.000000   fPR(2)         0.000000   fPR(3)         0.000000
fCG(1)         0.000000   fCG(2)         0.000000   fCG(3)         0.000000
fR(1)   1.6800712e-008   fR(2)  -8.0076035e-010   fR(3)  -3.2935227e-007

 Moment Equilibrium    1003 
mMR(1)        -0.000154   mMR(2)        -0.003209   mMR(3)         0.000000
mTR(1)         0.000000   mTR(2)         0.000000   mTR(3)         0.000000
mFus(1)        0.000000   mFus(2)        0.001919   mFus(3)        0.000000
mFN(1)         0.000000   mFN(2)         0.000000   mFN(3)         0.000000
mHS(1)         0.000000   mHS(2)        -0.009949   mHS(3)         0.000000
mPR(1)         0.000000   mPR(2)         0.000000   mPR(3)         0.000000
mR(1)  -1.6575115e-009   mR(2)  -1.2133137e-007   mR(3)  -1.3528734e-011
QR  4.9185111e-011
mW -1.1237612e-002


=I=I=I=I=I= Iteration Results =I=I=I=I=I=
xMR   11.125    xcg   11.125    dxCG    0.000    iRigMR   -5.0
cTs 0.09018   cT 0.00416   cLs 11.97566   cL 0.55292
aN     0.13356°    a1    0.03334°   b1    0.03518°
Br   aN     7.65°       a1    1.91°      b1    2.02°
716  aN     7.65°       a1    1.34°      b1    0.59°
mu  0.120218 lamD    0.01341    lamI    0.00957     mu*a1    0.00281     lamNf    0.01060
A1S   -0.00839°    B1S    0.01512°
A1S    -0.48°    B1S     0.87°    alfD    10.82°   alfaNf     9.48°   alSm     0.47°
thtaN     12.72°    thtaTR    -0.05°
Trim   phi    -0.04°    thta     1.58°
vBx    30.07    vBy     0.05    vBz     0.83
fMR(1)          2004.65   fMR(2)           -38.56   fMR(3)        -30151.92
fTR(1)             0.00   fTR(2)            43.35   fTR(3)             0.00
fPR(1)             0.00   fPR(2)             0.00   fPR(3)             0.00
fFus(1)        -1135.05   fFus(2)           21.29   fFus(3)          544.58
fFN(1)            -2.77   fFN(2)            -3.95   fFN(3)             0.00
fHS(1)           -71.16   fHS(2)             0.00   fHS(3)           698.94
fCG(1)          -795.66   fCG(2)           -22.14   fCG(3)         28908.40
fWN(1)            -0.00   fWN(2)             0.00   fWN(3)            -0.00
fR(1)   1.5553908e-008   fR(2)  -7.7739770e-010   fR(3)  -1.6563231e-007

Moment Equilibrium
mMR(1)           -79.82   mMR(2)         -4149.59   mMR(3)             0.00
mTR(1)            91.04   mTR(2)             0.00   mTR(3)          -373.84
mPR(1)             0.00   mPR(2)            -0.00   mPR(3)             0.00
mFus(1)            0.00   mFus(2)         -152.83   mFus(3)          343.43
mFN(1)           -11.22   mFN(2)             7.87   mFN(3)            30.42
mHS(1)             0.00   mHS(2)          4294.55   mHS(3)             0.00
mWN(1)             0.00   mWN(2)             0.00   mWN(3)             0.00
mR(1)  -1.6091519e-009   mR(2)  -1.0325046e-009   mR(3)  -1.3528734e-011
==x=x===x===x=x==
MR Fx  -630.89    Fz -30211.90   thtaClmb    -0.00   torque  8325.33
dxMR    0.1376  Fx/Fz   -3.8°        mu   0.12022   oM  33.9  n  324.0

=I=I=I=I=I= End Of Iteration Results =I=I=I=I=I=


         ### stability derivatives ###
 R ._. R ._. << RotaryWingSim Data >> ._. R ._. R

       u              w            q         oM
x   -0.042812      0.056993     0.425122     0.052764
z    0.012995     -1.117206    -0.213667    -0.561836
m    0.000515     -0.011238    -0.094060    -0.000096

      measured  data
       u                w              q
x   -0.029000       0.094500        0.502400
z    0.038200      -1.086200       -0.657600
m    0.009300      -0.012500       -0.483100

Q    0.000000      -0.000000        0.000000       -0.000000

Xu      -0.042812       -126.21
Xw       0.056993        168.01
Xq       0.425122       6240.93
Zu       0.012995         38.31
Zw      -1.117206      -3293.46
Zwd      0.000000          0.00
Zq      -0.213667      -3136.70
Mu       0.000515          1.52
Mw      -0.011238        -33.13
Mwd      0.000000          0.00
Mq      -0.094060      -1380.83

##### SP and PH Mode ----- approximation ###
----- Short Period Mode -----
omega SP         0.6639
zeta  SP         0.9122
re  -0.6056 +  0.2720j
re  -0.6056 -  0.2720j

----- Phugoid Mode -----
omega PH         0.0974
zeta  PH         0.2696
re  -0.0263 +  0.0938j
re  -0.0263 -  0.0938j

A          1.0000
B          1.2638
C          0.5139
D          0.0347
E          0.0042

##### SP and PH Mode from quartic #####
A        1.000         1.000
B        1.254         1.254
C        0.492         0.492
D        0.023         0.023
E        0.004         0.004

Routh D        0.007

M thta        -0.000 

z1  -0.61450    0.27182j
z2  -0.61450   -0.27182j
z3  -0.01254    0.09581j
z4  -0.01254   -0.09581j

       Short Period                Phugoid
1   1.99844  0.00000j       -0.32036  0.00000j
2   0.07498  0.00000j        1.77553  0.00000j
3   0.00195  0.00000j        0.03002  0.00000j
4  -0.00565  0.00000j       -0.03091  0.00000j


----- Phugoid Mode -----
omega PH         0.0966
zeta  PH        -0.1297
period PH       65.5803
tHalf  PH       55.2898
N half PH        0.8431

----- Short Period Mode -----
omega SP         0.6719
zeta  SP        -0.9145
period SP       23.1152
tHalf  SP        1.1280
N half SP        0.0488


 M _ _ M _ _ << Measured Data >> _ _ M _ _ M
Xu      -0.029000        -85.49
Xw       0.094500        278.58
Xq       0.502400       7375.39
Zu       0.038200        112.61
Zw      -1.086200      -3202.06
Zwd      0.000000          0.00
Zq      -0.657600      -9653.78
Mu       0.009300         27.42
Mw      -0.012500        -36.85
Mwd      0.000000          0.00
Mq      -0.483100      -7092.06

##### SP and PH Mode ----- approximation ###
----- Short Period Mode -----
omega SP         0.9448
zeta  SP         0.8305
re  -0.7847 +  0.5262j
re  -0.7847 -  0.5262j

----- Phugoid Mode -----
omega PH         0.3217
zeta  PH         0.1545
re  -0.0497 +  0.3178j
re  -0.0497 -  0.3178j

A          1.0000
B          1.6687
C          1.1520
D          0.2511
E          0.0923

##### SP and PH Mode from quartic #####
A        1.000         1.000
B        1.598         1.598
C        0.930         0.930
D        0.085         0.085
E        0.094         0.094

Routh D       -0.123

M thta        -0.000 

z1  -0.83988    0.51363j
z2  -0.83988   -0.51363j
z3   0.04073    0.30944j
z4   0.04073   -0.30944j

       Short Period                Phugoid
1  -1.91812  0.00000j        0.08832  0.00000j
2  -0.49507  0.00000j        1.95000  0.00000j
3  -0.01928  0.00000j        0.01621  0.00000j
4   0.00788  0.00000j        0.00429  0.00000j


----- Phugoid Mode -----
omega PH         0.3121
zeta  PH         0.1305
period PH       20.3051
tHalf  PH       17.0185
N half PH        0.8381

----- Short Period Mode -----
omega SP         0.9845
zeta  SP        -0.8531
period SP       12.2328
tHalf  SP        0.8253
N half SP        0.0675

dlc    22.65   dla    3.69   dle   -5.19      dlp    4.28      dlt    0.00
thtaN  12.72°   A1S  -0.48°   B1S   0.87°   thtaTR  -0.05°
TrimAC phi LFr      -0.04°    thta       1.58°    psi      -0.10°
