reading aircraft data from ./data/RotDatUH1a.dat
reading Flight Data from ./data/fDataUH1_1NN.flt
reading Rotor Data from ./data/fDataUH1_1NN.flt


#### RotaryWingSim ####
rhoAir          1.2261 kg/m°
thtaN   12.68°   twist   -10.88°
mHeli          6499.00 lb

nRot      324.0 1/min    oM     33.93 rad/s
oMR       249.54 m/s     oMR   818.71 ft/s
aBlade          7.85 m^2

rRotTR       1.30 m
nRotTR       1662.7 1/min
oMTR    174.12
oMRTR   249.54 m/s    oMRTR   818.71 ft/s
sigmaTR   0.1049

Area Mrot     169.94 m^2
m blade        93.9 kg
I blade       379.8 kg*m^2
gamRot         11.2700
sigma           0.0462


Trim phi       0.00°    thta      -0.10°    psi      -0.10°   
vH     112.48 mph     vV          0 fpm
cTs   0.04827486     cT  0.0022     cT2sa  0.0168     cL  0.1095
m Heli    28919.4 N      fpA        1.8 m^2          19.3 ft^2
Iyy Heli       14680.3 kg*m^2
Coordintats x,z    [m]         [ft]
Rotor      :   0.00   2.07        0.00   6.79
Rudder     :   8.62   2.10       28.29   6.89
Fin        :   7.71   2.84       25.29   9.33
H-Stab     :   6.09   0.50       19.99   1.64
Wing       :  -3.39   0.00      -11.13   0.00
Propeller  :  -2.26   0.00       -7.40   0.00
### Var ###
mu             33.929  vFlight    100.0 kn
thtaClmb      -0.0000     -0.0000°
cTsReq    0.04827    cTReq    0.00223    cT2saReq    0.01680
alfaD     309.40°    thtaClmb      -0.00°    thtaTrim      -0.10
trim iter 35     anorm 7.48271e-011

 ====== u - derivatives ===== 
fMR(1)        -0.061208   fMR(2)         0.004808   fMR(3)         0.107537
fTR(1)         0.000000   fTR(2)        -0.000000   fTR(3)         0.000000
fFus(1)       -0.042808   fFus(2)        0.000404   fFus(3)        0.035739
fFN(1)        -0.000105   fFN(2)        -0.000075   fFN(3)         0.000000
fHS(1)        -0.001757   fHS(2)         0.000000   fHS(3)         0.002848
fPR(1)         0.000000   fPR(2)         0.000000   fPR(3)         0.000000
fCG(1)         0.000000   fCG(2)         0.000000   fCG(3)         0.000000
fR(1)  -3.1208604e-008   fR(2)   1.5195667e-009   fR(3)   4.3045760e-008

 Moment Equilibrium    1001 
mMR(1)         0.000272   mMR(2)         0.003459   mMR(3)         0.000000
mTR(1)        -0.000000   mTR(2)         0.000000   mTR(3)         0.000000
mFus(1)        0.000000   mFus(2)       -0.000311   mFus(3)        0.000357
mFN(1)        -0.000006   mFN(2)         0.000008   mFN(3)         0.000016
mHS(1)         0.000000   mHS(2)         0.000498   mHS(3)         0.000000
mPR(1)         0.000000   mPR(2)         0.000000   mPR(3)         0.000000
mR(1)   2.8820182e-009   mR(2)   3.9455713e-008   mR(3)   3.9851784e-009
QR  1.9636687e-012
mU  3.6543853e-003

 ====== q - derivatives ===== 
fMR(1)         0.428368   fMR(2)        -0.418987   fMR(3)         0.025619
fTR(1)         0.000000   fTR(2)         0.000000   fTR(3)         0.000000
fFus(1)        0.000003   fFus(2)        0.000000   fFus(3)       -0.000069
fFN(1)         0.000000   fFN(2)         0.000000   fFN(3)         0.000000
fHS(1)        -0.009785   fHS(2)         0.000000   fHS(3)        -0.609318
fPR(1)         0.000000   fPR(2)         0.000000   fPR(3)         0.000000
fCG(1)         0.000000   fCG(2)         0.000000   fCG(3)         0.000000
fR(1)   1.2340062e-007   fR(2)  -1.2350990e-007   fR(3)  -1.7212250e-007

 Moment Equilibrium    1002 
mMR(1)        -0.023680   mMR(2)        -0.024210   mMR(3)         0.000000
mTR(1)         0.000000   mTR(2)         0.000000   mTR(3)         0.000000
mFus(1)        0.000000   mFus(2)        0.000001   mFus(3)        0.000000
mFN(1)         0.000000   mFN(2)         0.000000   mFN(3)         0.000000
mHS(1)         0.000000   mHS(2)        -0.101239   mHS(3)         0.000000
mPR(1)         0.000000   mPR(2)         0.000000   mPR(3)         0.000000
mR(1)  -2.5566393e-007   mR(2)  -1.3544827e-006   mR(3)  -4.1154635e-011
QR -5.9628476e-012

 ====== w - derivatives ===== 
fMR(1)         0.132073   fMR(2)        -0.008264   fMR(3)        -0.954259
fTR(1)         0.000000   fTR(2)         0.000000   fTR(3)         0.000000
fFus(1)        0.004089   fFus(2)        0.000000   fFus(3)       -0.261989
fFN(1)         0.000000   fFN(2)         0.000000   fFN(3)         0.000000
fHS(1)        -0.001475   fHS(2)         0.000000   fHS(3)        -0.084001
fPR(1)         0.000000   fPR(2)         0.000000   fPR(3)         0.000000
fCG(1)         0.000000   fCG(2)         0.000000   fCG(3)         0.000000
fR(1)   3.9709004e-008   fR(2)  -2.4309159e-009   fR(3)  -3.8333991e-007

 Moment Equilibrium    1003 
mMR(1)        -0.000467   mMR(2)        -0.007464   mMR(3)         0.000000
mTR(1)         0.000000   mTR(2)         0.000000   mTR(3)         0.000000
mFus(1)        0.000000   mFus(2)        0.002451   mFus(3)        0.000000
mFN(1)         0.000000   mFN(2)         0.000000   mFN(3)         0.000000
mHS(1)         0.000000   mHS(2)        -0.013955   mHS(3)         0.000000
mPR(1)         0.000000   mPR(2)         0.000000   mPR(3)         0.000000
mR(1)  -5.0318647e-009   mR(2)  -2.0481135e-007   mR(3)  -4.1154635e-011
QR  1.0742705e-011
mW -1.8969011e-002


=I=I=I=I=I= Iteration Results =I=I=I=I=I=
xMR   11.125    xcg   11.125    dxCG    0.000    iRigMR   -5.0
cTs 0.11790   cT 0.00544   cLs 6.07608   cL 0.28053
aN     0.17645°    a1    0.08397°   b1    0.05443°
Br   aN    10.11°       a1    4.81°      b1    3.12°
716  aN    10.11°       a1    2.93°      b1    1.11°
mu  0.196895 lamD    0.00916    lamI    0.00624     mu*a1    0.01008     lamNf   -0.00092
A1S   -0.02249°    B1S    0.11664°
A1S    -1.29°    B1S     6.68°    alfD     4.47°   alfaNf     1.54°   alSm    -3.75°
thtaN     15.14°    thtaTR    -0.07°
Trim   phi    -0.12°    thta     0.14°
vBx    50.15    vBy     0.09    vBz     0.13
fMR(1)          3398.53   fMR(2)          -107.15   fMR(3)        -32779.47
fTR(1)             0.00   fTR(2)           120.61   fTR(3)             0.00
fPR(1)             0.00   fPR(2)             0.00   fPR(3)             0.00
fFus(1)        -3163.36   fFus(2)           59.72   fFus(3)         2587.11
fFN(1)            -7.70   fFN(2)           -11.07   fFN(3)             0.00
fHS(1)          -155.43   fHS(2)             0.00   fHS(3)          1273.16
fCG(1)           -72.05   fCG(2)           -62.11   fCG(3)         28919.20
fWN(1)            -0.00   fWN(2)             0.00   fWN(3)            -0.00
fR(1)   4.6674909e-008   fR(2)  -2.6955789e-009   fR(3)  -2.3243655e-007

Moment Equilibrium
mMR(1)          -221.81   mMR(2)         -7034.92   mMR(3)             0.00
mTR(1)           253.29   mTR(2)             0.00   mTR(3)         -1040.07
mPR(1)             0.00   mPR(2)            -0.00   mPR(3)             0.00
mFus(1)            0.00   mFus(2)         -822.62   mFus(3)          954.75
mFN(1)           -31.48   mFN(2)            21.89   mFN(3)            85.32
mHS(1)             0.00   mHS(2)          7835.65   mHS(3)             0.00
mWN(1)             0.00   mWN(2)             0.00   mWN(3)             0.00
mR(1)  -5.5796932e-009   mR(2)  -5.5880687e-008   mR(3)  -4.1154635e-011
==x=x===x===x=x==
MR Fx   528.68    Fz -32950.93   thtaClmb    -0.00   torque 13996.34
dxMR    0.2146  Fx/Fz   -5.9°        mu   0.19689   oM  33.9  n  324.0

=I=I=I=I=I= End Of Iteration Results =I=I=I=I=I=


         ### stability derivatives ###
 R ._. R ._. << RotaryWingSim Data >> ._. R ._. R

       u              w            q         oM
x   -0.105878      0.134688     0.418586     0.158318
z    0.146126     -1.300256    -0.583766    -0.788362
m    0.003654     -0.018969    -0.125449    -0.005175

      measured  data
       u                w              q
x   -0.056400       0.136300        0.527100
z    0.127600      -1.234900       -1.318600
m    0.015900      -0.030000       -0.660100

Q    0.000000      -0.000000        0.000000       -0.000000

Xu      -0.105878       -312.12
Xw       0.134688        397.05
Xq       0.418586       6144.98
Zu       0.146126        430.77
Zw      -1.300256      -3833.08
Zwd      0.000000          0.00
Zq      -0.583766      -8569.86
Mu       0.003654         10.77
Mw      -0.018969        -55.92
Mwd      0.000000          0.00
Mq      -0.125449      -1841.62

##### SP and PH Mode ----- approximation ###
----- Short Period Mode -----
omega SP         1.0504
zeta  SP         0.6787
re  -0.7129 +  0.7714j
re  -0.7129 -  0.7714j

----- Phugoid Mode -----
omega PH         0.1319
zeta  PH         0.4403
re  -0.0581 +  0.1184j
re  -0.0581 -  0.1184j

A          1.0000
B          1.5418
C          1.2863
D          0.1529
E          0.0192

##### SP and PH Mode from quartic #####
A        1.000         1.000
B        1.532         1.532
C        1.233         1.233
D        0.125         0.125
E        0.019         0.019

Routh D        0.175

M thta        -0.000 

z1  -0.72003    0.75157j
z2  -0.72003   -0.75157j
z3  -0.04577    0.12583j
z4  -0.04577   -0.12583j

       Short Period                Phugoid
1  -0.15597  0.00000j       -1.96590  0.00000j
2  -1.95161  0.00000j       -0.36592  0.00000j
3  -0.02239  0.00000j       -0.00353  0.00000j
4  -0.00648  0.00000j        0.00687  0.00000j


----- Phugoid Mode -----
omega PH         0.1339
zeta  PH        -0.3418
period PH       49.9342
tHalf  PH       15.1458
N half PH        0.3033

----- Short Period Mode -----
omega SP         1.0408
zeta  SP        -0.6918
period SP        8.3601
tHalf  SP        0.9627
N half SP        0.1152


 M _ _ M _ _ << Measured Data >> _ _ M _ _ M
Xu      -0.056400       -166.26
Xw       0.136300        401.81
Xq       0.527100       7738.00
Zu       0.127600        376.16
Zw      -1.234900      -3640.42
Zwd      0.000000          0.00
Zq      -1.318600     -19357.47
Mu       0.015900         46.87
Mw      -0.030000        -88.44
Mwd      0.000000          0.00
Mq      -0.660100      -9690.48

##### SP and PH Mode ----- approximation ###
----- Short Period Mode -----
omega SP         1.5100
zeta  SP         0.6275
re  -0.9475 +  1.1757j
re  -0.9475 -  1.1757j

----- Phugoid Mode -----
omega PH         0.2573
zeta  PH         0.1460
re  -0.0376 +  0.2546j
re  -0.0376 -  0.2546j

A          1.0000
B          1.9701
C          2.4886
D          0.2968
E          0.1510

##### SP and PH Mode from quartic #####
A        1.000         1.000
B        1.951         1.951
C        2.361         2.361
D        0.159         0.159
E        0.155         0.155

Routh D        0.117

M thta        -0.000 

z1  -0.96988    1.15307j
z2  -0.96988   -1.15307j
z3  -0.00582    0.26129j
z4  -0.00582   -0.26129j

       Short Period                Phugoid
1   0.11138  0.00000j       -1.86792  0.00000j
2   1.98950  0.00000j       -0.70110  0.00000j
3   0.01051  0.00000j       -0.01345  0.00000j
4   0.01959  0.00000j       -0.00083  0.00000j


----- Phugoid Mode -----
omega PH         0.2614
zeta  PH        -0.0223
period PH       24.0471
tHalf  PH      119.0026
N half PH        4.9487

----- Short Period Mode -----
omega SP         1.5067
zeta  SP        -0.6437
period SP        5.4491
tHalf  SP        0.7147
N half SP        0.1312

dlc    26.96   dla    2.40   dle    2.81      dlp    4.29      dlt    0.00
thtaN  15.14°   A1S  -1.29°   B1S   6.68°   thtaTR  -0.07°
TrimAC phi LFr      -0.12°    thta       0.14°    psi      -0.10°
