reading aircraft data from ./data/MntGmPrZ.dat
reading Flight Data from ./data/fDataMntGmPr_4N.flt
reading Rotor Data from ./data/fDataMntGmPr_4N.flt


    #### RotaryWingSim ####
rhoAir        1.2252 kg/m³
thtaN    4.50°   twist     0.00°
mHeli           794.00 lb
aBlade          1.50 m^2

rRotTR       0.08 m
nRotTR       1662.7 1/min
oMTR    174.12
oMRTR   149.73 m/s    oMRTR   491.25 ft/s
sigmaTR   0.1783

Area Mrot      45.60 m^2
m blade         6.9 kg     estimated
I blade        63.6 kg*m^2
gamRot          4.5567
sigma           0.0329


Trim phi      -0.60°    thta       1.20°    psi       0.00°   
vH      40.10 mph     vV          0 fpm
cTs  0.085672     cT  0.0028     cT2sa  0.0301     cL  0.3926
m Heli     3533.2 N      fpA        0.8 m^2           8.8 ft^2
Iyy Heli         599.5 kg*m^2
Coordintats x,z    [m]         [ft]
Rotor      :   0.02   2.10        0.05   6.90
Rudder     :   8.09   0.00       26.55   0.00
Fin        :   2.94   0.41        9.65   1.33
H-Stab     :   1.30   0.02        4.25   0.06
Wing       :   0.03  -0.00        0.10  -0.00
Propeller  :  -1.32   0.00       -4.33   0.00
### Var ###
mu             39.300  vFlight     35.7 kn
thtaClmb      -0.0000     -0.0000°
cTsReq    0.08567    cTReq    0.00282    cT2saReq    0.03006
alfaD     358.37°    thtaClmb      -0.00°    thtaTrim       1.20
trim iter 23     anorm 9.78659e-010

   deriv 3104
       u                w              q
x   -0.079200     -0.261192     0.379293
z   -0.363836     -1.120140     0.528960
m    0.055795      0.215703    -0.254332

 ====== u - derivatives ===== 
fMR(1)        -0.020659   fMR(2)         0.000685   fMR(3)        -0.062664
fTR(1)         0.000000   fTR(2)         0.000000   fTR(3)         0.000000
fFus(1)       -0.050578   fFus(2)       -0.000008   fFus(3)       -0.003330
fFN(1)        -0.001439   fFN(2)         0.000957   fFN(3)         0.000000
fHS(1)        -0.001290   fHS(2)         0.000000   fHS(3)        -0.014315
fPR(1)        -0.018068   fPR(2)         0.000000   fPR(3)         0.000000
fCG(1)         0.000000   fCG(2)         0.000000   fCG(3)         0.000000
fR(1)  -3.3123555e-009   fR(2)  -5.7974514e-011   fR(3)  -2.1827949e-009

 Moment Equilibrium    1001 
mMR(1)         0.000227   mMR(2)         0.006700   mMR(3)        -0.000002
mTR(1)         0.000000   mTR(2)         0.000000   mTR(3)         0.000000
mFus(1)        0.000000   mFus(2)        0.000215   mFus(3)        0.000446
mFN(1)         0.000061   mFN(2)         0.000092   mFN(3)        -0.000444
mHS(1)         0.000000   mHS(2)        -0.002920   mHS(3)         0.000000
mPR(1)         0.000000   mPR(2)         0.000000   mPR(3)         0.000000
mR(1)  -4.7986060e-012   mR(2)   1.0530545e-009   mR(3)   2.1922908e-010
QR  7.2232235e-012
mU  4.0877995e-003

 ====== q - derivatives ===== 
fMR(1)         1.272206   fMR(2)        -0.351840   fMR(3)         0.090884
fTR(1)         0.000000   fTR(2)         0.000000   fTR(3)         0.000000
fFus(1)       -0.013631   fFus(2)        0.000000   fFus(3)       -0.001947
fFN(1)         0.000000   fFN(2)         0.000000   fFN(3)         0.000000
fHS(1)         0.001886   fHS(2)         0.000000   fHS(3)        -0.044746
fPR(1)         0.000000   fPR(2)         0.000000   fPR(3)         0.000000
fCG(1)         0.000000   fCG(2)         0.000000   fCG(3)         0.000000
fR(1)   4.5398930e-008   fR(2)  -1.2788612e-008   fR(3)   2.3005593e-009

 Moment Equilibrium    1002 
mMR(1)        -0.116672   mMR(2)        -0.421653   mMR(3)         0.000845
mTR(1)         0.000000   mTR(2)         0.000000   mTR(3)         0.000000
mFus(1)        0.000000   mFus(2)        0.001077   mFus(3)        0.000000
mFN(1)         0.000000   mFN(2)         0.000000   mFN(3)         0.000000
mHS(1)         0.000000   mHS(2)        -0.009145   mHS(3)         0.000000
mPR(1)         0.000000   mPR(2)         0.000000   mPR(3)         0.000000
mR(1)  -2.6721018e-008   mR(2)  -9.8037699e-008   mR(3)   4.1224979e-010
QR -7.6882434e-012

 ====== w - derivatives ===== 
fMR(1)        -0.011440   fMR(2)        -0.001711   fMR(3)        -0.873943
fTR(1)         0.000000   fTR(2)         0.000000   fTR(3)         0.000000
fFus(1)       -0.046551   fFus(2)        0.000000   fFus(3)       -0.004481
fFN(1)         0.000000   fFN(2)         0.000000   fFN(3)         0.000000
fHS(1)         0.001740   fHS(2)         0.000000   fHS(3)        -0.041291
fPR(1)         0.000000   fPR(2)         0.000000   fPR(3)         0.000000
fCG(1)         0.000000   fCG(2)         0.000000   fCG(3)         0.000000
fR(1)  -2.0237150e-009   fR(2)  -1.7843149e-010   fR(3)  -3.2414854e-008

 Moment Equilibrium    1003 
mMR(1)        -0.000567   mMR(2)         0.001694   mMR(3)         0.000004
mTR(1)         0.000000   mTR(2)         0.000000   mTR(3)         0.000000
mFus(1)        0.000000   mFus(2)        0.003680   mFus(3)        0.000000
mFN(1)         0.000000   mFN(2)         0.000000   mFN(3)         0.000000
mHS(1)         0.000000   mHS(2)        -0.008439   mHS(3)         0.000000
mPR(1)         0.000000   mPR(2)         0.000000   mPR(3)         0.000000
mR(1)  -2.0029534e-010   mR(2)  -5.8097216e-010   mR(3)   2.2007107e-010
QR  6.8893677e-011
mW -3.0657918e-003


=I=I=I=I=I= Iteration Results =I=I=I=I=I=
xMR    4.500    xcg    4.450    dxCG    0.050    iRigMR    3.0
cTs 0.08600   cT 0.00283   cLs 11.46700   cL 0.37745
aN     0.05456°    a1    0.03302°   b1    0.02519°
Br   aN     3.13°       a1    1.89°      b1    1.44°
716  aN     3.13°       a1    1.67°      b1    0.45°
mu  0.119062 lamD    0.01558    lamI    0.01139     mu*a1    0.00348     lamNf    0.01210
A1S   -0.00218°    B1S    0.09583°
A1S    -0.12°    B1S     5.49°    alfD    12.76°   alfaNf    11.09°   alSm    -3.82°
thtaN      4.50°    thtaTR    -0.04°
Trim   phi    -0.04°    thta    13.71°
vBx    17.37    vBy    -0.00    vBz     4.24
fMR(1)            11.83   fMR(2)            -0.58   fMR(3)         -3437.70
fTR(1)             0.00   fTR(2)             0.00   fTR(3)             0.00
fPR(1)          1072.49   fPR(2)             0.00   fPR(3)             0.00
fFus(1)         -235.59   fFus(2)           -0.05   fFus(3)          -19.74
fFN(1)            -4.48   fFN(2)             3.01   fFN(3)             0.00
fHS(1)            -7.12   fHS(2)             0.00   fHS(3)            24.88
fCG(1)          -837.12   fCG(2)            -2.38   fCG(3)          3432.55
fWN(1)            -0.00   fWN(2)             0.00   fWN(3)             0.00
fR(1)   2.0409218e-010   fR(2)  -1.2421797e-010   fR(3)  -1.2119479e-008

Moment Equilibrium
mMR(1)            -1.22   mMR(2)           -77.27   mMR(3)             0.01
mTR(1)             0.00   mTR(2)             0.00   mTR(3)            -0.00
mPR(1)             0.00   mPR(2)            -0.00   mPR(3)             0.00
mFus(1)            0.00   mFus(2)           43.08   mFus(3)            8.85
mFN(1)             1.22   mFN(2)             1.82   mFN(3)            -8.86
mHS(1)             0.00   mHS(2)            32.37   mHS(3)             0.00
mWN(1)             0.00   mWN(2)             0.00   mWN(3)             0.00
mR(1)  -8.6277874e-011   mR(2)  -2.2212677e-010   mR(3)   2.1924507e-010
==x=x===x===x=x==
MR Fx   191.73    Fz -3432.37   thtaClmb    -0.00   torque     0.00
dxMR    0.0225  Fx/Fz   -0.2°        mu   0.11906   oM  38.7  n  369.2

=I=I=I=I=I= End Of Iteration Results =I=I=I=I=I=


         ### stability derivatives ###
 R ._. R ._. << RotaryWingSim Data >> ._. R ._. R

       u              w            q         oM
x   -0.092033     -0.056253     1.260463     0.005603
z   -0.080303     -0.919713     0.044179    -0.356201
m    0.015575     -0.001947    -1.637236    -0.005695

      measured  data
       u                w              q
x   -0.230000      -0.205000        1.700000
z   -0.125200      -1.180000        1.250000
m   -0.001000       0.015000       -0.725000

Q    0.000000      -0.000000        0.000000       -0.000000

Xu      -0.092033        -33.15
Xw      -0.056253        -20.26
Xq       1.260463        755.68
Zu      -0.080303        -28.92
Zw      -0.919713       -331.24
Zwd      0.000000          0.00
Zq       0.044179         26.49
Mu       0.015575          5.61
Mw      -0.001947         -0.70
Mwd      0.000000          0.00
Mq      -1.637236       -981.57

##### SP and PH Mode ----- approximation ###
----- Short Period Mode -----
omega SP         1.2412
zeta  SP         1.0300
re  -1.2785 +   0.3063
re  -1.2785 -   0.3063

----- Phugoid Mode -----
omega PH         0.3040
zeta  PH         0.2272
re  -0.0691 +  0.2961j
re  -0.0691 -  0.2961j

A          1.0000
B          2.6951
C          2.1740
D          0.4751
E          0.1597

##### SP and PH Mode from quartic #####
A        1.000         1.000
B        2.649         2.649
C        1.752         1.752
D        0.285         0.285
E        0.142         0.142

Routh D        0.243

M thta        -0.000 

z1  -1.67347    0.00000j
z2  -0.94431    0.00000j
z3  -0.01560    0.29941j
z4  -0.01560   -0.29941j

       Short Period                Phugoid
1  -1.99014  0.00000j        0.13552  0.00000j
2  -0.14902  0.00000j       -0.02136  0.00000j
3  -0.01833  0.00000j       -0.03905  0.00000j
4   0.01400  0.00000j        0.02287  0.00000j


 M _ _ M _ _ << Measured Data >> _ _ M _ _ M
Xu      -0.230000        -82.84
Xw      -0.205000        -73.83
Xq       1.700000       1019.20
Zu      -0.125200        -45.09
Zw      -1.180000       -424.99
Zwd      0.000000          0.00
Zq       1.250000        749.41
Mu      -0.001000         -0.36
Mw       0.015000          5.40
Mwd      0.000000          0.00
Mq      -0.725000       -434.66

##### SP and PH Mode ----- approximation ###
----- Short Period Mode -----
omega SP         0.7540
zeta  SP         1.2632
re  -0.9525 +   0.5820
re  -0.9525 -   0.5820

----- Phugoid Mode -----
negative oMg2_PH

##### SP and PH Mode from quartic #####
A        1.000         1.000
B        2.135         2.135
C        0.983         0.983
D        0.104         0.104
E       -0.030        -0.030

Routh D        0.343

M thta        -0.000 

z1  -1.55324    0.00000j
z2  -0.35032    0.19932j
z3  -0.35032   -0.19932j
z4   0.11889    0.00000j

       Short Period                Phugoid
1   1.21317  0.00000j       -0.02865  0.00000j
2   0.88497 -0.26925j        0.07032  0.26925j
3  -0.01729 -0.01082j        0.00379  0.01082j
4   0.02454  0.02324j        0.04608 -0.02324j

