reading aircraft data from ./data/RotDatR4B_1.dat
reading Flight Data from ./data/fDataR4B_c1NN.flt
reading Rotor Data from ./data/fDataR4B_c1NN.flt


#### RotaryWingSim ####
rhoAir          1.1562 kg/m°
thtaN    2.68°   twist     0.00°
mHeli          2266.00 lb

nRot   oMR       135.24 m/s     oMR   443.70 ft/s
aBlade          4.83 m^2

rRotTR       1.91 m
nRotTR       1662.7 1/min
oMTR    174.12
oMRTR   135.24 m/s    oMRTR   443.70 ft/s
sigmaTR   0.0173

Area Mrot     105.36 m^2
m blade         5.4 kg
I blade        60.9 kg*m^2 estimated
gamRot         15.0000
sigma           0.0459


Trim phi       0.00°    thta      -0.10°    psi      -0.10°   
vH      60.15 mph     vV          0 fpm
cTs  0.098680     cT  0.0045     cT2sa  0.0344     cL  0.2284
m Heli    10083.3 N      fpA        2.1 m^2          23.0 ft^2
Iyy Heli        2712.8 kg*m^2
Coordintats x,z    [m]         [ft]
Rotor      :   0.02   1.68        0.05   5.50
Rudder     :   7.48   1.52       24.55   5.00
Fin        :   3.86   0.71       12.65   2.33
H-Stab     :   4.04   0.02       13.25   0.06
Wing       :  -1.97   0.00       -6.45   0.00
Propeller  :  -0.83   0.00       -2.73   0.00
### Var ###
mu             23.353  vFlight     53.5 kn
thtaClmb      -0.0000     -0.0000°
cTsReq    0.09868    cTReq    0.00453    cT2saReq    0.03444
alfaD   12776.96°    thtaClmb      -0.00°    thtaTrim      -0.10
trim iter 32     anorm 6.51706e-010

   deriv 3104
       u                w              q
x   -0.174610      0.262466     0.083010
z    0.145498     -1.151869     0.267962
m    0.061501     -0.163463    -0.003581

 ====== u - derivatives ===== 
fMR(1)        -0.071786   fMR(2)         0.011612   fMR(3)        -0.012370
fTR(1)         0.000000   fTR(2)        -0.000000   fTR(3)         0.000000
fFus(1)       -0.074292   fFus(2)        0.000308   fFus(3)        0.005941
fFN(1)        -0.004377   fFN(2)        -0.000182   fFN(3)         0.000000
fHS(1)        -0.000000   fHS(2)         0.000000   fHS(3)         0.000000
fPR(1)         0.000000   fPR(2)         0.000000   fPR(3)         0.000000
fCG(1)         0.000000   fCG(2)         0.000000   fCG(3)         0.000000
fR(1)  -1.5464090e-008   fR(2)   1.2816868e-009   fR(3)  -6.6786263e-010

 Moment Equilibrium    1001 
mMR(1)         0.001274   mMR(2)         0.007861   mMR(3)        -0.000012
mTR(1)        -0.000000   mTR(2)         0.000000   mTR(3)         0.000000
mFus(1)        0.000000   mFus(2)       -0.001094   mFus(3)        0.000611
mFN(1)        -0.000008   mFN(2)         0.000204   mFN(3)         0.000046
mHS(1)         0.000000   mHS(2)         0.000000   mHS(3)         0.000000
mPR(1)         0.000000   mPR(2)         0.000000   mPR(3)         0.000000
mR(1)   2.1021656e-009   mR(2)   1.0951560e-008   mR(3)   4.4863668e-010
QR  1.9417570e-011
mU  6.9710994e-003

 ====== q - derivatives ===== 
fMR(1)         0.590804   fMR(2)        -0.609294   fMR(3)         0.088308
fTR(1)         0.000000   fTR(2)         0.000000   fTR(3)         0.000000
fFus(1)        0.001544   fFus(2)        0.000000   fFus(3)       -0.001850
fFN(1)         0.000000   fFN(2)         0.000000   fFN(3)         0.000000
fHS(1)         0.000000   fHS(2)         0.000000   fHS(3)        -0.000001
fPR(1)         0.000000   fPR(2)         0.000000   fPR(3)         0.000000
fCG(1)         0.000000   fCG(2)         0.000000   fCG(3)         0.000000
fR(1)   6.0885490e-008   fR(2)  -6.2551496e-008   fR(3)   8.8800128e-009

 Moment Equilibrium    1002 
mMR(1)        -0.066827   mMR(2)        -0.064711   mMR(3)         0.000608
mTR(1)         0.000000   mTR(2)         0.000000   mTR(3)         0.000000
mFus(1)        0.000000   mFus(2)        0.000156   mFus(3)        0.000000
mFN(1)         0.000000   mFN(2)         0.000000   mFN(3)         0.000000
mHS(1)         0.000000   mHS(2)        -0.000000   mHS(3)         0.000000
mPR(1)         0.000000   mPR(2)         0.000000   mPR(3)         0.000000
mR(1)  -1.0487282e-007   mR(2)  -1.0141879e-007   mR(3)   3.8986059e-010
QR -3.2776958e-011

 ====== w - derivatives ===== 
fMR(1)        -0.040778   fMR(2)        -0.017647   fMR(3)        -0.890101
fTR(1)         0.000000   fTR(2)         0.000000   fTR(3)         0.000000
fFus(1)        0.032598   fFus(2)        0.000000   fFus(3)       -0.036162
fFN(1)         0.000000   fFN(2)         0.000000   fFN(3)         0.000000
fHS(1)         0.000000   fHS(2)         0.000000   fHS(3)        -0.000000
fPR(1)         0.000000   fPR(2)         0.000000   fPR(3)         0.000000
fCG(1)         0.000000   fCG(2)         0.000000   fCG(3)         0.000000
fR(1)  -8.4009690e-010   fR(2)  -1.7386448e-009   fR(3)  -9.5213475e-008

 Moment Equilibrium    1003 
mMR(1)        -0.001936   mMR(2)         0.003585   mMR(3)         0.000018
mTR(1)         0.000000   mTR(2)         0.000000   mTR(3)         0.000000
mFus(1)        0.000000   mFus(2)        0.003293   mFus(3)        0.000000
mFN(1)         0.000000   mFN(2)         0.000000   mFN(3)         0.000000
mHS(1)         0.000000   mHS(2)        -0.000000   mHS(3)         0.000000
mPR(1)         0.000000   mPR(2)         0.000000   mPR(3)         0.000000
mR(1)  -2.9261571e-009   mR(2)   1.0805131e-008   mR(3)  -5.3694293e-010
QR  9.3946662e-011
mW  6.8778923e-003


=I=I=I=I=I= Iteration Results =I=I=I=I=I=
xMR    6.500    xcg    6.450    dxCG    0.050    iRigMR    0.0
cTs 0.16514   cT 0.00757   cLs 8.85592   cL 0.40615
aN     0.35014°    a1    0.12419°   b1    0.10274°
Br   aN    20.06°       a1    7.12°      b1    5.89°
716  aN    20.06°       a1    4.64°      b1    2.96°
mu  0.193076 lamD    0.00908    lamI    0.00990     mu*a1    0.01565     lamNf   -0.00657
A1S   -0.03943°    B1S    0.10097°
A1S    -2.26°    B1S     5.78°    alfD     5.61°   alfaNf     0.97°   alSm    -1.14°
thtaN     10.80°    thtaTR    -0.04°
Trim   phi    -0.04°    thta    -7.39°
vBx    26.59    vBy     0.05    vBz    -3.45
fMR(1)          -212.06   fMR(2)           -15.54   fMR(3)        -10088.67
fTR(1)             0.00   fTR(2)            19.41   fTR(3)             0.00
fPR(1)             0.00   fPR(2)             0.00   fPR(3)             0.00
fFus(1)        -1025.45   fFus(2)            8.41   fFus(3)           89.15
fFN(1)           -59.49   fFN(2)            -4.97   fFN(3)             0.00
fHS(1)            -0.00   fHS(2)             0.00   fHS(3)             0.00
fCG(1)          1296.99   fCG(2)            -7.31   fCG(3)          9999.52
fWN(1)            -0.00   fWN(2)             0.00   fWN(3)            -0.00
fR(1)   6.3808363e-009   fR(2)  -1.6747528e-009   fR(3)  -9.8951498e-008

Moment Equilibrium
mMR(1)           -26.05   mMR(2)           201.74   mMR(3)             0.24
mTR(1)            29.58   mTR(2)             0.00   mTR(3)          -145.26
mPR(1)             0.00   mPR(2)            -0.00   mPR(3)             0.00
mFus(1)            0.00   mFus(2)         -244.05   mFus(3)          125.87
mFN(1)            -3.53   mFN(2)            42.31   mFN(3)            19.15
mHS(1)             0.00   mHS(2)             0.00   mHS(3)             0.00
mWN(1)             0.00   mWN(2)             0.00   mWN(3)             0.00
mR(1)  -2.8190499e-009   mR(2)  -1.0881578e-008   mR(3)  -5.3790927e-010
==x=x===x===x=x==
MR Fx  -212.06    Fz -10088.67   thtaClmb    -0.00   torque  3299.48
dxMR   -0.0200  Fx/Fz    1.2°        mu   0.19308   oM  23.4  n  223.0

=I=I=I=I=I= End Of Iteration Results =I=I=I=I=I=


         ### stability derivatives ###
 R ._. R ._. << RotaryWingSim Data >> ._. R ._. R

       u              w            q         oM
x   -0.150457     -0.008180     0.592346     0.062072
z   -0.006424     -0.926256     0.086467    -0.962623
m    0.006971      0.006878    -0.064555    -0.006926

      measured  data
       u                w              q
x   -0.090000       0.110000        0.092100
z    0.010000      -1.100000        0.140000
m    0.007000       0.005000       -0.025000

Q    0.000000      -0.000000        0.000000       -0.000000

Xu      -0.150457       -154.65
Xw      -0.008180         -8.41
Xq       0.592346       1606.92
Zu      -0.006424         -6.60
Zw      -0.926256       -952.06
Zwd      0.000000          0.00
Zq       0.086467        234.57
Mu       0.006971          7.17
Mw       0.006878          7.07
Mwd      0.000000          0.00
Mq      -0.064555       -175.13

##### SP and PH Mode ----- approximation ###
----- Short Period Mode -----
negative oMg2_SP

----- Phugoid Mode -----
negative oMg2_PH

##### SP and PH Mode from quartic #####
A        1.000         1.000
B        1.141         1.141
C        0.020         0.020
D        0.047         0.047
E        0.063         0.063

Routh D       -0.083

M thta        -0.000 

z1  -1.11638    0.00000j
z2   0.18710    0.32588j
z3   0.18710   -0.32588j
z4  -0.39908    0.00000j

       Short Period                Phugoid
1   1.84329  0.00000j        0.80849  0.00000j
2  -0.02781  0.00000j       -1.46164  0.00000j
3   0.00861  0.00000j       -0.00187  0.00000j
4  -0.06288  0.00000j        0.01599  0.00000j


----- Phugoid Mode -----
omega PH         0.3758
zeta  PH         0.4979
period PH       19.2806
tHalf  PH        3.7047
N half PH        0.1921

----- Short Period Mode -----
omega SP         0.3991
zeta  SP        -1.0000
period SP   --------
tHalf  SP        1.7369
N half SP        0.0000

omega SP         1.1164
zeta  SP        -1.0000
period SP   --------
tHalf  SP        0.6209
N half SP        0.0000


 M _ _ M _ _ << Measured Data >> _ _ M _ _ M
Xu      -0.090000        -92.51
Xw       0.110000        113.06
Xq       0.092100        249.85
Zu       0.010000         10.28
Zw      -1.100000      -1130.64
Zwd      0.000000          0.00
Zq       0.140000        379.79
Mu       0.007000          7.20
Mw       0.005000          5.14
Mwd      0.000000          0.00
Mq      -0.025000        -67.82

##### SP and PH Mode ----- approximation ###
----- Short Period Mode -----
negative oMg2_SP

----- Phugoid Mode -----
negative oMg2_PH

##### SP and PH Mode from quartic #####
A        1.000         1.000
B        1.215         1.215
C       -0.008        -0.008
D        0.038         0.038
E        0.076         0.076

Routh D       -0.114

M thta        -0.000 

z1  -1.20377    0.00000j
z2  -0.42000    0.00000j
z3   0.20438    0.32955j
z4   0.20438   -0.32955j

       Short Period                Phugoid
1  -1.87010  0.00000j       -0.83853  0.00000j
2  -0.08913  0.00000j       -0.58128  0.00000j
3  -0.01214  0.00000j        0.01465  0.00000j
4   0.05501  0.00000j       -0.02897  0.00000j

dlc    19.23   dla    0.84   dle    1.57      dlp    4.27      dlt    0.00
thtaN  10.80°   A1S  -2.26°   B1S   5.78°   thtaTR  -0.04°
TrimAC phi LFr      -0.04°    thta      -7.39°    psi      -0.10°
