reading aircraft data from ./data/RotDatBensenB8M_a.dat
reading Flight Data from ./data/fDataBensenB8M_a.flt
reading Rotor Data from ./data/fDataBensenB8M_a.flt


    #### RotaryWingSim ####
rhoAir        1.2252 kg/m³
thtaN    2.50°   twist     1.50°
mHeli           500.00 lb
aBlade          1.15 m^2

rRotTR       0.08 m
nRotTR       1662.7 1/min
oMTR    174.12
oMRTR   124.05 m/s    oMRTR   407.00 ft/s
sigmaTR   0.1783

Area Mrot      35.32 m^2
m blade         4.7 kg     estimated
I blade        28.2 kg*m^2
gamRot          3.5400
sigma           0.0325


Trim phi      -0.00°    thta       1.20°    psi       0.00°   
vH      40.10 mph     vV          0 fpm
cTs  0.102711     cT  0.0033     cT2sa  0.0373     cL  0.3192
m Heli     2224.9 N      fpA        0.8 m^2           9.0 ft^2
Iyy Heli         870.8 kg*m^2
Coordintats x,z    [m]         [ft]
Rotor      :   0.18   0.97        0.60   3.19
Rudder     :   9.45   0.00       31.00   0.00
Fin        :   4.30   1.32       14.10   4.33
H-Stab     :   0.55  -0.30        1.82  -1.00
Wing       :   1.39  -0.00        4.55  -0.00
Propeller  :   0.55   0.00        1.82   0.00
### Var ###
mu             37.000  vFlight     35.7 kn
thtaClmb      -0.0000     -0.0000°
cTsReq    0.10271    cTReq    0.00334    cT2saReq    0.03735
alfaD     337.40°    thtaClmb      -0.00°    thtaTrim       1.20
trim iter 24     anorm 2.90766e-010

   deriv 3104
       u                w              q
x   -0.099927     -0.314402     0.508821
z   -0.387450     -1.093980     0.683978
m    0.029573      0.114624    -0.171363

 ====== u - derivatives ===== 
fMR(1)        -0.062440   fMR(2)        -0.000224   fMR(3)        -0.227875
fTR(1)         0.000000   fTR(2)         0.000000   fTR(3)         0.000000
fFus(1)       -0.087626   fFus(2)        0.000002   fFus(3)       -0.001884
fFN(1)        -0.004975   fFN(2)         0.000821   fFN(3)         0.000000
fHS(1)        -0.002184   fHS(2)         0.000000   fHS(3)        -0.003119
fPR(1)        -0.037344   fPR(2)         0.000000   fPR(3)         0.000000
fCG(1)         0.000000   fCG(2)         0.000000   fCG(3)         0.000000
fR(1)  -4.4289387e-009   fR(2)  -9.4175778e-012   fR(3)  -5.1559957e-009

 Moment Equilibrium    1001 
mMR(1)        -0.000017   mMR(2)         0.001471   mMR(3)         0.000003
mTR(1)         0.000000   mTR(2)         0.000000   mTR(3)         0.000000
mFus(1)        0.000000   mFus(2)        0.000000   mFus(3)        0.000258
mFN(1)         0.000084   mFN(2)         0.000510   mFN(3)        -0.000274
mHS(1)         0.000000   mHS(2)        -0.000186   mHS(3)         0.000000
mPR(1)         0.000000   mPR(2)         0.000004   mPR(3)         0.000000
mR(1)  -1.1634693e-011   mR(2)   4.1231394e-010   mR(3)   1.0739232e-010
QR  2.9762175e-011
mU  1.7992300e-003

 ====== q - derivatives ===== 
fMR(1)         1.615849   fMR(2)        -0.332303   fMR(3)        -0.143562
fTR(1)         0.000000   fTR(2)         0.000000   fTR(3)         0.000000
fFus(1)       -0.005229   fFus(2)        0.000000   fFus(3)       -0.000431
fFN(1)         0.000000   fFN(2)         0.000000   fFN(3)         0.000000
fHS(1)         0.000479   fHS(2)         0.000000   fHS(3)        -0.019688
fPR(1)         0.000000   fPR(2)         0.000000   fPR(3)         0.000000
fCG(1)         0.000000   fCG(2)         0.000000   fCG(3)         0.000000
fR(1)   3.6523437e-008   fR(2)  -7.5596291e-009   fR(3)  -3.5859575e-009

 Moment Equilibrium    1002 
mMR(1)        -0.025059   mMR(2)        -0.123893   mMR(3)         0.004721
mTR(1)         0.000000   mTR(2)         0.000000   mTR(3)         0.000000
mFus(1)        0.000000   mFus(2)        0.000000   mFus(3)        0.000000
mFN(1)         0.000000   mFN(2)         0.000000   mFN(3)         0.000000
mHS(1)         0.000000   mHS(2)        -0.000837   mHS(3)         0.000000
mPR(1)         0.000000   mPR(2)         0.000000   mPR(3)         0.000000
mR(1)  -7.3477735e-009   mR(2)  -3.6528857e-008   mR(3)   1.4895960e-009
QR -1.2232260e-011

 ====== w - derivatives ===== 
fMR(1)        -0.180528   fMR(2)        -0.002344   fMR(3)        -0.955390
fTR(1)         0.000000   fTR(2)         0.000000   fTR(3)         0.000000
fFus(1)       -0.054105   fFus(2)        0.000000   fFus(3)       -0.002037
fFN(1)         0.000000   fFN(2)         0.000000   fFN(3)         0.000000
fHS(1)         0.000852   fHS(2)         0.000000   fHS(3)        -0.034979
fPR(1)         0.000000   fPR(2)         0.000000   fPR(3)         0.000000
fCG(1)         0.000000   fCG(2)         0.000000   fCG(3)         0.000000
fR(1)  -5.3184173e-009   fR(2)  -7.6169959e-011   fR(3)  -2.2381639e-008

 Moment Equilibrium    1003 
mMR(1)        -0.000177   mMR(2)         0.000041   mMR(3)         0.000033
mTR(1)         0.000000   mTR(2)         0.000000   mTR(3)         0.000000
mFus(1)        0.000000   mFus(2)        0.000000   mFus(3)        0.000000
mFN(1)         0.000000   mFN(2)         0.000000   mFN(3)         0.000000
mHS(1)         0.000000   mHS(2)        -0.001487   mHS(3)         0.000000
mPR(1)         0.000000   mPR(2)         0.000000   mPR(3)         0.000000
mR(1)  -8.2921225e-011   mR(2)  -5.3427665e-010   mR(3)   1.2102142e-010
QR  1.1120330e-010
mW -1.4458643e-003


=I=I=I=I=I= Iteration Results =I=I=I=I=I=   40 mph    58 fps
xMR    0.600    xcg    0.000    dxCG    0.600    iRigMR    8.7
cTs 0.07946   cT 0.00258   cLs 9.72228   cL 0.31622
aN     0.04010°    a1    0.03043°   b1    0.02132°
Br   aN     2.30°       a1    1.74°      b1    1.22°
716  aN     2.30°       a1    1.53°      b1    0.35°
mu  0.122462 lamD    0.02308    lamI    0.01018     mu*a1    0.00327     lamNf    0.01981
A1S   -0.00202°    B1S    0.01201°
A1S    -0.12°    B1S     0.69°    alfD    15.19°   alfaNf    13.66°   alSm     0.84°
thtaN      2.50°    thtaTR    -0.02°
Trim   phi     0.02°    thta     5.81°
vBx    17.79    vBy     0.00    vBz     1.81
fMR(1)          -401.54   fMR(2)            -2.25   fMR(3)         -2215.74
fTR(1)             0.00   fTR(2)            -0.00   fTR(3)             0.00
fPR(1)           854.07   fPR(2)             0.00   fPR(3)             0.00
fFus(1)         -212.49   fFus(2)            0.01   fFus(3)           -6.19
fFN(1)           -10.04   fFN(2)             1.65   fFN(3)             0.00
fHS(1)            -4.82   fHS(2)             0.00   fHS(3)             8.44
fCG(1)          -225.18   fCG(2)             0.59   fCG(3)          2213.48
fWN(1)            -0.00   fWN(2)             0.00   fWN(3)            -0.00
fR(1)  -1.2640005e-009   fR(2)  -2.9208858e-011   fR(3)  -7.1607728e-009

Moment Equilibrium
mMR(1)            -2.18   mMR(2)           -15.40   mMR(3)             0.41
mTR(1)            -0.00   mTR(2)             0.00   mTR(3)             0.00
mPR(1)             0.00   mPR(2)            -1.07   mPR(3)             0.00
mFus(1)            0.00   mFus(2)            0.00   mFus(3)            6.69
mFN(1)             2.18   mFN(2)            13.26   mFN(3)            -7.10
mHS(1)             0.00   mHS(2)             3.21   mHS(3)             0.00
mWN(1)             0.00   mWN(2)            -0.00   mWN(3)             0.00
mR(1)  -3.7331915e-011   mR(2)  -3.0999960e-010   mR(3)   1.1243273e-010
==x=x===x===x=x==
MR Fx   -61.77    Fz -2250.98   thtaClmb    -0.00   torque     0.00
dxMR    0.0070  Fx/Fz   10.3°        mu   0.12246   oM  42.3  n  403.8

=I=I=I=I=I= End Of Iteration Results =I=I=I=I=I=


         ### stability derivatives ###
 R ._. R ._. << RotaryWingSim Data >> ._. R ._. R

       u              w            q         oM
x   -0.194567     -0.233785     1.611093    -0.055019
z   -0.232895     -0.992403    -0.163669    -0.321289
m    0.001798     -0.001444    -0.124728    -0.000675

      measured  data
       u                w              q
x   -0.205000      -0.268000       -1.169000
z   -0.128000      -1.050000       -1.711500
m    0.021000      -0.084000       -2.055000

Q    0.000000      -0.000000        0.000000       -0.000000

Xu      -0.194567        -44.13
Xw      -0.233785        -53.02
Xq       1.611093       1402.95
Zu      -0.232895        -52.82
Zw      -0.992403       -225.08
Zwd      0.000000          0.00
Zq      -0.163669       -142.52
