reading aircraft data from ./data/KelletKD1tws.dat
reading Flight Data from ./data/fDataKD1tws1.flt
reading Rotor Data from ./data/fDataKD1tws1.flt


#### RotaryWingSim ####
rhoAir          1.2261 kg/m°
thtaN    4.00°   twist     0.00°
mHeli          2100.00 lb
aBlade          5.57 m^2

rRotTR       0.08 m
nRotTR       1662.7 1/min
oMTR    174.12
oMRTR   124.10 m/s    oMRTR   407.15 ft/s
sigmaTR   0.1783

Area Mrot     116.75 m^2
m blade        27.5 kg     estimated
I blade       340.9 kg*m^2 estimated
gamRot         15.0000
sigma           0.0477


Trim phi       0.00°    thta       6.80°    psi       0.00°   
vH      45.51 mph     vV          0 fpm
cTs  0.088157     cT  0.0042     cT2sa  0.0333     cL  0.3125
m Heli     9344.6 N      fpA        1.3 m^2          14.2 ft^2
Iyy Heli        5425.6 kg*m^2
Coordintats x,z    [m]         [ft]
Rotor      :   0.61   1.52        2.00   5.00
Rudder     :   7.85  -0.15       25.75  -0.50
Fin        :   2.09   0.25        6.85   0.83
H-Stab     :   4.10  -0.13       13.45  -0.44
Wing       :  -1.60  -0.15       -5.25  -0.50
Propeller  :  -1.60   0.00       -5.25   0.00
### Var ###
mu             20.358  vFlight     40.5 kn
thtaClmb      -0.0000     -0.0000°
cTsReq    0.08816    cTReq    0.00421    cT2saReq    0.03327
alfaD     185.64°    thtaClmb      -0.00°    thtaTrim       6.80
trim iter 25     anorm 3.51851e-010

 ====== u - derivatives ===== 
fMR(1)        -0.021872   fMR(2)        -0.003218   fMR(3)        -0.182900
fTR(1)         0.000000   fTR(2)         0.000000   fTR(3)         0.000000
fFus(1)       -0.037259   fFus(2)       -0.000030   fFus(3)       -0.000772
fFN(1)        -0.002874   fFN(2)        -0.003746   fFN(3)         0.000000
fHS(1)        -0.003268   fHS(2)         0.000000   fHS(3)        -0.022729
fPR(1)        -0.017000   fPR(2)         0.000000   fPR(3)         0.000000
fCG(1)         0.000000   fCG(2)         0.000000   fCG(3)         0.000000
fR(1)  -7.8324913e-009   fR(2)  -7.4015816e-010   fR(3)  -1.9685847e-008

 Moment Equilibrium    1001 
mMR(1)        -0.002704   mMR(2)        -0.000676   mMR(3)         0.000056
mTR(1)         0.000000   mTR(2)         0.000000   mTR(3)         0.000000
mFus(1)        0.000000   mFus(2)        0.000008   mFus(3)        0.000036
mFN(1)        -0.000027   mFN(2)         0.000021   mFN(3)         0.000225
mHS(1)         0.000000   mHS(2)        -0.002696   mHS(3)         0.000000
mPR(1)         0.000000   mPR(2)         0.000000   mPR(3)         0.000000
mR(1)  -9.2865662e-009   mR(2)  -1.1024886e-008   mR(3)   1.1564367e-009
QR  1.4616157e-012
mU -3.3430166e-003

 ====== q - derivatives ===== 
fMR(1)         0.794747   fMR(2)        -0.550414   fMR(3)         0.198558
fTR(1)         0.000000   fTR(2)         0.000000   fTR(3)         0.000000
fFus(1)       -0.002961   fFus(2)        0.000000   fFus(3)       -0.000199
fFN(1)         0.000000   fFN(2)         0.000000   fFN(3)         0.000000
fHS(1)        -0.008388   fHS(2)         0.000000   fHS(3)        -0.322560
fPR(1)         0.000000   fPR(2)         0.000000   fPR(3)         0.000000
fCG(1)         0.000000   fCG(2)         0.000000   fCG(3)         0.000000
fR(1)   7.4628155e-008   fR(2)  -5.2504163e-008   fR(3)  -1.1852760e-008

 Moment Equilibrium    1002 
mMR(1)         0.043260   mMR(2)        -0.103083   mMR(3)         0.009663
mTR(1)         0.000000   mTR(2)         0.000000   mTR(3)         0.000000
mFus(1)        0.000000   mFus(2)        0.000028   mFus(3)        0.000000
mFN(1)         0.000000   mFN(2)         0.000000   mFN(3)         0.000000
mHS(1)         0.000000   mHS(2)        -0.038117   mHS(3)         0.000000
mPR(1)         0.000000   mPR(2)         0.000000   mPR(3)         0.000000
mR(1)   1.4282627e-007   mR(2)  -4.6688812e-007   mR(3)   3.2066964e-008
QR -2.2311985e-012

 ====== w - derivatives ===== 
fMR(1)        -0.123929   fMR(2)         0.007886   fMR(3)        -1.013185
fTR(1)         0.000000   fTR(2)         0.000000   fTR(3)         0.000000
fFus(1)       -0.020890   fFus(2)        0.000000   fFus(3)       -0.000672
fFN(1)         0.000000   fFN(2)         0.000000   fFN(3)         0.000000
fHS(1)        -0.001823   fHS(2)         0.000000   fHS(3)        -0.080915
fPR(1)         0.000000   fPR(2)         0.000000   fPR(3)         0.000000
fCG(1)         0.000000   fCG(2)         0.000000   fCG(3)         0.000000
fR(1)  -1.3960763e-008   fR(2)   6.7723249e-010   fR(3)  -1.0430653e-007

 Moment Equilibrium    1003 
mMR(1)        -0.004655   mMR(2)        -0.008523   mMR(3)        -0.000138
mTR(1)         0.000000   mTR(2)         0.000000   mTR(3)         0.000000
mFus(1)        0.000000   mFus(2)        0.000197   mFus(3)        0.000000
mFN(1)         0.000000   mFN(2)         0.000000   mFN(3)         0.000000
mHS(1)         0.000000   mHS(2)        -0.009561   mHS(3)         0.000000
mPR(1)         0.000000   mPR(2)         0.000000   mPR(3)         0.000000
mR(1)  -1.5648666e-008   mR(2)  -5.9130713e-008   mR(3)  -3.5240078e-010
QR  9.4200106e-012
mW -1.7886240e-002


=I=I=I=I=I= Iteration Results =I=I=I=I=I=
xMR    7.250    xcg    5.250    dxCG    2.000    iRigMR    0.0
cTs 0.08063   cT 0.00385   cLs 5.93734   cL 0.28349
aN     0.17775°    a1    0.04482°   b1    0.05280°
Br   aN    10.18°       a1    2.57°      b1    3.02°
716  aN    10.18°       a1    0.96°      b1    1.68°
mu  0.161245 lamD    0.02007    lamI    0.01041     mu*a1    0.00269     lamNf    0.01738
A1S    0.02462°    B1S   -0.08666°
A1S     1.41°    B1S    -4.96°    alfD    10.70°   alfaNf     9.75°   alSm     5.92°
thtaN      4.00°    thtaTR     0.06°
Trim   phi    -0.64°    thta     7.16°
vBx    20.13    vBy    -0.03    vBz     2.53
fMR(1)          -979.02   fMR(2)           138.32   fMR(3)         -9172.93
fTR(1)             0.00   fTR(2)             0.00   fTR(3)             0.00
fPR(1)          2624.60   fPR(2)             0.00   fPR(3)             0.00
fFus(1)         -423.64   fFus(2)           -0.58   fFus(3)          -10.86
fFN(1)           -29.58   fFN(2)           -34.59   fFN(3)             0.00
fHS(1)           -28.15   fHS(2)             0.00   fHS(3)           -87.24
fCG(1)         -1164.01   fCG(2)          -103.15   fCG(3)          9271.26
fWN(1)            -0.21   fWN(2)             0.00   fWN(3)            -0.23
fR(1)  -3.2157983e-009   fR(2)   5.6243721e-010   fR(3)  -5.9994169e-008

Moment Equilibrium
mMR(1)             8.78   mMR(2)           329.10   mMR(3)           -84.32
mTR(1)            -0.00   mTR(2)             0.00   mTR(3)            -0.00
mPR(1)             0.00   mPR(2)            -0.00   mPR(3)             0.00
mFus(1)            0.00   mFus(2)           24.42   mFus(3)           12.11
mFN(1)            -8.78   mFN(2)             7.51   mFN(3)            72.21
mHS(1)             0.00   mHS(2)          -361.38   mHS(3)             0.00
mWN(1)             0.00   mWN(2)             0.34   mWN(3)             0.00
mR(1)   1.2939736e-008   mR(2)   2.6572597e-009   mR(3)  -2.8242653e-010
==x=x===x===x=x==
MR Fx  -979.02    Fz -9172.93   thtaClmb    -0.00   torque     0.00
dxMR    0.4469  Fx/Fz    6.1°        mu   0.16124   oM  20.2  n  192.7

=I=I=I=I=I= End Of Iteration Results =I=I=I=I=I=


         ### stability derivatives ###
 R ._. R ._. << RotaryWingSim Data >> ._. R ._. R

       u              w            q         oM
x   -0.082291     -0.146626     0.783383    -0.033825
z   -0.206450     -1.094800    -0.124218    -0.629608
m   -0.003342     -0.017887    -0.141171     0.000795

      measured  data
       u                w              q
x   -0.090000       0.110000        0.092100
z    0.010000      -1.100000        0.140000
m    0.007000       0.005000       -0.025000

Q    0.000000      -0.000000        0.000000       -0.000000

Xu      -0.082291        -78.39
Xw      -0.146626       -139.67
Xq       0.783383       4250.32
Zu      -0.206450       -196.66
Zw      -1.094800      -1042.86
Zwd      0.000000          0.00
Zq      -0.124218       -673.96
Mu      -0.003342         -3.18
Mw      -0.017887        -17.04
Mwd      0.000000          0.00
Mq      -0.141171       -765.94

##### SP and PH Mode ----- approximation ###
----- Short Period Mode -----
omega SP         0.7178
zeta  SP         0.8609
re  -0.6180 +  0.3652j
re  -0.6180 -  0.3652j

----- Phugoid Mode -----
omega PH         0.0254
zeta  PH        -0.7056
re   0.0179 +  0.0180j
re   0.0179 -  0.0180j

A          1.0000
B          1.2002
C          0.4717
D         -0.0177
E          0.0003

##### SP and PH Mode from quartic #####
A        1.000         1.000
B        1.318         1.318
C        0.589         0.589
D       -0.005        -0.005
E        0.000         0.000

Routh D       -0.004

M thta        -0.000 

z1  -0.66354    0.40025j
z2  -0.66354   -0.40025j
z3   0.00441    0.02316j
z4   0.00441   -0.02316j

       Short Period                Phugoid
1   0.42844  0.00000j        1.96579  0.00000j
2   1.80210  0.00000j       -0.36812  0.00000j
3   0.04292  0.00000j        0.00006  0.00000j
4  -0.02871  0.00000j       -0.01187  0.00000j


----- Phugoid Mode -----
omega PH         0.0236
zeta  PH         0.1872
period PH      271.2680
tHalf  PH      157.0459
N half PH        0.5789

----- Short Period Mode -----
omega SP         0.7749
zeta  SP        -0.8563
period SP       15.6983
tHalf  SP        1.0446
N half SP        0.0665


 M _ _ M _ _ << Measured Data >> _ _ M _ _ M
Xu      -0.090000        -85.73
Xw       0.110000        104.78
Xq       0.092100        499.70
Zu       0.010000          9.53
Zw      -1.100000      -1047.82
Zwd      0.000000          0.00
Zq       0.140000        759.58
Mu       0.007000          6.67
Mw       0.005000          4.76
Mwd      0.000000          0.00
Mq      -0.025000       -135.64

##### SP and PH Mode ----- approximation ###
----- Short Period Mode -----
negative oMg2_SP

----- Phugoid Mode -----
negative oMg2_PH

##### SP and PH Mode from quartic #####
A        1.000         1.000
B        1.215         1.215
C        0.025         0.025
D        0.045         0.045
E        0.076         0.076

Routh D       -0.113

M thta        -0.000 

z1  -1.18036    0.00000j
z2  -0.42644    0.00000j
z3   0.19590    0.33565j
z4   0.19590   -0.33565j

       Short Period                Phugoid
1  -1.92237  0.00000j       -0.86581  0.00000j
2  -0.08789  0.00000j       -0.64808  0.00000j
3  -0.01344  0.00000j        0.01587  0.00000j
4   0.05491  0.00000j       -0.03138  0.00000j

dlc     7.12   dla    6.72   dle  -13.20      dlp   -0.04      dlt    0.87
thtaN   4.00°   A1S   1.41°   B1S  -4.96°   thtaTR   0.06°
TrimAC phi LFr      -0.64°    thta       7.16°    psi       0.00°
