reading aircraft data from ./data/MntGmPrZ.dat
reading Flight Data from ./data/fDataMntGmPr_35.flt
reading Rotor Data from ./data/fDataMntGmPr_35.flt


    #### RotaryWingSim ####
rhoAir        1.2252 kg/m³
thtaN    4.50°   twist     0.00°
mHeli           794.00 lb
aBlade          1.50 m^2

rRotTR       0.08 m
nRotTR       1662.7 1/min
oMTR    174.12
oMRTR   149.73 m/s    oMRTR   491.25 ft/s
sigmaTR   0.1783

Area Mrot      45.60 m^2
m blade         6.9 kg     estimated
I blade        63.6 kg*m^2
gamRot          4.5567
sigma           0.0329


Trim phi      -0.60°    thta       1.20°    psi       0.00°   
vH      35.09 mph     vV          0 fpm
cTs  0.085672     cT  0.0028     cT2sa  0.0301     cL  0.5128
m Heli     3533.2 N      fpA        0.8 m^2           8.8 ft^2
Iyy Heli         599.5 kg*m^2
Coordintats x,z    [m]         [ft]
Rotor      :   0.47   2.10        1.53   6.90
Rudder     :   8.54   0.00       28.03   0.00
Fin        :   3.39   0.41       11.13   1.33
H-Stab     :   1.75   0.02        5.73   0.06
Wing       :   0.48  -0.00        1.58  -0.00
Propeller  :  -0.87   0.00       -2.84   0.00
### Var ###
mu             39.300  vFlight     31.2 kn
thtaClmb      -0.0000     -0.0000°
cTsReq    0.08567    cTReq    0.00282    cT2saReq    0.03006
alfaD     358.37°    thtaClmb      -0.00°    thtaTrim       1.20
trim iter 24     anorm 3.03687e-010

   deriv 3104
       u                w              q
x   -0.004933     -0.329450     0.373961
z   -0.471125     -1.085795     0.430076
m    0.037117      0.293242    -0.271740

 ====== u - derivatives ===== 
fMR(1)        -0.071951   fMR(2)         0.000518   fMR(3)        -0.251440
fTR(1)         0.000000   fTR(2)         0.000000   fTR(3)         0.000000
fFus(1)       -0.044480   fFus(2)       -0.000002   fFus(3)       -0.013923
fFN(1)        -0.001368   fFN(2)         0.000764   fFN(3)         0.000000
fHS(1)        -0.000560   fHS(2)         0.000000   fHS(3)        -0.032905
fPR(1)        -0.020909   fPR(2)         0.000000   fPR(3)         0.000000
fCG(1)         0.000000   fCG(2)         0.000000   fCG(3)         0.000000
fR(1)  -5.1181413e-009   fR(2)   2.6500580e-011   fR(3)  -1.0514371e-008

 Moment Equilibrium    1001 
mMR(1)         0.000172   mMR(2)         0.005330   mMR(3)        -0.000038
mTR(1)         0.000000   mTR(2)         0.000000   mTR(3)         0.000000
mFus(1)        0.000000   mFus(2)        0.000050   mFus(3)        0.000399
mFN(1)         0.000049   mFN(2)         0.000088   mFN(3)        -0.000409
mHS(1)         0.000000   mHS(2)        -0.009065   mHS(3)         0.000000
mPR(1)         0.000000   mPR(2)         0.000000   mPR(3)         0.000000
mR(1)   5.0128679e-011   mR(2)  -8.3177606e-010   mR(3)   4.0849102e-011
QR  2.2435650e-011
mU -3.5963851e-003

 ====== q - derivatives ===== 
fMR(1)         1.386748   fMR(2)        -0.369215   fMR(3)         0.251466
fTR(1)         0.000000   fTR(2)         0.000000   fTR(3)         0.000000
fFus(1)       -0.011615   fFus(2)        0.000000   fFus(3)       -0.004548
fFN(1)         0.000000   fFN(2)         0.000000   fFN(3)         0.000000
fHS(1)         0.005048   fHS(2)         0.000000   fHS(3)        -0.166345
fPR(1)         0.000000   fPR(2)         0.000000   fPR(3)         0.000000
fCG(1)         0.000000   fCG(2)         0.000000   fCG(3)         0.000000
fR(1)   4.9606098e-008   fR(2)  -1.3317183e-008   fR(3)   3.1298684e-009

 Moment Equilibrium    1002 
mMR(1)        -0.122434   mMR(2)        -0.441324   mMR(3)         0.027208
mTR(1)         0.000000   mTR(2)         0.000000   mTR(3)         0.000000
mFus(1)        0.000000   mFus(2)        0.000964   mFus(3)        0.000000
mFN(1)         0.000000   mFN(2)         0.000000   mFN(3)         0.000000
mHS(1)         0.000000   mHS(2)        -0.045850   mHS(3)         0.000000
mPR(1)         0.000000   mPR(2)         0.000000   mPR(3)         0.000000
mR(1)  -2.7966748e-008   mR(2)  -1.1107071e-007   mR(3)   6.2666281e-009
QR -3.9975002e-011

 ====== w - derivatives ===== 
fMR(1)        -0.163189   fMR(2)        -0.001480   fMR(3)        -0.827870
fTR(1)         0.000000   fTR(2)         0.000000   fTR(3)         0.000000
fFus(1)       -0.036820   fFus(2)        0.000000   fFus(3)       -0.014416
fFN(1)         0.000000   fFN(2)         0.000000   fFN(3)         0.000000
fHS(1)         0.002991   fHS(2)         0.000000   fHS(3)        -0.098553
fPR(1)         0.000000   fPR(2)         0.000000   fPR(3)         0.000000
fCG(1)         0.000000   fCG(2)         0.000000   fCG(3)         0.000000
fR(1)  -7.1980988e-009   fR(2)  -7.2897244e-011   fR(3)  -3.3656919e-008

 Moment Equilibrium    1003 
mMR(1)        -0.000491   mMR(2)        -0.006892   mMR(3)         0.000109
mTR(1)         0.000000   mTR(2)         0.000000   mTR(3)         0.000000
mFus(1)        0.000000   mFus(2)        0.003055   mFus(3)        0.000000
mFN(1)         0.000000   mFN(2)         0.000000   mFN(3)         0.000000
mHS(1)         0.000000   mHS(2)        -0.027164   mHS(3)         0.000000
mPR(1)         0.000000   mPR(2)         0.000000   mPR(3)         0.000000
mR(1)  -1.1242585e-010   mR(2)  -7.0917595e-009   mR(3)   7.6778583e-011
QR  6.6005572e-011
mW -3.1001974e-002


=I=I=I=I=I= Iteration Results =I=I=I=I=I=
xMR    4.500    xcg    2.967    dxCG    1.533    iRigMR    3.0
cTs 0.08668   cT 0.00285   cLs 15.70771   cL 0.51703
aN     0.05501°    a1    0.02716°   b1    0.02721°
Br   aN     3.15°       a1    1.56°      b1    1.56°
716  aN     3.15°       a1    1.41°      b1    0.38°
mu  0.099866 lamD    0.01540    lamI    0.01365     mu*a1    0.00246     lamNf    0.01294
A1S   -0.00183°    B1S   -0.09615°
A1S    -0.11°    B1S    -5.51°    alfD    16.22°   alfaNf    14.81°   alSm     6.92°
thtaN      4.50°    thtaTR    -0.04°
Trim   phi    -0.03°    thta     6.48°
vBx    15.54    vBy    -0.00    vBz     1.77
fMR(1)          -664.37   fMR(2)            -0.41   fMR(3)         -3596.09
fTR(1)             0.00   fTR(2)             0.00   fTR(3)             0.00
fPR(1)          1254.89   fPR(2)             0.00   fPR(3)             0.00
fFus(1)         -176.72   fFus(2)           -0.01   fFus(3)          -59.41
fFN(1)            -3.83   fFN(2)             2.14   fFN(3)             0.00
fHS(1)           -11.07   fHS(2)             0.00   fHS(3)           144.94
fCG(1)          -398.90   fCG(2)            -1.72   fCG(3)          3510.56
fWN(1)            -0.00   fWN(2)             0.00   fWN(3)             0.00
fR(1)  -2.4187610e-009   fR(2)  -2.6604496e-011   fR(3)  -1.1705354e-008

Moment Equilibrium
mMR(1)            -0.87   mMR(2)          -283.43   mMR(3)             0.19
mTR(1)             0.00   mTR(2)             0.00   mTR(3)            -0.00
mPR(1)             0.00   mPR(2)            -0.00   mPR(3)             0.00
mFus(1)            0.00   mFus(2)           28.37   mFus(3)            7.08
mFN(1)             0.87   mFN(2)             1.55   mFN(3)            -7.27
mHS(1)             0.00   mHS(2)           253.51   mHS(3)             0.00
mWN(1)             0.00   mWN(2)             0.00   mWN(3)             0.00
mR(1)  -1.5066615e-011   mR(2)   6.8913822e-010   mR(3)   5.5143445e-011
==x=x===x===x=x==
MR Fx  -475.25    Fz -3625.94   thtaClmb    -0.00   torque     0.00
dxMR    0.0788  Fx/Fz   10.5°        mu   0.09987   oM  39.7  n  379.2

=I=I=I=I=I= End Of Iteration Results =I=I=I=I=I=


         ### stability derivatives ###
 R ._. R ._. << RotaryWingSim Data >> ._. R ._. R

       u              w            q         oM
x   -0.139268     -0.197019     1.380181    -0.064318
z   -0.298271     -0.940837     0.080569    -0.331340
m   -0.013702     -0.019686    -1.852462     0.011666

      measured  data
       u                w              q
x   -0.230000      -0.205000        1.700000
z   -0.125200      -1.180000        1.250000
m   -0.001000       0.015000       -0.725000

Q    0.000000      -0.000000        0.000000       -0.000000

Xu      -0.139268        -50.16
Xw      -0.197019        -70.96
Xq       1.380181        827.46
Zu      -0.298271       -107.42
Zw      -0.940837       -338.85
Zwd      0.000000          0.00
Zq       0.080569         48.30
Mu      -0.013702         -4.93
Mw      -0.019686         -7.09
Mwd      0.000000          0.00
Mq      -1.852462      -1110.60

##### SP and PH Mode ----- approximation ###
----- Short Period Mode -----
omega SP         1.4326
zeta  SP         0.9749
re  -1.3966 +  0.3190j
re  -1.3966 -  0.3190j

----- Phugoid Mode -----
negative oMg2_PH

##### SP and PH Mode from quartic #####
A        1.000         1.000
B        2.933         2.933
C        2.402         2.402
D        0.010         0.010
E       -0.069        -0.069

Routh D        0.661

M thta        -0.000 

z1  -1.44553    0.47097j
z2  -1.44553   -0.47097j
z3  -0.19460    0.00000j
z4   0.15310    0.00000j

       Short Period                Phugoid
1  -0.65346  0.00000j       -1.85954  0.00000j
2  -1.88810  0.00000j        0.72613  0.00000j
3   0.04821  0.00000j        0.00602  0.00000j
4  -0.04162  0.00000j        0.00947  0.00000j


----- Phugoid Mode -----
omega PH         1.5203
zeta  PH        -0.9508
period PH       13.3411
tHalf  PH        0.4795
N half PH        0.0359

----- Short Period Mode -----
omega SP         0.1946
zeta  SP        -1.0000
period SP   --------
tHalf  SP        3.5619
N half SP        0.0000

omega SP         0.1531
zeta  SP         1.0000
period SP   --------
tHalf  SP        4.5275
N half SP        0.0000


 M _ _ M _ _ << Measured Data >> _ _ M _ _ M
Xu      -0.230000        -82.84
Xw      -0.205000        -73.83
Xq       1.700000       1019.20
Zu      -0.125200        -45.09
Zw      -1.180000       -424.99
Zwd      0.000000          0.00
Zq       1.250000        749.41
Mu      -0.001000         -0.36
Mw       0.015000          5.40
Mwd      0.000000          0.00
Mq      -0.725000       -434.66

##### SP and PH Mode ----- approximation ###
----- Short Period Mode -----
omega SP         0.7760
zeta  SP         1.2275
re  -0.9525 +   0.5524
re  -0.9525 -   0.5524

----- Phugoid Mode -----
negative oMg2_PH

##### SP and PH Mode from quartic #####
A        1.000         1.000
B        2.135         2.135
C        1.016         1.016
D        0.112         0.112
E       -0.030        -0.030

Routh D        0.367

M thta        -0.000 

z1  -1.52518    0.00000j
z2  -0.36273    0.19626j
z3  -0.36273   -0.19626j
z4   0.11564    0.00000j

       Short Period                Phugoid
1   1.22431  0.00000j       -0.02870  0.00000j
2   0.85775 -0.25630j        0.03800  0.25630j
3  -0.01876 -0.01116j        0.00274  0.01116j
4   0.02668  0.02263j        0.04752 -0.02263j

