reading aircraft data from ./data/PCA2ps2.dat
reading Flight Data from ./data/fDataPCA-2_A5_8.flt
reading Rotor Data from ./data/fDataPCA-2_A5_8.flt


    #### RotaryWingSim ####
rhoAir        1.1945 kg/m³
thtaN    2.34°   twist    -0.80°
mHeli          2776.00 lb
aBlade         14.42 m^2
Area Mrot     147.76 m^2
m blade        35.8 kg
I blade       453.0 kg*m^2
gamRot         17.4795
sigma           0.0976


Trim phi       0.00°    thta     -15.30°    psi       0.00°   
vH     119.10 mph     vV       3631 fpm
cTs  0.084390     cT  0.0082     cT2sa  0.0296     cL  0.0424
m Heli    12352.7 N      fpA        1.6 m^2          17.2 ft^2
Iyy Heli        5425.6 kg*m^2
Coordintats x,z    [m]         [ft]
Rotor      :   0.02   1.83        0.07   6.00
Rudder     :   7.57   0.00       24.82   0.00
Fin        :   2.11   0.41        6.92   1.33
H-Stab     :   2.08   0.02        6.82   0.06
Wing       :   0.02  -0.30        0.08  -1.00
Propeller  :  -1.85  -0.03       -6.05  -0.10
### Var ###
mu             13.200  vFlight    112.1 kn
thtaClmb      -0.3343    -19.1554°
cTsReq    0.08439    cTReq    0.00824    cT2saReq    0.02961
alfaD     120.37°    thtaClmb     -19.16°    thtaTrim     -15.30
trim iter 27     anorm 3.22075e-010

   deriv 3104
       u                w              q
x   -0.130304     -0.104533     0.072697
z   -0.087506     -1.199352     0.731398
m   -0.137945      0.035405    -0.235498

 ====== u - derivatives ===== 
fMR(1)         0.035242   fMR(2)        -0.042775   fMR(3)        -0.231817
fTR(1)         0.000000   fTR(2)         0.000000   fTR(3)         0.000000
fFus(1)       -0.097458   fFus(2)        0.000247   fFus(3)        0.003323
fFN(1)        -0.005857   fFN(2)         0.006069   fFN(3)         0.000000
fHS(1)        -0.008481   fHS(2)         0.000000   fHS(3)        -0.101549
fPR(1)        -0.006044   fPR(2)         0.000000   fPR(3)        -0.000211
fCG(1)         0.000000   fCG(2)         0.000000   fCG(3)         0.000000
fR(1)  -1.2158466e-008   fR(2)  -4.6965454e-009   fR(3)  -5.1086317e-008

 Moment Equilibrium    1001 
mMR(1)        -0.004275   mMR(2)         0.000154   mMR(3)         0.000031
mTR(1)         0.000000   mTR(2)         0.000000   mTR(3)         0.000000
mFus(1)        0.000000   mFus(2)       -0.000311   mFus(3)        0.000422
mFN(1)         0.000083   mFN(2)         0.000081   mFN(3)        -0.000433
mHS(1)         0.000000   mHS(2)        -0.007138   mHS(3)         0.000000
mPR(1)         0.000000   mPR(2)         0.000007   mPR(3)         0.000000
mR(1)  -1.5770937e-008   mR(2)  -2.7322926e-008   mR(3)   1.2232704e-010
QR  1.1539467e-011
mU -7.2078580e-003

 ====== q - derivatives ===== 
fMR(1)         1.332375   fMR(2)         0.348677   fMR(3)         0.347498
fTR(1)         0.000000   fTR(2)         0.000000   fTR(3)         0.000000
fFus(1)       -0.000636   fFus(2)        0.000000   fFus(3)        0.000427
fFN(1)         0.000000   fFN(2)         0.000000   fFN(3)         0.000000
fHS(1)         0.027879   fHS(2)         0.000000   fHS(3)        -1.075130
fPR(1)         0.000000   fPR(2)         0.000000   fPR(3)         0.000000
fCG(1)         0.000000   fCG(2)         0.000000   fCG(3)         0.000000
fR(1)   1.7125302e-007   fR(2)   4.3799588e-008   fR(3)  -9.1324182e-008

 Moment Equilibrium    1002 
mMR(1)         0.063364   mMR(2)        -0.137508   mMR(3)        -0.000252
mTR(1)         0.000000   mTR(2)         0.000000   mTR(3)         0.000000
mFus(1)        0.000000   mFus(2)       -0.000026   mFus(3)        0.000000
mFN(1)         0.000000   mFN(2)         0.000000   mFN(3)         0.000000
mHS(1)         0.000000   mHS(2)        -0.075651   mHS(3)         0.000000
mPR(1)         0.000000   mPR(2)         0.000000   mPR(3)         0.000000
mR(1)   2.3559471e-007   mR(2)  -7.9330674e-007   mR(3)  -8.8965635e-010
QR -2.1124450e-011

 ====== w - derivatives ===== 
fMR(1)         0.805426   fMR(2)        -0.158041   fMR(3)        -1.990917
fTR(1)         0.000000   fTR(2)         0.000000   fTR(3)         0.000000
fFus(1)        0.032420   fFus(2)        0.000000   fFus(3)       -0.023530
fFN(1)         0.000000   fFN(2)         0.000000   fFN(3)         0.000000
fHS(1)         0.010430   fHS(2)         0.000000   fHS(3)        -0.326710
fPR(1)        -0.000212   fPR(2)         0.000000   fPR(3)        -0.000007
fCG(1)         0.000000   fCG(2)         0.000000   fCG(3)         0.000000
fR(1)   9.9435681e-008   fR(2)  -2.0006127e-008   fR(3)  -4.1566545e-007

 Moment Equilibrium    1003 
mMR(1)        -0.020464   mMR(2)        -0.041166   mMR(3)         0.000114
mTR(1)         0.000000   mTR(2)         0.000000   mTR(3)         0.000000
mFus(1)        0.000000   mFus(2)        0.001313   mFus(3)        0.000000
mFN(1)         0.000000   mFN(2)         0.000000   mFN(3)         0.000000
mHS(1)         0.000000   mHS(2)        -0.022990   mHS(3)         0.000000
mPR(1)         0.000000   mPR(2)         0.000000   mPR(3)         0.000000
mR(1)  -7.6319779e-008   mR(2)  -2.3530548e-007   mR(3)   4.7174353e-010
QR  8.8055258e-011
mW -6.2842829e-002


=I=I=I=I=I= Iteration Results =I=I=I=I=I=
xMR    6.250    xcg    6.180    dxCG    0.070    iRigMR    0.0
cTs 0.05145   cT 0.00502   cLs 0.29569   cL 0.02886
aN     0.10574°    a1    0.12403°   b1    0.07529°
Br   aN     6.06°       a1    7.11°      b1    4.31°
716  aN     6.06°       a1    4.86°      b1    3.65°
mu  0.589800 lamD    0.05563    lamI    0.00357     mu*a1    0.05003     lamNf    0.00560
A1S    0.06031°    B1S   -0.07284°
A1S     3.46°    B1S    -4.17°    alfD     5.73°   alfaNf     0.87°   alSm     9.03°
thtaN      2.34°    thtaTR    -0.06°
Trim   phi    -1.12°    thta   -22.44°
vBx    56.12    vBy     0.06    vBz    -3.22
fMR(1)         -1123.09   fMR(2)            -2.51   fMR(3)         -8003.21
fTR(1)             0.00   fTR(2)             0.00   fTR(3)             0.00
fPR(1)           961.46   fPR(2)             0.00   fPR(3)            33.58
fFus(1)        -3496.13   fFus(2)           17.44   fFus(3)          155.59
fFN(1)          -216.93   fFN(2)           207.51   fFN(3)             0.00
fHS(1)          -427.54   fHS(2)             0.00   fHS(3)         -2490.34
fCG(1)          4715.37   fCG(2)          -222.44   fCG(3)         11415.11
fWN(1)          -413.15   fWN(2)             0.00   fWN(3)         -1110.73
fR(1)  -1.0844360e-008   fR(2)   1.6994562e-008   fR(3)  -5.6377075e-008

Moment Equilibrium
mMR(1)           -84.33   mMR(2)          5604.54   mMR(3)             0.05
mTR(1)             0.00   mTR(2)             0.00   mTR(3)            -0.00
mPR(1)             0.00   mPR(2)           -32.66   mPR(3)             0.00
mFus(1)            0.00   mFus(2)         -388.87   mFus(3)          437.63
mFN(1)            84.33   mFN(2)            88.16   mFN(3)          -437.69
mHS(1)             0.00   mHS(2)         -5168.42   mHS(3)             0.00
mWN(1)             0.00   mWN(2)          -102.74   mWN(3)             0.00
mR(1)   4.5181594e-008   mR(2)   5.3686207e-008   mR(3)  -3.1769787e-010
==x=x===x===x=x==
MR Fx -1123.09    Fz -8003.21   thtaClmb   -19.16   torque     0.00
dxMR   -0.2353  Fx/Fz    8.0°        mu   0.58980   oM  13.9  n  132.7

=I=I=I=I=I= End Of Iteration Results =I=I=I=I=I=


         ### stability derivatives ###
 R ._. R ._. << RotaryWingSim Data >> ._. R ._. R

       u              w            q         oM
x   -0.096813      0.789422     1.359766    -0.086377
z   -0.405262     -3.300601    -0.724815    -0.447279
m   -0.007322     -0.063218    -0.213183     0.014450

      measured  data
       u                w              q
x   -0.090000       0.110000        0.092100
z    0.010000      -1.100000        0.140000
m    0.007000       0.005000       -0.025000

Q    0.000000      -0.000000        0.000000       -0.000000

Xu      -0.096813       -121.91
Xw       0.789422        994.04
Xq       1.359766       7377.55
Zu      -0.405262       -510.30
Zw      -3.300601      -4156.10
Zwd      0.000000          0.00
Zq      -0.724815      -3932.56
Mu      -0.007322         -9.22
Mw      -0.063218        -79.60
Mwd      0.000000          0.00
Mq      -0.213183      -1156.65

##### SP and PH Mode ----- approximation ###
----- Short Period Mode -----
omega SP         2.0036
zeta  SP         0.8769
re  -1.7569 +  0.9632j
re  -1.7569 -  0.9632j

----- Phugoid Mode -----
omega PH         0.0592
zeta  PH         1.4681
re  -0.0869 +   0.0636
re  -0.0869 -   0.0636

A          1.0000
B          3.6876
C          4.6367
D          0.7383
E          0.0465

##### SP and PH Mode from quartic #####
A        1.000         1.000
B        3.611         3.611
C        4.550         4.550
D        0.713         0.713
E        0.014         0.014

Routh D       11.011

M thta        -0.000 

z1  -1.71634    0.99465j
z2  -1.71634   -0.99465j
z3  -0.15447    0.00000j
z4  -0.02345    0.00000j

       Short Period                Phugoid
1   0.42118  0.00000j        0.00020  0.00000j
2  -1.95297  0.00000j        0.00053  0.00000j
3  -0.05582  0.00000j        0.00032  0.00000j
4   0.01508  0.00000j        0.01274  0.00000j


----- Phugoid Mode -----
omega PH         1.9837
zeta  PH        -0.8652
period PH        6.3170
tHalf  PH        0.4039
N half PH        0.0639

----- Short Period Mode -----
omega SP         0.1545
zeta  SP        -1.0000
period SP   --------
tHalf  SP        4.4874
N half SP        0.0000

omega SP         0.0235
zeta  SP        -1.0000
period SP   --------
tHalf  SP       29.5548
N half SP        0.0000


 M _ _ M _ _ << Measured Data >> _ _ M _ _ M
Xu      -0.090000       -113.33
Xw       0.110000        138.51
Xq       0.092100        499.70
Zu       0.010000         12.59
Zw      -1.100000      -1385.11
Zwd      0.000000          0.00
Zq       0.140000        759.58
Mu       0.007000          8.81
Mw       0.005000          6.30
Mwd      0.000000          0.00
Mq      -0.025000       -135.64

##### SP and PH Mode ----- approximation ###
----- Short Period Mode -----
negative oMg2_SP

----- Phugoid Mode -----
negative oMg2_PH

##### SP and PH Mode from quartic #####
A        1.000         1.000
B        1.215         1.215
C       -0.010        -0.010
D        0.148         0.148
E        0.076         0.076

Routh D       -0.136

M thta        -0.000 

z1  -1.27736    0.00000j
z2   0.18887    0.39121j
z3   0.18887   -0.39121j
z4  -0.31539    0.00000j

       Short Period                Phugoid
1   1.69934  0.00000j       -0.67877  0.00000j
2  -0.23902  0.00000j       -0.39365  0.00000j
3   0.00143  0.00000j        0.01226  0.00000j
4  -0.05366  0.00000j       -0.03104  0.00000j


----- Phugoid Mode -----
omega PH         0.4344
zeta  PH         0.4348
period PH       16.0610
tHalf  PH        3.6699
N half PH        0.2285

----- Short Period Mode -----
omega SP         0.3154
zeta  SP        -1.0000
period SP   --------
tHalf  SP        2.1977
N half SP        0.0000

omega SP         1.2774
zeta  SP        -1.0000
period SP   --------
tHalf  SP        0.5426
N half SP        0.0000

dlc     4.17   dla    9.99   dle  -12.11      dlp    0.04      dlt    0.41
thtaN   2.34°   A1S   3.46°   B1S  -4.17°   thtaTR  -0.06°
TrimAC phi LFr      -1.12°    thta     -22.44°    psi       0.00°
