reading aircraft data from ./data/RotDatR22.dat
reading Flight Data from ./data/fDataR4B_60mph.flt
reading Rotor Data from ./data/fDataR4B_60mph.flt


#### RotaryWingSim ####
rhoAir          1.1553 kg/m°
thtaN    2.68°   twist     0.00°
mHeli          1153.00 lb

nRot   oMR       175.13 m/s     oMR   574.58 ft/s
aBlade          1.56 m^2

rRotTR       1.91 m
nRotTR       1662.7 1/min
oMTR    174.12
oMRTR   175.13 m/s    oMRTR   574.58 ft/s
sigmaTR   0.0173

Area Mrot      45.39 m^2
m blade         5.4 kg
I blade        26.2 kg*m^2 estimated
gamRot          8.0000
sigma           0.0343


Trim phi       0.00°    thta      -0.10°    psi      -0.10°   
vH      60.15 mph     vV          0 fpm
cTs  0.092909     cT  0.0032     cT2sa  0.0324     cL  0.2700
m Heli     5130.6 N      fpA        0.8 m^2           9.0 ft^2
Iyy Heli        1356.4 kg*m^2
Coordintats x,z    [m]         [ft]
Rotor      :   0.02   1.68        0.05   5.50
Rudder     :   8.09   1.52       26.55   5.00
Fin        :   2.94   0.71        9.65   2.33
H-Stab     :   4.65   0.02       15.25   0.06
Wing       :  -1.36   0.00       -4.45   0.00
Propeller  :  -0.22   0.00       -0.73   0.00
### Var ###
mu             46.077  vFlight     53.5 kn
thtaClmb      -0.0000     -0.0000°
cTsReq    0.09291    cTReq    0.00319    cT2saReq    0.03243
alfaD   25210.14°    thtaClmb      -0.00°    thtaTrim      -0.10
trim iter 33     anorm 8.10100e-010

   deriv 3104
       u                w              q
x   -0.183294      0.177744     0.165184
z    0.068674     -1.159210     0.395816
m    0.086222     -0.171204    -0.041010

 ====== u - derivatives ===== 
fMR(1)        -0.037562   fMR(2)         0.003862   fMR(3)        -0.029250
fTR(1)         0.000000   fTR(2)        -0.000000   fTR(3)         0.000000
fFus(1)       -0.057897   fFus(2)        0.000091   fFus(3)        0.002674
fFN(1)        -0.005752   fFN(2)        -0.000225   fFN(3)         0.000000
fHS(1)        -0.000000   fHS(2)         0.000000   fHS(3)         0.000000
fPR(1)         0.000000   fPR(2)         0.000000   fPR(3)         0.000000
fCG(1)         0.000000   fCG(2)         0.000000   fCG(3)         0.000000
fR(1)  -5.2932198e-009   fR(2)   2.8268057e-010   fR(3)  -1.3903059e-009

 Moment Equilibrium    1001 
mMR(1)         0.000657   mMR(2)         0.006343   mMR(3)        -0.000006
mTR(1)        -0.000000   mTR(2)         0.000000   mTR(3)         0.000000
mFus(1)        0.000000   mFus(2)       -0.000743   mFus(3)        0.000298
mFN(1)        -0.000016   mFN(2)         0.000415   mFN(3)         0.000067
mHS(1)         0.000000   mHS(2)         0.000000   mHS(3)         0.000000
mPR(1)         0.000000   mPR(2)         0.000000   mPR(3)         0.000000
mR(1)   4.6388138e-010   mR(2)   3.1009883e-009   mR(3)  -5.2457594e-010
QR  1.5210731e-011
mU  6.0150794e-003

 ====== q - derivatives ===== 
fMR(1)         0.523512   fMR(2)        -0.315690   fMR(3)         0.082428
fTR(1)         0.000000   fTR(2)         0.000000   fTR(3)         0.000000
fFus(1)        0.001863   fFus(2)        0.000000   fFus(3)       -0.001446
fFN(1)         0.000000   fFN(2)         0.000000   fFN(3)         0.000000
fHS(1)         0.000000   fHS(2)         0.000000   fHS(3)        -0.000002
fPR(1)         0.000000   fPR(2)         0.000000   fPR(3)         0.000000
fCG(1)         0.000000   fCG(2)         0.000000   fCG(3)         0.000000
fR(1)   2.7477239e-008   fR(2)  -1.6422882e-008   fR(3)   4.2349189e-009

 Moment Equilibrium    1002 
mMR(1)        -0.053687   mMR(2)        -0.088903   mMR(3)         0.000488
mTR(1)         0.000000   mTR(2)         0.000000   mTR(3)         0.000000
mFus(1)        0.000000   mFus(2)        0.000303   mFus(3)        0.000000
mFN(1)         0.000000   mFN(2)         0.000000   mFN(3)         0.000000
mHS(1)         0.000000   mHS(2)        -0.000001   mHS(3)         0.000000
mPR(1)         0.000000   mPR(2)         0.000000   mPR(3)         0.000000
mR(1)  -2.7544687e-008   mR(2)  -4.5678151e-008   mR(3)  -4.5826809e-010
QR -2.5578924e-011

 ====== w - derivatives ===== 
fMR(1)        -0.025068   fMR(2)        -0.004600   fMR(3)        -0.715735
fTR(1)         0.000000   fTR(2)         0.000000   fTR(3)         0.000000
fFus(1)        0.012620   fFus(2)        0.000000   fFus(3)       -0.009062
fFN(1)         0.000000   fFN(2)         0.000000   fFN(3)         0.000000
fHS(1)         0.000000   fHS(2)         0.000000   fHS(3)        -0.000000
fPR(1)         0.000000   fPR(2)         0.000000   fPR(3)         0.000000
fCG(1)         0.000000   fCG(2)         0.000000   fCG(3)         0.000000
fR(1)  -6.5093144e-010   fR(2)  -1.5282439e-010   fR(3)  -3.7906518e-008

 Moment Equilibrium    1003 
mMR(1)        -0.000782   mMR(2)         0.003157   mMR(3)         0.000007
mTR(1)         0.000000   mTR(2)         0.000000   mTR(3)         0.000000
mFus(1)        0.000000   mFus(2)        0.002052   mFus(3)        0.000000
mFN(1)         0.000000   mFN(2)         0.000000   mFN(3)         0.000000
mHS(1)         0.000000   mHS(2)        -0.000000   mHS(3)         0.000000
mPR(1)         0.000000   mPR(2)         0.000000   mPR(3)         0.000000
mR(1)  -2.6956393e-010   mR(2)   2.6853066e-009   mR(3)  -7.0622264e-010
QR  1.0321567e-010
mW  5.2087853e-003


=I=I=I=I=I= Iteration Results =I=I=I=I=I=
xMR    4.500    xcg    4.450    dxCG    0.050    iRigMR    0.0
cTs 0.14618   cT 0.00502   cLs 12.62064   cL 0.43336
aN     0.16451°    a1    0.07909°   b1    0.04707°
Br   aN     9.43°       a1    4.53°      b1    2.70°
716  aN     9.43°       a1    3.13°      b1    1.15°
mu  0.151143 lamD    0.01311    lamI    0.00986     mu*a1    0.00824     lamNf    0.00486
A1S   -0.01289°    B1S    0.06481°
A1S    -0.74°    B1S     3.71°    alfD     8.64°   alfaNf     5.52°   alSm    -0.59°
thtaN      8.85°    thtaTR    -0.01°
Trim   phi     0.00°    thta    -5.51°
vBx    26.69    vBy     0.05    vBz    -2.58
fMR(1)           -54.57   fMR(2)            -1.98   fMR(3)         -5120.61
fTR(1)             0.00   fTR(2)             3.65   fTR(3)             0.00
fPR(1)             0.00   fPR(2)             0.00   fPR(3)             0.00
fFus(1)         -398.38   fFus(2)            1.27   fFus(3)           13.70
fFN(1)           -39.95   fFN(2)            -3.14   fFN(3)             0.00
fHS(1)            -0.00   fHS(2)             0.00   fHS(3)             0.00
fCG(1)           492.90   fCG(2)             0.20   fCG(3)          5106.91
fWN(1)            -0.00   fWN(2)             0.00   fWN(3)            -0.00
fR(1)   8.9032103e-010   fR(2)  -4.9845433e-011   fR(3)  -2.3481023e-008

Moment Equilibrium
mMR(1)            -3.33   mMR(2)            13.44   mMR(3)             0.03
mTR(1)             5.56   mTR(2)             0.00   mTR(3)           -29.54
mPR(1)             0.00   mPR(2)            -0.00   mPR(3)             0.00
mFus(1)            0.00   mFus(2)          -41.85   mFus(3)           20.26
mFN(1)            -2.24   mFN(2)            28.41   mFN(3)             9.25
mHS(1)             0.00   mHS(2)             0.00   mHS(3)             0.00
mWN(1)             0.00   mWN(2)             0.00   mWN(3)             0.00
mR(1)  -9.6929575e-011   mR(2)  -1.6461975e-009   mR(3)  -7.0779294e-010
==x=x===x===x=x==
MR Fx   -54.57    Fz -5120.61   thtaClmb    -0.00   torque   863.98
dxMR   -0.0026  Fx/Fz    0.6°        mu   0.15114   oM  46.1  n  440.0

=I=I=I=I=I= End Of Iteration Results =I=I=I=I=I=


         ### stability derivatives ###
 R ._. R ._. << RotaryWingSim Data >> ._. R ._. R

       u              w            q         oM
x   -0.101210     -0.012448     0.525375     0.017021
z   -0.026589     -0.724795     0.080968    -0.448973
m    0.006015      0.005209    -0.088601    -0.003193

      measured  data
       u                w              q
x   -0.090000       0.110000        0.092100
z    0.010000      -1.100000        0.140000
m    0.007000       0.005000       -0.025000

Q    0.000000      -0.000000        0.000000       -0.000000

Xu      -0.101210        -52.93
Xw      -0.012448         -6.51
Xq       0.525375        712.62
Zu      -0.026589        -13.91
Zw      -0.724795       -379.07
Zwd      0.000000          0.00
Zq       0.080968        109.82
Mu       0.006015          3.15
Mw       0.005209          2.72
Mwd      0.000000          0.00
Mq      -0.088601       -120.18

##### SP and PH Mode ----- approximation ###
----- Short Period Mode -----
negative oMg2_SP

----- Phugoid Mode -----
negative oMg2_PH

##### SP and PH Mode from quartic #####
A        1.000         1.000
B        0.915         0.915
C        0.003         0.003
D        0.051         0.051
E        0.041         0.041

Routh D       -0.037

M thta        -0.000 

z1  -0.91852    0.00000j
z2   0.17621    0.31355j
z3   0.17621   -0.31355j
z4  -0.34850    0.00000j

       Short Period                Phugoid
1   1.83975  0.00000j       -0.92726  0.00000j
2  -0.04158  0.00000j       -0.41538  0.00000j
3   0.00951  0.00000j        0.01433  0.00000j
4  -0.05146  0.00000j       -0.02857  0.00000j


----- Phugoid Mode -----
omega PH         0.3597
zeta  PH         0.4899
period PH       20.0389
tHalf  PH        3.9337
N half PH        0.1963

----- Short Period Mode -----
omega SP         0.3485
zeta  SP        -1.0000
period SP   --------
tHalf  SP        1.9889
N half SP        0.0000

omega SP         0.9185
zeta  SP        -1.0000
period SP   --------
tHalf  SP        0.7546
N half SP        0.0000


 M _ _ M _ _ << Measured Data >> _ _ M _ _ M
Xu      -0.090000        -47.07
Xw       0.110000         57.53
Xq       0.092100        124.92
Zu       0.010000          5.23
Zw      -1.100000       -575.30
Zwd      0.000000          0.00
Zq       0.140000        189.90
Mu       0.007000          3.66
Mw       0.005000          2.62
Mwd      0.000000          0.00
Mq      -0.025000        -33.91

##### SP and PH Mode ----- approximation ###
----- Short Period Mode -----
negative oMg2_SP

----- Phugoid Mode -----
negative oMg2_PH

##### SP and PH Mode from quartic #####
A        1.000         1.000
B        1.215         1.215
C       -0.008        -0.008
D        0.038         0.038
E        0.076         0.076

Routh D       -0.114

M thta        -0.000 

z1  -1.20377    0.00000j
z2  -0.42000    0.00000j
z3   0.20438    0.32955j
z4   0.20438   -0.32955j

       Short Period                Phugoid
1  -1.87010  0.00000j       -0.83853  0.00000j
2  -0.08913  0.00000j       -0.58128  0.00000j
3  -0.01214  0.00000j        0.01465  0.00000j
4   0.05501  0.00000j       -0.02897  0.00000j

dlc    15.76   dla    3.28   dle   -1.27      dlp    4.26      dlt    0.00
thtaN   8.85°   A1S  -0.74°   B1S   3.71°   thtaTR  -0.01°
TrimAC phi LFr       0.00°    thta      -5.51°    psi      -0.10°
