reading aircraft data from ./data/PCA2ps.dat
reading Flight Data from ./data/fDataPCA-2_475_5.flt
reading Rotor Data from ./data/fDataPCA-2_475_5.flt


#### RotaryWingSim ####
rhoAir          1.0851 kg/m°
thtaN    2.68°   twist    -0.80°
mHeli          2900.00 lb
aBlade         14.42 m^2
Area Mrot     147.76 m^2
m blade        35.8 kg
I blade       453.0 kg*m^2
gamRot         15.8781
sigma           0.0976


Trim phi       0.00°    thta      -3.30°    psi       0.00°   
vH      44.91 mph     vV        936 fpm
cTs  0.078836     cT  0.0077     cT2sa  0.0277     cL  0.3765
m Heli    12904.5 N      fpA        1.6 m^2          17.2 ft^2
Iyy Heli        5425.6 kg*m^2
Coordintats x,z    [m]         [ft]
Rotor      :   0.02   1.83        0.07   6.00
Rudder     :   7.57   0.00       24.82   0.00
Fin        :   2.11   0.41        6.92   1.33
H-Stab     :   2.08   0.02        6.82   0.06
Wing       :   0.02  -0.30        0.08  -1.00
Propeller  :  -1.85  -0.03       -6.05  -0.10
### Var ###
mu             14.900  vFlight     41.0 kn
thtaClmb      -0.2331    -13.3564°
cTsReq    0.07884    cTReq    0.00770    cT2saReq    0.02766
alfaD     135.87°    thtaClmb     -13.36°    thtaTrim      -3.30
trim iter 25     anorm 5.95505e-010

 ====== u - derivatives ===== 
fMR(1)        -0.003903   fMR(2)        -0.001050   fMR(3)        -0.113694
fTR(1)         0.000000   fTR(2)         0.000000   fTR(3)         0.000000
fFus(1)       -0.027613   fFus(2)       -0.000350   fFus(3)       -0.002108
fFN(1)        -0.002317   fFN(2)         0.001509   fFN(3)         0.000000
fHS(1)        -0.003687   fHS(2)         0.000000   fHS(3)        -0.021402
fPR(1)        -0.006518   fPR(2)         0.000000   fPR(3)        -0.000228
fCG(1)         0.000000   fCG(2)         0.000000   fCG(3)         0.000000
fR(1)  -1.0258930e-008   fR(2)  -6.9206862e-011   fR(3)  -1.7760261e-008

 Moment Equilibrium    1001 
mMR(1)        -0.001570   mMR(2)         0.001620   mMR(3)         0.000001
mTR(1)         0.000000   mTR(2)         0.000000   mTR(3)         0.000000
mFus(1)        0.000000   mFus(2)        0.000064   mFus(3)        0.000142
mFN(1)         0.000022   mFN(2)         0.000033   mFN(3)        -0.000113
mHS(1)         0.000000   mHS(2)        -0.001570   mHS(3)         0.000000
mPR(1)         0.000000   mPR(2)         0.000008   mPR(3)         0.000000
mR(1)  -5.9523568e-009   mR(2)  -3.1407410e-010   mR(3)   1.8651036e-010
QR  5.7356490e-012
mU  1.5552064e-004

 ====== q - derivatives ===== 
fMR(1)         1.035537   fMR(2)        -0.773957   fMR(3)         0.227816
fTR(1)         0.000000   fTR(2)         0.000000   fTR(3)         0.000000
fFus(1)       -0.006211   fFus(2)        0.000000   fFus(3)       -0.001848
fFN(1)         0.000000   fFN(2)         0.000000   fFN(3)         0.000000
fHS(1)         0.003895   fHS(2)         0.000000   fHS(3)        -0.182416
fPR(1)         0.000000   fPR(2)         0.000000   fPR(3)         0.000000
fCG(1)         0.000000   fCG(2)         0.000000   fCG(3)         0.000000
fR(1)   1.3749059e-007   fR(2)  -1.0189291e-007   fR(3)   5.6683369e-009

 Moment Equilibrium    1002 
mMR(1)         0.004969   mMR(2)        -0.123898   mMR(3)         0.000584
mTR(1)         0.000000   mTR(2)         0.000000   mTR(3)         0.000000
mFus(1)        0.000000   mFus(2)        0.000191   mFus(3)        0.000000
mFN(1)         0.000000   mFN(2)         0.000000   mFN(3)         0.000000
mHS(1)         0.000000   mHS(2)        -0.013408   mHS(3)         0.000000
mPR(1)         0.000000   mPR(2)         0.000000   mPR(3)         0.000000
mR(1)   1.8297440e-008   mR(2)  -5.0925082e-007   mR(3)   2.2469848e-009
QR -1.0498029e-011

 ====== w - derivatives ===== 
fMR(1)        -0.006828   fMR(2)         0.012071   fMR(3)        -1.336821
fTR(1)         0.000000   fTR(2)         0.000000   fTR(3)         0.000000
fFus(1)       -0.034776   fFus(2)        0.000000   fFus(3)       -0.005831
fFN(1)         0.000000   fFN(2)         0.000000   fFN(3)         0.000000
fHS(1)         0.000684   fHS(2)         0.000000   fHS(3)        -0.031365
fPR(1)        -0.000228   fPR(2)         0.000000   fPR(3)        -0.000008
fCG(1)         0.000000   fCG(2)         0.000000   fCG(3)         0.000000
fR(1)   1.8948754e-009   fR(2)   1.5042758e-009   fR(3)  -1.8116775e-007

 Moment Equilibrium    1003 
mMR(1)        -0.002626   mMR(2)         0.001742   mMR(3)        -0.000009
mTR(1)         0.000000   mTR(2)         0.000000   mTR(3)         0.000000
mFus(1)        0.000000   mFus(2)        0.001069   mFus(3)        0.000000
mFN(1)         0.000000   mFN(2)         0.000000   mFN(3)         0.000000
mHS(1)         0.000000   mHS(2)        -0.002305   mHS(3)         0.000000
mPR(1)         0.000000   mPR(2)         0.000000   mPR(3)         0.000000
mR(1)  -9.9613562e-009   mR(2)   4.5621533e-009   mR(3)   4.0905945e-011
QR  5.1104187e-011
mW  5.0644989e-004


=I=I=I=I=I= Iteration Results =I=I=I=I=I=
xMR    6.250    xcg    6.180    dxCG    0.070    iRigMR    0.0
cTs 0.06740   cT 0.00658   cLs 3.81636   cL 0.37253
aN     0.13996°    a1    0.03412°   b1    0.05925°
Br   aN     8.02°       a1    1.95°      b1    3.40°
716  aN     8.02°       a1    1.65°      b1    1.75°
mu  0.180476 lamD    0.02996    lamI    0.01809     mu*a1    0.00518     lamNf    0.02478
A1S    0.01707°    B1S    0.03153°
A1S     0.98°    B1S     1.81°    alfD    14.91°   alfaNf    13.26°   alSm    -0.16°
thtaN      2.68°    thtaTR    -0.04°
Trim   phi    -1.08°    thta     1.87°
vBx    19.86    vBy    -0.10    vBz     5.40
fMR(1)           -30.27   fMR(2)           229.81   fMR(3)        -13010.41
fTR(1)             0.00   fTR(2)             0.00   fTR(3)             0.00
fPR(1)          1391.07   fPR(2)             0.00   fPR(3)            48.58
fFus(1)         -558.03   fFus(2)           -9.14   fFus(3)          -69.27
fFN(1)           -25.07   fFN(2)            23.33   fFN(3)             0.00
fHS(1)           -57.13   fHS(2)             0.00   fHS(3)           117.03
fCG(1)          -421.74   fCG(2)          -244.01   fCG(3)         12895.26
fWN(1)          -298.84   fWN(2)             0.00   fWN(3)            18.80
fR(1)   8.9602281e-010   fR(2)   2.3836435e-009   fR(3)  -7.7764028e-008

Moment Equilibrium
mMR(1)            -9.48   mMR(2)          -312.09   mMR(3)            -4.90
mTR(1)             0.00   mTR(2)             0.00   mTR(3)            -0.00
mPR(1)             0.00   mPR(2)           -47.25   mPR(3)             0.00
mFus(1)            0.00   mFus(2)          195.39   mFus(3)           54.11
mFN(1)             9.48   mFN(2)            10.19   mFN(3)           -49.20
mHS(1)             0.00   mHS(2)           244.40   mHS(3)             0.00
mWN(1)             0.00   mWN(2)           -90.63   mWN(3)             0.00
mR(1)   1.0105337e-008   mR(2)   1.3170194e-009   mR(3)   2.2147617e-011
==x=x===x===x=x==
MR Fx   -30.27    Fz -13010.41   thtaClmb   -13.36   torque     0.00
dxMR    0.0171  Fx/Fz    0.1°        mu   0.18048   oM  16.2  n  154.4

=I=I=I=I=I= End Of Iteration Results =I=I=I=I=I=


         ### stability derivatives ###
 R ._. R ._. << RotaryWingSim Data >> ._. R ._. R

       u              w            q         oM
x   -0.077707      0.014686     1.045487     0.007093
z   -0.135332     -1.377559     0.042773    -0.591482
m   -0.000205      0.001105    -0.136984     0.000233

      measured  data
       u                w              q
x   -0.090000       0.110000        0.092100
z    0.010000      -1.100000        0.140000
m    0.007000       0.005000       -0.025000

Q    0.000000      -0.000000        0.000000       -0.000000

Xu      -0.077707       -102.22
Xw       0.014686         19.32
Xq       1.045487       5672.40
Zu      -0.135332       -178.02
Zw      -1.377559      -1812.10
Zwd      0.000000          0.00
Zq       0.042773        232.07
Mu      -0.000205         -0.27
Mw       0.001105          1.45
Mwd      0.000000          0.00
Mq      -0.136984       -743.22

##### SP and PH Mode ----- approximation ###
----- Short Period Mode -----
omega SP         0.4081
zeta  SP         1.8557
re  -0.7573 +   0.6379
re  -0.7573 -   0.6379

----- Phugoid Mode -----
negative oMg2_PH

##### SP and PH Mode from quartic #####
A        1.000         1.000
B        1.592         1.592
C        0.285         0.285
D        0.010         0.010
E       -0.004        -0.004

Routh D        0.015

M thta        -0.000 

z1  -1.39402    0.00000j
z2  -0.14331    0.11791j
z3  -0.14331   -0.11791j
z4   0.08838    0.00000j

       Short Period                Phugoid
1   0.98522  0.00000j        0.00054  0.00000j
2   0.90584 -0.05096j        0.01749  0.05096j
3  -0.00026 -0.00258j        0.00207  0.00258j
4   0.00691  0.01285j        0.02271 -0.01285j

