reading aircraft data from ./data/PCA2ps.dat
reading Flight Data from ./data/fDataPCA-2_A12_4.flt
reading Rotor Data from ./data/fDataPCA-2_A12_4.flt


    #### RotaryWingSim ####
rhoAir        1.0408 kg/m³
thtaN    2.68°   twist    -0.95°
mHeli          2868.00 lb
aBlade         14.42 m^2
Area Mrot     147.76 m^2
m blade        35.8 kg
I blade       453.0 kg*m^2
gamRot         15.2296
sigma           0.0976


Trim phi       0.00°    thta      -5.30°    psi       0.00°   
vH      79.70 mph     vV       1534 fpm
cTs  0.075894     cT  0.0074     cT2sa  0.0266     cL  0.1239
m Heli    12762.1 N      fpA        1.6 m^2          17.2 ft^2
Iyy Heli        5425.6 kg*m^2
Coordintats x,z    [m]         [ft]
Rotor      :   0.17   1.83        0.55   6.00
Rudder     :   7.71   0.00       25.30   0.00
Fin        :   2.26   0.41        7.40   1.33
H-Stab     :   2.23   0.02        7.30   0.06
Wing       :   0.17  -0.30        0.56  -1.00
Propeller  :  -1.70  -0.03       -5.58  -0.10
### Var ###
mu             15.400  vFlight     72.6 kn
thtaClmb      -0.2159    -12.3700°
cTsReq    0.07589    cTReq    0.00741    cT2saReq    0.02663
alfaD     140.43°    thtaClmb     -12.37°    thtaTrim      -5.30
trim iter 26     anorm 4.33943e-010

   deriv 3104
       u                w              q
x   -0.076955     -0.137637     0.086482
z   -0.150302     -1.111125     0.443702
m   -0.035567      0.028091    -0.091302

 ====== u - derivatives ===== 
fMR(1)         0.014349   fMR(2)        -0.007489   fMR(3)        -0.079042
fTR(1)         0.000000   fTR(2)         0.000000   fTR(3)         0.000000
fFus(1)       -0.052206   fFus(2)       -0.000193   fFus(3)        0.001093
fFN(1)        -0.004610   fFN(2)         0.002219   fFN(3)         0.000000
fHS(1)        -0.004857   fHS(2)         0.000000   fHS(3)         0.005017
fPR(1)        -0.001857   fPR(2)         0.000000   fPR(3)        -0.000065
fCG(1)         0.000000   fCG(2)         0.000000   fCG(3)         0.000000
fR(1)  -8.1842586e-009   fR(2)  -8.2496854e-010   fR(3)  -1.7298134e-008

 Moment Equilibrium    1001 
mMR(1)        -0.001597   mMR(2)         0.000103   mMR(3)         0.000044
mTR(1)         0.000000   mTR(2)         0.000000   mTR(3)         0.000000
mFus(1)        0.000000   mFus(2)        0.000000   mFus(3)        0.000243
mFN(1)         0.000032   mFN(2)         0.000066   mFN(3)        -0.000175
mHS(1)         0.000000   mHS(2)         0.000394   mHS(3)         0.000000
mPR(1)         0.000000   mPR(2)         0.000002   mPR(3)         0.000000
mR(1)  -6.0353003e-009   mR(2)   1.8782771e-009   mR(3)   4.9088555e-010
QR  4.7652236e-012
mU  5.6405570e-004

 ====== q - derivatives ===== 
fMR(1)         1.024520   fMR(2)        -0.411471   fMR(3)         0.130497
fTR(1)         0.000000   fTR(2)         0.000000   fTR(3)         0.000000
fFus(1)       -0.000759   fFus(2)        0.000000   fFus(3)       -0.001048
fFN(1)         0.000000   fFN(2)         0.000000   fFN(3)         0.000000
fHS(1)        -0.000194   fHS(2)         0.000000   fHS(3)        -0.204740
fPR(1)         0.000000   fPR(2)         0.000000   fPR(3)         0.000000
fCG(1)         0.000000   fCG(2)         0.000000   fCG(3)         0.000000
fR(1)   1.3249473e-007   fR(2)  -5.3643646e-008   fR(3)  -1.6138983e-008

 Moment Equilibrium    1002 
mMR(1)         0.024651   mMR(2)        -0.124952   mMR(3)         0.002412
mTR(1)         0.000000   mTR(2)         0.000000   mTR(3)         0.000000
mFus(1)        0.000000   mFus(2)        0.000000   mFus(3)        0.000000
mFN(1)         0.000000   mFN(2)         0.000000   mFN(3)         0.000000
mHS(1)         0.000000   mHS(2)        -0.015927   mHS(3)         0.000000
mPR(1)         0.000000   mPR(2)         0.000000   mPR(3)         0.000000
mR(1)   9.1513311e-008   mR(2)  -5.2418162e-007   mR(3)   9.0498418e-009
QR -8.7147138e-012

 ====== w - derivatives ===== 
fMR(1)         0.089088   fMR(2)        -0.001045   fMR(3)        -1.515693
fTR(1)         0.000000   fTR(2)         0.000000   fTR(3)         0.000000
fFus(1)       -0.018270   fFus(2)        0.000000   fFus(3)       -0.022870
fFN(1)         0.000000   fFN(2)         0.000000   fFN(3)         0.000000
fHS(1)        -0.000393   fHS(2)         0.000000   fHS(3)        -0.091883
fPR(1)        -0.000065   fPR(2)         0.000000   fPR(3)        -0.000002
fCG(1)         0.000000   fCG(2)         0.000000   fCG(3)         0.000000
fR(1)   5.7839884e-009   fR(2)  -2.5033842e-010   fR(3)  -2.4819883e-007

 Moment Equilibrium    1003 
mMR(1)        -0.006482   mMR(2)        -0.009504   mMR(3)         0.000006
mTR(1)         0.000000   mTR(2)         0.000000   mTR(3)         0.000000
mFus(1)        0.000000   mFus(2)        0.000000   mFus(3)        0.000000
mFN(1)         0.000000   mFN(2)         0.000000   mFN(3)         0.000000
mHS(1)         0.000000   mHS(2)        -0.007148   mHS(3)         0.000000
mPR(1)         0.000000   mPR(2)         0.000000   mPR(3)         0.000000
mR(1)  -2.4327552e-008   mR(2)  -6.2494877e-008   mR(3)   9.8992814e-011
QR  6.0054936e-011
mW -1.6651766e-002


=I=I=I=I=I= Iteration Results =I=I=I=I=I=
xMR    6.250    xcg    5.700    dxCG    0.550    iRigMR    0.0
cTs 0.06001   cT 0.00586   cLs 1.05185   cL 0.10268
aN     0.11579°    a1    0.06734°   b1    0.05929°
Br   aN     6.63°       a1    3.86°      b1    3.40°
716  aN     6.63°       a1    2.87°      b1    2.56°
mu  0.336499 lamD    0.03379    lamI    0.00729     mu*a1    0.01685     lamNf    0.01695
A1S    0.02978°    B1S   -0.00026°
A1S     1.71°    B1S    -0.01°    alfD     6.96°   alfaNf     4.09°   alSm     2.88°
thtaN      2.68°    thtaTR    -0.03°
Trim   phi    -1.28°    thta    -8.26°
vBx    36.28    vBy    -0.06    vBz     2.61
fMR(1)          -213.38   fMR(2)           234.18   fMR(3)        -10475.33
fTR(1)             0.00   fTR(2)            -0.00   fTR(3)             0.00
fPR(1)           352.55   fPR(2)             0.00   fPR(3)            12.31
fFus(1)        -1281.68   fFus(2)           -9.09   fFus(3)          -37.86
fFN(1)          -104.64   fFN(2)            55.97   fFN(3)             0.00
fHS(1)          -115.42   fHS(2)             0.00   fHS(3)           -37.49
fCG(1)          1832.80   fCG(2)          -281.06   fCG(3)         12626.65
fWN(1)          -470.22   fWN(2)             0.00   fWN(3)         -2088.28
fR(1)  -9.6255235e-009   fR(2)   5.1325628e-009   fR(3)  -8.1087364e-008

Moment Equilibrium
mMR(1)           -22.74   mMR(2)           154.92   mMR(3)           -39.26
mTR(1)            -0.00   mTR(2)             0.00   mTR(3)             0.00
mPR(1)             0.00   mPR(2)           -10.17   mPR(3)             0.00
mFus(1)            0.00   mFus(2)            0.00   mFus(3)          165.49
mFN(1)            22.74   mFN(2)            42.53   mFN(3)          -126.23
mHS(1)             0.00   mHS(2)           -81.17   mHS(3)             0.00
mWN(1)             0.00   mWN(2)          -106.10   mWN(3)             0.00
mR(1)   1.7212653e-008   mR(2)   7.0150179e-009   mR(3)  -8.0339646e-010
==x=x===x===x=x==
MR Fx  -213.38    Fz -10475.33   thtaClmb   -12.37   torque     0.00
dxMR    0.1304  Fx/Fz    1.2°        mu   0.33650   oM  15.7  n  150.1

=I=I=I=I=I= End Of Iteration Results =I=I=I=I=I=


         ### stability derivatives ###
 R ._. R ._. << RotaryWingSim Data >> ._. R ._. R

       u              w            q         oM
x   -0.062266      0.045106     1.019111    -0.073344
z   -0.132192     -1.907089    -0.123282    -0.622530
m    0.003219     -0.019238    -0.966370     0.012686

      measured  data
       u                w              q
x   -0.090000       0.110000        0.092100
z    0.010000      -1.100000        0.140000
m    0.007000       0.005000       -0.025000

Q    0.000000      -0.000000        0.000000       -0.000000

Xu      -0.062266        -81.00
Xw       0.045106         58.68
Xq       1.019111       5529.29
Zu      -0.132192       -171.97
Zw      -1.907089      -2480.98
Zwd      0.000000          0.00
Zq      -0.123282       -668.88
Mu       0.003219          4.19
Mw      -0.019238        -25.03
Mwd      0.000000          0.00
Mq      -0.966370      -5243.13

##### SP and PH Mode ----- approximation ###
----- Short Period Mode -----
omega SP         1.5888
zeta  SP         0.9043
re  -1.4367 +  0.6782j
re  -1.4367 -  0.6782j

----- Phugoid Mode -----
omega PH         0.1834
zeta  PH         0.2299
re  -0.0422 +  0.1785j
re  -0.0422 -  0.1785j

A          1.0000
B          2.9578
C          2.8000
D          0.3094
E          0.0849

##### SP and PH Mode from quartic #####
A        1.000         1.000
B        2.936         2.936
C        2.731         2.731
D        0.248         0.248
E        0.085         0.085

Routh D        1.194

M thta        -0.000 

z1  -1.43793    0.67623j
z2  -1.43793   -0.67623j
z3  -0.02994    0.18120j
z4  -0.02994   -0.18120j

       Short Period                Phugoid
1   0.03149  0.00000j       -1.99951  0.00000j
2   1.99900  0.00000j        0.01184  0.00000j
3   0.02660  0.00000j       -0.00693  0.00000j
4  -0.00493  0.00000j        0.01143  0.00000j


----- Phugoid Mode -----
omega PH         0.1837
zeta  PH        -0.1630
period PH       34.6746
tHalf  PH       23.1550
N half PH        0.6678

----- Short Period Mode -----
omega SP         1.5890
zeta  SP        -0.9049
period SP        9.2915
tHalf  SP        0.4820
N half SP        0.0519


 M _ _ M _ _ << Measured Data >> _ _ M _ _ M
Xu      -0.090000       -117.08
Xw       0.110000        143.10
Xq       0.092100        499.70
Zu       0.010000         13.01
Zw      -1.100000      -1431.02
Zwd      0.000000          0.00
Zq       0.140000        759.58
Mu       0.007000          9.11
Mw       0.005000          6.50
Mwd      0.000000          0.00
Mq      -0.025000       -135.64

##### SP and PH Mode ----- approximation ###
----- Short Period Mode -----
negative oMg2_SP

----- Phugoid Mode -----
negative oMg2_PH

##### SP and PH Mode from quartic #####
A        1.000         1.000
B        1.215         1.215
C        0.003         0.003
D        0.087         0.087
E        0.076         0.076

Routh D       -0.120

M thta        -0.000 

z1  -1.22923    0.00000j
z2   0.19390    0.35772j
z3   0.19390   -0.35772j
z4  -0.37358    0.00000j

       Short Period                Phugoid
1   0.81069  0.00000j        1.77414  0.00000j
2   0.98347  0.42117j       -0.50730 -0.42117j
3  -0.00004  0.01540j       -0.00679 -0.01540j
4  -0.02622  0.02567j       -0.00148 -0.02567j

