reading aircraft data from ./data/RotDatUH-60a.dat
reading Flight Data from ./data/fDataUH-60_8N.flt
reading Rotor Data from ./data/fDataUH-60_8N.flt


#### RotaryWingSim ####
rhoAir          1.2261 kg/m°
thtaN   24.68°   twist   -18.00°
mHeli          15350.00 lb

nRot      257.8 1/min    oM     27.00 rad/s
oMR       220.80 m/s     oMR   724.41 ft/s
aBlade         17.45 m^2

rRotTR       1.30 m
nRotTR       1662.7 1/min
oMTR    174.12
oMRTR   220.80 m/s    oMRTR   724.41 ft/s
sigmaTR   0.1049

Area Mrot     210.10 m^2
m blade        93.9 kg
I blade       379.8 kg*m^2
gamRot          8.2700
sigma           0.0830


Trim phi       0.00°    thta      -0.10°    psi      -0.10°   
vH      89.97 mph     vV          0 fpm
cTs   0.06549113     cT  0.0054     cT2sa  0.0229     cL  0.3271
m Heli    68304.7 N      fpA        2.2 m^2          23.3 ft^2
Iyy Heli       14680.3 kg*m^2
Coordintats x,z    [m]         [ft]
Rotor      :   0.43   1.68        1.40   5.50
Rudder     :  10.61   3.01       34.80   9.89
Fin        :  11.10   2.84       36.42   9.33
H-Stab     :   9.31   0.62       30.56   2.04
Wing       :  -3.05   0.00      -10.00   0.00
Propeller  :  -1.91   0.00       -6.27   0.00
### Var ###
mu             27.000  vFlight     80.0 kn
thtaClmb      -0.0000     -0.0000°
cTsReq    0.06549    cTReq    0.00544    cT2saReq    0.02286
alfaD     246.21°    thtaClmb      -0.00°    thtaTrim      -0.10
trim iter 35     anorm 7.40328e-011

 ====== u - derivatives ===== 
fMR(1)        -0.044953   fMR(2)         0.002646   fMR(3)         0.073170
fTR(1)         0.000000   fTR(2)        -0.000000   fTR(3)         0.000000
fFus(1)       -0.016925   fFus(2)        0.000198   fFus(3)        0.013337
fFN(1)        -0.000094   fFN(2)        -0.000070   fFN(3)         0.000000
fHS(1)        -0.001953   fHS(2)         0.000000   fHS(3)         0.011427
fPR(1)         0.000000   fPR(2)         0.000000   fPR(3)         0.000000
fCG(1)         0.000000   fCG(2)         0.000000   fCG(3)         0.000000
fR(1)  -4.4517082e-008   fR(2)   1.9328681e-009   fR(3)   6.8246470e-008

 Moment Equilibrium    1001 
mMR(1)         0.000257   mMR(2)         0.006182   mMR(3)        -0.000065
mTR(1)        -0.000000   mTR(2)         0.000000   mTR(3)         0.000000
mFus(1)        0.000000   mFus(2)        0.000120   mFus(3)        0.000361
mFN(1)        -0.000012   mFN(2)         0.000016   mFN(3)         0.000045
mHS(1)         0.000000   mHS(2)         0.006244   mHS(3)         0.000000
mPR(1)         0.000000   mPR(2)         0.000000   mPR(3)         0.000000
mR(1)   2.9529019e-009   mR(2)   1.5079270e-007   mR(3)   4.0747636e-009
QR -1.9612740e-012
mU  1.2561335e-002

 ====== q - derivatives ===== 
fMR(1)         0.609548   fMR(2)        -0.433231   fMR(3)         0.298530
fTR(1)         0.000000   fTR(2)         0.000000   fTR(3)         0.000000
fFus(1)       -0.000071   fFus(2)        0.000000   fFus(3)       -0.002530
fFN(1)         0.000000   fFN(2)         0.000000   fFN(3)         0.000000
fHS(1)        -0.005904   fHS(2)         0.000000   fHS(3)        -1.524429
fPR(1)         0.000000   fPR(2)         0.000000   fPR(3)         0.000000
fCG(1)         0.000000   fCG(2)         0.000000   fCG(3)         0.000000
fR(1)   4.2024562e-007   fR(2)  -3.0164698e-007   fR(3)  -8.5527628e-007

 Moment Equilibrium    1002 
mMR(1)        -0.042122   mMR(2)        -0.051877   mMR(3)         0.010722
mTR(1)         0.000000   mTR(2)         0.000000   mTR(3)         0.000000
mFus(1)        0.000000   mFus(2)        0.000026   mFus(3)        0.000000
mFN(1)         0.000000   mFN(2)         0.000000   mFN(3)         0.000000
mHS(1)         0.000000   mHS(2)        -0.823329   mHS(3)         0.000000
mPR(1)         0.000000   mPR(2)         0.000000   mPR(3)         0.000000
mR(1)  -5.0567985e-007   mR(2)  -1.0506766e-005   mR(3)   1.2870964e-007
QR -1.7047997e-011

 ====== w - derivatives ===== 
fMR(1)         0.125641   fMR(2)        -0.003043   fMR(3)        -0.694746
fTR(1)         0.000000   fTR(2)         0.000000   fTR(3)         0.000000
fFus(1)       -0.007447   fFus(2)        0.000000   fFus(3)       -0.261167
fFN(1)         0.000000   fFN(2)         0.000000   fFN(3)         0.000000
fHS(1)        -0.000917   fHS(2)         0.000000   fHS(3)        -0.136497
fPR(1)         0.000000   fPR(2)         0.000000   fPR(3)         0.000000
fCG(1)         0.000000   fCG(2)         0.000000   fCG(3)         0.000000
fR(1)   8.1649842e-008   fR(2)  -2.1176376e-009   fR(3)  -7.6055786e-007

 Moment Equilibrium    1003 
mMR(1)        -0.000296   mMR(2)        -0.029410   mMR(3)         0.000075
mTR(1)         0.000000   mTR(2)         0.000000   mTR(3)         0.000000
mFus(1)        0.000000   mFus(2)        0.001994   mFus(3)        0.000000
mFN(1)         0.000000   mFN(2)         0.000000   mFN(3)         0.000000
mHS(1)         0.000000   mHS(2)        -0.073707   mHS(3)         0.000000
mPR(1)         0.000000   mPR(2)         0.000000   mPR(3)         0.000000
mR(1)  -3.5488483e-009   mR(2)  -1.2140221e-006   mR(3)   8.9471541e-010
QR  5.3687181e-011
mW -1.0112294e-001


=I=I=I=I=I= Iteration Results =I=I=I=I=I=
xMR   11.400    xcg   10.000    dxCG    1.400    iRigMR  -13.0
cTs 0.11918   cT 0.00990   cLs 7.22115   cL 0.59970
aN     0.12738°    a1    0.07343°   b1    0.05188°
Br   aN     7.30°       a1    4.21°      b1    2.97°
716  aN     7.30°       a1    2.83°      b1    0.82°
mu  0.180458 lamD    0.01116    lamI    0.01505     mu*a1    0.00891     lamNf    0.00225
A1S   -0.01334°    B1S    0.02743°
A1S    -0.76°    B1S     1.57°    alfD     8.26°   alfaNf     5.43°   alSm     1.26°
thtaN     20.17°    thtaTR    -0.08°
Trim   phi     0.01°    thta     7.97°
vBx    39.72    vBy     0.07    vBz     5.56
fMR(1)         12394.87   fMR(2)          -159.01   fMR(3)        -68652.39
fTR(1)             0.00   fTR(2)           106.65   fTR(3)             0.00
fPR(1)             0.00   fPR(2)             0.00   fPR(3)             0.00
fFus(1)        -2513.07   fFus(2)           54.90   fFus(3)        -4217.03
fFN(1)           -12.99   fFN(2)           -19.31   fFN(3)             0.00
fHS(1)          -399.64   fHS(2)             0.00   fHS(3)          5224.29
fCG(1)         -9469.17   fCG(2)            16.77   fCG(3)         67645.13
fWN(1)            -0.00   fWN(2)             0.00   fWN(3)            -0.00
fR(1)   1.1979951e-007   fR(2)  -3.4153729e-009   fR(3)  -4.4242389e-007

Moment Equilibrium
mMR(1)          -266.57   mMR(2)        -50074.10   mMR(3)            67.85
mTR(1)           321.49   mTR(2)             0.00   mTR(3)         -1131.23
mPR(1)             0.00   mPR(2)            -0.00   mPR(3)             0.00
mFus(1)            0.00   mFus(2)         1126.00   mFus(3)          849.08
mFN(1)           -54.92   mFN(2)            36.96   mFN(3)           214.29
mHS(1)             0.00   mHS(2)         48911.14   mHS(3)             0.00
mWN(1)             0.00   mWN(2)             0.00   mWN(3)             0.00
mR(1)  -5.7243597e-009   mR(2)   4.7730844e-008   mR(3)   1.4483703e-009
==x=x===x===x=x==
MR Fx -3366.24    Fz -69681.07   thtaClmb    -0.00   torque 25967.53
dxMR    0.7294  Fx/Fz  -10.2°        mu   0.18046   oM  27.0  n  257.8

=I=I=I=I=I= End Of Iteration Results =I=I=I=I=I=


         ### stability derivatives ###
 R ._. R ._. << RotaryWingSim Data >> ._. R ._. R

       u              w            q         oM
x   -0.063924      0.117278     0.603574     0.172069
z    0.097936     -1.092403    -1.228439    -0.635495
m    0.012562     -0.101123    -0.875180     0.003977

      measured  data
       u                w              q
x   -0.049850       0.031990        0.527100
z    0.230300      -1.137000       -1.318600
m   -0.005802       0.005361       -0.713020

Q   -0.000000      -0.000000        0.000000       -0.000000

Xu      -0.063924       -445.09
Xw       0.117278        816.58
Xq       0.603574       8860.65
Zu       0.097936        681.90
Zw      -1.092403      -7606.14
Zwd      0.000000          0.00
Zq      -1.228439     -18033.87
Mu       0.012562         87.46
Mw      -0.101123       -704.10
Mwd      0.000000          0.00
Mq      -0.875180     -12847.92

##### SP and PH Mode ----- approximation ###
----- Short Period Mode -----
omega SP         2.2109
zeta  SP         0.4450
re  -0.9838 +  1.9799j
re  -0.9838 -  1.9799j

----- Phugoid Mode -----
omega PH         0.0862
zeta  PH         0.4548
re  -0.0392 +  0.0768j
re  -0.0392 -  0.0768j

A          1.0000
B          2.0460
C          5.0497
D          0.3979
E          0.0363

##### SP and PH Mode from quartic #####
A        1.000         1.000
B        2.032         2.032
C        4.995         4.995
D        0.366         0.366
E        0.037         0.037

Routh D        3.426

M thta        -0.000 

z1  -0.97954    1.97119j
z2  -0.97954   -1.97119j
z3  -0.03621    0.08013j
z4  -0.03621   -0.08013j

       Short Period                Phugoid
1  -0.14805  0.00000j       -1.98603  0.00000j
2  -1.99140  0.00000j       -0.23539  0.00000j
3  -0.00541  0.00000j       -0.00140  0.00000j
4  -0.03997  0.00000j        0.00271  0.00000j


----- Phugoid Mode -----
omega PH         0.0879
zeta  PH        -0.4118
period PH       78.4116
tHalf  PH       19.1412
N half PH        0.2441

----- Short Period Mode -----
omega SP         2.2012
zeta  SP        -0.4450
period SP        3.1875
tHalf  SP        0.7076
N half SP        0.2220


 M _ _ M _ _ << Measured Data >> _ _ M _ _ M
Xu      -0.049850       -347.09
Xw       0.031990        222.74
Xq       0.527100       7738.00
Zu       0.230300       1603.52
Zw      -1.137000      -7916.66
Zwd      0.000000          0.00
Zq      -1.318600     -19357.47
Mu      -0.005802        -40.40
Mw       0.005361         37.33
Mwd      0.000000          0.00
Mq      -0.713020     -10467.36

##### SP and PH Mode ----- approximation ###
----- Short Period Mode -----
omega SP         0.7764
zeta  SP         1.1915
re  -0.9250 +   0.5029
re  -0.9250 -   0.5029

----- Phugoid Mode -----
negative oMg2_PH

##### SP and PH Mode from quartic #####
A        1.000         1.000
B        1.900         1.900
C        0.691         0.691
D       -0.022        -0.022
E       -0.053        -0.053

Routh D        0.160

M thta        -0.000 

z1  -1.42133    0.00000j
z2  -0.35048    0.20872j
z3  -0.35048   -0.20872j
z4   0.22242    0.00000j

       Short Period                Phugoid
1  -1.01646  0.00000j        1.70086  0.00000j
2  -0.99075  0.00000j        0.19629  0.00000j
3   0.01368  0.00000j       -0.01167  0.00000j
4   0.02288  0.00000j        0.05214  0.00000j


----- Phugoid Mode -----
omega PH         0.4079
zeta  PH        -0.8592
period PH       30.1038
tHalf  PH        1.9777
N half PH        0.0657

----- Short Period Mode -----
omega SP         1.4213
zeta  SP        -1.0000
period SP   --------
tHalf  SP        0.4877
N half SP        0.0000

omega SP         0.2224
zeta  SP         1.0000
period SP   --------
tHalf  SP        3.1164
N half SP        0.0000

dlc    35.92   dla    3.23   dle   -4.22      dlp    4.30      dlt    0.00
thtaN  20.17°   A1S  -0.76°   B1S   1.57°   thtaTR  -0.08°
TrimAC phi LFr       0.01°    thta       7.97°    psi      -0.10°
