reading aircraft data from ./data/RotDatUH1a.dat
reading Flight Data from ./data/fDataUH1_14N.flt
reading Rotor Data from ./data/fDataUH1_14N.flt


#### RotaryWingSim ####
rhoAir          1.2261 kg/m°
thtaN   12.68°   twist   -10.88°
mHeli          6499.00 lb

nRot      334.0 1/min    oM     34.98 rad/s
oMR       257.25 m/s     oMR   843.98 ft/s
aBlade          7.85 m^2

rRotTR       1.30 m
nRotTR       1662.7 1/min
oMTR    174.12
oMRTR   257.25 m/s    oMRTR   843.98 ft/s
sigmaTR   0.1049

Area Mrot     169.94 m^2
m blade        93.9 kg
I blade       379.8 kg*m^2
gamRot         11.2700
sigma           0.0462


Trim phi       0.00°    thta      -0.10°    psi      -0.10°   
vH     157.49 mph     vV          0 fpm
cTs   0.04542742     cT  0.0021     cT2sa  0.0158     cL  0.0559
m Heli    28919.4 N      fpA        1.8 m^2          19.3 ft^2
Iyy Heli       14680.3 kg*m^2
Coordintats x,z    [m]         [ft]
Rotor      :   0.20   2.07        0.67   6.79
Rudder     :   8.83   2.10       28.96   6.89
Fin        :   7.91   2.84       25.96   9.33
H-Stab     :   6.30   0.50       20.66   1.64
Wing       :  -3.19   0.00      -10.46   0.00
Propeller  :  -2.05   0.00       -6.73   0.00
### Var ###
mu             34.976  vFlight    140.0 kn
thtaClmb      -0.0000     -0.0000°
cTsReq    0.04543    cTReq    0.00210    cT2saReq    0.01581
alfaD     318.95°    thtaClmb      -0.00°    thtaTrim      -0.10
trim iter 36     anorm 4.97861e-011

 ====== u - derivatives ===== 
fMR(1)        -0.176352   fMR(2)         0.008396   fMR(3)         0.201894
fTR(1)         0.000000   fTR(2)        -0.000000   fTR(3)         0.000000
fFus(1)       -0.060072   fFus(2)        0.000625   fFus(3)        0.062632
fFN(1)        -0.000146   fFN(2)        -0.000116   fFN(3)         0.000000
fHS(1)        -0.001695   fHS(2)         0.000000   fHS(3)         0.004057
fPR(1)         0.000000   fPR(2)         0.000000   fPR(3)         0.000000
fCG(1)         0.000000   fCG(2)         0.000000   fCG(3)         0.000000
fR(1)  -7.0247929e-008   fR(2)   2.6273881e-009   fR(3)   7.9203063e-008

 Moment Equilibrium    1001 
mMR(1)         0.000475   mMR(2)         0.011087   mMR(3)        -0.000047
mTR(1)        -0.000000   mTR(2)         0.000000   mTR(3)         0.000000
mFus(1)        0.000000   mFus(2)       -0.000559   mFus(3)        0.000499
mFN(1)        -0.000009   mFN(2)         0.000011   mFN(3)         0.000025
mHS(1)         0.000000   mHS(2)         0.000720   mHS(3)         0.000000
mPR(1)         0.000000   mPR(2)         0.000000   mPR(3)         0.000000
mR(1)   5.0308699e-009   mR(2)   1.2159143e-007   mR(3)   5.1372808e-009
QR  2.5096644e-011
mU  1.1260489e-002

 ====== q - derivatives ===== 
fMR(1)         0.499954   fMR(2)        -0.388014   fMR(3)        -0.156653
fTR(1)         0.000000   fTR(2)         0.000000   fTR(3)         0.000000
fFus(1)       -0.000065   fFus(2)        0.000000   fFus(3)        0.001546
fFN(1)         0.000000   fFN(2)         0.000000   fFN(3)         0.000000
fHS(1)        -0.024376   fHS(2)         0.000000   fHS(3)        -1.106515
fPR(1)         0.000000   fPR(2)         0.000000   fPR(3)         0.000000
fCG(1)         0.000000   fCG(2)         0.000000   fCG(3)         0.000000
fR(1)   1.4016981e-007   fR(2)  -1.1438220e-007   fR(3)  -3.7189176e-007

 Moment Equilibrium    1002 
mMR(1)        -0.021929   mMR(2)        -0.029125   mMR(3)         0.002153
mTR(1)         0.000000   mTR(2)         0.000000   mTR(3)         0.000000
mFus(1)        0.000000   mFus(2)       -0.000009   mFus(3)        0.000000
mFN(1)         0.000000   mFN(2)         0.000000   mFN(3)         0.000000
mHS(1)         0.000000   mHS(2)        -0.189898   mHS(3)         0.000000
mPR(1)         0.000000   mPR(2)         0.000000   mPR(3)         0.000000
mR(1)  -2.3676978e-007   mR(2)  -2.3648934e-006   mR(3)   2.3223947e-008
QR -3.3990626e-011

 ====== w - derivatives ===== 
fMR(1)         0.213353   fMR(2)        -0.005259   fMR(3)        -1.008484
fTR(1)         0.000000   fTR(2)         0.000000   fTR(3)         0.000000
fFus(1)        0.015719   fFus(2)        0.000000   fFus(3)       -0.362814
fFN(1)         0.000000   fFN(2)         0.000000   fFN(3)         0.000000
fHS(1)        -0.003182   fHS(2)         0.000000   fHS(3)        -0.138765
fPR(1)         0.000000   fPR(2)         0.000000   fPR(3)         0.000000
fCG(1)         0.000000   fCG(2)         0.000000   fCG(3)         0.000000
fR(1)   6.6582593e-008   fR(2)  -1.5482442e-009   fR(3)  -4.4513155e-007

 Moment Equilibrium    1003 
mMR(1)        -0.000297   mMR(2)        -0.017653   mMR(3)         0.000029
mTR(1)         0.000000   mTR(2)         0.000000   mTR(3)         0.000000
mFus(1)        0.000000   mFus(2)        0.002089   mFus(3)        0.000000
mFN(1)         0.000000   mFN(2)         0.000000   mFN(3)         0.000000
mHS(1)         0.000000   mHS(2)        -0.023813   mHS(3)         0.000000
mPR(1)         0.000000   mPR(2)         0.000000   mPR(3)         0.000000
mR(1)  -3.2047183e-009   mR(2)  -4.2514857e-007   mR(3)   2.9604053e-010
QR -9.5740822e-011
mW -3.9377366e-002


=I=I=I=I=I= Iteration Results =I=I=I=I=I=
xMR   11.125    xcg   10.458    dxCG    0.667    iRigMR   -5.0
cTs 0.17894   cT 0.00826   cLs 5.53944   cL 0.25576
aN     0.27118°    a1    0.18708°   b1    0.09599°
Br   aN    15.54°       a1   10.72°      b1    5.50°
716  aN    15.54°       a1    5.89°      b1    1.85°
mu  0.252662 lamD   -0.00180    lamI    0.00525     mu*a1    0.02598     lamNf   -0.02777
A1S   -0.03343°    B1S    0.26272°
A1S    -1.92°    B1S    15.05°    alfD     0.78°   alfaNf    -5.11°   alSm    -9.16°
thtaN     20.52°    thtaTR    -0.07°
Trim   phi    -0.27°    thta    -2.18°
vBx    70.16    vBy     0.14    vBz    -2.67
fMR(1)          5412.76   fMR(2)          -207.99   fMR(3)        -40423.27
fTR(1)             0.00   fTR(2)           237.46   fTR(3)             0.00
fPR(1)             0.00   fPR(2)             0.00   fPR(3)             0.00
fFus(1)        -6282.04   fFus(2)          129.29   fFus(3)         8075.80
fFN(1)           -15.05   fFN(2)           -23.96   fFN(3)             0.00
fHS(1)          -216.10   fHS(2)             0.00   fHS(3)          3449.38
fCG(1)          1100.43   fCG(2)          -134.81   fCG(3)         28898.10
fWN(1)            -0.00   fWN(2)             0.00   fWN(3)            -0.00
fR(1)   1.4037354e-007   fR(2)  -6.2239565e-009   fR(3)  -3.5673958e-007

Moment Equilibrium
mMR(1)          -430.53   mMR(2)        -19418.35   mMR(3)            42.26
mTR(1)           498.69   mTR(2)             0.00   mTR(3)         -2095.98
mPR(1)             0.00   mPR(2)            -0.00   mPR(3)             0.00
mFus(1)            0.00   mFus(2)        -2452.06   mFus(3)         1864.14
mFN(1)           -68.16   mFN(2)            42.81   mFN(3)           189.58
mHS(1)             0.00   mHS(2)         21827.61   mHS(3)             0.00
mWN(1)             0.00   mWN(2)             0.00   mWN(3)             0.00
mR(1)  -1.2883447e-008   mR(2)  -2.6793695e-007   mR(3)   1.2464625e-009
==x=x===x===x=x==
MR Fx  1869.04    Fz -40741.20   thtaClmb    -0.00   torque 32723.57
dxMR    0.4804  Fx/Fz   -7.6°        mu   0.25266   oM  35.0  n  334.0

=I=I=I=I=I= End Of Iteration Results =I=I=I=I=I=


         ### stability derivatives ###
 R ._. R ._. << RotaryWingSim Data >> ._. R ._. R

       u              w            q         oM
x   -0.238265      0.225890     0.475512     0.476203
z    0.268583     -1.510060    -1.261617    -1.210218
m    0.011260     -0.039377    -0.219031    -0.024817

      measured  data
       u                w              q
x   -0.056400       0.136300        0.527100
z    0.127600      -1.234900       -1.318600
m    0.015900      -0.030000       -0.660100

Q    0.000000      -0.000000       -0.000000       -0.000000

Xu      -0.238265       -702.39
Xw       0.225890        665.91
Xq       0.475512       6980.67
Zu       0.268583        791.77
Zw      -1.510060      -4451.58
Zwd      0.000000          0.00
Zq      -1.261617     -18520.93
Mu       0.011260         33.20
Mw      -0.039377       -116.08
Mwd      0.000000          0.00
Mq      -0.219031      -3215.45

##### SP and PH Mode ----- approximation ###
----- Short Period Mode -----
omega SP         1.7453
zeta  SP         0.4954
re  -0.8645 +  1.5161j
re  -0.8645 -  1.5161j

----- Phugoid Mode -----
omega PH         0.1426
zeta  PH         0.7491
re  -0.1068 +  0.0944j
re  -0.1068 -  0.0944j

A          1.0000
B          1.9427
C          3.4357
D          0.6859
E          0.0619

##### SP and PH Mode from quartic #####
A        1.000         1.000
B        1.967         1.967
C        3.392         3.392
D        0.644         0.644
E        0.063         0.063

Routh D        3.641

M thta        -0.000 

z1  -0.88293    1.49519j
z2  -0.88293   -1.49519j
z3  -0.10075    0.10375j
z4  -0.10075   -0.10375j

       Short Period                Phugoid
1   0.06023  0.00000j       -1.92515  0.00000j
2   1.98586  0.00000j       -0.54131  0.00000j
3   0.01783  0.00000j       -0.00358  0.00000j
4   0.01656  0.00000j        0.01435  0.00000j


----- Phugoid Mode -----
omega PH         0.1446
zeta  PH        -0.6967
period PH       60.5624
tHalf  PH        6.8801
N half PH        0.1136

----- Short Period Mode -----
omega SP         1.7364
zeta  SP        -0.5085
period SP        4.2023
tHalf  SP        0.7851
N half SP        0.1868


 M _ _ M _ _ << Measured Data >> _ _ M _ _ M
Xu      -0.056400       -166.26
Xw       0.136300        401.81
Xq       0.527100       7738.00
Zu       0.127600        376.16
Zw      -1.234900      -3640.42
Zwd      0.000000          0.00
Zq      -1.318600     -19357.47
Mu       0.015900         46.87
Mw      -0.030000        -88.44
Mwd      0.000000          0.00
Mq      -0.660100      -9690.48

##### SP and PH Mode ----- approximation ###
----- Short Period Mode -----
omega SP         1.6977
zeta  SP         0.5581
re  -0.9475 +  1.4086j
re  -0.9475 -  1.4086j

----- Phugoid Mode -----
omega PH         0.2298
zeta  PH         0.1195
re  -0.0275 +  0.2281j
re  -0.0275 -  0.2281j

A          1.0000
B          1.9499
C          3.0389
D          0.2583
E          0.1522

##### SP and PH Mode from quartic #####
A        1.000         1.000
B        1.951         1.951
C        2.963         2.963
D        0.149         0.149
E        0.155         0.155

Routh D        0.251

M thta        -0.000 

z1  -0.96786    1.39362j
z2  -0.96786   -1.39362j
z3  -0.00784    0.23195j
z4  -0.00784   -0.23195j

       Short Period                Phugoid
1   0.06055  0.00000j       -1.84732  0.00000j
2   1.99506  0.00000j       -0.75872  0.00000j
3   0.00762  0.00000j       -0.01042  0.00000j
4   0.01708  0.00000j       -0.00196  0.00000j


----- Phugoid Mode -----
omega PH         0.2321
zeta  PH        -0.0338
period PH       27.0886
tHalf  PH       88.4108
N half PH        3.2638

----- Short Period Mode -----
omega SP         1.6967
zeta  SP        -0.5704
period SP        4.5085
tHalf  SP        0.7162
N half SP        0.1588

dlc    36.55   dla    1.39   dle   14.31      dlp    4.30      dlt    0.00
thtaN  20.52°   A1S  -1.92°   B1S  15.05°   thtaTR  -0.07°
TrimAC phi LFr      -0.27°    thta      -2.18°    psi      -0.10°
