reading aircraft data from ./data/MntGmPrZ.dat
reading Flight Data from ./data/fDataMntGmPrX1.flt
reading Rotor Data from ./data/fDataMntGmPrX1.flt


#### RotaryWingSim ####
rhoAir          1.2261 kg/m°
thtaN    4.50°   twist     0.00°
mHeli           794.00 lb

nRot      375.3 1/min    oM     39.30 rad/s
oMR       161.71 m/s     oMR   530.55 ft/s
aBlade          1.62 m^2

rRotTR       0.08 m
nRotTR       1662.7 1/min
oMTR    174.12
oMRTR   161.71 m/s    oMRTR   530.55 ft/s
sigmaTR   0.1783

Area Mrot      53.19 m^2
m blade         8.1 kg     estimated
I blade       181.8 kg*m^2
gamRot         18.0000
sigma           0.0305


Trim phi      -0.60°    thta       1.20°    psi       0.00°   
vH      60.15 mph     vV          0 fpm
cTs   0.06795745     cT  0.0021     cT2sa  0.0236     cL  0.1495
m Heli     3533.2 N      fpA        1.4 m^2          14.8 ft^2
Iyy Heli         870.8 kg*m^2
Coordintats x,z    [m]         [ft]
Rotor      :   0.78   2.10        2.55   6.90
Rudder     :   8.85   0.00       29.05   0.00
Fin        :   3.70   0.41       12.15   1.33
H-Stab     :   3.28   0.02       10.75   0.06
Wing       :   0.79  -0.00        2.60  -0.00
Propeller  :  -0.56  -0.05       -1.82  -0.15
### Var ###
mu             39.300  vFlight     53.5 kn
thtaClmb      -0.0000     -0.0000°
cTsReq    0.06796    cTReq    0.00207    cT2saReq    0.02364
alfaD     358.37°    thtaClmb      -0.00°    thtaTrim       1.20
trim iter 26     anorm 4.62459e-011

 ====== u - derivatives ===== 
fMR(1)        -0.113403   fMR(2)        -0.001987   fMR(3)        -0.287602
fTR(1)         0.000000   fTR(2)         0.000000   fTR(3)         0.000000
fFus(1)       -0.144363   fFus(2)        0.000011   fFus(3)        0.012795
fFN(1)        -0.001365   fFN(2)         0.001086   fFN(3)         0.000000
fHS(1)        -0.000698   fHS(2)         0.000000   fHS(3)         0.037767
fPR(1)        -0.025537   fPR(2)         0.000000   fPR(3)         0.000000
fCG(1)         0.000000   fCG(2)         0.000000   fCG(3)         0.000000
fR(1)  -1.0295060e-008   fR(2)  -3.7710279e-011   fR(3)  -8.5410450e-009

 Moment Equilibrium    1001 
mMR(1)        -0.001728   mMR(2)         0.006188   mMR(3)         0.000639
mTR(1)         0.000000   mTR(2)         0.000000   mTR(3)         0.000000
mFus(1)        0.000000   mFus(2)       -0.004786   mFus(3)        0.001588
mFN(1)         0.000183   mFN(2)         0.000230   mFN(3)        -0.001663
mHS(1)         0.000000   mHS(2)         0.051186   mHS(3)         0.000000
mPR(1)         0.000000   mPR(2)        -0.000483   mPR(3)         0.000000
mR(1)  -1.4141355e-010   mR(2)   4.5332004e-009   mR(3)   5.9909411e-011
QR  1.0742399e-011

 ====== q - derivatives ===== 
fMR(1)         0.551334   fMR(2)        -0.390884   fMR(3)         0.307943
fTR(1)         0.000000   fTR(2)         0.000000   fTR(3)         0.000000
fFus(1)        0.000426   fFus(2)        0.000000   fFus(3)       -0.000301
fFN(1)         0.000000   fFN(2)         0.000000   fFN(3)         0.000000
fHS(1)         0.000483   fHS(2)         0.000000   fHS(3)        -0.259777
fPR(1)         0.000000   fPR(2)         0.000000   fPR(3)         0.000000
fCG(1)         0.000000   fCG(2)         0.000000   fCG(3)         0.000000
fR(1)   1.9872146e-008   fR(2)  -1.4083695e-008   fR(3)   1.7134366e-009

 Moment Equilibrium    1002 
mMR(1)        -0.340003   mMR(2)        -0.380578   mMR(3)         0.125653
mTR(1)         0.000000   mTR(2)         0.000000   mTR(3)         0.000000
mFus(1)        0.000000   mFus(2)       -0.003333   mFus(3)        0.000000
mFN(1)         0.000000   mFN(2)         0.000000   mFN(3)         0.000000
mHS(1)         0.000000   mHS(2)        -0.352046   mHS(3)         0.000000
mPR(1)         0.000000   mPR(2)         0.000000   mPR(3)         0.000000
mR(1)  -2.9614602e-008   mR(2)  -6.4117124e-008   mR(3)   1.0952853e-008
QR -1.5974430e-011

 ====== w - derivatives ===== 
fMR(1)        -0.290052   fMR(2)        -0.012810   fMR(3)        -0.965698
fTR(1)         0.000000   fTR(2)         0.000000   fTR(3)         0.000000
fFus(1)        0.112737   fFus(2)        0.000000   fFus(3)       -0.083341
fFN(1)         0.000000   fFN(2)         0.000000   fFN(3)         0.000000
fHS(1)        -0.000219   fHS(2)         0.000000   fHS(3)         0.117775
fPR(1)         0.000000   fPR(2)         0.000000   fPR(3)         0.000000
fCG(1)         0.000000   fCG(2)         0.000000   fCG(3)         0.000000
fR(1)  -6.4114069e-009   fR(2)  -4.6701043e-010   fR(3)  -3.3552636e-008

 Moment Equilibrium    1003 
mMR(1)        -0.011142   mMR(2)        -0.058138   mMR(3)         0.004118
mTR(1)         0.000000   mTR(2)         0.000000   mTR(3)         0.000000
mFus(1)        0.000000   mFus(2)        0.002957   mFus(3)        0.000000
mFN(1)         0.000000   mFN(2)         0.000000   mFN(3)         0.000000
mHS(1)         0.000000   mHS(2)         0.159606   mHS(3)         0.000000
mPR(1)         0.000000   mPR(2)         0.000000   mPR(3)         0.000000
mR(1)  -9.7708064e-010   mR(2)   9.0628852e-009   mR(3)   3.6942183e-010
QR  2.9810901e-011


=I=I=I=I=I= Iteration Results =I=I=I=I=I=
xMR    4.500    xcg    1.950    dxCG    2.550    iRigMR    6.0
cTs 0.08307   cT 0.00253   cLs 5.51437   cL 0.16806
aN     0.20644°    a1    0.04977°   b1    0.05739°
Br   aN    11.83°       a1    2.85°      b1    3.29°
716  aN    11.83°       a1    2.39°      b1    2.45°
mu  0.172546 lamD    0.01534    lamI    0.00733     mu*a1    0.00719     lamNf    0.00815
A1S   -0.01050°    B1S   -0.12026°
A1S    -0.60°    B1S    -6.89°    alfD     7.49°   alfaNf     5.10°   alSm     9.28°
thtaN      4.50°    thtaTR    -0.04°
Trim   phi    -0.07°    thta    -7.74°
vBx    26.57    vBy     0.00    vBz    -3.61
fMR(1)         -1120.18   fMR(2)            -1.00   fMR(3)         -3804.54
fTR(1)             0.00   fTR(2)            -0.00   fTR(3)             0.00
fPR(1)          1431.32   fPR(2)             0.00   fPR(3)             0.00
fFus(1)         -773.88   fFus(2)            0.11   fFus(3)          122.39
fFN(1)            -6.56   fFN(2)             5.16   fFN(3)             0.00
fHS(1)            -6.84   fHS(2)             0.00   fHS(3)           181.13
fCG(1)           476.14   fCG(2)            -4.27   fCG(3)          3500.92
fWN(1)            -0.01   fWN(2)             0.00   fWN(3)             0.09
fR(1)  -4.1434818e-009   fR(2)  -4.4400039e-012   fR(3)  -1.5711060e-008

Moment Equilibrium
mMR(1)            -2.10   mMR(2)          -601.17   mMR(3)             0.78
mTR(1)            -0.00   mTR(2)             0.00   mTR(3)             0.00
mPR(1)             0.00   mPR(2)            65.44   mPR(3)             0.00
mFus(1)            0.00   mFus(2)          -60.65   mFus(3)           18.35
mFN(1)             2.10   mFN(2)             2.67   mFN(3)           -19.13
mHS(1)             0.00   mHS(2)           593.64   mHS(3)             0.00
mWN(1)             0.00   mWN(2)             0.07   mWN(3)             0.00
mR(1)  -4.2397197e-012   mR(2)  -2.4271608e-009   mR(3)   9.8943076e-012
==x=x===x===x=x==
MR Fx  -716.36    Fz -3900.78   thtaClmb    -0.00   torque     0.00
dxMR    0.1580  Fx/Fz   16.4°        mu   0.17255   oM  37.6  n  359.2

=I=I=I=I=I= End Of Iteration Results =I=I=I=I=I=


 R ._. R ._. << RotaryWingSim Data >> ._. R ._. R
              ### stability derivatives ###

       u              w            q         oM
x   -0.285367     -0.177535     0.552242    -0.114565
z   -0.237036     -0.931497     0.047685    -0.436115
m    0.012719      0.025361    -0.178870    -0.006706

      measured  data
       u                w              q
x   -0.230000      -0.205000        1.700000
z   -0.125200      -1.180000        1.250000
m   -0.001000       0.015000       -0.725000

Q    0.000000      -0.000000        0.000000       -0.000000

Xu      -0.285367       -102.78
Xw      -0.177535        -63.94
Xq       0.552242        480.90
Zu      -0.237036        -85.37
Zw      -0.931497       -335.49
Zwd      0.000000          0.00
Zq       0.047685         41.52
Mu       0.012719          4.58
Mw       0.025361          9.13
Mwd      0.000000          0.00
Mq      -0.178870       -155.76

##### SP and PH Mode ----- approximation ###
----- Short Period Mode -----
negative oMg2_SP

----- Phugoid Mode -----
negative oMg2_PH

##### SP and PH Mode from quartic #####
A        1.000         1.000
B        1.396         1.396
C       -0.247        -0.247
D        0.028         0.028
E        0.057         0.057

Routh D       -0.122

M thta        -0.000 

z1  -1.55115    0.00000j
z2   0.22440    0.27469j
z3   0.22440   -0.27469j
z4  -0.29340    0.00000j

       Short Period                Phugoid
1   0.65275  0.00000j        1.79255  0.00000j
2  -1.40831  0.00000j       -0.66518  0.00000j
3   0.01768  0.00000j       -0.00689  0.00000j
4  -0.00447  0.00000j       -0.08150  0.00000j


----- Phugoid Mode -----
omega PH         0.3547
zeta  PH         0.6327
period PH       22.8734
tHalf  PH        3.0888
N half PH        0.1350

----- Short Period Mode -----
omega SP         1.5511
zeta  SP        -1.0000
period SP   --------
tHalf  SP        0.4469
N half SP        0.0000

omega SP         0.2934
zeta  SP        -1.0000
period SP   --------
tHalf  SP        2.3625
N half SP        0.0000

Xu      -0.230000        -82.84
Xw      -0.205000        -73.83
Xq       1.700000       1480.37
Zu      -0.125200        -45.09
Zw      -1.180000       -424.99
Zwd      0.000000          0.00
Zq       1.250000       1088.51
Mu      -0.001000         -0.36
Mw       0.015000          5.40
Mwd      0.000000          0.00
Mq      -0.725000       -631.34

##### SP and PH Mode ----- approximation ###
----- Short Period Mode -----
omega SP         0.6592
zeta  SP         1.4450
re  -0.9525 +   0.6876
re  -0.9525 -   0.6876

----- Phugoid Mode -----
negative oMg2_PH

##### SP and PH Mode from quartic #####
A        1.000         1.000
B        2.135         2.135
C        0.849         0.849
D        0.071         0.071
E       -0.030        -0.030

Routh D        0.260

M thta        -0.000 

z1  -1.65463    0.00000j
z2  -0.30694    0.20393j
z3  -0.30694   -0.20393j
z4   0.13351    0.00000j

       Short Period                Phugoid
1   1.18053  0.00000j       -0.02419  0.00000j
2   0.98827 -0.28730j        0.20194  0.28730j
3  -0.01288 -0.00904j        0.00704  0.00904j
4   0.01703  0.02434j        0.04088 -0.02434j

