reading aircraft data from ./data/RotDatR4B_1.dat
reading Flight Data from ./data/fDataR4B_no13.flt
reading Rotor Data from ./data/fDataR4B_no13.flt


#### RotaryWingSim ####
rhoAir          0.9649 kg/m°
thtaN    2.68°   twist     0.00°
mHeli          2476.00 lb

nRot      218.0 1/min    oM     22.83 rad/s
oMR       132.21 m/s     oMR   433.75 ft/s
aBlade          6.32 m^2

rRotTR       1.91 m
nRotTR       1662.7 1/min
oMTR    174.12
oMRTR   132.21 m/s    oMRTR   433.75 ft/s
sigmaTR   0.0173

Area Mrot     105.36 m^2
m blade         5.4 kg
I blade        60.9 kg*m^2 estimated
gamRot         15.0000
sigma           0.0600


Trim phi       0.00°    thta      -2.40°    psi      -3.00°   
vH      38.20 mph     vV       1290 fpm
cTs   0.10324602     cT  0.0062     cT2sa  0.0362     cL  0.6453
m Heli    11017.7 N      fpA        2.1 m^2          23.0 ft^2
Iyy Heli        2712.8 kg*m^2
Coordintats x,z    [m]         [ft]
Rotor      :   0.04   1.68        0.12   5.50
Rudder     :   7.50   1.52       24.62   5.00
Fin        :   3.88   0.71       12.72   2.33
H-Stab     :   4.06   0.02       13.32   0.06
Wing       :  -1.95   0.00       -6.38   0.00
Propeller  :  -0.81   0.00       -2.66   0.00
### Var ###
mu             22.829  vFlight     36.4 kn
thtaClmb      -0.3673    -21.0459°
cTsReq    0.10325    cTReq    0.00619    cT2saReq    0.03623
alfaD     208.17°    thtaClmb     -21.05°    thtaTrim      -2.40
trim iter 37     anorm 3.72465e-011

 ====== u - derivatives ===== 
fMR(1)        -0.037916   fMR(2)         0.001993   fMR(3)        -0.092187
fTR(1)         0.000000   fTR(2)        -0.000000   fTR(3)         0.000000
fFus(1)       -0.034519   fFus(2)        0.004100   fFus(3)       -0.045489
fFN(1)         0.001675   fFN(2)        -0.002427   fFN(3)         0.000000
fHS(1)        -0.000000   fHS(2)         0.000000   fHS(3)        -0.000000
fPR(1)         0.000000   fPR(2)         0.000000   fPR(3)         0.000000
fCG(1)         0.000000   fCG(2)         0.000000   fCG(3)         0.000000
fR(1)  -7.9469028e-009   fR(2)   4.1617199e-010   fR(3)  -1.5463269e-008

 Moment Equilibrium    1001 
mMR(1)         0.001383   mMR(2)         0.024958   mMR(3)        -0.000029
mTR(1)        -0.000000   mTR(2)         0.000000   mTR(3)         0.000001
mFus(1)        0.000000   mFus(2)        0.001998   mFus(3)        0.001258
mFN(1)        -0.000715   mFN(2)        -0.000493   mFN(3)         0.003894
mHS(1)         0.000000   mHS(2)        -0.000000   mHS(3)         0.000000
mPR(1)         0.000000   mPR(2)         0.000000   mPR(3)         0.000000
mR(1)   1.8809487e-010   mR(2)   7.1784152e-009   mR(3)   1.3577903e-009
QR  3.8371497e-011

 ====== q - derivatives ===== 
fMR(1)         0.855553   fMR(2)        -0.553627   fMR(3)         0.195615
fTR(1)         0.000000   fTR(2)         0.000000   fTR(3)         0.000000
fFus(1)       -0.001625   fFus(2)        0.000000   fFus(3)       -0.003329
fFN(1)         0.000000   fFN(2)         0.000000   fFN(3)         0.000000
fHS(1)        -0.000000   fHS(2)         0.000000   fHS(3)        -0.000000
fPR(1)         0.000000   fPR(2)         0.000000   fPR(3)         0.000000
fCG(1)         0.000000   fCG(2)         0.000000   fCG(3)         0.000000
fR(1)   9.5906023e-008   fR(2)  -6.2174166e-008   fR(3)   2.1596821e-008

 Moment Equilibrium    1002 
mMR(1)        -0.384238   mMR(2)        -0.590907   mMR(3)         0.008151
mTR(1)         0.000000   mTR(2)         0.000000   mTR(3)         0.000000
mFus(1)        0.000000   mFus(2)       -0.014308   mFus(3)        0.000000
mFN(1)         0.000000   mFN(2)         0.000000   mFN(3)         0.000000
mHS(1)         0.000000   mHS(2)        -0.000000   mHS(3)         0.000000
mPR(1)         0.000000   mPR(2)         0.000000   mPR(3)         0.000000
mR(1)  -1.0422943e-007   mR(2)  -1.6418317e-007   mR(3)   2.1789504e-009
QR -6.5826994e-011

 ====== w - derivatives ===== 
fMR(1)        -0.026791   fMR(2)        -0.007073   fMR(3)        -0.766409
fTR(1)         0.000000   fTR(2)         0.000000   fTR(3)         0.000000
fFus(1)       -0.031365   fFus(2)        0.000000   fFus(3)       -0.054582
fFN(1)         0.000000   fFN(2)         0.000000   fFN(3)         0.000000
fHS(1)        -0.000000   fHS(2)         0.000000   fHS(3)        -0.000000
fPR(1)         0.000000   fPR(2)         0.000000   fPR(3)         0.000000
fCG(1)         0.000000   fCG(2)         0.000000   fCG(3)         0.000000
fR(1)  -6.5315017e-009   fR(2)  -7.8996720e-010   fR(3)  -9.2206432e-008

 Moment Equilibrium    1003 
mMR(1)        -0.004909   mMR(2)         0.007311   mMR(3)         0.000104
mTR(1)         0.000000   mTR(2)         0.000000   mTR(3)         0.000000
mFus(1)        0.000000   mFus(2)        0.023748   mFus(3)        0.000000
mFN(1)         0.000000   mFN(2)         0.000000   mFN(3)         0.000000
mHS(1)         0.000000   mHS(2)        -0.000000   mHS(3)         0.000000
mPR(1)         0.000000   mPR(2)         0.000000   mPR(3)         0.000000
mR(1)  -1.3249704e-009   mR(2)   8.4254106e-009   mR(3)  -3.8653525e-012
QR  2.2853166e-010


=I=I=I=I=I= Iteration Results =I=I=I=I=I=
xMR    6.500    xcg    6.383    dxCG    0.117    iRigMR    0.0
cTs 0.10188   cT 0.00611   cLs 10.15338   cL 0.60920
aN     0.21103°    a1    0.04353°   b1    0.06866°
Br   aN    12.09°       a1    2.49°      b1    3.93°
716  aN    12.09°       a1    2.11°      b1    1.87°
mu  0.133500 lamD    0.02208    lamI    0.02162     mu*a1    0.00492     lamNf    0.01715
A1S   -0.00481°    B1S    0.06591°
A1S    -0.28°    B1S     3.78°    alfD    18.12°   alfaNf    16.01°   alSm    -1.66°
thtaN      5.05°    thtaTR    -0.01°
Trim   phi    -0.29°    thta    -2.59°
vBx    17.29    vBy     0.86    vBz     5.78
fMR(1)           -64.30   fMR(2)            -3.27   fMR(3)        -10335.39
fTR(1)             0.00   fTR(2)            25.70   fTR(3)             0.00
fPR(1)             0.00   fPR(2)             0.00   fPR(3)             0.00
fFus(1)         -462.37   fFus(2)           79.87   fFus(3)         -670.92
fFN(1)            27.95   fFN(2)           -47.36   fFN(3)             0.00
fHS(1)            -0.00   fHS(2)             0.00   fHS(3)            -0.00
fCG(1)           498.72   fCG(2)           -54.94   fCG(3)         11006.31
fWN(1)            -0.00   fWN(2)             0.00   fWN(3)             0.00
fR(1)   3.2188499e-009   fR(2)   1.6669333e-010   fR(3)  -6.1318173e-008

Moment Equilibrium
mMR(1)            -5.48   mMR(2)          -259.73   mMR(3)             0.12
mTR(1)            39.16   mTR(2)             0.00   mTR(3)          -192.81
mPR(1)             0.00   mPR(2)            -0.00   mPR(3)             0.00
mFus(1)            0.00   mFus(2)          279.61   mFus(3)            9.11
mFN(1)           -33.68   mFN(2)           -19.88   mFN(3)           183.58
mHS(1)             0.00   mHS(2)            -0.00   mHS(3)             0.00
mWN(1)             0.00   mWN(2)            -0.00   mWN(3)             0.00
mR(1)   2.7877434e-010   mR(2)  -7.5263271e-009   mR(3)  -3.7886139e-011
==x=x===x===x=x==
MR Fx   -64.30    Fz -10335.39   thtaClmb   -21.05   torque   294.92
dxMR    0.0251  Fx/Fz    0.4°        mu   0.13350   oM  22.8  n  218.0

=I=I=I=I=I= End Of Iteration Results =I=I=I=I=I=


 R ._. R ._. << RotaryWingSim Data >> ._. R ._. R
              ### stability derivatives ###

       u              w            q         oM
x   -0.070760     -0.058158     0.853928     0.028658
z   -0.137682     -0.820989     0.192295    -0.545966
m    0.026463      0.031059    -0.605215    -0.027742

      measured  data
       u                w              q
x   -0.090000       0.110000        0.092100
z    0.010000      -1.100000        0.140000
m    0.007000       0.005000       -0.025000

Q    0.000000      -0.000000        0.000000       -0.000000

Xu      -0.070760        -79.47
Xw      -0.058158        -65.32
Xq       0.853928       2316.53
Zu      -0.137682       -154.63
Zw      -0.820989       -922.06
Zwd      0.000000          0.00
Zq       0.192295        521.66
Mu       0.026463         29.72
Mw       0.031059         34.88
Mwd      0.000000          0.00
Mq      -0.605215      -1641.83

##### SP and PH Mode ----- approximation ###
----- Short Period Mode -----
negative oMg2_SP

----- Phugoid Mode -----
negative oMg2_PH

##### SP and PH Mode from quartic #####
A        1.000         1.000
B        1.497         1.497
C        0.206         0.206
D        0.378         0.378
E        0.171         0.171

Routh D       -0.410

M thta        -0.000 

z1  -1.47785    0.00000j
z2   0.17730    0.52773j
z3   0.17730   -0.52773j
z4  -0.37372    0.00000j

       Short Period                Phugoid
1   1.00025  0.00000j        1.64686  0.00000j
2   0.91279  0.34302j       -0.78442 -0.34302j
3  -0.02438  0.02246j        0.00062 -0.02246j
4  -0.00537  0.03517j        0.00269 -0.03517j

