reading aircraft data from ./data/OH-6/OH-6A_1.dat
reading Flight Data from ./data/OH-6/fDataOH-6A_1.flt
reading Rotor Data from ./data/OH-6/fDataOH-6A_1.flt


    #### RotaryWingSim ####
rhoAir        1.2252 kg/m³
thtaN    9.68°   twist    -8.00°
mHeli          2555.00 lb

nRot      483.0 1/min    oM     50.58 rad/s
oMR       202.50 m/s     oMR   664.38 ft/s
aBlade          2.75 m^2

rRotTR       0.65 m
nRotTR       2617.6 1/min
oMTR    274.12
oMRTR   202.50 m/s    oMRTR   664.38 ft/s
sigmaTR   0.0360

Area Mrot      50.36 m^2
m blade        93.9 kg
I blade        63.5 kg*m^2
gamRot         12.2700
sigma           0.0545


Trim phi       0.00°    thta      -0.10°    psi      -0.10°   
vH      60.15 mph     vV          0 fpm
cTs  0.082417     cT  0.0045     cT2sa  0.0287     cL  0.5086
m Heli    11369.3 N      fpA        0.6 m^2           6.3 ft^2
Iyy Heli        1219.4 kg*m^2
Coordintats x,z    [m]         [ft]
Rotor      :   0.00   0.85        0.00   2.78
Rudder     :   4.62   0.12       15.17   0.41
Fin        :   5.51   1.58       18.08   5.20
H-Stab     :   3.90  -0.76       12.78  -2.49
Wing       :  -2.54  -1.26       -8.33  -4.13
Propeller  :  -2.54  -0.12       -8.33  -0.41
### Var ###
mu             50.580  vFlight     53.5 kn
thtaClmb      -0.0000     -0.0000°
cTsReq    0.08242    cTReq    0.00449    cT2saReq    0.02868
alfaD   27673.86°    thtaClmb      -0.00°    thtaTrim      -0.10
trim iter 30     anorm 3.22938e-010

   deriv 3104
       u                w              q
x   -0.085029      0.098229     0.023199
z   -0.061189     -1.042335     0.202525
m    0.018140     -0.035415    -0.032376

 ====== u - derivatives ===== 
fMR(1)        -0.021879   fMR(2)         0.004874   fMR(3)        -0.034969
fTR(1)         0.000000   fTR(2)        -0.000001   fTR(3)         0.000000
fFus(1)       -0.016868   fFus(2)        0.000307   fFus(3)       -0.044209
fFN(1)        -0.000142   fFN(2)        -0.000098   fFN(3)         0.000000
fHS(1)        -0.001843   fHS(2)         0.000000   fHS(3)        -0.000072
fPR(1)         0.000000   fPR(2)         0.000000   fPR(3)         0.000000
fCG(1)         0.000000   fCG(2)         0.000000   fCG(3)         0.000000
fR(1)  -4.7204138e-009   fR(2)   6.4659389e-010   fR(3)  -9.1885596e-009

 Moment Equilibrium    1001 
mMR(1)        -0.077464   mMR(2)         0.152262   mMR(3)         0.000000
mTR(1)        -0.000000   mTR(2)         0.000000   mTR(3)         0.000001
mFus(1)        0.000000   mFus(2)       -0.000671   mFus(3)        0.002455
mFN(1)        -0.000037   mFN(2)         0.000054   mFN(3)         0.000128
mHS(1)         0.000000   mHS(2)        -0.000399   mHS(3)         0.000000
mPR(1)         0.000000   mPR(2)         0.000000   mPR(3)         0.000000
mR(1)  -3.7834941e-008   mR(2)   7.3848377e-008   mR(3)   9.9640829e-010
QR  4.4959128e-012
mU  1.5124604e-001

 ====== q - derivatives ===== 
fMR(1)         0.255465   fMR(2)        -0.250992   fMR(3)         0.074191
fTR(1)         0.000000   fTR(2)         0.000000   fTR(3)         0.000000
fFus(1)       -0.001678   fFus(2)        0.000000   fFus(3)       -0.005036
fFN(1)         0.000000   fFN(2)         0.000000   fFN(3)         0.000000
fHS(1)        -0.000129   fHS(2)         0.000000   fHS(3)        -0.128112
fPR(1)         0.000000   fPR(2)         0.000000   fPR(3)         0.000000
fCG(1)         0.000000   fCG(2)         0.000000   fCG(3)         0.000000
fR(1)   2.9397862e-008   fR(2)  -2.9031128e-008   fR(3)  -6.8366063e-009

 Moment Equilibrium    1002 
mMR(1)         1.967156   mMR(2)        -2.759592   mMR(3)         0.000000
mTR(1)         0.000000   mTR(2)         0.000000   mTR(3)         0.000000
mFus(1)        0.000000   mFus(2)        0.001534   mFus(3)        0.000000
mFN(1)         0.000000   mFN(2)         0.000000   mFN(3)         0.000000
mHS(1)         0.000000   mHS(2)        -0.118520   mHS(3)         0.000000
mPR(1)         0.000000   mPR(2)         0.000000   mPR(3)         0.000000
mR(1)   9.6038454e-007   mR(2)  -1.4043628e-006   mR(3)  -2.6503244e-010
QR -5.4024335e-012

 ====== w - derivatives ===== 
fMR(1)         0.012035   fMR(2)         0.017040   fMR(3)        -0.630507
fTR(1)         0.000000   fTR(2)         0.000000   fTR(3)         0.000000
fFus(1)       -0.014502   fFus(2)        0.000000   fFus(3)       -0.047202
fFN(1)         0.000000   fFN(2)         0.000000   fFN(3)         0.000000
fHS(1)        -0.000033   fHS(2)         0.000000   fHS(3)        -0.032880
fPR(1)         0.000000   fPR(2)         0.000000   fPR(3)         0.000000
fCG(1)         0.000000   fCG(2)         0.000000   fCG(3)         0.000000
fR(1)  -2.8945867e-010   fR(2)   2.0323796e-009   fR(3)  -8.2357408e-008

 Moment Equilibrium    1003 
mMR(1)        -0.131507   mMR(2)         0.119790   mMR(3)         0.000000
mTR(1)         0.000000   mTR(2)         0.000000   mTR(3)         0.000000
mFus(1)        0.000000   mFus(2)        0.013257   mFus(3)        0.000000
mFN(1)         0.000000   mFN(2)         0.000000   mFN(3)         0.000000
mHS(1)         0.000000   mHS(2)        -0.030418   mHS(3)         0.000000
mPR(1)         0.000000   mPR(2)         0.000000   mPR(3)         0.000000
mR(1)  -6.4201432e-008   mR(2)   5.0113102e-008   mR(3)  -2.6503244e-010
QR  3.5771322e-011
mW  1.0262899e-001


=I=I=I=I=I= Iteration Results =I=I=I=I=I=
xMR    8.333    xcg    8.333    dxCG    0.000    iRigMR   -3.0
cTs 0.12077   cT 0.00658   cLs 13.36078   cL 0.72849
aN     0.20152°    a1    0.05330°   b1    0.05647°
Br   aN    11.55°       a1    3.05°      b1    3.24°
716  aN    11.55°       a1    2.19°      b1    1.16°
mu  0.131912 lamD    0.01172    lamI    0.01467     mu*a1    0.00504     lamNf    0.00668
A1S    0.01962°    B1S    0.03796°
A1S     1.12°    B1S     2.17°    alfD    11.31°   alfaNf     9.12°   alSm     0.01°
thtaN     12.90°    thtaTR    -0.20°
Trim   phi    -1.95°    thta     0.12°
vBx    26.82    vBy     0.04    vBz     0.06
fMR(1)           392.66   fMR(2)           341.72   fMR(3)        -10446.50
fTR(1)             0.00   fTR(2)            37.98   fTR(3)             0.00
fPR(1)             0.00   fPR(2)             0.00   fPR(3)             0.00
fFus(1)         -337.19   fFus(2)            9.53   fFus(3)         -913.94
fFN(1)            -2.20   fFN(2)            -3.04   fFN(3)             0.00
fHS(1)           -28.65   fHS(2)             0.00   fHS(3)            -2.25
fCG(1)           -24.63   fCG(2)          -386.19   fCG(3)         11362.69
fWN(1)            -0.00   fWN(2)             0.00   fWN(3)            -0.00
fR(1)   2.6009865e-009   fR(2)   1.1087877e-009   fR(3)  -3.9969498e-008

Moment Equilibrium
mMR(1)             0.09   mMR(2)          -218.13   mMR(3)            -0.00
mTR(1)             4.73   mTR(2)             0.00   mTR(3)          -175.57
mPR(1)             0.00   mPR(2)            -0.00   mPR(3)             0.00
mFus(1)            0.00   mFus(2)          245.19   mFus(3)          158.83
mFN(1)            -4.81   mFN(2)             3.49   mFN(3)            16.74
mHS(1)             0.00   mHS(2)           -30.55   mHS(3)             0.00
mWN(1)             0.00   mWN(2)             0.00   mWN(3)             0.00
mR(1)   2.0124473e-008   mR(2)  -3.9190343e-008   mR(3)  -2.6503244e-010
==x=x===x===x=x==
MR Fx  -154.60    Fz -10452.74   thtaClmb    -0.00   torque  1562.64
dxMR    0.0319  Fx/Fz   -2.2°        mu   0.13191   oM  50.6  n  483.0

=I=I=I=I=I= End Of Iteration Results =I=I=I=I=I=


         ### stability derivatives ###
 R ._. R ._. << RotaryWingSim Data >> ._. R ._. R

       u              w            q         oM
x   -0.040732     -0.002500     0.253658     0.022441
z   -0.079245     -0.710583    -0.058951    -0.344839
m    0.605539      0.068482   -11.516872    -0.321461

      measured  data
       u                w              q
x   -0.031400       0.010700        0.550600
z   -0.037100      -0.715000       -0.215200
m    0.034500      -0.013000       -2.484300

Q    0.000000      -0.000000        0.000000       -0.000000

Xu      -0.040732        -47.21
Xw      -0.002500         -2.90
Xq       0.253658        309.31
Zu      -0.079245        -91.84
Zw      -0.710583       -823.53
Zwd      0.000000          0.00
Zq      -0.058951        -71.89
Mu       0.605539        701.79
Mw       0.068482         79.37
Mwd      0.000000          0.00
Mq     -11.516872     -14043.72

##### SP and PH Mode ----- approximation ###
----- Short Period Mode -----
omega SP         2.5202
zeta  SP         2.4259
re  -6.1137 +   5.5701
re  -6.1137 -   5.5701

----- Phugoid Mode -----
omega PH         0.8092
zeta  PH         0.5626
re  -0.4552 +  0.6690j
re  -0.4552 -  0.6690j

A          1.0000
B         13.1379
C         80.1914
D         70.2853
E         44.7898

##### SP and PH Mode from quartic #####
A        1.000         1.000
B       12.268        12.268
C        6.696         6.696
D        6.129         6.129
E        4.168         4.168

Routh D     -161.382

M thta        -0.000 

z1 -11.73976    0.00000j
z2   0.05314    0.74600j
z3   0.05314   -0.74600j
z4  -0.63472    0.00000j

       Short Period                Phugoid
1   0.30181 -0.48554j        0.40293  0.48554j
2  -0.11902  0.00000j       -0.19336  0.00000j
3   0.40451 -0.02387j        0.02133  0.02387j
4   0.00169  0.02969j        0.03826 -0.02969j

