reading aircraft data from ./data/RotDatPuma1c.dat
reading Flight Data from ./data/fDataPuma1c.flt
reading Rotor Data from ./data/fDataPuma1c.flt


#### RotaryWingSim ####
rhoAir          1.2261 kg/m°
thtaN   15.68°   twist    -8.00°
mHeli          12798.00 lb

nRot      260.0 1/min    oM     27.23 rad/s
oMR       205.43 m/s     oMR   673.98 ft/s
aBlade         16.30 m^2

rRotTR       1.30 m
nRotTR       1662.7 1/min
oMTR    174.12
oMRTR   205.43 m/s    oMRTR   673.98 ft/s
sigmaTR   0.2621

Area Mrot     178.84 m^2
m blade        90.7 kg
I blade      3892.9 kg*m^2
gamRot          8.2700
sigma           0.0911


Trim phi       0.00°    thta      -2.10°    psi      -0.10°   
vH     112.48 mph     vV          0 fpm
cTs   0.06747594     cT  0.0062     cT2sa  0.0235     cL  0.2048
m Heli    56948.7 N      fpA        1.7 m^2          18.3 ft^2
Iyy Heli       33283.3 kg*m^2
Coordintats x,z    [m]         [ft]
Rotor      :   0.03   2.07        0.08   6.79
Rudder     :   8.58   2.10       28.16   6.89
Fin        :   9.48   2.84       31.10   9.33
H-Stab     :   8.83   0.50       28.98   1.64
Wing       :  -4.67   0.00      -15.32   0.00
Propeller  :  -4.63  -0.05      -15.19  -0.15
### Var ###
mu             27.227  vFlight    100.0 kn
thtaClmb      -0.0000     -0.0000°
cTsReq    0.06748    cTReq    0.00615    cT2saReq    0.02348
alfaD     248.28°    thtaClmb      -0.00°    thtaTrim      -2.10
trim iter 33     anorm 7.66189e-011

   deriv 3104
       u                w              q
x   -0.067732      0.063677    -0.021758
z   -0.163446     -1.060528     0.552453
m   -0.004245     -0.017462    -0.115852

 ====== u - derivatives ===== 
fMR(1)        -0.086469   fMR(2)         0.000771   fMR(3)         0.084414
fTR(1)         0.000000   fTR(2)        -0.000000   fTR(3)         0.000000
fFus(1)       -0.020517   fFus(2)       -0.000016   fFus(3)        0.017433
fFN(1)        -0.000100   fFN(2)         0.000001   fFN(3)         0.000000
fHS(1)        -0.001452   fHS(2)         0.000000   fHS(3)        -0.003097
fPR(1)         0.000000   fPR(2)         0.000000   fPR(3)         0.000000
fCG(1)         0.000000   fCG(2)         0.000000   fCG(3)         0.000000
fR(1)  -6.3004151e-008   fR(2)   4.4337867e-010   fR(3)   5.7294329e-008

 Moment Equilibrium    1001 
mMR(1)        -0.001352   mMR(2)         0.012953   mMR(3)        -0.000000
mTR(1)        -0.000000   mTR(2)         0.000000   mTR(3)         0.000000
mFus(1)        0.000000   mFus(2)       -0.000056   mFus(3)        0.000350
mFN(1)         0.000000   mFN(2)         0.000007   mFN(3)        -0.000000
mHS(1)         0.000000   mHS(2)        -0.000616   mHS(3)         0.000000
mPR(1)         0.000000   mPR(2)         0.000000   mPR(3)         0.000000
mR(1)  -3.3961555e-008   mR(2)   3.0861924e-007   mR(3)   8.7675289e-009
QR  4.6983197e-013
mU  1.2287916e-002

 ====== q - derivatives ===== 
fMR(1)         0.704663   fMR(2)        -0.477279   fMR(3)         0.245783
fTR(1)         0.000000   fTR(2)         0.000000   fTR(3)         0.000000
fFus(1)       -0.000002   fFus(2)        0.000000   fFus(3)       -0.000711
fFN(1)         0.000000   fFN(2)         0.000000   fFN(3)         0.000000
fHS(1)        -0.008398   fHS(2)         0.000000   fHS(3)        -0.447161
fPR(1)         0.000000   fPR(2)         0.000000   fPR(3)         0.000000
fCG(1)         0.000000   fCG(2)         0.000000   fCG(3)         0.000000
fR(1)   4.0419691e-007   fR(2)  -2.7706437e-007   fR(3)  -1.1735048e-007

 Moment Equilibrium    1002 
mMR(1)         0.206498   mMR(2)        -0.516543   mMR(3)         0.000280
mTR(1)         0.000000   mTR(2)         0.000000   mTR(3)         0.000000
mFus(1)        0.000000   mFus(2)       -0.000987   mFus(3)        0.000000
mFN(1)         0.000000   mFN(2)         0.000000   mFN(3)         0.000000
mHS(1)         0.000000   mHS(2)        -0.091221   mHS(3)         0.000000
mPR(1)         0.000000   mPR(2)         0.000000   mPR(3)         0.000000
mR(1)   5.1856377e-006   mR(2)  -1.5287123e-005   mR(3)   7.0222086e-009
QR -1.4265510e-012

 ====== w - derivatives ===== 
fMR(1)         0.108043   fMR(2)         0.025818   fMR(3)        -0.772156
fTR(1)         0.000000   fTR(2)         0.000000   fTR(3)         0.000000
fFus(1)       -0.000884   fFus(2)        0.000000   fFus(3)       -0.183032
fFN(1)         0.000000   fFN(2)         0.000000   fFN(3)         0.000000
fHS(1)        -0.000837   fHS(2)         0.000000   fHS(3)        -0.041995
fPR(1)         0.000000   fPR(2)         0.000000   fPR(3)         0.000000
fCG(1)         0.000000   fCG(2)         0.000000   fCG(3)         0.000000
fR(1)   6.1725317e-008   fR(2)   1.4991656e-008   fR(3)  -5.7890813e-007

 Moment Equilibrium    1003 
mMR(1)        -0.009000   mMR(2)         0.009825   mMR(3)        -0.000015
mTR(1)         0.000000   mTR(2)         0.000000   mTR(3)         0.000000
mFus(1)        0.000000   mFus(2)        0.000734   mFus(3)        0.000000
mFN(1)         0.000000   mFN(2)         0.000000   mFN(3)         0.000000
mHS(1)         0.000000   mHS(2)        -0.008566   mHS(3)         0.000000
mPR(1)         0.000000   mPR(2)         0.000000   mPR(3)         0.000000
mR(1)  -2.2600398e-007   mR(2)   5.0084335e-008   mR(3)  -3.9563020e-010
QR  1.2840361e-012
mW  1.9928095e-003


=I=I=I=I=I= Iteration Results =I=I=I=I=I=
xMR   15.400    xcg   15.317    dxCG    0.083    iRigMR  -10.0
cTs 0.14708   cT 0.01341   cLs 5.17622   cL 0.47178
aN     0.16463°    a1    0.13853°   b1    0.06915°
Br   aN     9.43°       a1    7.94°      b1    3.96°
716  aN     9.43°       a1    4.68°      b1    1.35°
mu  0.238367 lamD    0.00915    lamI    0.01281     mu*a1    0.01948     lamNf   -0.01033
A1S    0.01974°    B1S    0.07903°
A1S     1.13°    B1S     4.53°    alfD     5.27°   alfaNf     0.58°   alSm     0.15°
thtaN     15.38°    thtaTR     0.66°
Trim   phi    -2.86°    thta     2.07°
vBx    50.11    vBy    -0.00    vBz     1.82
fMR(1)          5280.58   fMR(2)          2592.98   fMR(3)        -59150.46
fTR(1)             0.00   fTR(2)           248.85   fTR(3)             0.00
fPR(1)             0.00   fPR(2)             0.00   fPR(3)             0.00
fFus(1)        -2990.10   fFus(2)           -4.63   fFus(3)         1382.88
fFN(1)           -14.59   fFN(2)             0.38   fFN(3)             0.00
fHS(1)          -216.46   fHS(2)             0.00   fHS(3)           926.87
fCG(1)         -2059.44   fCG(2)         -2837.58   fCG(3)         56840.71
fWN(1)            -0.00   fWN(2)             0.00   fWN(3)            -0.00
fR(1)   1.2721212e-007   fR(2)   1.7221282e-008   fR(3)  -4.8434251e-007

Moment Equilibrium
mMR(1)          -523.69   mMR(2)         -8184.21   mMR(3)           -65.86
mTR(1)           522.61   mTR(2)             0.00   mTR(3)         -2136.21
mPR(1)             0.00   mPR(2)            -0.00   mPR(3)             0.00
mFus(1)            0.00   mFus(2)         -153.61   mFus(3)         2205.68
mFN(1)             1.08   mFN(2)            41.50   mFN(3)            -3.61
mHS(1)             0.00   mHS(2)          8296.32   mHS(3)             0.00
mWN(1)             0.00   mWN(2)             0.00   mWN(3)             0.00
mR(1)   7.3839146e-008   mR(2)  -5.7018923e-007   mR(3)  -4.5247361e-010
==x=x===x===x=x==
MR Fx -5071.01    Fz -59168.80   thtaClmb    -0.00   torque 31744.63
dxMR    0.2102  Fx/Fz   -5.1°        mu   0.23837   oM  27.2  n  260.0

=I=I=I=I=I= End Of Iteration Results =I=I=I=I=I=


         ### stability derivatives ###
 R ._. R ._. << RotaryWingSim Data >> ._. R ._. R

       u              w            q         oM
x   -0.108539      0.106320     0.696262     0.219128
z    0.098752     -0.997171    -0.202091    -0.834272
m    0.012288      0.001993    -0.608751    -0.022707

      measured  data
       u                w              q
x   -0.027500       0.005000        0.700000
z   -0.028000      -0.880000       -0.861100
m    0.008000      -0.025000       -0.750000

Q    0.000000      -0.000000        0.000000       -0.000000

Xu      -0.108539       -630.09
Xw       0.106320        617.21
Xq       0.696262      23173.93
Zu       0.098752        573.27
Zw      -0.997171      -5788.75
Zwd      0.000000          0.00
Zq      -0.202091      -6726.28
Mu       0.012288         71.33
Mw       0.001993         11.57
Mwd      0.000000          0.00
Mq      -0.608751     -20261.27

##### SP and PH Mode ----- approximation ###
----- Short Period Mode -----
omega SP         0.7124
zeta  SP         1.1271
re  -0.8030 +   0.3705
re  -0.8030 -   0.3705

----- Phugoid Mode -----
omega PH         0.4896
zeta  PH         0.2145
re  -0.1050 +  0.4782j
re  -0.1050 -  0.4782j

A          1.0000
B          1.8160
C          1.3590
D          0.5492
E          0.1874

##### SP and PH Mode from quartic #####
A        1.000         1.000
B        1.714         1.714
C        0.663         0.663
D        0.095         0.095
E        0.122         0.122

Routh D       -0.260

M thta        -0.000 

z1  -1.09701    0.00000j
z2  -0.80665    0.00000j
z3   0.09460    0.35926j
z4   0.09460   -0.35926j

       Short Period                Phugoid
1  -1.55018  0.00000j       -0.13560  0.00000j
2  -0.85829  0.00000j       -0.02166  0.00000j
3  -0.02235  0.00000j        0.00598  0.00000j
4   0.02121  0.00000j       -0.00681  0.00000j


 M _ _ M _ _ << Measured Data >> _ _ M _ _ M
Xu      -0.027500       -159.64
Xw       0.005000         29.03
Xq       0.700000      23298.34
Zu      -0.028000       -162.54
Zw      -0.880000      -5108.55
Zwd      0.000000          0.00
Zq      -0.861100     -28660.29
Mu       0.008000         46.44
Mw      -0.025000       -145.13
Mwd      0.000000          0.00
Mq      -0.750000     -24962.51

##### SP and PH Mode ----- approximation ###
----- Short Period Mode -----
omega SP         1.3756
zeta  SP         0.5925
re  -0.8150 +  1.1081j
re  -0.8150 -  1.1081j

----- Phugoid Mode -----
omega PH         0.1986
zeta  PH         0.1567
re  -0.0311 +  0.1961j
re  -0.0311 -  0.1961j

A          1.0000
B          1.6922
C          2.0330
D          0.1821
E          0.0746

##### SP and PH Mode from quartic #####
A        1.000         1.000
B        1.658         1.658
C        1.932         1.932
D        0.123         0.123
E        0.076         0.076

Routh D        0.171

M thta        -0.000 

z1  -0.81351    1.08576j
z2  -0.81351   -1.08576j
z3  -0.01524    0.20253j
z4  -0.01524   -0.20253j

       Short Period                Phugoid
1   0.24308  0.00000j        1.96018  0.00000j
2   1.98412  0.00000j        0.38779  0.00000j
3   0.00281  0.00000j        0.00823  0.00000j
4   0.02455  0.00000j       -0.00166  0.00000j


----- Phugoid Mode -----
omega PH         0.2031
zeta  PH        -0.0750
period PH       31.0234
tHalf  PH       45.4739
N half PH        1.4658

----- Short Period Mode -----
omega SP         1.3567
zeta  SP        -0.5996
period SP        5.7869
tHalf  SP        0.8520
N half SP        0.1472

dlc    27.39   dla    6.27   dle   -0.16      dlp    3.84      dlt    0.00
thtaN  15.38°   A1S   1.13°   B1S   4.53°   thtaTR   0.66°
TrimAC phi LFr      -2.86°    thta       2.07°    psi      -0.10°
