reading aircraft data from ./data/KelletKD1wtws5.dat
reading Flight Data from ./data/fDataKD1tws4.flt
reading Rotor Data from ./data/fDataKD1tws4.flt


#### RotaryWingSim ####
rhoAir          1.2261 kg/m°
thtaN    5.50°   twist     0.00°
mHeli          2700.00 lb
aBlade          5.57 m^2

rRotTR       0.08 m
nRotTR       1662.7 1/min
oMTR    174.12
oMRTR   130.87 m/s    oMRTR   429.35 ft/s
sigmaTR   0.1783

Area Mrot     116.75 m^2
m blade        27.5 kg     estimated
I blade       340.9 kg*m^2 estimated
gamRot         12.5000
sigma           0.0477


Trim phi       0.00°    thta       6.80°    psi       0.00°   
vH      65.56 mph     vV          0 fpm
cTs  0.101926     cT  0.0049     cT2sa  0.0358     cL  0.1936
m Heli    12014.5 N      fpA        1.1 m^2          12.2 ft^2
Iyy Heli        5425.6 kg*m^2
Coordintats x,z    [m]         [ft]
Rotor      :   0.30   1.52        1.00   5.00
Rudder     :   7.54  -0.15       24.75  -0.50
Fin        :   1.78   0.25        5.85   0.83
H-Stab     :   3.79  -0.13       12.45  -0.44
Wing       :  -1.91  -0.15       -6.25  -0.50
Propeller  :  -1.91   0.00       -6.25   0.00
### Var ###
mu             21.468  vFlight     58.3 kn
thtaClmb      -0.0000     -0.0000°
cTsReq    0.10193    cTReq    0.00487    cT2saReq    0.03576
alfaD     195.76°    thtaClmb      -0.00°    thtaTrim       6.80
trim iter 26     anorm 8.46500e-010

 ====== u - derivatives ===== 
fMR(1)        -0.013419   fMR(2)        -0.001916   fMR(3)        -0.132690
fTR(1)         0.000000   fTR(2)         0.000000   fTR(3)         0.000000
fFus(1)       -0.036717   fFus(2)       -0.000029   fFus(3)        0.000394
fFN(1)        -0.006073   fFN(2)        -0.001918   fFN(3)         0.000000
fHS(1)        -0.002866   fHS(2)         0.000000   fHS(3)         0.001558
fPR(1)        -0.014774   fPR(2)         0.000000   fPR(3)        -0.001163
fCG(1)         0.000000   fCG(2)         0.000000   fCG(3)         0.000000
fR(1)  -9.0012026e-009   fR(2)  -5.1082338e-010   fR(3)  -1.6477990e-008

 Moment Equilibrium    1001 
mMR(1)        -0.002505   mMR(2)         0.001151   mMR(3)         0.000022
mTR(1)         0.000000   mTR(2)         0.000000   mTR(3)         0.000000
mFus(1)        0.000000   mFus(2)        0.000024   mFus(3)        0.000052
mFN(1)        -0.000018   mFN(2)         0.000057   mFN(3)         0.000127
mHS(1)         0.000000   mHS(2)         0.000205   mHS(3)         0.000000
mPR(1)         0.000000   mPR(2)         0.000082   mPR(3)         0.000000
mR(1)  -8.4451202e-009   mR(2)   4.4929349e-009   mR(3)   7.0865269e-010
QR  1.0780744e-012
mU  1.5197228e-003

 ====== q - derivatives ===== 
fMR(1)         0.931298   fMR(2)        -0.523444   fMR(3)         0.038022
fTR(1)         0.000000   fTR(2)         0.000000   fTR(3)         0.000000
fFus(1)       -0.001566   fFus(2)        0.000000   fFus(3)       -0.000574
fFN(1)         0.000000   fFN(2)         0.000000   fFN(3)         0.000000
fHS(1)         0.006598   fHS(2)         0.000000   fHS(3)        -0.453667
fPR(1)         0.000000   fPR(2)         0.000000   fPR(3)         0.000000
fCG(1)         0.000000   fCG(2)         0.000000   fCG(3)         0.000000
fR(1)   1.1472813e-007   fR(2)  -6.4144984e-008   fR(3)  -5.1287347e-008

 Moment Equilibrium    1002 
mMR(1)         0.038157   mMR(2)        -0.141118   mMR(3)         0.005908
mTR(1)         0.000000   mTR(2)         0.000000   mTR(3)         0.000000
mFus(1)        0.000000   mFus(2)        0.000080   mFus(3)        0.000000
mFN(1)         0.000000   mFN(2)         0.000000   mFN(3)         0.000000
mHS(1)         0.000000   mHS(2)        -0.063715   mHS(3)         0.000000
mPR(1)         0.000000   mPR(2)         0.000000   mPR(3)         0.000000
mR(1)   1.2610356e-007   mR(2)  -6.7776370e-007   mR(3)   1.9585791e-008
QR -5.9081617e-013

 ====== w - derivatives ===== 
fMR(1)        -0.092459   fMR(2)         0.008885   fMR(3)        -0.844917
fTR(1)         0.000000   fTR(2)         0.000000   fTR(3)         0.000000
fFus(1)       -0.015491   fFus(2)        0.000000   fFus(3)       -0.005085
fFN(1)         0.000000   fFN(2)         0.000000   fFN(3)         0.000000
fHS(1)         0.001179   fHS(2)         0.000000   fHS(3)        -0.091353
fPR(1)        -0.001166   fPR(2)         0.000000   fPR(3)        -0.000092
fCG(1)         0.000000   fCG(2)         0.000000   fCG(3)         0.000000
fR(1)  -1.3183521e-008   fR(2)   1.0504380e-009   fR(3)  -1.1563202e-007

 Moment Equilibrium    1003 
mMR(1)        -0.005862   mMR(2)         0.001863   mMR(3)        -0.000100
mTR(1)         0.000000   mTR(2)         0.000000   mTR(3)         0.000000
mFus(1)        0.000000   mFus(2)        0.000796   mFus(3)        0.000000
mFN(1)         0.000000   mFN(2)         0.000000   mFN(3)         0.000000
mHS(1)         0.000000   mHS(2)        -0.012831   mHS(3)         0.000000
mPR(1)         0.000000   mPR(2)         0.000006   mPR(3)         0.000000
mR(1)  -1.9486418e-008   mR(2)  -3.4143397e-008   mR(3)  -2.8577318e-010
QR  9.8612551e-012
mW -1.0165355e-002


=I=I=I=I=I= Iteration Results =I=I=I=I=I=
xMR    7.250    xcg    6.250    dxCG    1.000    iRigMR    4.0
cTs 0.09564   cT 0.00457   cLs 3.63236   cL 0.17343
aN     0.16635°    a1    0.08340°   b1    0.06292°
Br   aN     9.53°       a1    4.78°      b1    3.60°
716  aN     9.53°       a1    1.81°      b1    2.35°
mu  0.228885 lamD    0.01129    lamI    0.00941     mu*a1    0.00721     lamNf    0.00408
A1S    0.03214°    B1S    0.01045°
A1S     1.84°    B1S     0.60°    alfD     5.17°   alfaNf     3.36°   alSm     1.21°
thtaN      5.50°    thtaTR     0.03°
Trim   phi    -1.13°    thta     3.44°
vBx    29.18    vBy    -0.03    vBz     1.75
fMR(1)         -1177.54   fMR(2)           269.76   fMR(3)        -12565.86
fTR(1)             0.00   fTR(2)             0.00   fTR(3)             0.00
fPR(1)          2776.92   fPR(2)             0.00   fPR(3)           218.55
fFus(1)         -704.73   fFus(2)           -1.04   fFus(3)          -10.03
fFN(1)          -110.36   fFN(2)           -31.89   fFN(3)             0.00
fHS(1)           -62.82   fHS(2)             0.00   fHS(3)           367.23
fCG(1)          -721.16   fCG(2)          -236.83   fCG(3)         11990.50
fWN(1)            -0.30   fWN(2)             0.00   fWN(3)            -0.38
fR(1)  -8.3538459e-010   fR(2)   1.2830412e-009   fR(3)  -9.2942242e-008

Moment Equilibrium
mMR(1)             8.10   mMR(2)         -1076.91   mMR(3)           -82.22
mTR(1)            -0.00   mTR(2)             0.00   mTR(3)            -0.00
mPR(1)             0.00   mPR(2)          -416.33   mPR(3)             0.00
mFus(1)            0.00   mFus(2)           79.31   mFus(3)           25.36
mFN(1)            -8.10   mFN(2)            28.03   mFN(3)            56.87
mHS(1)             0.00   mHS(2)          1385.19   mHS(3)             0.00
mWN(1)             0.00   mWN(2)             0.71   mWN(3)             0.00
mR(1)   1.6483245e-008   mR(2)  -3.9558991e-008   mR(3)  -3.5667114e-010
==x=x===x===x=x==
MR Fx  -298.12    Fz -12617.39   thtaClmb    -0.00   torque     0.00
dxMR    0.1620  Fx/Fz    5.4°        mu   0.22889   oM  20.8  n  198.6

=I=I=I=I=I= End Of Iteration Results =I=I=I=I=I=


         ### stability derivatives ###
 R ._. R ._. << RotaryWingSim Data >> ._. R ._. R

       u              w            q         oM
x   -0.073852     -0.108001     0.936415    -0.007177
z   -0.131914     -0.941520    -0.416137    -0.756255
m    0.001520     -0.010161    -0.204759    -0.011799

      measured  data
       u                w              q
x   -0.090000       0.110000        0.092100
z    0.010000      -1.100000        0.140000
m    0.007000       0.005000       -0.025000

Q    0.000000      -0.000000        0.000000       -0.000000

Xu      -0.073852        -90.45
Xw      -0.108001       -132.27
Xq       0.936415       5080.61
Zu      -0.131914       -161.56
Zw      -0.941520      -1153.10
Zwd      0.000000          0.00
Zq      -0.416137      -2257.79
Mu       0.001520          1.86
Mw      -0.010161        -12.44
Mwd      0.000000          0.00
Mq      -0.204759      -1110.94

##### SP and PH Mode ----- approximation ###
----- Short Period Mode -----
omega SP         0.6968
zeta  SP         0.8225
re  -0.5731 +  0.3963j
re  -0.5731 -  0.3963j

----- Phugoid Mode -----
omega PH         0.2350
zeta  PH         0.1784
re  -0.0419 +  0.2312j
re  -0.0419 -  0.2312j

A          1.0000
B          1.2301
C          0.6369
D          0.1040
E          0.0268

##### SP and PH Mode from quartic #####
A        1.000         1.000
B        1.220         1.220
C        0.555         0.555
D        0.050         0.050
E        0.027         0.027

Routh D       -0.009

M thta        -0.000 

z1  -0.62252    0.38364j
z2  -0.62252   -0.38364j
z3   0.01246    0.22517j
z4   0.01246   -0.22517j

       Short Period                Phugoid
1   0.47828  0.00000j        1.99532  0.00000j
2   1.88189  0.00000j       -0.00752  0.00000j
3   0.02302  0.00000j        0.00988  0.00000j
4  -0.01039  0.00000j       -0.01653  0.00000j


----- Phugoid Mode -----
omega PH         0.2255
zeta  PH         0.0552
period PH       27.9048
tHalf  PH       55.6443
N half PH        1.9941

----- Short Period Mode -----
omega SP         0.7312
zeta  SP        -0.8513
period SP       16.3776
tHalf  SP        1.1135
N half SP        0.0680


 M _ _ M _ _ << Measured Data >> _ _ M _ _ M
Xu      -0.090000       -110.22
Xw       0.110000        134.72
Xq       0.092100        499.70
Zu       0.010000         12.25
Zw      -1.100000      -1347.19
Zwd      0.000000          0.00
Zq       0.140000        759.58
Mu       0.007000          8.57
Mw       0.005000          6.12
Mwd      0.000000          0.00
Mq      -0.025000       -135.64

##### SP and PH Mode ----- approximation ###
----- Short Period Mode -----
negative oMg2_SP

----- Phugoid Mode -----
negative oMg2_PH

##### SP and PH Mode from quartic #####
A        1.000         1.000
B        1.215         1.215
C       -0.020        -0.020
D        0.035         0.035
E        0.076         0.076

Routh D       -0.114

M thta        -0.000 

z1  -1.21222    0.00000j
z2  -0.41775    0.00000j
z3   0.20748    0.32724j
z4   0.20748   -0.32724j

       Short Period                Phugoid
1  -1.84798  0.00000j       -0.82886  0.00000j
2  -0.08684  0.00000j       -0.56045  0.00000j
3  -0.01164  0.00000j        0.01425  0.00000j
4   0.05496  0.00000j       -0.02816  0.00000j

dlc     9.80   dla    7.41   dle   -5.56      dlp   -0.02      dlt    0.98
thtaN   5.50°   A1S   1.84°   B1S   0.60°   thtaTR   0.03°
TrimAC phi LFr      -1.13°    thta       3.44°    psi       0.00°
