reading aircraft data from ./data/PCA2ps.dat
reading Flight Data from ./data/fDataPCA-2_A12_lvl.flt
reading Rotor Data from ./data/fDataPCA-2_A12_lvl.flt


    #### RotaryWingSim ####
rhoAir        1.0408 kg/m³
thtaN    2.68°   twist    -0.95°
mHeli          2868.00 lb
aBlade         14.42 m^2
Area Mrot     147.76 m^2
m blade        35.8 kg
I blade       453.0 kg*m^2
gamRot         15.2296
sigma           0.0976


Trim phi       0.00°    thta      -5.30°    psi       0.00°   
vH     125.81 mph     vV          0 fpm
cTs  0.075894     cT  0.0074     cT2sa  0.0266     cL  0.0521
m Heli    12762.1 N      fpA        1.6 m^2          17.2 ft^2
Iyy Heli        5425.6 kg*m^2
Coordintats x,z    [m]         [ft]
Rotor      :   0.17   1.83        0.55   6.00
Rudder     :   7.71   0.00       25.30   0.00
Fin        :   2.26   0.41        7.40   1.33
H-Stab     :   2.23   0.02        7.30   0.06
Wing       :   0.17  -0.30        0.56  -1.00
Propeller  :  -1.70  -0.03       -5.58  -0.10
### Var ###
mu             15.400  vFlight    111.9 kn
thtaClmb      -0.0000     -0.0000°
cTsReq    0.07589    cTReq    0.00741    cT2saReq    0.02663
alfaD     140.43°    thtaClmb      -0.00°    thtaTrim      -5.30
trim iter 26     anorm 6.47564e-010

   deriv 3104
       u                w              q
x   -0.101381     -0.100447     0.083308
z   -0.093530     -1.185389     0.746335
m   -0.115804     -0.020508    -0.175892

 ====== u - derivatives ===== 
fMR(1)        -0.036715   fMR(2)        -0.017443   fMR(3)        -0.017142
fTR(1)         0.000000   fTR(2)         0.000000   fTR(3)         0.000000
fFus(1)       -0.081213   fFus(2)       -0.000211   fFus(3)        0.001542
fFN(1)        -0.005920   fFN(2)         0.004404   fFN(3)         0.000000
fHS(1)        -0.007467   fHS(2)         0.000000   fHS(3)         0.009191
fPR(1)        -0.031998   fPR(2)         0.000000   fPR(3)        -0.001117
fCG(1)         0.000000   fCG(2)         0.000000   fCG(3)         0.000000
fR(1)  -2.2985319e-008   fR(2)  -1.8090986e-009   fR(3)  -1.0066287e-008

 Moment Equilibrium    1001 
mMR(1)        -0.001646   mMR(2)         0.003729   mMR(3)         0.000102
mTR(1)         0.000000   mTR(2)         0.000000   mTR(3)         0.000000
mFus(1)        0.000000   mFus(2)        0.000000   mFus(3)        0.000373
mFN(1)         0.000063   mFN(2)         0.000084   mFN(3)        -0.000347
mHS(1)         0.000000   mHS(2)         0.000720   mHS(3)         0.000000
mPR(1)         0.000000   mPR(2)         0.000032   mPR(3)         0.000000
mR(1)  -6.0088610e-009   mR(2)   1.7199056e-008   mR(3)   6.2254912e-010
QR  2.1099654e-012
mU  4.5656054e-003

 ====== q - derivatives ===== 
fMR(1)         1.391644   fMR(2)         0.105096   fMR(3)         0.081307
fTR(1)         0.000000   fTR(2)         0.000000   fTR(3)         0.000000
fFus(1)       -0.000336   fFus(2)        0.000000   fFus(3)       -0.000598
fFN(1)         0.000000   fFN(2)         0.000000   fFN(3)         0.000000
fHS(1)        -0.001235   fHS(2)         0.000000   fHS(3)        -0.304455
fPR(1)         0.000000   fPR(2)         0.000000   fPR(3)         0.000000
fCG(1)         0.000000   fCG(2)         0.000000   fCG(3)         0.000000
fR(1)   1.7999184e-007   fR(2)   1.3586913e-008   fR(3)  -3.8738563e-008

 Moment Equilibrium    1002 
mMR(1)         0.052159   mMR(2)        -0.153039   mMR(3)        -0.000616
mTR(1)         0.000000   mTR(2)         0.000000   mTR(3)         0.000000
mFus(1)        0.000000   mFus(2)        0.000000   mFus(3)        0.000000
mFN(1)         0.000000   mFN(2)         0.000000   mFN(3)         0.000000
mHS(1)         0.000000   mHS(2)        -0.023684   mHS(3)         0.000000
mPR(1)         0.000000   mPR(2)         0.000000   mPR(3)         0.000000
mR(1)   1.9395830e-007   mR(2)  -6.5749134e-007   mR(3)  -2.1458959e-009
QR -3.8667560e-012

 ====== w - derivatives ===== 
fMR(1)         0.689316   fMR(2)        -0.081680   fMR(3)        -1.700804
fTR(1)         0.000000   fTR(2)         0.000000   fTR(3)         0.000000
fFus(1)       -0.014979   fFus(2)        0.000000   fFus(3)       -0.025400
fFN(1)         0.000000   fFN(2)         0.000000   fFN(3)         0.000000
fHS(1)        -0.001026   fHS(2)         0.000000   fHS(3)        -0.136524
fPR(1)        -0.001112   fPR(2)         0.000000   fPR(3)        -0.000039
fCG(1)         0.000000   fCG(2)         0.000000   fCG(3)         0.000000
fR(1)   8.2581778e-008   fR(2)  -1.0711261e-008   fR(3)  -3.0313549e-007

 Moment Equilibrium    1003 
mMR(1)        -0.014825   mMR(2)        -0.044439   mMR(3)         0.000479
mTR(1)         0.000000   mTR(2)         0.000000   mTR(3)         0.000000
mFus(1)        0.000000   mFus(2)        0.000000   mFus(3)        0.000000
mFN(1)         0.000000   mFN(2)         0.000000   mFN(3)         0.000000
mHS(1)         0.000000   mHS(2)        -0.010620   mHS(3)         0.000000
mPR(1)         0.000000   mPR(2)         0.000001   mPR(3)         0.000000
mR(1)  -5.5281475e-008   mR(2)  -2.0661764e-007   mR(3)   1.9274466e-009
QR  7.8581555e-011
mW -5.5057444e-002


=I=I=I=I=I= Iteration Results =I=I=I=I=I=
xMR    6.250    xcg    5.700    dxCG    0.550    iRigMR    0.0
cTs 0.05409   cT 0.00528   cLs 0.38409   cL 0.03749
aN     0.09932°    a1    0.11512°   b1    0.06696°
Br   aN     5.69°       a1    6.60°      b1    3.84°
716  aN     5.69°       a1    4.55°      b1    3.18°
mu  0.530553 lamD    0.04823    lamI    0.00417     mu*a1    0.04211     lamNf    0.00613
A1S    0.04713°    B1S    0.03885°
A1S     2.70°    B1S     2.23°    alfD     5.64°   alfaNf     1.09°   alSm     2.32°
thtaN      2.68°    thtaTR    -0.05°
Trim   phi    -1.11°    thta     3.34°
vBx    56.00    vBy    -0.06    vBz     3.27
fMR(1)          -259.77   fMR(2)            96.59   fMR(3)         -9094.65
fTR(1)             0.00   fTR(2)            -0.00   fTR(3)             0.00
fPR(1)          5255.48   fPR(2)             0.00   fPR(3)           183.53
fFus(1)        -2998.27   fFus(2)          -15.35   fFus(3)          -12.63
fFN(1)          -207.26   fFN(2)           166.49   fFN(3)             0.00
fHS(1)          -274.30   fHS(2)             0.00   fHS(3)            44.61
fCG(1)          -743.45   fCG(2)          -247.73   fCG(3)         12737.99
fWN(1)          -772.44   fWN(2)             0.00   fWN(3)         -3858.85
fR(1)  -5.5134706e-009   fR(2)   1.1660944e-008   fR(3)  -6.6743269e-008

Moment Equilibrium
mMR(1)           -67.66   mMR(2)           127.08   mMR(3)           -16.19
mTR(1)            -0.00   mTR(2)             0.00   mTR(3)             0.00
mPR(1)             0.00   mPR(2)          -151.67   mPR(3)             0.00
mFus(1)            0.00   mFus(2)            0.00   mFus(3)          391.71
mFN(1)            67.66   mFN(2)            84.23   mFN(3)          -375.52
mHS(1)             0.00   mHS(2)           104.62   mHS(3)             0.00
mWN(1)             0.00   mWN(2)          -164.26   mWN(3)             0.00
mR(1)   3.2945991e-008   mR(2)  -1.3400495e-008   mR(3)  -1.8230253e-009
==x=x===x===x=x==
MR Fx  -259.77    Fz -9094.65   thtaClmb    -0.00   torque     0.00
dxMR    0.1154  Fx/Fz    1.6°        mu   0.53055   oM  15.4  n  147.2

=I=I=I=I=I= End Of Iteration Results =I=I=I=I=I=


         ### stability derivatives ###
 R ._. R ._. << RotaryWingSim Data >> ._. R ._. R

       u              w            q         oM
x   -0.176175      0.635302     1.384078    -0.041872
z   -0.078545     -2.331321    -0.298945    -0.514212
m    0.030923     -0.063599    -1.212608    -0.025475

      measured  data
       u                w              q
x   -0.090000       0.110000        0.092100
z    0.010000      -1.100000        0.140000
m    0.007000       0.005000       -0.025000

Q    0.000000      -0.000000        0.000000       -0.000000

Xu      -0.176175       -229.19
Xw       0.635302        826.48
Xq       1.384078       7509.45
Zu      -0.078545       -102.18
Zw      -2.331321      -3032.87
Zwd      0.000000          0.00
Zq      -0.298945      -1621.95
Mu       0.030923         40.23
Mw      -0.063599        -82.74
Mwd      0.000000          0.00
Mq      -1.212608      -6579.13

##### SP and PH Mode ----- approximation ###
----- Short Period Mode -----
omega SP         2.5249
zeta  SP         0.7018
re  -1.7720 +  1.7987j
re  -1.7720 -  1.7987j

----- Phugoid Mode -----
omega PH         0.3435
zeta  PH         0.0607
re  -0.0209 +  0.3429j
re  -0.0209 -  0.3429j

A          1.0000
B          3.5857
C          6.6412
D          0.6841
E          0.7522

##### SP and PH Mode from quartic #####
A        1.000         1.000
B        3.720         3.720
C        7.007         7.007
D        0.284         0.284
E        0.756         0.756

Routh D       -3.137

M thta        -0.000 

z1  -1.86879    1.86310j
z2  -1.86879   -1.86310j
z3   0.00873    0.32943j
z4   0.00873   -0.32943j

       Short Period                Phugoid
1  -0.21360  0.00000j       -1.93690  0.00000j
2   1.94406  0.00000j       -0.48287  0.00000j
3   0.01582  0.00000j       -0.02356  0.00000j
4   0.01297  0.00000j        0.00191  0.00000j


----- Phugoid Mode -----
omega PH         0.3295
zeta  PH         0.0265
period PH       19.0730
tHalf  PH       79.3627
N half PH        4.1610

----- Short Period Mode -----
omega SP         2.6388
zeta  SP        -0.7082
period SP        3.3724
tHalf  SP        0.3709
N half SP        0.1100


 M _ _ M _ _ << Measured Data >> _ _ M _ _ M
Xu      -0.090000       -117.08
Xw       0.110000        143.10
Xq       0.092100        499.70
Zu       0.010000         13.01
Zw      -1.100000      -1431.02
Zwd      0.000000          0.00
Zq       0.140000        759.58
Mu       0.007000          9.11
Mw       0.005000          6.50
Mwd      0.000000          0.00
Mq      -0.025000       -135.64

##### SP and PH Mode ----- approximation ###
----- Short Period Mode -----
negative oMg2_SP

----- Phugoid Mode -----
negative oMg2_PH

##### SP and PH Mode from quartic #####
A        1.000         1.000
B        1.215         1.215
C       -0.154        -0.154
D        0.002         0.002
E        0.076         0.076

Routh D       -0.113

M thta        -0.000 

z1  -1.30004    0.00000j
z2  -0.39663    0.00000j
z3   0.24083    0.29907j
z4   0.24083   -0.29907j

       Short Period                Phugoid
1  -1.54178  0.00000j       -0.74352  0.00000j
2   0.02786  0.00000j       -0.41419  0.00000j
3  -0.00582  0.00000j        0.01098  0.00000j
4   0.05225  0.00000j       -0.02149  0.00000j

dlc     4.77   dla    8.78   dle   -3.32      dlp    0.03      dlt    2.23
thtaN   2.68°   A1S   2.70°   B1S   2.23°   thtaTR  -0.05°
TrimAC phi LFr      -1.11°    thta       3.34°    psi       0.00°
