reading aircraft data from ./data/RotDatR4B_1.dat
reading Flight Data from ./data/fDataR4B_no18.flt
reading Rotor Data from ./data/fDataR4B_no18.flt


#### RotaryWingSim ####
rhoAir          1.1317 kg/m°
thtaN    2.68°   twist     0.00°
mHeli          2576.00 lb

nRot      222.0 1/min    oM     23.25 rad/s
oMR       134.63 m/s     oMR   441.71 ft/s
aBlade          6.32 m^2

rRotTR       1.91 m
nRotTR       1662.7 1/min
oMTR    174.12
oMRTR   134.63 m/s    oMRTR   441.71 ft/s
sigmaTR   0.0173

Area Mrot     105.36 m^2
m blade         5.4 kg
I blade        60.9 kg*m^2 estimated
gamRot         15.0000
sigma           0.0600


Trim phi       0.00°    thta      -5.40°    psi       1.80°   
vH      69.17 mph     vV       1620 fpm
cTs   0.08800311     cT  0.0053     cT2sa  0.0309     cL  0.1864
m Heli    11462.7 N      fpA        2.1 m^2          23.0 ft^2
Iyy Heli        2712.8 kg*m^2
Coordintats x,z    [m]         [ft]
Rotor      :   0.03   1.68        0.10   5.50
Rudder     :   7.50   1.52       24.60   5.00
Fin        :   3.87   0.71       12.70   2.33
H-Stab     :   4.05   0.02       13.30   0.06
Wing       :  -1.95   0.00       -6.40   0.00
Propeller  :  -0.82   0.00       -2.67   0.00
### Var ###
mu             23.248  vFlight     63.7 kn
thtaClmb      -0.2608    -14.9415°
cTsReq    0.08800    cTReq    0.00528    cT2saReq    0.03088
alfaD     211.99°    thtaClmb     -14.94°    thtaTrim      -5.40
trim iter 35     anorm 8.39568e-010

 ====== u - derivatives ===== 
fMR(1)        -0.041675   fMR(2)         0.001089   fMR(3)         0.010804
fTR(1)         0.000000   fTR(2)         0.000000   fTR(3)         0.000000
fFus(1)       -0.073845   fFus(2)       -0.004950   fFus(3)        0.001748
fFN(1)        -0.004520   fFN(2)         0.002926   fFN(3)         0.000000
fHS(1)        -0.000000   fHS(2)         0.000000   fHS(3)        -0.000000
fPR(1)         0.000000   fPR(2)         0.000000   fPR(3)         0.000000
fCG(1)         0.000000   fCG(2)         0.000000   fCG(3)         0.000000
fR(1)  -1.4026323e-008   fR(2)  -2.0629898e-010   fR(3)   1.4693921e-009

 Moment Equilibrium    1001 
mMR(1)         0.000136   mMR(2)         0.005221   mMR(3)        -0.000002
mTR(1)         0.000000   mTR(2)         0.000000   mTR(3)        -0.000000
mFus(1)        0.000000   mFus(2)        0.000385   mFus(3)        0.000865
mFN(1)         0.000155   mFN(2)         0.000239   mFN(3)        -0.000842
mHS(1)         0.000000   mHS(2)        -0.000000   mHS(3)         0.000000
mPR(1)         0.000000   mPR(2)         0.000000   mPR(3)         0.000000
mR(1)   3.0854608e-010   mR(2)   9.1824434e-009   mR(3)   7.5976914e-010
QR  1.6222825e-011
mU  5.8448332e-003

 ====== q - derivatives ===== 
fMR(1)         0.738743   fMR(2)        -0.510484   fMR(3)         0.084717
fTR(1)         0.000000   fTR(2)         0.000000   fTR(3)         0.000000
fFus(1)       -0.000235   fFus(2)        0.000000   fFus(3)       -0.000464
fFN(1)         0.000000   fFN(2)         0.000000   fFN(3)         0.000000
fHS(1)        -0.000000   fHS(2)         0.000000   fHS(3)        -0.000000
fPR(1)         0.000000   fPR(2)         0.000000   fPR(3)         0.000000
fCG(1)         0.000000   fCG(2)         0.000000   fCG(3)         0.000000
fR(1)   8.6292762e-008   fR(2)  -5.9745815e-008   fR(3)   9.8476573e-009

 Moment Equilibrium    1002 
mMR(1)        -0.063649   mMR(2)        -0.091917   mMR(3)         0.001157
mTR(1)         0.000000   mTR(2)         0.000000   mTR(3)         0.000000
mFus(1)        0.000000   mFus(2)        0.000053   mFus(3)        0.000000
mFN(1)         0.000000   mFN(2)         0.000000   mFN(3)         0.000000
mHS(1)         0.000000   mHS(2)        -0.000000   mHS(3)         0.000000
mPR(1)         0.000000   mPR(2)         0.000000   mPR(3)         0.000000
mR(1)  -1.0014303e-007   mR(2)  -1.4432170e-007   mR(3)   2.5456472e-009
QR -2.6543781e-011

 ====== w - derivatives ===== 
fMR(1)         0.015999   fMR(2)        -0.020795   fMR(3)        -0.976252
fTR(1)         0.000000   fTR(2)         0.000000   fTR(3)         0.000000
fFus(1)       -0.026077   fFus(2)        0.000000   fFus(3)       -0.050760
fFN(1)         0.000000   fFN(2)         0.000000   fFN(3)         0.000000
fHS(1)        -0.000000   fHS(2)         0.000000   fHS(3)        -0.000000
fPR(1)         0.000000   fPR(2)         0.000000   fPR(3)         0.000000
fCG(1)         0.000000   fCG(2)         0.000000   fCG(3)         0.000000
fR(1)  -1.1774366e-009   fR(2)  -2.5269742e-009   fR(3)  -1.2000090e-007

 Moment Equilibrium    1003 
mMR(1)        -0.002593   mMR(2)        -0.004208   mMR(3)         0.000047
mTR(1)         0.000000   mTR(2)         0.000000   mTR(3)         0.000000
mFus(1)        0.000000   mFus(2)        0.005873   mFus(3)        0.000000
mFN(1)         0.000000   mFN(2)         0.000000   mFN(3)         0.000000
mHS(1)         0.000000   mHS(2)        -0.000000   mHS(3)         0.000000
mPR(1)         0.000000   mPR(2)         0.000000   mPR(3)         0.000000
mR(1)  -4.2213628e-009   mR(2)   2.6155506e-009   mR(3)   8.0160589e-010
QR  2.7502951e-010
mW  1.6648596e-003


=I=I=I=I=I= Iteration Results =I=I=I=I=I=
xMR    6.500    xcg    6.400    dxCG    0.100    iRigMR    0.0
cTs 0.10080   cT 0.00605   cLs 3.56126   cL 0.21367
aN     0.20936°    a1    0.09024°   b1    0.07994°
Br   aN    12.00°       a1    5.17°      b1    4.58°
716  aN    12.00°       a1    3.76°      b1    2.92°
mu  0.236989 lamD    0.02207    lamI    0.01093     mu*a1    0.01556     lamNf    0.00651
A1S   -0.02003°    B1S    0.10441°
A1S    -1.15°    B1S     5.98°    alfD     7.93°   alfaNf     4.17°   alSm    -2.22°
thtaN      5.59°    thtaTR    -0.01°
Trim   phi     0.62°    thta    -7.26°
vBx    31.62    vBy    -0.92    vBz     4.28
fMR(1)           -24.67   fMR(2)           -24.74   fMR(3)        -11264.53
fTR(1)             0.00   fTR(2)           -23.39   fTR(3)             0.00
fPR(1)             0.00   fPR(2)             0.00   fPR(3)             0.00
fFus(1)        -1434.94   fFus(2)         -183.05   fFus(3)         -105.69
fFN(1)            11.47   fFN(2)           108.43   fFN(3)             0.00
fHS(1)            -0.00   fHS(2)             0.00   fHS(3)            -0.00
fCG(1)          1448.13   fCG(2)           122.75   fCG(3)         11370.22
fWN(1)            -0.00   fWN(2)             0.00   fWN(3)            -0.00
fR(1)   6.0014325e-009   fR(2)  -1.8570745e-010   fR(3)  -7.7791252e-008

Moment Equilibrium
mMR(1)           -41.47   mMR(2)          -301.98   mMR(3)             0.75
mTR(1)           -35.64   mTR(2)             0.00   mTR(3)           175.36
mPR(1)             0.00   mPR(2)            -0.00   mPR(3)             0.00
mFus(1)            0.00   mFus(2)          310.14   mFus(3)          243.62
mFN(1)            77.12   mFN(2)            -8.16   mFN(3)          -419.73
mHS(1)             0.00   mHS(2)            -0.00   mHS(3)             0.00
mWN(1)             0.00   mWN(2)             0.00   mWN(3)             0.00
mR(1)  -2.9646685e-010   mR(2)  -1.2362928e-008   mR(3)   7.3023898e-010
==x=x===x===x=x==
MR Fx   -24.67    Fz -11264.53   thtaClmb   -14.94   torque   940.06
dxMR    0.0268  Fx/Fz    0.1°        mu   0.23699   oM  23.2  n  222.0

=I=I=I=I=I= End Of Iteration Results =I=I=I=I=I=


         ### stability derivatives ###
 R ._. R ._. << RotaryWingSim Data >> ._. R ._. R

       u              w            q         oM
x   -0.120041     -0.010078     0.738507     0.051360
z    0.012547     -1.027017     0.084250    -0.665779
m    0.005845      0.001665    -0.091864    -0.007869

      measured  data
       u                w              q
x   -0.090000       0.110000        0.092100
z    0.010000      -1.100000        0.140000
m    0.007000       0.005000       -0.025000

Q    0.000000      -0.000000        0.000000       -0.000000

Xu      -0.120041       -140.26
Xw      -0.010078        -11.78
Xq       0.738507       2003.42
Zu       0.012547         14.66
Zw      -1.027017      -1200.04
Zwd      0.000000          0.00
Zq       0.084250        228.55
Mu       0.005845          6.83
Mw       0.001665          1.95
Mwd      0.000000          0.00
Mq      -0.091864       -249.21

##### SP and PH Mode ----- approximation ###
----- Short Period Mode -----
omega SP         0.2070
zeta  SP         2.7022
re  -0.5594 +   0.5197
re  -0.5594 -   0.5197

----- Phugoid Mode -----
omega PH         1.1758
zeta  PH         1.0910
re  -1.2827 +   0.5129
re  -1.2827 -   0.5129

A          1.0000
B          3.6844
C          5.3620
D          3.6312
E          1.1128

##### SP and PH Mode from quartic #####
A        1.000         1.000
B        1.239         1.239
C        0.221         0.221
D        0.109         0.109
E        0.059         0.059

Routh D       -0.073

M thta        -0.000 

z1  -1.08132    0.00000j
z2  -0.38879    0.00000j
z3   0.11560    0.35664j
z4   0.11560   -0.35664j

       Short Period                Phugoid
1   1.86934  0.00000j       -0.81884  0.00000j
2   0.10216  0.00000j       -0.40827  0.00000j
3   0.01108  0.00000j        0.01430  0.00000j
4  -0.05347  0.00000j       -0.03388  0.00000j


 M _ _ M _ _ << Measured Data >> _ _ M _ _ M
Xu      -0.090000       -105.16
Xw       0.110000        128.53
Xq       0.092100        249.85
Zu       0.010000         11.68
Zw      -1.100000      -1285.32
Zwd      0.000000          0.00
Zq       0.140000        379.79
Mu       0.007000          8.18
Mw       0.005000          5.84
Mwd      0.000000          0.00
Mq      -0.025000        -67.82

##### SP and PH Mode ----- approximation ###
----- Short Period Mode -----
negative oMg2_SP

----- Phugoid Mode -----
negative oMg2_PH

##### SP and PH Mode from quartic #####
A        1.000         1.000
B        1.215         1.215
C        0.030         0.030
D        0.096         0.096
E        0.076         0.076

Routh D       -0.118

M thta        -0.000 

z1  -1.21342    0.00000j
z2   0.18640    0.36417j
z3   0.18640   -0.36417j
z4  -0.37437    0.00000j

       Short Period                Phugoid
1   1.85444  0.00000j       -0.78827  0.00000j
2  -0.00887  0.00000j       -0.53241  0.00000j
3   0.00778  0.00000j        0.01474  0.00000j
4  -0.05880  0.00000j       -0.03270  0.00000j


----- Phugoid Mode -----
omega PH         0.4091
zeta  PH         0.4556
period PH       17.2535
tHalf  PH        3.7187
N half PH        0.2155

----- Short Period Mode -----
omega SP         0.3744
zeta  SP        -1.0000
period SP   --------
tHalf  SP        1.8515
N half SP        0.0000

omega SP         1.2134
zeta  SP        -1.0000
period SP   --------
tHalf  SP        0.5712
N half SP        0.0000

dlc     9.95   dla    2.62   dle    1.84      dlp    4.26      dlt    0.00
thtaN   5.59°   A1S  -1.15°   B1S   5.98°   thtaTR  -0.01°
TrimAC phi LFr       0.62°    thta      -7.26°    psi       1.80°
