reading aircraft data from ./data/MntGmPrZ.dat
reading Flight Data from ./data/fDataMntGmPrZ1.flt
reading Rotor Data from ./data/fDataMntGmPrZ1.flt


#### RotaryWingSim ####
rhoAir          1.2261 kg/m°
thtaN    3.00°   twist     0.00°
mHeli           794.00 lb

nRot      375.3 1/min    oM     39.30 rad/s
oMR       149.73 m/s     oMR   491.25 ft/s
aBlade          1.50 m^2

rRotTR       0.08 m
nRotTR       1662.7 1/min
oMTR    174.12
oMRTR   149.73 m/s    oMRTR   491.25 ft/s
sigmaTR   0.1783

Area Mrot      45.60 m^2
m blade         6.9 kg     estimated
I blade       181.8 kg*m^2
gamRot         18.0000
sigma           0.0329


Trim phi      -0.60°    thta       1.20°    psi       0.00°   
vH      60.15 mph     vV          0 fpm
cTs   0.08560681     cT  0.0028     cT2sa  0.0298     cL  0.1744
m Heli     3533.2 N      fpA        1.4 m^2          14.8 ft^2
Iyy Heli         870.8 kg*m^2
Coordintats x,z    [m]         [ft]
Rotor      :   0.47   2.10        1.55   6.90
Rudder     :   8.55   0.00       28.05   0.00
Fin        :   3.40   0.41       11.15   1.33
H-Stab     :   1.75   0.02        5.75   0.06
Wing       :   0.49  -0.00        1.60  -0.00
Propeller  :  -0.86   0.00       -2.83   0.00
### Var ###
mu             39.300  vFlight     53.5 kn
thtaClmb      -0.0000     -0.0000°
cTsReq    0.08561    cTReq    0.00282    cT2saReq    0.02978
alfaD     358.37°    thtaClmb      -0.00°    thtaTrim       1.20
trim iter 26     anorm 2.94654e-011

 ====== u - derivatives ===== 
fMR(1)        -0.064492   fMR(2)        -0.001134   fMR(3)        -0.242855
fTR(1)         0.000000   fTR(2)         0.000000   fTR(3)         0.000000
fFus(1)       -0.144076   fFus(2)        0.000003   fFus(3)        0.020790
fFN(1)        -0.001298   fFN(2)         0.001173   fFN(3)         0.000000
fHS(1)        -0.000246   fHS(2)         0.000000   fHS(3)         0.001407
fPR(1)        -0.024684   fPR(2)         0.000000   fPR(3)         0.000000
fCG(1)         0.000000   fCG(2)         0.000000   fCG(3)         0.000000
fR(1)  -8.4746003e-009   fR(2)  -2.0117241e-012   fR(3)  -7.9385585e-009

 Moment Equilibrium    1001 
mMR(1)        -0.000986   mMR(2)         0.008643   mMR(3)         0.000222
mTR(1)         0.000000   mTR(2)         0.000000   mTR(3)         0.000000
mFus(1)        0.000000   mFus(2)       -0.000003   mFus(3)        0.001603
mFN(1)         0.000197   mFN(2)         0.000218   mFN(3)        -0.001649
mHS(1)         0.000000   mHS(2)         0.001022   mHS(3)         0.000000
mPR(1)         0.000000   mPR(2)         0.000000   mPR(3)         0.000000
mR(1)  -7.1049389e-011   mR(2)   8.5793132e-010   mR(3)   2.3653968e-011
QR  6.7618116e-012

 ====== q - derivatives ===== 
fMR(1)         0.365958   fMR(2)        -0.310027   fMR(3)         0.115442
fTR(1)         0.000000   fTR(2)         0.000000   fTR(3)         0.000000
fFus(1)       -0.000821   fFus(2)        0.000000   fFus(3)        0.002613
fFN(1)         0.000000   fFN(2)         0.000000   fFN(3)         0.000000
fHS(1)         0.000067   fHS(2)         0.000000   fHS(3)        -0.027242
fPR(1)         0.000000   fPR(2)         0.000000   fPR(3)         0.000000
fCG(1)         0.000000   fCG(2)         0.000000   fCG(3)         0.000000
fR(1)   1.3134951e-008   fR(2)  -1.1169403e-008   fR(3)   3.2791488e-009

 Moment Equilibrium    1002 
mMR(1)        -0.269671   mMR(2)        -0.295766   mMR(3)         0.060578
mTR(1)         0.000000   mTR(2)         0.000000   mTR(3)         0.000000
mFus(1)        0.000000   mFus(2)       -0.003229   mFus(3)        0.000000
mFN(1)         0.000000   mFN(2)         0.000000   mFN(3)         0.000000
mHS(1)         0.000000   mHS(2)        -0.019747   mHS(3)         0.000000
mPR(1)         0.000000   mPR(2)         0.000000   mPR(3)         0.000000
mR(1)  -2.3485506e-008   mR(2)  -2.7758764e-008   mR(3)   5.2835709e-009
QR -5.7940428e-012

 ====== w - derivatives ===== 
fMR(1)        -0.220462   fMR(2)        -0.008309   fMR(3)        -1.031406
fTR(1)         0.000000   fTR(2)         0.000000   fTR(3)         0.000000
fFus(1)        0.042431   fFus(2)        0.000000   fFus(3)       -0.136028
fFN(1)         0.000000   fFN(2)         0.000000   fFN(3)         0.000000
fHS(1)        -0.000129   fHS(2)         0.000000   fHS(3)         0.057374
fPR(1)         0.000000   fPR(2)         0.000000   fPR(3)         0.000000
fCG(1)         0.000000   fCG(2)         0.000000   fCG(3)         0.000000
fR(1)  -6.4347746e-009   fR(2)  -3.0277825e-010   fR(3)  -3.9970963e-008

 Moment Equilibrium    1003 
mMR(1)        -0.007227   mMR(2)        -0.009768   mMR(3)         0.001624
mTR(1)         0.000000   mTR(2)         0.000000   mTR(3)         0.000000
mFus(1)        0.000000   mFus(2)        0.000012   mFus(3)        0.000000
mFN(1)         0.000000   mFN(2)         0.000000   mFN(3)         0.000000
mHS(1)         0.000000   mHS(2)         0.041589   mHS(3)         0.000000
mPR(1)         0.000000   mPR(2)         0.000000   mPR(3)         0.000000
mR(1)  -6.3169026e-010   mR(2)   2.7695480e-009   mR(3)   1.4974333e-010
QR  2.5081593e-011


=I=I=I=I=I= Iteration Results =I=I=I=I=I=
xMR    4.500    xcg    2.950    dxCG    1.550    iRigMR    9.0
cTs 0.06589   cT 0.00217   cLs 5.68459   cL 0.18711
aN     0.16093°    a1    0.03100°   b1    0.04230°
Br   aN     9.22°       a1    1.78°      b1    2.42°
716  aN     9.22°       a1    1.52°      b1    1.67°
mu  0.150140 lamD    0.01748    lamI    0.00720     mu*a1    0.00399     lamNf    0.01349
A1S   -0.00544°    B1S   -0.01120°
A1S    -0.31°    B1S    -0.64°    alfD     9.34°   alfaNf     7.81°   alSm     2.17°
thtaN      3.00°    thtaTR    -0.05°
Trim   phi    -0.07°    thta    -1.77°
vBx    26.80    vBy     0.00    vBz    -0.83
fMR(1)          -779.62   fMR(2)            -1.09   fMR(3)         -3721.07
fTR(1)             0.00   fTR(2)            -0.00   fTR(3)             0.00
fPR(1)          1381.92   fPR(2)             0.00   fPR(3)             0.00
fFus(1)         -702.66   fFus(2)            0.03   fFus(3)          123.55
fFN(1)            -6.27   fFN(2)             5.66   fFN(3)             0.00
fHS(1)            -2.64   fHS(2)             0.00   fHS(3)            66.06
fCG(1)           109.28   fCG(2)            -4.59   fCG(3)          3531.46
fWN(1)            -0.00   fWN(2)             0.00   fWN(3)            -0.00
fR(1)  -2.1814228e-009   fR(2)   9.8960840e-012   fR(3)  -1.1297322e-008

Moment Equilibrium
mMR(1)            -2.30   mMR(2)          -118.35   mMR(3)             0.52
mTR(1)            -0.00   mTR(2)             0.00   mTR(3)             0.00
mPR(1)             0.00   mPR(2)            -0.00   mPR(3)             0.00
mFus(1)            0.00   mFus(2)           -0.04   mFus(3)           18.70
mFN(1)             2.30   mFN(2)             2.55   mFN(3)           -19.22
mHS(1)             0.00   mHS(2)           115.83   mHS(3)             0.00
mWN(1)             0.00   mWN(2)            -0.00   mWN(3)             0.00
mR(1)   2.5901503e-011   mR(2)  -4.0114946e-010   mR(3)   2.0250468e-012
==x=x===x===x=x==
MR Fx  -187.92    Fz -3797.22   thtaClmb    -0.00   torque     0.00
dxMR    0.0318  Fx/Fz   11.8°        mu   0.15014   oM  46.4  n  443.5

=I=I=I=I=I= End Of Iteration Results =I=I=I=I=I=


 R ._. R ._. << RotaryWingSim Data >> ._. R ._. R
              ### stability derivatives ###

       u              w            q         oM
x   -0.234797     -0.178160     0.365204    -0.060063
z   -0.220657     -1.110055     0.090808    -0.313915
m    0.002593      0.008355    -0.083659    -0.001202

      measured  data
       u                w              q
x   -0.230000      -0.205000        1.700000
z   -0.125200      -1.180000        1.250000
m   -0.001000       0.015000       -0.725000

Q    0.000000      -0.000000        0.000000       -0.000000

Xu      -0.234797        -84.56
Xw      -0.178160        -64.17
Xq       0.365204        318.02
Zu      -0.220657        -79.47
Zw      -1.110055       -399.80
Zwd      0.000000          0.00
Zq       0.090808         79.08
Mu       0.002593          0.93
Mw       0.008355          3.01
Mwd      0.000000          0.00
Mq      -0.083659        -72.85

##### SP and PH Mode ----- approximation ###
----- Short Period Mode -----
negative oMg2_SP

----- Phugoid Mode -----
negative oMg2_PH

##### SP and PH Mode from quartic #####
A        1.000         1.000
B        1.429         1.429
C        0.108         0.108
D        0.003         0.003
E        0.010         0.010

Routh D       -0.020

M thta        -0.000 

z1  -1.34582    0.00000j
z2  -0.23409    0.00000j
z3   0.07570    0.16279j
z4   0.07570   -0.16279j

       Short Period                Phugoid
1   0.75624  0.00000j        1.95268  0.00000j
2  -1.25626  0.00000j       -0.37760  0.00000j
3   0.00575  0.00000j        0.00059  0.00000j
4  -0.00020  0.00000j       -0.05492  0.00000j

Xu      -0.230000        -82.84
Xw      -0.205000        -73.83
Xq       1.700000       1480.37
Zu      -0.125200        -45.09
Zw      -1.180000       -424.99
Zwd      0.000000          0.00
Zq       1.250000       1088.51
Mu      -0.001000         -0.36
Mw       0.015000          5.40
Mwd      0.000000          0.00
Mq      -0.725000       -631.34

##### SP and PH Mode ----- approximation ###
----- Short Period Mode -----
omega SP         0.6592
zeta  SP         1.4450
re  -0.9525 +   0.6876
re  -0.9525 -   0.6876

----- Phugoid Mode -----
negative oMg2_PH

##### SP and PH Mode from quartic #####
A        1.000         1.000
B        2.135         2.135
C        0.849         0.849
D        0.071         0.071
E       -0.030        -0.030

Routh D        0.260

M thta        -0.000 

z1  -1.65463    0.00000j
z2  -0.30694    0.20393j
z3  -0.30694   -0.20393j
z4   0.13351    0.00000j

       Short Period                Phugoid
1   1.18053  0.00000j       -0.02419  0.00000j
2   0.98827 -0.28730j        0.20194  0.28730j
3  -0.01288 -0.00904j        0.00704  0.00904j
4   0.01703  0.02434j        0.04088 -0.02434j

