reading aircraft data from ./data/RotDatR4B_1.dat
reading Flight Data from ./data/fDataR4B_no3.flt
reading Rotor Data from ./data/fDataR4B_no3.flt


#### RotaryWingSim ####
rhoAir          1.1415 kg/m°
thtaN    3.10°   twist     0.00°
mHeli          2569.00 lb
aBlade          6.32 m^2

rRotTR       1.91 m
nRotTR       1662.7 1/min
oMTR    174.12
oMRTR   134.63 m/s    oMRTR   441.71 ft/s
sigmaTR   0.0173

Area Mrot     105.36 m^2
m blade         5.4 kg
I blade        60.9 kg*m^2 estimated
gamRot         15.0000
sigma           0.0600


Trim phi       0.00°    thta      -3.30°    psi       3.10°   
vH      48.22 mph     vV       1260 fpm
cTs  0.087253     cT  0.0052     cT2sa  0.0305     cL  0.3743
m Heli    11431.6 N      fpA        2.1 m^2          23.0 ft^2
Iyy Heli        2712.8 kg*m^2
Coordintats x,z    [m]         [ft]
Rotor      :   0.03   1.68        0.11   5.50
Rudder     :   7.50   1.52       24.61   5.00
Fin        :   3.87   0.71       12.71   2.33
H-Stab     :   4.06   0.02       13.31   0.06
Wing       :  -1.95   0.00       -6.39   0.00
Propeller  :  -0.81   0.00       -2.67   0.00
### Var ###
mu             23.248  vFlight     44.7 kn
thtaClmb      -0.2894    -16.5803°
cTsReq    0.08725    cTReq    0.00524    cT2saReq    0.03045
alfaD     211.99°    thtaClmb     -16.58°    thtaTrim      -3.30
trim iter 25     anorm 7.79403e-010

   deriv 3104
       u                w              q
x   -0.062253     -0.271274     0.122363
z   -0.358263     -1.066781     0.209658
m    0.034436      0.127493    -0.045114

 ====== u - derivatives ===== 
fMR(1)        -0.018219   fMR(2)        -0.000353   fMR(3)        -0.038431
fTR(1)         0.000000   fTR(2)         0.000000   fTR(3)         0.000000
fFus(1)       -0.046367   fFus(2)       -0.005929   fFus(3)       -0.007224
fFN(1)        -0.005382   fFN(2)        -0.000795   fFN(3)         0.000000
fHS(1)        -0.000000   fHS(2)         0.000000   fHS(3)        -0.000000
fPR(1)        -0.003093   fPR(2)         0.000000   fPR(3)         0.000000
fCG(1)         0.000000   fCG(2)         0.000000   fCG(3)         0.000000
fR(1)  -8.8318151e-009   fR(2)  -9.1205266e-010   fR(3)  -5.3844168e-009

 Moment Equilibrium    1001 
mMR(1)        -0.000044   mMR(2)         0.002171   mMR(3)         0.000001
mTR(1)         0.000000   mTR(2)         0.000000   mTR(3)         0.000000
mFus(1)        0.000000   mFus(2)        0.000293   mFus(3)        0.000669
mFN(1)        -0.000042   mFN(2)         0.000284   mFN(3)         0.000229
mHS(1)         0.000000   mHS(2)        -0.000000   mHS(3)         0.000000
mPR(1)         0.000000   mPR(2)         0.000000   mPR(3)         0.000000
mR(1)  -2.3480240e-010   mR(2)   4.7269128e-009   mR(3)   1.5504611e-009
QR  2.4036015e-011
mU  2.7486562e-003

 ====== q - derivatives ===== 
fMR(1)         0.724142   fMR(2)        -0.559449   fMR(3)         0.146340
fTR(1)         0.000000   fTR(2)         0.000000   fTR(3)         0.000000
fFus(1)       -0.012838   fFus(2)        0.000000   fFus(3)       -0.004288
fFN(1)         0.000000   fFN(2)         0.000000   fFN(3)         0.000000
fHS(1)        -0.000000   fHS(2)         0.000000   fHS(3)        -0.000000
fPR(1)         0.000000   fPR(2)         0.000000   fPR(3)         0.000000
fCG(1)         0.000000   fCG(2)         0.000000   fCG(3)         0.000000
fR(1)   8.2570271e-008   fR(2)  -6.5279835e-008   fR(3)   1.6488931e-008

 Moment Equilibrium    1002 
mMR(1)        -0.069565   mMR(2)        -0.089685   mMR(3)         0.001370
mTR(1)         0.000000   mTR(2)         0.000000   mTR(3)         0.000000
mFus(1)        0.000000   mFus(2)        0.001663   mFus(3)        0.000000
mFN(1)         0.000000   mFN(2)         0.000000   mFN(3)         0.000000
mHS(1)         0.000000   mHS(2)        -0.000000   mHS(3)         0.000000
mPR(1)         0.000000   mPR(2)         0.000000   mPR(3)         0.000000
mR(1)  -1.0938862e-007   mR(2)  -1.3787772e-007   mR(3)   2.2911593e-009
QR -4.0461937e-011

 ====== w - derivatives ===== 
fMR(1)         0.001526   fMR(2)        -0.009076   fMR(3)        -0.948458
fTR(1)         0.000000   fTR(2)         0.000000   fTR(3)         0.000000
fFus(1)       -0.057784   fFus(2)        0.000000   fFus(3)       -0.014256
fFN(1)         0.000000   fFN(2)         0.000000   fFN(3)         0.000000
fHS(1)        -0.000000   fHS(2)         0.000000   fHS(3)        -0.000000
fPR(1)         0.000000   fPR(2)         0.000000   fPR(3)         0.000000
fCG(1)         0.000000   fCG(2)         0.000000   fCG(3)         0.000000
fR(1)  -6.8736445e-009   fR(2)  -1.1449401e-009   fR(3)  -1.1224823e-007

 Moment Equilibrium    1003 
mMR(1)        -0.001129   mMR(2)        -0.002513   mMR(3)         0.000022
mTR(1)         0.000000   mTR(2)         0.000000   mTR(3)         0.000000
mFus(1)        0.000000   mFus(2)        0.007483   mFus(3)        0.000000
mFN(1)         0.000000   mFN(2)         0.000000   mFN(3)         0.000000
mHS(1)         0.000000   mHS(2)        -0.000000   mHS(3)         0.000000
mPR(1)         0.000000   mPR(2)         0.000000   mPR(3)         0.000000
mR(1)  -1.8728343e-009   mR(2)   8.2177986e-009   mR(3)   1.7342927e-010
QR  3.0323318e-010
mW  4.9706837e-003


=I=I=I=I=I= Iteration Results =I=I=I=I=I=
xMR    6.500    xcg    6.392    dxCG    0.108    iRigMR    0.0
cTs 0.08464   cT 0.00508   cLs 5.99744   cL 0.35984
aN     0.17166°    a1    0.04317°   b1    0.05691°
Br   aN     9.84°       a1    2.47°      b1    3.26°
716  aN     9.84°       a1    2.11°      b1    1.96°
mu  0.163115 lamD    0.02514    lamI    0.01386     mu*a1    0.00601     lamNf    0.01913
A1S   -0.00892°    B1S    0.06766°
A1S    -0.51°    B1S     3.88°    alfD    13.45°   alfaNf    11.34°   alSm    -1.76°
thtaN      3.69°    thtaTR     0.10°
Trim   phi     0.65°    thta    -0.96°
vBx    21.57    vBy    -1.09    vBz     6.05
fMR(1)           168.36   fMR(2)           -14.55   fMR(3)        -11243.51
fTR(1)             0.00   fTR(2)             0.00   fTR(3)             0.00
fPR(1)           578.92   fPR(2)             0.00   fPR(3)             0.00
fFus(1)         -921.79   fFus(2)         -149.54   fFus(3)         -185.73
fFN(1)           -16.68   fFN(2)            34.29   fFN(3)             0.00
fHS(1)            -0.00   fHS(2)             0.00   fHS(3)            -0.00
fCG(1)           191.19   fCG(2)           129.80   fCG(3)         11429.24
fWN(1)            -0.00   fWN(2)             0.00   fWN(3)             0.00
fR(1)   1.8755808e-009   fR(2)  -2.6091129e-011   fR(3)  -6.4261466e-008

Moment Equilibrium
mMR(1)           -24.39   mMR(2)          -653.50   mMR(3)             0.48
mTR(1)             0.00   mTR(2)             0.00   mTR(3)            -0.00
mPR(1)             0.00   mPR(2)            -0.00   mPR(3)             0.00
mFus(1)            0.00   mFus(2)          641.64   mFus(3)          132.35
mFN(1)            24.39   mFN(2)            11.86   mFN(3)          -132.83
mHS(1)             0.00   mHS(2)            -0.00   mHS(3)             0.00
mWN(1)             0.00   mWN(2)            -0.00   mWN(3)             0.00
mR(1)   2.7817748e-012   mR(2)  -5.2943048e-009   mR(3)   1.3648105e-010
==x=x===x===x=x==
MR Fx   168.36    Fz -11243.51   thtaClmb   -16.58   torque   -67.82
dxMR    0.0581  Fx/Fz   -0.9°        mu   0.16311   oM  23.2  n  222.0

=I=I=I=I=I= End Of Iteration Results =I=I=I=I=I=


         ### stability derivatives ###
 R ._. R ._. << RotaryWingSim Data >> ._. R ._. R

       u              w            q         oM
x   -0.073062     -0.056258     0.711304     0.018823
z   -0.045658     -0.962709     0.142048    -0.550911
m    0.002749      0.004971    -0.088022    -0.003630

      measured  data
       u                w              q
x   -0.090000       0.110000        0.092100
z    0.010000      -1.100000        0.140000
m    0.007000       0.005000       -0.025000

Q    0.000000      -0.000000        0.000000       -0.000000

Xu      -0.073062        -85.14
Xw      -0.056258        -65.56
Xq       0.711304       1929.63
Zu      -0.045658        -53.21
Zw      -0.962709      -1121.84
Zwd      0.000000          0.00
Zq       0.142048        385.35
Mu       0.002749          3.20
Mw       0.004971          5.79
Mwd      0.000000          0.00
Mq      -0.088022       -238.79

##### SP and PH Mode ----- approximation ###
----- Short Period Mode -----
negative oMg2_SP

----- Phugoid Mode -----
negative oMg2_PH

##### SP and PH Mode from quartic #####
A        1.000         1.000
B        1.124         1.124
C        0.067         0.067
D        0.042         0.042
E        0.024         0.024

Routh D       -0.029

M thta        -0.000 

z1  -1.07903    0.00000j
z2   0.11383    0.26034j
z3   0.11383   -0.26034j
z4  -0.27243    0.00000j

       Short Period                Phugoid
1  -0.91452  0.00000j       -0.02756  0.00000j
2   1.01349 -0.15125j       -0.26143  0.15125j
3  -0.00830 -0.00772j       -0.00993  0.00772j
4   0.02535 -0.02087j        0.04559  0.02087j

