reading aircraft data from ./data/MntGmPrNoCm.dat
reading Flight Data from ./data/fDataMntGmPrNoCm.flt
reading Rotor Data from ./data/fDataMntGmPrNoCm.flt


#### RotaryWingSim ####
rhoAir          1.2261 kg/m°
thtaN    3.50°   twist     0.00°
mHeli           794.00 lb

nRot      384.8 1/min    oM     40.30 rad/s
oMR       153.54 m/s     oMR   503.75 ft/s
aBlade          1.50 m^2

rRotTR       0.08 m
nRotTR       1662.7 1/min
oMTR    174.12
oMRTR   153.54 m/s    oMRTR   503.75 ft/s
sigmaTR   0.1783

Area Mrot      45.60 m^2
m blade         6.9 kg     estimated
I blade       181.8 kg*m^2
gamRot         18.0000
sigma           0.0329


Trim phi      -0.60°    thta       1.20°    psi       0.00°   
vH      60.15 mph     vV          0 fpm
cTs   0.08141105     cT  0.0027     cT2sa  0.0283     cL  0.1744
m Heli     3533.2 N      fpA        1.2 m^2          12.8 ft^2
Iyy Heli         870.8 kg*m^2
Coordintats x,z    [m]         [ft]
Rotor      :   0.38   2.10        1.25   6.90
Rudder     :   8.46   0.00       27.75   0.00
Fin        :   3.31   0.41       10.85   1.33
H-Stab     :   2.06   0.02        6.75   0.06
Wing       :   0.40  -0.00        1.30  -0.00
Propeller  :  -0.95   0.00       -3.13   0.00
### Var ###
mu             40.300  vFlight     53.5 kn
thtaClmb      -0.0000     -0.0000°
cTsReq    0.08141    cTReq    0.00268    cT2saReq    0.02832
alfaD     367.49°    thtaClmb      -0.00°    thtaTrim       1.20
trim iter 27     anorm 5.45751e-011

 ====== u - derivatives ===== 
fMR(1)        -0.065092   fMR(2)        -0.003528   fMR(3)        -0.125581
fTR(1)         0.000000   fTR(2)         0.000000   fTR(3)         0.000000
fFus(1)       -0.122147   fFus(2)       -0.000009   fFus(3)        0.008516
fFN(1)        -0.000000   fFN(2)         0.001190   fFN(3)         0.000000
fHS(1)        -0.009337   fHS(2)         0.000000   fHS(3)        -0.063061
fPR(1)        -0.030865   fPR(2)         0.000000   fPR(3)         0.000000
fCG(1)         0.000000   fCG(2)         0.000000   fCG(3)         0.000000
fR(1)  -8.2082847e-009   fR(2)  -8.7030827e-011   fR(3)  -6.4811606e-009

 Moment Equilibrium    1001 
mMR(1)        -0.003069   mMR(2)         0.036829   mMR(3)         0.000556
mTR(1)         0.000000   mTR(2)         0.000000   mTR(3)         0.000000
mFus(1)        0.000000   mFus(2)       -0.000000   mFus(3)        0.001597
mFN(1)         0.000200   mFN(2)         0.000000   mFN(3)        -0.001628
mHS(1)         0.000000   mHS(2)        -0.053585   mHS(3)         0.000000
mPR(1)         0.000000   mPR(2)         0.000000   mPR(3)         0.000000
mR(1)  -2.5363622e-010   mR(2)  -1.4231863e-009   mR(3)   4.8629545e-011
QR  6.1394840e-012

 ====== q - derivatives ===== 
fMR(1)         0.791777   fMR(2)        -0.327247   fMR(3)        -0.407300
fTR(1)         0.000000   fTR(2)         0.000000   fTR(3)         0.000000
fFus(1)       -0.002077   fFus(2)        0.000000   fFus(3)       -0.012663
fFN(1)         0.000000   fFN(2)         0.000000   fFN(3)         0.000000
fHS(1)        -0.010960   fHS(2)         0.000000   fHS(3)        -0.221585
fPR(1)         0.000000   fPR(2)         0.000000   fPR(3)         0.000000
fCG(1)         0.000000   fCG(2)         0.000000   fCG(3)         0.000000
fR(1)   2.8030133e-008   fR(2)  -1.1788574e-008   fR(3)  -2.3099449e-008

 Moment Equilibrium    1002 
mMR(1)        -0.284650   mMR(2)        -0.752895   mMR(3)         0.051567
mTR(1)         0.000000   mTR(2)         0.000000   mTR(3)         0.000000
mFus(1)        0.000000   mFus(2)       -0.010649   mFus(3)        0.000000
mFN(1)         0.000000   mFN(2)         0.000000   mFN(3)         0.000000
mHS(1)         0.000000   mHS(2)        -0.188463   mHS(3)         0.000000
mPR(1)         0.000000   mPR(2)         0.000000   mPR(3)         0.000000
mR(1)  -2.4791351e-008   mR(2)  -8.2865597e-008   mR(3)   4.4933799e-009
QR  9.8032710e-012

 ====== w - derivatives ===== 
fMR(1)        -0.210105   fMR(2)        -0.012540   fMR(3)        -0.867920
fTR(1)         0.000000   fTR(2)         0.000000   fTR(3)         0.000000
fFus(1)       -0.034666   fFus(2)        0.000000   fFus(3)       -0.210281
fFN(1)         0.000000   fFN(2)         0.000000   fFN(3)         0.000000
fHS(1)         0.002288   fHS(2)         0.000000   fHS(3)         0.033048
fPR(1)         0.000000   fPR(2)         0.000000   fPR(3)         0.000000
fCG(1)         0.000000   fCG(2)         0.000000   fCG(3)         0.000000
fR(1)  -8.7500603e-009   fR(2)  -4.5412207e-010   fR(3)  -3.7635451e-008

 Moment Equilibrium    1003 
mMR(1)        -0.010907   mMR(2)         0.045989   mMR(3)         0.001976
mTR(1)         0.000000   mTR(2)         0.000000   mTR(3)         0.000000
mFus(1)        0.000000   mFus(2)        0.000000   mFus(3)        0.000000
mFN(1)         0.000000   mFN(2)         0.000000   mFN(3)         0.000000
mHS(1)         0.000000   mHS(2)         0.028103   mHS(3)         0.000000
mPR(1)         0.000000   mPR(2)         0.000000   mPR(3)         0.000000
mR(1)  -9.5363939e-010   mR(2)   6.4878516e-009   mR(3)   1.7495339e-010
QR  3.2161249e-011


=I=I=I=I=I= Iteration Results =I=I=I=I=I=
xMR    4.500    xcg    3.250    dxCG    1.250    iRigMR   19.2
cTs 0.09245   cT 0.00304   cLs 5.00542   cL 0.16476
aN     0.22068°    a1    0.05266°   b1    0.06585°
Br   aN    12.64°       a1    3.02°      b1    3.77°
716  aN    12.64°       a1    2.50°      b1    2.86°
mu  0.187643 lamD    0.03432    lamI    0.00804     mu*a1    0.00819     lamNf    0.02613
A1S   -0.00436°    B1S    0.25769°
A1S    -0.25°    B1S    14.76°    alfD    12.72°   alfaNf    10.22°   alSm   -12.26°
thtaN      3.50°    thtaTR    -0.05°
Trim   phi    -0.07°    thta     5.95°
vBx    26.67    vBy    -0.00    vBz     2.78
fMR(1)          -721.42   fMR(2)            -1.11   fMR(3)         -3322.57
fTR(1)             0.00   fTR(2)             0.00   fTR(3)             0.00
fPR(1)          1729.08   fPR(2)             0.00   fPR(3)             0.00
fFus(1)         -604.82   fFus(2)           -0.09   fFus(3)          -69.05
fFN(1)            -0.00   fFN(2)             5.74   fFN(3)             0.00
fHS(1)           -36.73   fHS(2)             0.00   fHS(3)          -122.51
fCG(1)          -366.11   fCG(2)            -4.54   fCG(3)          3514.13
fWN(1)            -0.00   fWN(2)             0.00   fWN(3)            -0.00
fR(1)  -1.6241684e-009   fR(2)   1.1723245e-010   fR(3)  -1.1525672e-008

Moment Equilibrium
mMR(1)            -2.33   mMR(2)           251.34   mMR(3)             0.42
mTR(1)             0.00   mTR(2)             0.00   mTR(3)            -0.00
mPR(1)             0.00   mPR(2)            -0.00   mPR(3)             0.00
mFus(1)            0.00   mFus(2)            0.00   mFus(3)           18.57
mFN(1)             2.33   mFN(2)             0.00   mFN(3)           -18.99
mHS(1)             0.00   mHS(2)          -251.34   mHS(3)             0.00
mWN(1)             0.00   mWN(2)            -0.00   mWN(3)             0.00
mR(1)   2.4798741e-010   mR(2)   5.9634543e-010   mR(3)  -4.2732040e-011
==x=x===x===x=x==
MR Fx   411.39    Fz -3375.01   thtaClmb    -0.00   torque     0.00
dxMR   -0.0756  Fx/Fz   12.3°        mu   0.18764   oM  36.9  n  352.3

=I=I=I=I=I= End Of Iteration Results =I=I=I=I=I=


 R ._. R ._. << RotaryWingSim Data >> ._. R ._. R
              ### stability derivatives ###

       u              w            q         oM
x   -0.227439     -0.242482     0.778741    -0.044628
z   -0.180140     -1.045156    -0.641556    -0.320203
m   -0.004398      0.019447    -0.249870     0.001689

      measured  data
       u                w              q
x   -0.230000      -0.205000        1.700000
z   -0.125200      -1.180000        1.250000
m   -0.001000       0.015000       -0.725000

Q    0.000000       0.000000        0.000000       -0.000000

Xu      -0.227439        -81.91
Xw      -0.242482        -87.33
Xq       0.778741        678.13
Zu      -0.180140        -64.88
Zw      -1.045156       -376.42
Zwd      0.000000          0.00
Zq      -0.641556       -558.67
Mu      -0.004398         -1.58
Mw       0.019447          7.00
Mwd      0.000000          0.00
Mq      -0.249870       -217.59

##### SP and PH Mode ----- approximation ###
----- Short Period Mode -----
negative oMg2_SP

----- Phugoid Mode -----
omega PH         0.5594
zeta  PH         0.5318
re  -0.2975 +  0.4737j
re  -0.2975 -  0.4737j

##### SP and PH Mode from quartic #####
A        1.000         1.000
B        1.522         1.522
C        0.006         0.006
D       -0.132        -0.132
E       -0.079        -0.079

Routh D        0.165

M thta        -0.000 

z1  -1.48244    0.00000j
z2   0.40926    0.00000j
z3  -0.22464    0.28372j
z4  -0.22464   -0.28372j

       Short Period                Phugoid
1   1.15587  0.00000j       -1.95590  0.00000j
2   0.50195  0.00000j       -0.28635  0.00000j
3  -0.03373  0.00000j       -0.01922  0.00000j
4  -0.03807  0.00000j        0.00611  0.00000j

Xu      -0.230000        -82.84
Xw      -0.205000        -73.83
Xq       1.700000       1480.37
Zu      -0.125200        -45.09
Zw      -1.180000       -424.99
Zwd      0.000000          0.00
Zq       1.250000       1088.51
Mu      -0.001000         -0.36
Mw       0.015000          5.40
Mwd      0.000000          0.00
Mq      -0.725000       -631.34

##### SP and PH Mode ----- approximation ###
----- Short Period Mode -----
omega SP         0.6592
zeta  SP         1.4450
re  -0.9525 +   0.6876
re  -0.9525 -   0.6876

----- Phugoid Mode -----
negative oMg2_PH

##### SP and PH Mode from quartic #####
A        1.000         1.000
B        2.135         2.135
C        0.849         0.849
D        0.071         0.071
E       -0.030        -0.030

Routh D        0.260

M thta        -0.000 

z1  -1.65463    0.00000j
z2  -0.30694    0.20393j
z3  -0.30694   -0.20393j
z4   0.13351    0.00000j

       Short Period                Phugoid
1   1.18053  0.00000j       -0.02419  0.00000j
2   0.98827 -0.28730j        0.20194  0.28730j
3  -0.01288 -0.00904j        0.00704  0.00904j
4   0.01703  0.02434j        0.04088 -0.02434j

