reading aircraft data from ./data/RotDatProuty6.dat
reading Flight Data from ./data/fDataUH1_13N.flt
reading Rotor Data from ./data/fDataUH1_13N.flt


#### RotaryWingSim ####
rhoAir          1.2261 kg/m°
thtaN   12.68°   twist   -10.00°
mHeli          20341.00 lb

nRot      324.0 1/min    oM     33.93 rad/s
oMR       311.59 m/s     oMR  1022.29 ft/s
aBlade         19.59 m^2

rRotTR       1.30 m
nRotTR       1662.7 1/min
oMTR    174.12
oMRTR   311.59 m/s    oMRTR  1022.29 ft/s
sigmaTR   0.1049

Area Mrot     264.96 m^2
m blade        93.9 kg
I blade       379.8 kg*m^2
gamRot         11.2700
sigma           0.0740


Trim phi       0.00°    thta      -0.10°    psi      -0.10°   
vH     146.20 mph     vV          0 fpm
cTs   0.03880533     cT  0.0029     cT2sa  0.0135     cL  0.1301
m Heli    90513.7 N      fpA        1.8 m^2          19.3 ft^2
Iyy Heli       14680.3 kg*m^2
Coordintats x,z    [m]         [ft]
Rotor      :   0.20   2.07        0.67   6.79
Rudder     :   8.83   2.10       28.96   6.89
Fin        :   7.91   2.84       25.96   9.33
H-Stab     :   6.30   0.50       20.66   1.64
Wing       :  -3.19   0.00      -10.46   0.00
Propeller  :  -2.05   0.00       -6.73   0.00
### Var ###
mu             33.929  vFlight    130.0 kn
thtaClmb      -0.0000     -0.0000°
cTsReq    0.03881    cTReq    0.00287    cT2saReq    0.01350
alfaD     309.40°    thtaClmb      -0.00°    thtaTrim      -0.10

 ====== u - derivatives ===== 
fMR(1)        -0.046538   fMR(2)         0.003156   fMR(3)         0.027916
fTR(1)         0.000000   fTR(2)        -0.000000   fTR(3)         0.000000
fFus(1)       -0.017812   fFus(2)        0.000407   fFus(3)        0.042169
fFN(1)        -0.000043   fFN(2)        -0.000033   fFN(3)         0.000000
fHS(1)        -0.000423   fHS(2)         0.000000   fHS(3)         0.001320
fPR(1)         0.000000   fPR(2)         0.000000   fPR(3)         0.000000
fCG(1)         0.000000   fCG(2)         0.000000   fCG(3)         0.000000
fR(1)  -5.9799591e-008   fR(2)   3.2489993e-009   fR(3)   6.5794708e-008

 Moment Equilibrium    1001 
mMR(1)         0.000447   mMR(2)         0.006981   mMR(3)        -0.000044
mTR(1)        -0.000000   mTR(2)         0.000000   mTR(3)         0.000000
mFus(1)        0.000000   mFus(2)       -0.000437   mFus(3)        0.000837
mFN(1)        -0.000007   mFN(2)         0.000008   mFN(3)         0.000018
mHS(1)         0.000000   mHS(2)         0.000583   mHS(3)         0.000000
mPR(1)         0.000000   mPR(2)         0.000000   mPR(3)         0.000000
mR(1)   5.9245622e-009   mR(2)   9.6182721e-008   mR(3)   1.1009888e-008
QR  3.8650747e-012
mU  7.1350292e-003

 ====== q - derivatives ===== 
fMR(1)         0.420168   fMR(2)        -0.441067   fMR(3)         0.151817
fTR(1)         0.000000   fTR(2)         0.000000   fTR(3)         0.000000
fFus(1)       -0.000021   fFus(2)        0.000000   fFus(3)        0.000879
fFN(1)         0.000000   fFN(2)         0.000000   fFN(3)         0.000000
fHS(1)        -0.005336   fHS(2)         0.000000   fHS(3)        -0.410419
fPR(1)         0.000000   fPR(2)         0.000000   fPR(3)         0.000000
fCG(1)         0.000000   fCG(2)         0.000000   fCG(3)         0.000000
fR(1)   3.8273779e-007   fR(2)  -4.0696537e-007   fR(3)  -2.3787466e-007

 Moment Equilibrium    1002 
mMR(1)        -0.062484   mMR(2)        -0.057412   mMR(3)         0.006134
mTR(1)         0.000000   mTR(2)         0.000000   mTR(3)         0.000000
mFus(1)        0.000000   mFus(2)       -0.000004   mFus(3)        0.000000
mFN(1)         0.000000   mFN(2)         0.000000   mFN(3)         0.000000
mHS(1)         0.000000   mHS(2)        -0.176679   mHS(3)         0.000000
mPR(1)         0.000000   mPR(2)         0.000000   mPR(3)         0.000000
mR(1)  -8.4241390e-007   mR(2)  -3.1560478e-006   mR(3)   8.2769475e-008
QR -9.3872942e-012

 ====== w - derivatives ===== 
fMR(1)         0.068841   fMR(2)        -0.008002   fMR(3)        -0.898333
fTR(1)         0.000000   fTR(2)         0.000000   fTR(3)         0.000000
fFus(1)        0.005592   fFus(2)        0.000000   fFus(3)       -0.248666
fFN(1)         0.000000   fFN(2)         0.000000   fFN(3)         0.000000
fHS(1)        -0.000633   fHS(2)         0.000000   fHS(3)        -0.046347
fPR(1)         0.000000   fPR(2)         0.000000   fPR(3)         0.000000
fCG(1)         0.000000   fCG(2)         0.000000   fCG(3)         0.000000
fR(1)   6.8097192e-008   fR(2)  -7.3902413e-009   fR(3)  -1.1011525e-006

 Moment Equilibrium    1003 
mMR(1)        -0.001134   mMR(2)        -0.022245   mMR(3)         0.000111
mTR(1)         0.000000   mTR(2)         0.000000   mTR(3)         0.000000
mFus(1)        0.000000   mFus(2)        0.001370   mFus(3)        0.000000
mFN(1)         0.000000   mFN(2)         0.000000   mFN(3)         0.000000
mHS(1)         0.000000   mHS(2)        -0.019951   mHS(3)         0.000000
mPR(1)         0.000000   mPR(2)         0.000000   mPR(3)         0.000000
mR(1)  -1.5298042e-008   mR(2)  -5.5041459e-007   mR(3)   1.5761543e-009
QR  7.2128903e-012
mW -4.0825510e-002


=I=I=I=I=I= Iteration Results =I=I=I=I=I=
xMR   11.125    xcg   10.458    dxCG    0.667    iRigMR   -5.0
cTs 0.10791   cT 0.00798   cLs 5.06703   cL 0.37472
aN     0.16084°    a1    0.08067°   b1    0.05526°
Br   aN     9.22°       a1    4.62°      b1    3.17°
716  aN     9.22°       a1    2.74°      b1    1.00°
mu  0.206154 lamD    0.00951    lamI    0.00833     mu*a1    0.00986     lamNf   -0.00035
A1S   -0.02186°    B1S    0.03737°
A1S    -1.25°    B1S     2.14°    alfD     4.95°   alfaNf     2.21°   alSm     0.60°
thtaN     13.80°    thtaTR    -0.09°
Trim   phi    -0.16°    thta    -2.64°
vBx    65.11    vBy     0.12    vBz    -3.00
fMR(1)          1464.95   fMR(2)          -416.87   fMR(3)       -111479.30
fTR(1)             0.00   fTR(2)           438.10   fTR(3)             0.00
fPR(1)             0.00   fPR(2)             0.00   fPR(3)             0.00
fFus(1)        -5439.75   fFus(2)          244.32   fFus(3)        16647.95
fFN(1)           -12.96   fFN(2)           -20.08   fFN(3)             0.00
fHS(1)          -176.19   fHS(2)             0.00   fHS(3)          4413.80
fCG(1)          4163.96   fCG(2)          -245.47   fCG(3)         90417.54
fWN(1)            -0.00   fWN(2)             0.00   fWN(3)            -0.00
fR(1)   9.6920898e-008   fR(2)  -8.6401144e-009   fR(3)  -7.5456951e-007

Moment Equilibrium
mMR(1)          -862.92   mMR(2)        -25685.02   mMR(3)            84.71
mTR(1)           920.04   mTR(2)             0.00   mTR(3)         -3866.88
mPR(1)             0.00   mPR(2)            -0.00   mPR(3)             0.00
mFus(1)            0.00   mFus(2)        -2232.19   mFus(3)         3623.31
mFN(1)           -57.12   mFN(2)            36.88   mFN(3)           158.85
mHS(1)             0.00   mHS(2)         27880.33   mHS(3)             0.00
mWN(1)             0.00   mWN(2)             0.00   mWN(3)             0.00
mR(1)  -1.7885327e-008   mR(2)  -2.1863456e-007   mR(3)   1.8299033e-009
==x=x===x===x=x==
MR Fx -8256.69    Fz -111182.77   thtaClmb    -0.00   torque 59540.69
dxMR    0.2304  Fx/Fz   -0.8°        mu   0.20615   oM  33.9  n  324.0

=I=I=I=I=I= End Of Iteration Results =I=I=I=I=I=


         ### stability derivatives ###
 R ._. R ._. << RotaryWingSim Data >> ._. R ._. R

       u              w            q         oM
x   -0.064816      0.073800     0.414812     0.105040
z    0.071414     -1.193340    -0.257707    -0.817708
m    0.007135     -0.040826    -0.234095    -0.016216

      measured  data
       u                w              q
x   -0.056400       0.136300        0.527100
z    0.127600      -1.234900       -1.318600
m    0.015900      -0.030000       -0.660100

Q    0.000000      -0.000000        0.000000       -0.000000

Xu      -0.064816       -598.04
Xw       0.073800        680.93
Xq       0.414812       6089.57
Zu       0.071414        658.91
Zw      -1.193340     -11010.56
Zwd      0.000000          0.00
Zq      -0.257707      -3783.23
Mu       0.007135         65.83
Mw      -0.040826       -376.68
Mwd      0.000000          0.00
Mq      -0.234095      -3436.59

##### SP and PH Mode ----- approximation ###
----- Short Period Mode -----
omega SP         1.7117
zeta  SP         0.4170
re  -0.7137 +  1.5558j
re  -0.7137 -  1.5558j

----- Phugoid Mode -----
omega PH         0.1366
zeta  PH         0.2802
re  -0.0383 +  0.1312j
re  -0.0383 -  0.1312j

A          1.0000
B          1.5040
C          3.0579
D          0.2511
E          0.0547

##### SP and PH Mode from quartic #####
A        1.000         1.000
B        1.492         1.492
C        3.014         3.014
D        0.222         0.222
E        0.055         0.055

Routh D        0.828

M thta        -0.000 

z1  -0.71247    1.54653j
z2  -0.71247   -1.54653j
z3  -0.03366    0.13346j
z4  -0.03366   -0.13346j

       Short Period                Phugoid
1  -0.12987  0.00000j        1.97270  0.00000j
2  -1.99489  0.00000j        0.32789  0.00000j
3  -0.01463  0.00000j        0.00372  0.00000j
4  -0.02176  0.00000j       -0.00364  0.00000j


----- Phugoid Mode -----
omega PH         0.1376
zeta  PH        -0.2445
period PH       47.0795
tHalf  PH       20.5948
N half PH        0.4374

----- Short Period Mode -----
omega SP         1.7028
zeta  SP        -0.4184
period SP        4.0628
tHalf  SP        0.9729
N half SP        0.2395


 M _ _ M _ _ << Measured Data >> _ _ M _ _ M
Xu      -0.056400       -520.38
Xw       0.136300       1257.60
Xq       0.527100       7738.00
Zu       0.127600       1177.32
Zw      -1.234900     -11394.02
Zwd      0.000000          0.00
Zq      -1.318600     -19357.47
Mu       0.015900        146.70
Mw      -0.030000       -276.80
Mwd      0.000000          0.00
Mq      -0.660100      -9690.48

##### SP and PH Mode ----- approximation ###
----- Short Period Mode -----
omega SP         1.6526
zeta  SP         0.5733
re  -0.9475 +  1.3540j
re  -0.9475 -  1.3540j

----- Phugoid Mode -----
omega PH         0.2359
zeta  PH         0.1252
re  -0.0295 +  0.2340j
re  -0.0295 -  0.2340j

A          1.0000
B          1.9541
C          2.8986
D          0.2667
E          0.1519

##### SP and PH Mode from quartic #####
A        1.000         1.000
B        1.951         1.951
C        2.812         2.812
D        0.152         0.152
E        0.155         0.155

Routh D        0.219

M thta        -0.000 

z1  -0.96806    1.33737j
z2  -0.96806   -1.33737j
z3  -0.00764    0.23839j
z4  -0.00764   -0.23839j

       Short Period                Phugoid
1   0.07050  0.00000j       -1.85161  0.00000j
2   1.99424  0.00000j       -0.74720  0.00000j
3   0.00819  0.00000j       -0.01105  0.00000j
4   0.01770  0.00000j       -0.00177  0.00000j


----- Phugoid Mode -----
omega PH         0.2385
zeta  PH        -0.0320
period PH       26.3563
tHalf  PH       90.7250
N half PH        3.4423

----- Short Period Mode -----
omega SP         1.6510
zeta  SP        -0.5864
period SP        4.6982
tHalf  SP        0.7160
N half SP        0.1524

dlc    24.58   dla    2.45   dle   -3.44      dlp    4.31      dlt    0.00
thtaN  13.80°   A1S  -1.25°   B1S   2.14°   thtaTR  -0.09°
TrimAC phi LFr      -0.16°    thta      -2.64°    psi      -0.10°
