reading aircraft data from ./data/RotDatPuma1a_phgd_p_shrtTrm_Ok.dat
reading Flight Data from ./data/fDataPuma1NNknt.flt
reading Rotor Data from ./data/fDataPuma1NNknt.flt


    #### RotaryWingSim ####
rhoAir        1.1553 kg/m³
thtaN   17.68°   twist   -10.88°
mHeli          12798.00 lb

nRot      260.0 1/min    oM     27.23 rad/s
oMR       204.33 m/s     oMR   670.36 ft/s
aBlade         16.21 m^2

rRotTR       1.30 m
nRotTR       1662.7 1/min
oMTR    174.12
oMRTR   204.33 m/s    oMRTR   670.36 ft/s
sigmaTR   0.2621

Area Mrot     176.93 m^2
m blade         4.5 kg
I blade      3892.9 kg*m^2
gamRot         12.2700
sigma           0.0916


Trim phi       0.00°    thta      -0.10°    psi      -0.10°   
vH     112.48 mph     vV          0 fpm
cTs  0.072823     cT  0.0067     cT2sa  0.0253     cL  0.2199
m Heli    56948.7 N      fpA        1.7 m^2          18.3 ft^2
Iyy Heli       33283.3 kg*m^2
Coordintats x,z    [m]         [ft]
Rotor      :   0.57   2.07        1.88   6.79
Rudder     :   9.13   2.10       29.96   6.89
Fin        :  10.03   2.84       32.90   9.33
H-Stab     :   9.38   0.50       30.78   1.64
Wing       :  -4.12   0.00      -13.52   0.00
Propeller  :  -4.08  -0.05      -13.40  -0.15
### Var ###
mu             27.227  vFlight    100.0 kn
thtaClmb      -0.0000     -0.0000°
cTsReq    0.07282    cTReq    0.00667    cT2saReq    0.02534
alfaD     248.28°    thtaClmb      -0.00°    thtaTrim      -0.10
trim iter 28     anorm 2.19638e-010

   deriv 3104
       u                w              q
x   -0.104807      0.280076    -0.034724
z   -0.120706     -1.060383     0.374077
m   -0.001207     -0.157410    -0.072853

 ====== u - derivatives ===== 
fMR(1)        -0.071539   fMR(2)         0.005647   fMR(3)        -0.033352
fTR(1)         0.000000   fTR(2)        -0.000000   fTR(3)         0.000000
fFus(1)       -0.019593   fFus(2)        0.001623   fFus(3)        0.003662
fFN(1)        -0.000050   fFN(2)        -0.000133   fFN(3)         0.000000
fHS(1)        -0.001601   fHS(2)         0.000000   fHS(3)        -0.007349
fPR(1)         0.000000   fPR(2)         0.000000   fPR(3)         0.000000
fCG(1)         0.000000   fCG(2)         0.000000   fCG(3)         0.000000
fR(1)  -5.3830040e-008   fR(2)   4.1641215e-009   fR(3)  -2.1445558e-008

 Moment Equilibrium    1001 
mMR(1)         0.000334   mMR(2)         0.026844   mMR(3)        -0.000564
mTR(1)        -0.000000   mTR(2)         0.000000   mTR(3)         0.000000
mFus(1)        0.000000   mFus(2)       -0.000383   mFus(3)        0.002360
mFN(1)        -0.000066   mFN(2)         0.000025   mFN(3)         0.000233
mHS(1)         0.000000   mHS(2)        -0.011885   mHS(3)         0.000000
mPR(1)         0.000000   mPR(2)         0.000000   mPR(3)         0.000000
mR(1)   9.2643404e-010   mR(2)   4.8491488e-008   mR(3)   6.6456778e-009
QR  6.6304482e-013
mU  1.4600588e-002

 ====== q - derivatives ===== 
fMR(1)         0.255334   fMR(2)        -0.454755   fMR(3)         0.472177
fTR(1)         0.000000   fTR(2)         0.000000   fTR(3)         0.000000
fFus(1)       -0.000428   fFus(2)        0.000000   fFus(3)        0.001297
fFN(1)         0.000000   fFN(2)         0.000000   fFN(3)         0.000000
fHS(1)        -0.009396   fHS(2)         0.000000   fHS(3)        -0.342047
fPR(1)         0.000000   fPR(2)         0.000000   fPR(3)         0.000000
fCG(1)         0.000000   fCG(2)         0.000000   fCG(3)         0.000000
fR(1)   1.4255533e-007   fR(2)  -2.6397129e-007   fR(3)   7.6350589e-008

 Moment Equilibrium    1002 
mMR(1)        -0.073084   mMR(2)        -0.171257   mMR(3)         0.045450
mTR(1)         0.000000   mTR(2)         0.000000   mTR(3)         0.000000
mFus(1)        0.000000   mFus(2)       -0.000091   mFus(3)        0.000000
mFN(1)         0.000000   mFN(2)         0.000000   mFN(3)         0.000000
mHS(1)         0.000000   mHS(2)        -0.558883   mHS(3)         0.000000
mPR(1)         0.000000   mPR(2)         0.000000   mPR(3)         0.000000
mR(1)  -2.4321253e-007   mR(2)  -2.4305611e-006   mR(3)   1.5116825e-007
QR -2.1613205e-012

 ====== w - derivatives ===== 
fMR(1)        -0.012233   fMR(2)         0.009044   fMR(3)        -0.733152
fTR(1)         0.000000   fTR(2)         0.000000   fTR(3)         0.000000
fFus(1)        0.007567   fFus(2)        0.000000   fFus(3)       -0.023169
fFN(1)         0.000000   fFN(2)         0.000000   fFN(3)         0.000000
fHS(1)        -0.000427   fHS(2)         0.000000   fHS(3)        -0.023862
fPR(1)         0.000000   fPR(2)         0.000000   fPR(3)         0.000000
fCG(1)         0.000000   fCG(2)         0.000000   fCG(3)         0.000000
fR(1)  -2.9238028e-009   fR(2)   5.2718860e-009   fR(3)  -4.5285164e-007

 Moment Equilibrium    1003 
mMR(1)        -0.002252   mMR(2)        -0.063616   mMR(3)        -0.000904
mTR(1)         0.000000   mTR(2)         0.000000   mTR(3)         0.000000
mFus(1)        0.000000   mFus(2)        0.001620   mFus(3)        0.000000
mFN(1)         0.000000   mFN(2)         0.000000   mFN(3)         0.000000
mHS(1)         0.000000   mHS(2)        -0.039008   mHS(3)         0.000000
mPR(1)         0.000000   mPR(2)         0.000000   mPR(3)         0.000000
mR(1)  -7.4587660e-009   mR(2)  -3.3627943e-007   mR(3)  -3.1147920e-009
QR  1.4821552e-012
mW -1.0100404e-001


=I=I=I=I=I= Iteration Results =I=I=I=I=I=
xMR   15.400    xcg   13.520    dxCG    1.880    iRigMR  -15.2
cTs 0.15039   cT 0.01378   cLs 5.24345   cL 0.48049
aN     0.24712°    a1    0.14161°   b1    0.09582°
Br   aN    14.16°       a1    8.11°      b1    5.49°
716  aN    14.16°       a1    4.86°      b1    2.02°
mu  0.239502 lamD    0.00845    lamI    0.01340     mu*a1    0.02032     lamNf   -0.01187
A1S   -0.00757°    B1S   -0.17299°
A1S    -0.43°    B1S    -9.91°    alfD     5.21°   alfaNf     0.35°   alSm    14.77°
thtaN     17.75°    thtaTR    -0.05°
Trim   phi    -2.12°    thta    -7.34°
vBx    49.74    vBy     0.32    vBz    -6.40
fMR(1)         -4237.60   fMR(2)          1511.03   fMR(3)        -57511.36
fTR(1)             0.00   fTR(2)           150.75   fTR(3)             0.00
fPR(1)             0.00   fPR(2)             0.00   fPR(3)             0.00
fFus(1)        -2825.19   fFus(2)          468.52   fFus(3)          611.79
fFN(1)            -6.67   fFN(2)           -38.52   fFN(3)             0.00
fHS(1)          -207.81   fHS(2)             0.00   fHS(3)           456.45
fCG(1)          7277.28   fCG(2)         -2091.78   fCG(3)         56443.12
fWN(1)            -0.00   fWN(2)             0.00   fWN(3)            -0.00
fR(1)   4.4396297e-008   fR(2)   6.5952008e-009   fR(3)  -4.8171536e-007

Moment Equilibrium
mMR(1)          -206.99   mMR(2)         -4092.31   mMR(3)          -865.86
mTR(1)           316.58   mTR(2)             0.00   mTR(3)         -1376.61
mPR(1)             0.00   mPR(2)            -0.00   mPR(3)             0.00
mFus(1)            0.00   mFus(2)         -312.84   mFus(3)         1856.19
mFN(1)          -109.59   mFN(2)            18.98   mFN(3)           386.28
mHS(1)             0.00   mHS(2)          4386.17   mHS(3)             0.00
mWN(1)             0.00   mWN(2)             0.00   mWN(3)             0.00
mR(1)  -4.8034963e-009   mR(2)  -1.6766638e-007   mR(3)  -3.8733106e-009
==x=x===x===x=x==
MR Fx -19168.21    Fz -54388.35   thtaClmb    -0.00   torque 30381.35
dxMR    0.4205  Fx/Fz    4.2°        mu   0.23950   oM  27.2  n  260.0

=I=I=I=I=I= End Of Iteration Results =I=I=I=I=I=


         ### stability derivatives ###
 R ._. R ._. << RotaryWingSim Data >> ._. R ._. R

       u              w            q         oM
x   -0.092783     -0.005092     0.245511     0.076422
z   -0.037037     -0.780178     0.131427    -0.829898
m    0.014600     -0.101004    -0.730232    -0.050344

      measured  data
       u                w              q
x   -0.027500       0.005000        0.700000
z   -0.028000      -0.880000       -0.861100
m    0.008000      -0.025000       -0.750000

Q    0.000000      -0.000000        0.000000       -0.000000

Xu      -0.092783       -538.62       -164.17
Xw      -0.005092        -29.56         -9.01
Xq       0.245511       8171.42      11031.42
Zu      -0.037037       -215.00        -65.53
Zw      -0.780178      -4529.07      -1380.46
Zwd      0.000000          0.00          0.00
Zq       0.131427       4374.33       5905.35
Mu       0.014600         84.76         25.83
Mw      -0.101004       -586.35       -178.72
Mwd      0.000000          0.00          0.00
Mq      -0.730232     -24304.57     -32811.17

##### SP and PH Mode ----- approximation ###
----- Short Period Mode -----
omega SP         2.3766
zeta  SP         0.3178
re  -0.7552 +  2.2534j
re  -0.7552 -  2.2534j

----- Phugoid Mode -----
omega PH         0.1623
zeta  PH         0.3612
re  -0.0586 +  0.1514j
re  -0.0586 -  0.1514j

A          1.0000
B          1.6277
C          5.8515
D          0.7020
E          0.1488

##### SP and PH Mode from quartic #####
quartic coefficients
A        1.000         1.000 
B        1.603         1.603 
C        5.784         5.784 
D        0.667         0.667 
E        0.445         0.148 

Routh D        4.597

M thta         0.000 

z1  -0.75241    2.23386j
z2  -0.75241   -2.23386j
z3  -0.04918    0.27880j
z4  -0.04918   -0.27880j

       Short Period                Phugoid
-0.74547    2.24383j
-0.74547   -2.24383j
-0.05613    0.15298j
-0.05613   -0.15298j
1   0.10192  0.00000j        1.98360  0.00000j
2   1.99083  0.00000j        0.25331  0.00000j
3   0.00145  0.00000j        0.00514  0.00000j
4   0.03551  0.00000j       -0.00741  0.00000j


----- Phugoid Mode -----
omega PH         0.1630
zeta  PH        -0.3445
fhi  PH       -69.8517
period PH       41.0724
tHalf  PH       12.3493
N half PH        0.3007

 M _ _ M _ _ << Measured Data >> _ _ M _ _ M
Xu      -0.027500       -159.64        -48.66
Xw       0.005000         29.03          8.85
Xq       0.700000      23298.34      31452.76
Zu      -0.028000       -162.54        -49.54
Zw      -0.880000      -5108.55      -1557.09
Zwd      0.000000          0.00          0.00
Zq      -0.861100     -28660.29     -38691.39
Mu       0.008000         46.44         14.16
Mw      -0.025000       -145.13        -44.24
Mwd      0.000000          0.00          0.00
Mq      -0.750000     -24962.51     -33699.38

##### SP and PH Mode ----- approximation ###
----- Short Period Mode -----
omega SP         1.3756
zeta  SP         0.5925
re  -0.8150 +  1.1081j
re  -0.8150 -  1.1081j

----- Phugoid Mode -----
omega PH         0.1986
zeta  PH         0.1567
re  -0.0311 +  0.1961j
re  -0.0311 -  0.1961j

A          1.0000
B          1.6922
C          2.0330
D          0.1821
E          0.0746

##### SP and PH Mode from quartic #####
quartic coefficients
A        1.000         1.000 
B        1.658         1.658 
C        1.932         1.932 
D        0.123         0.123 
E        0.228         0.076 

Routh D       -0.246

M thta         0.000 

z1  -0.85059    1.07772j
z2  -0.85059   -1.07772j
z3   0.02184    0.34694j
z4   0.02184   -0.34694j

       Short Period                Phugoid
-0.81351    1.08576j
-0.81351   -1.08576j
-0.01524    0.20253j
-0.01524   -0.20253j
1   0.24308  0.00000j        1.96018  0.00000j
2   1.98412  0.00000j        0.38779  0.00000j
3   0.00281  0.00000j        0.00823  0.00000j
4   0.02455  0.00000j       -0.00166  0.00000j


----- Phugoid Mode -----
omega PH         0.2031
zeta  PH        -0.0750
fhi  PH       -85.6960
period PH       31.0234
tHalf  PH       45.4739
N half PH        1.4658
dlc    31.61   dla    3.76   dle  -20.00      dlp    4.28      dlt    0.00
thtaN  17.75°   A1S  -0.43°   B1S  -9.91°   thtaTR  -0.05°
TrimAC phi LFr      -2.12°    thta      -7.34°    psi      -0.10°
