reading aircraft data from ./data/MntGmPrNoCm_smallB1C.dat
reading Flight Data from ./data/fDataMntGmPrNoCm_smallB1C.flt
reading Rotor Data from ./data/fDataMntGmPrNoCm_smallB1C.flt


#### RotaryWingSim ####
rhoAir          1.2261 kg/m°
thtaN    3.50°   twist     0.00°
mHeli           794.00 lb

nRot      384.8 1/min    oM     40.30 rad/s
oMR       153.54 m/s     oMR   503.75 ft/s
aBlade          1.50 m^2

rRotTR       0.08 m
nRotTR       1662.7 1/min
oMTR    174.12
oMRTR   153.54 m/s    oMRTR   503.75 ft/s
sigmaTR   0.1783

Area Mrot      45.60 m^2
m blade         6.9 kg     estimated
I blade       181.8 kg*m^2
gamRot         18.0000
sigma           0.0329


Trim phi      -0.60°    thta       1.20°    psi       0.00°   
vH      60.15 mph     vV          0 fpm
cTs   0.08141105     cT  0.0027     cT2sa  0.0283     cL  0.1744
m Heli     3533.2 N      fpA        1.2 m^2          12.8 ft^2
Iyy Heli         870.8 kg*m^2
Coordintats x,z    [m]         [ft]
Rotor      :   0.44   2.10        1.45   6.90
Rudder     :   8.52   0.00       27.95   0.00
Fin        :   3.37   0.41       11.05   1.33
H-Stab     :   2.12   0.02        6.95   0.06
Wing       :   0.46  -0.00        1.50  -0.00
Propeller  :  -0.89   0.00       -2.92   0.00
### Var ###
mu             40.300  vFlight     53.5 kn
thtaClmb      -0.0000     -0.0000°
cTsReq    0.08141    cTReq    0.00268    cT2saReq    0.02832
alfaD     367.49°    thtaClmb      -0.00°    thtaTrim       1.20
trim iter 26     anorm 3.33602e-011

 ====== u - derivatives ===== 
fMR(1)        -0.065294   fMR(2)        -0.001029   fMR(3)        -0.228221
fTR(1)         0.000000   fTR(2)         0.000000   fTR(3)         0.000000
fFus(1)       -0.124679   fFus(2)        0.000004   fFus(3)        0.021810
fFN(1)        -0.000000   fFN(2)         0.001182   fFN(3)         0.000000
fHS(1)        -0.000000   fHS(2)         0.000000   fHS(3)         0.000000
fPR(1)        -0.022064   fPR(2)         0.000000   fPR(3)         0.000000
fCG(1)         0.000000   fCG(2)         0.000000   fCG(3)         0.000000
fR(1)  -7.6585390e-009   fR(2)   4.0056847e-013   fR(3)  -7.4327383e-009

 Moment Equilibrium    1001 
mMR(1)        -0.000895   mMR(2)         0.015079   mMR(3)         0.000188
mTR(1)         0.000000   mTR(2)         0.000000   mTR(3)         0.000000
mFus(1)        0.000000   mFus(2)        0.000000   mFus(3)        0.001602
mFN(1)         0.000199   mFN(2)         0.000000   mFN(3)        -0.001646
mHS(1)         0.000000   mHS(2)         0.000000   mHS(3)         0.000000
mPR(1)         0.000000   mPR(2)         0.000000   mPR(3)         0.000000
mR(1)  -6.6563643e-011   mR(2)   1.3128008e-009   mR(3)   2.1589841e-011
QR  6.8696161e-012

 ====== q - derivatives ===== 
fMR(1)         0.360838   fMR(2)        -0.320309   fMR(3)         0.025732
fTR(1)         0.000000   fTR(2)         0.000000   fTR(3)         0.000000
fFus(1)       -0.000811   fFus(2)        0.000000   fFus(3)        0.002670
fFN(1)         0.000000   fFN(2)         0.000000   fFN(3)         0.000000
fHS(1)         0.000000   fHS(2)         0.000000   fHS(3)        -0.000003
fPR(1)         0.000000   fPR(2)         0.000000   fPR(3)         0.000000
fCG(1)         0.000000   fCG(2)         0.000000   fCG(3)         0.000000
fR(1)   1.2944813e-008   fR(2)  -1.1541435e-008   fR(3)   1.0246520e-009

 Moment Equilibrium    1002 
mMR(1)        -0.278614   mMR(2)        -0.309163   mMR(3)         0.058549
mTR(1)         0.000000   mTR(2)         0.000000   mTR(3)         0.000000
mFus(1)        0.000000   mFus(2)        0.000000   mFus(3)        0.000000
mFN(1)         0.000000   mFN(2)         0.000000   mFN(3)         0.000000
mHS(1)         0.000000   mHS(2)        -0.000002   mHS(3)         0.000000
mPR(1)         0.000000   mPR(2)         0.000000   mPR(3)         0.000000
mR(1)  -2.4267925e-008   mR(2)  -2.6922665e-008   mR(3)   5.1075837e-009
QR -4.0586868e-012

 ====== w - derivatives ===== 
fMR(1)        -0.213151   fMR(2)        -0.009457   fMR(3)        -0.990269
fTR(1)         0.000000   fTR(2)         0.000000   fTR(3)         0.000000
fFus(1)        0.038984   fFus(2)        0.000000   fFus(3)       -0.128972
fFN(1)         0.000000   fFN(2)         0.000000   fFN(3)         0.000000
fHS(1)        -0.000000   fHS(2)         0.000000   fHS(3)         0.000002
fPR(1)         0.000000   fPR(2)         0.000000   fPR(3)         0.000000
fCG(1)         0.000000   fCG(2)         0.000000   fCG(3)         0.000000
fR(1)  -6.2946383e-009   fR(2)  -3.4585756e-010   fR(3)  -4.0308701e-008

 Moment Equilibrium    1003 
mMR(1)        -0.008226   mMR(2)         0.004392   mMR(3)         0.001729
mTR(1)         0.000000   mTR(2)         0.000000   mTR(3)         0.000000
mFus(1)        0.000000   mFus(2)        0.000000   mFus(3)        0.000000
mFN(1)         0.000000   mFN(2)         0.000000   mFN(3)         0.000000
mHS(1)         0.000000   mHS(2)         0.000002   mHS(3)         0.000000
mPR(1)         0.000000   mPR(2)         0.000000   mPR(3)         0.000000
mR(1)  -7.2228179e-010   mR(2)   3.8231369e-010   mR(3)   1.5958435e-010
QR  2.5231836e-011


=I=I=I=I=I= Iteration Results =I=I=I=I=I=
xMR    4.500    xcg    3.050    dxCG    1.450    iRigMR   11.0
cTs 0.07149   cT 0.00235   cLs 5.60760   cL 0.18458
aN     0.17583°    a1    0.03684°   b1    0.04734°
Br   aN    10.07°       a1    2.11°      b1    2.71°
716  aN    10.07°       a1    1.80°      b1    1.92°
mu  0.157966 lamD    0.01660    lamI    0.00743     mu*a1    0.00495     lamNf    0.01165
A1S   -0.00710°    B1S    0.03040°
A1S    -0.41°    B1S     1.74°    alfD     8.65°   alfaNf     6.86°   alSm     0.05°
thtaN      3.50°    thtaTR    -0.05°
Trim   phi    -0.08°    thta    -2.35°
vBx    26.79    vBy     0.00    vBz    -1.10
fMR(1)          -769.85   fMR(2)            -1.10   fMR(3)         -3663.43
fTR(1)             0.00   fTR(2)            -0.00   fTR(3)             0.00
fPR(1)          1235.20   fPR(2)             0.00   fPR(3)             0.00
fFus(1)         -610.06   fFus(2)            0.04   fFus(3)          133.24
fFN(1)            -0.00   fFN(2)             5.69   fFN(3)             0.00
fHS(1)            -0.00   fHS(2)             0.00   fHS(3)             0.00
fCG(1)           144.72   fCG(2)            -4.63   fCG(3)          3530.19
fWN(1)            -0.00   fWN(2)             0.00   fWN(3)            -0.00
fR(1)  -2.2722839e-009   fR(2)   3.8680170e-012   fR(3)  -1.2457696e-008

Moment Equilibrium
mMR(1)            -2.31   mMR(2)            -0.01   mMR(3)             0.49
mTR(1)            -0.00   mTR(2)             0.00   mTR(3)             0.00
mPR(1)             0.00   mPR(2)            -0.00   mPR(3)             0.00
mFus(1)            0.00   mFus(2)            0.00   mFus(3)           18.69
mFN(1)             2.31   mFN(2)             0.00   mFN(3)           -19.17
mHS(1)             0.00   mHS(2)             0.01   mHS(3)             0.00
mWN(1)             0.00   mWN(2)            -0.00   mWN(3)             0.00
mR(1)   1.3232970e-011   mR(2)  -7.8584010e-010   mR(3)   5.0199844e-012
==x=x===x===x=x==
MR Fx   -56.69    Fz -3743.02   thtaClmb    -0.00   torque     0.00
dxMR    0.0000  Fx/Fz   11.9°        mu   0.15797   oM  44.2  n  422.4

=I=I=I=I=I= End Of Iteration Results =I=I=I=I=I=


 R ._. R ._. << RotaryWingSim Data >> ._. R ._. R
              ### stability derivatives ###

       u              w            q         oM
x   -0.212037     -0.174167     0.360027    -0.062484
z   -0.206415     -1.119235     0.028409    -0.345936
m    0.003958      0.001153    -0.081146    -0.002368

      measured  data
       u                w              q
x   -0.230000      -0.205000        1.700000
z   -0.125200      -1.180000        1.250000
m   -0.001000       0.015000       -0.725000

Q    0.000000      -0.000000        0.000000       -0.000000

Xu      -0.212037        -76.37
Xw      -0.174167        -62.73
Xq       0.360027        313.51
Zu      -0.206415        -74.34
Zw      -1.119235       -403.10
Zwd      0.000000          0.00
Zq       0.028409         24.74
Mu       0.003958          1.43
Mw       0.001153          0.42
Mwd      0.000000          0.00
Mq      -0.081146        -70.66

##### SP and PH Mode ----- approximation ###
----- Short Period Mode -----
omega SP         0.2447
zeta  SP         2.4531
re  -0.6002 +   0.5481
re  -0.6002 -   0.5481

----- Phugoid Mode -----
omega PH         0.8292
zeta  PH         0.5994
re  -0.4971 +  0.6637j
re  -0.4971 -  0.6637j

A          1.0000
B          2.1945
C          2.5415
D          1.4821
E          0.4542

##### SP and PH Mode from quartic #####
A        1.000         1.000
B        1.412         1.412
C        0.277         0.277
D        0.066         0.066
E        0.041         0.041

Routh D       -0.061

M thta        -0.000 

z1  -1.20404    0.00000j
z2  -0.37815    0.00000j
z3   0.08488    0.28828j
z4   0.08488   -0.28828j

       Short Period                Phugoid
1   1.94718  0.00000j       -1.01829  0.00000j
2  -0.20647  0.00000j       -0.42747  0.00000j
3   0.01000  0.00000j        0.01059  0.00000j
4  -0.05490  0.00000j       -0.02499  0.00000j

Xu      -0.230000        -82.84
Xw      -0.205000        -73.83
Xq       1.700000       1480.37
Zu      -0.125200        -45.09
Zw      -1.180000       -424.99
Zwd      0.000000          0.00
Zq       1.250000       1088.51
Mu      -0.001000         -0.36
Mw       0.015000          5.40
Mwd      0.000000          0.00
Mq      -0.725000       -631.34

##### SP and PH Mode ----- approximation ###
----- Short Period Mode -----
omega SP         0.6592
zeta  SP         1.4450
re  -0.9525 +   0.6876
re  -0.9525 -   0.6876

----- Phugoid Mode -----
negative oMg2_PH

##### SP and PH Mode from quartic #####
A        1.000         1.000
B        2.135         2.135
C        0.849         0.849
D        0.071         0.071
E       -0.030        -0.030

Routh D        0.260

M thta        -0.000 

z1  -1.65463    0.00000j
z2  -0.30694    0.20393j
z3  -0.30694   -0.20393j
z4   0.13351    0.00000j

       Short Period                Phugoid
1   1.18053  0.00000j       -0.02419  0.00000j
2   0.98827 -0.28730j        0.20194  0.28730j
3  -0.01288 -0.00904j        0.00704  0.00904j
4   0.01703  0.02434j        0.04088 -0.02434j

