                                   aHS= 1.0
==a=a=== frc func ===a=a==  
xMR    4.500    xcg    4.050    dxCG    0.450    iRigMR   12.0
cTs 0.06222   cT 0.00220   cLs 4.32931   cL 0.15307
aN     0.01718°    a1    0.02883°   b1    0.01327°
Br   aN     0.98°       a1    1.65°      b1    0.76°
716  aN     0.89°       a1    1.40°      b1    0.20°
mmt  aN     6.95°       a1    1.47°      b1    2.95°
mu  0.166      oM 40.104[1/s]  n 383.0[1/min]   oMR  158.9[m/s]   oMR  521.3[ft/s]
lamD    0.02614    lamI    0.00658     lamNf    0.02209     mu*a1    0.00404
A1S   -0.00015°    B1S    0.03944°
A1S    -0.01°     B1S     2.26°
alfaNf  9.83°  alfaD 11.23°   alfaS 12.09°   alSm    -0.86°
thtaN      2.00°       thtaClmb    -0.00      thtaTR     6.77°
Trim   phi    -0.10°    thta     0.09°    psi     0.00°
dDrgN   0.0115  dDrg1  -0.0126  dDrg2   0.4500
vBx    26.75    vBy    -0.00    vBz     0.04    V    87.76 [fps]
vEx    60.00    vEy     0.00    vEz    -0.00    V    60.00 [mph]
MR    Fx  -644.69   Fz -3300.73   Fx/Fz   11.1°    Fx/Fz2   11.2°    dxMR   -0.2426

fMR(1)          -644.69   fMR(2)            -0.00   fMR(3)         -3300.73
fTR(1)             0.00   fTR(2)             0.00   fTR(3)             0.00
fPR(1)          1167.48   fPR(2)             0.00   fPR(3)             0.00
fFus(1)         -457.06   fFus(2)           -0.00   fFus(3)           78.63
fFN(1)            -5.76   fFN(2)             6.09   fFN(3)             0.00
fHS(1)           -54.17   fHS(2)             0.00   fHS(3)          -310.87
fCG(1)            -5.78   fCG(2)            -6.08   fCG(3)          3533.14
fWN(1)            -0.02   fWN(2)             0.00   fWN(3)            -0.17
fR(1)  -6.3573986e-011   fR(2)  -8.7547747e-012   fR(3)   1.3417739e-011

Moment Equilibrium
mMR(1)            -0.00   mMR(2)           824.53   mMR(3)             0.00
mTR(1)             0.00   mTR(2)             0.00   mTR(3)             0.00
mPR(1)             0.00   mPR(2)            53.38   mPR(3)             0.00
mFus(1)            0.00   mFus(2)          -66.93   mFus(3)           18.64
mFN(1)             0.00   mFN(2)             7.61   mFN(3)           -18.64
mHS(1)             0.00   mHS(2)          -818.56   mHS(3)             0.00
mWN(1)             0.00   mWN(2)            -0.02   mWN(3)             0.00
mR(1)  -1.3352293e-011   mR(2)  -4.8105513e-012   mR(3)   1.8900437e-012
==x=x=== end frc func ===x=x==

f2 =

   1.0000             3.4063            23.1883 + 0.0000i   3.4126             1.7242 - 0.0000i

z1  -1.65374    4.46472j
z2  -1.65374   -4.46472j
z3  -0.06692    0.26559j
z4  -0.06692   -0.26559j

Routh D      230.968


      RotaryWingSim  
       u                w              q
x   -0.174697      -0.249357        2.511503
z   -0.259987      -2.042387        0.372604
m   -0.009724      -0.743130       -1.224236

      Measured  Data
       u                w              q
x   -0.230000      -0.205000        1.700000
z   -0.125200      -1.180000        1.250000
m   -0.001000       0.015000       -0.725000


iterating oM            aHS=0
==a=a=== frc func ===a=a==
xMR    4.500    xcg    4.050    dxCG    0.450    iRigMR   12.0
cTs 0.06219   cT 0.00220   cLs 4.27428   cL 0.15113
aN     0.01717°    a1    0.02905°   b1    0.01322°
Br   aN     0.98°       a1    1.66°      b1    0.76°
716  aN     0.89°       a1    1.41°      b1    0.20°
mmt  aN     6.94°       a1    1.48°      b1    2.96°
mu  0.167      oM 39.850[1/s]  n 380.5[1/min]   oMR  157.9[m/s]   oMR  518.1[ft/s]
lamD    0.02615    lamI    0.00653     lamNf    0.02206     mu*a1    0.00409
A1S   -0.00015°    B1S    0.18816°
A1S    -0.01°     B1S    10.78°
alfaNf  9.74°  alfaD 11.15°   alfaS 20.52°   alSm    -9.38°
thtaN      2.00°       thtaClmb    -0.00      thtaTR     6.77°
Trim   phi    -0.10°    thta     8.52°    psi     0.00°
dDrgN   0.0115  dDrg1  -0.0126  dDrg2   0.4500
vBx    26.45    vBy    -0.01    vBz     3.97    V    87.76 [fps]
vEx    60.00    vEy     0.00    vEz    -0.00    V    60.00 [mph]
MR    Fx  -146.64   Fz -3316.23   Fx/Fz    2.5°    Fx/Fz2    2.5°    dxMR    0.0496

fMR(1)          -146.64   fMR(2)            -0.00   fMR(3)         -3316.23
fTR(1)             0.00   fTR(2)             0.00   fTR(3)             0.00
fPR(1)          1145.94   fPR(2)             0.00   fPR(3)             0.00
fFus(1)         -469.57   fFus(2)           -0.16   fFus(3)         -173.48
fFN(1)            -5.61   fFN(2)             5.97   fFN(3)             0.00
fHS(1)            -0.33   fHS(2)             0.00   fHS(3)            -4.03
fCG(1)          -523.73   fCG(2)            -5.81   fCG(3)          3494.12
fWN(1)            -0.05   fWN(2)             0.00   fWN(3)            -0.37
fR(1)  -5.8833369e-011   fR(2)  -9.0736307e-012   fR(3)   1.7885471e-011

Moment Equilibrium
mMR(1)            -0.00   mMR(2)          -164.33   mMR(3)             0.00
mTR(1)             0.00   mTR(2)             0.00   mTR(3)             0.00
mPR(1)             0.00   mPR(2)            52.39   mPR(3)             0.00
mFus(1)            0.00   mFus(2)          115.18   mFus(3)           18.29
mFN(1)             0.00   mFN(2)             7.42   mFN(3)           -18.29
mHS(1)             0.00   mHS(2)           -10.62   mHS(3)             0.00
mWN(1)             0.00   mWN(2)            -0.03   mWN(3)             0.00
mR(1)  -1.4028442e-011   mR(2)   3.0861608e-011   mR(3)   2.1174174e-012
==x=x=== end frc func ===x=x==

f2 =

   1.0000             3.5956             3.7831 - 0.0000i   0.4076 + 0.0000i   0.0504          

z1  -2.35548    0.00000j
z2  -1.14922    0.00000j
z3  -0.05238    0.11040j
z4  -0.05238   -0.11040j

Routh D        3.106


      RotaryWingSim  
       u                w              q
x   -0.118397      -0.091596        2.465513
z   -0.072092      -1.446137       -0.373274
m    0.003353       0.010110       -2.044922

      Measured  Data
       u                w              q
x   -0.230000      -0.205000        1.700000
z   -0.125200      -1.180000        1.250000
m   -0.001000       0.015000       -0.725000

RotaryWingSim End

############################


iterating oM

==a=a=== frc func ===a=a==
xMR    4.500    xcg    3.850    dxCG    0.650    iRigMR   10.0
cTs 0.06736   cT 0.00238   cLs 4.57696   cL 0.16183
aN     0.01881°    a1    0.03344°   b1    0.01433°
Br   aN     1.08°       a1    1.92°      b1    0.82°
716  aN     0.97°       a1    1.61°      b1    0.22°
mmt  aN     6.94°       a1    1.50°      b1    2.97°
mu  0.168      oM 39.590[1/s]  n 378.1[1/min]   oMR  156.9[m/s]   oMR  514.7[ft/s]
lamD    0.02474    lamI    0.00703     lamNf    0.02000     mu*a1    0.00474
A1S   -0.00085°    B1S    0.03802°
A1S    -0.05°     B1S     2.18°
alfaNf  9.15°  alfaD 10.76°   alfaS 11.33°   alSm    -0.57°
thtaN      2.50°       thtaClmb    -0.00      thtaTR     6.77°
Trim   phi    -0.07°    thta     1.33°    psi     0.00°
dDrgN   0.0115  dDrg1  -0.0126  dDrg2   0.4500
vBx    26.74    vBy    -0.00    vBz     0.62    V    87.76 [fps]
vEx    60.00    vEy     0.00    vEz    -0.00    V    60.00 [mph]
MR    Fx   -69.67   Fz -3552.83   Fx/Fz   11.1°    Fx/Fz2    1.1°    dxMR   -0.0665

fMR(1)          -685.56   fMR(2)            -1.80   fMR(3)         -3486.76
fTR(1)             0.00   fTR(2)             0.00   fTR(3)             0.00
fPR(1)          1256.65   fPR(2)             0.00   fPR(3)             0.00
fFus(1)         -455.73   fFus(2)           -0.02   fFus(3)           53.77
fFN(1)            -5.76   fFN(2)             6.08   fFN(3)             0.00
fHS(1)           -27.78   fHS(2)             0.00   fHS(3)           -99.01
fCG(1)           -81.79   fCG(2)            -4.26   fCG(3)          3532.20
fWN(1)            -0.03   fWN(2)             0.00   fWN(3)            -0.21
fR(1)  -6.2544272e-011   fR(2)  -7.2857276e-012   fR(3)   2.3598512e-011

Moment Equilibrium
mMR(1)            -2.47   mMR(2)           249.51   mMR(3)             0.36
mTR(1)             0.00   mTR(2)             0.00   mTR(3)             0.00
mPR(1)             0.00   mPR(2)            57.45   mPR(3)             0.00
mFus(1)            0.00   mFus(2)          -42.75   mFus(3)           18.64
mFN(1)             2.47   mFN(2)             2.34   mFN(3)           -18.99
mHS(1)             0.00   mHS(2)          -266.53   mHS(3)             0.00
mWN(1)             0.00   mWN(2)            -0.03   mWN(3)             0.00
mR(1)  -7.2342132e-012   mR(2)  -4.4546797e-012   mR(3)   2.0357049e-012
==x=x=== end frc func ===x=x==



>> 