thtaN fixed
1) ==a=a=== frc func ===a=a==
xMR    6.500    xcg    6.450    dxCG    0.050    iRigMR    0.0
cTs 0.07932   cT 0.00476   cLs 6.20476   cL 0.37228
aN     0.16689°    a1    0.04407°   b1    0.05653°
Br   aN     9.56°       a1    2.53°      b1    3.24°
716  aN     8.51°       a1    2.31°      b1    1.81°
mmt  aN     6.97°       a1    1.40°      b1    2.90°
mu  0.158      oM 23.049[1/s]  n 220.1[1/min]   oMR  133.5[m/s]   oMR  437.9[ft/s]
lamD    0.01225    lamI    0.01507     lamNf    0.00588     mu*a1    0.00637
A1S   -0.01125°    B1S    0.08537°
A1S    -0.64°     B1S     4.89°
alfaNf  7.58°  alfaD  9.89°   alfaS 12.47°   alSm    -2.58°
thtaN      4.54°       thtaClmb   -15.01      thtaTR     6.78°
Trim   phi    -0.10°    thta    -2.56°    psi    -0.00°
dDrgN   0.0105  dDrg1  -0.0586  dDrg2   0.2700
vBx    20.68    vBy    -0.01    vBz     4.57    V    69.48 [fpm]
vEx    45.88    vEy     0.00    vEz -1080.00    V    47.50 [mph]
MR    Fx    77.21   Fz -10366.57   Fx/Fz   -0.4°    dxMR    0.0277

fMR(1)            77.21   fMR(2)            -0.00   fMR(3)        -10366.57
fTR(1)             0.00   fTR(2)             0.00   fTR(3)             0.00
fPR(1)           136.87   fPR(2)             0.00   fPR(3)             0.00
fFus(1)         -681.94   fFus(2)           -0.96   fFus(3)         -951.36
fFN(1)           -37.57   fFN(2)            20.36   fFN(3)             0.00
fHS(1)            -0.00   fHS(2)             0.00   fHS(3)            -0.00
fCG(1)           505.43   fCG(2)           -19.40   fCG(3)         11317.93
fWN(1)            -0.00   fWN(2)             0.00   fWN(3)             0.00
fR(1)  -1.6408067e-011   fR(2)   6.7785777e-012   fR(3)  -1.5693907e-011

Moment Equilibrium
mMR(1)            -0.00   mMR(2)          -287.43   mMR(3)             0.00
mTR(1)             0.00   mTR(2)             0.00   mTR(3)             0.00
mPR(1)             0.00   mPR(2)            -0.00   mPR(3)             0.00
mFus(1)            0.00   mFus(2)          260.71   mFus(3)           78.50
mFN(1)             0.00   mFN(2)            26.72   mFN(3)           -78.50
mHS(1)             0.00   mHS(2)            -0.00   mHS(3)             0.00
mWN(1)             0.00   mWN(2)            -0.00   mWN(3)             0.00
mR(1)  -5.9557692e-013   mR(2)   1.4712932e-011   mR(3)  -2.7199576e-011
==x=x=== end frc func ===x=x==

oM fixed
2) ==a=a=== frc func ===a=a==
xMR    6.500    xcg    6.450    dxCG    0.050    iRigMR    0.0
cTs 0.07162   cT 0.00430   cLs 6.20288   cL 0.37217
aN     0.14953°    a1    0.03610°   b1    0.05029°
Br   aN     8.57°       a1    2.07°      b1    2.88°
716  aN     7.64°       a1    1.90°      b1    1.54°
mmt  aN     6.99°       a1    1.32°      b1    2.85°
mu  0.149      oM 24.263[1/s]  n 231.7[1/min]   oMR  140.5[m/s]   oMR  461.0[ft/s]
lamD    0.01359    lamI    0.01437     lamNf    0.00863     mu*a1    0.00496
A1S   -0.00859°    B1S    0.07257°
A1S    -0.49°     B1S     4.16°
alfaNf  8.78°  alfaD 10.69°   alfaS 12.94°   alSm    -2.25°
thtaN      3.82°       thtaClmb   -15.01      thtaTR     6.78°
Trim   phi    -0.10°    thta    -2.08°    psi    -0.00°
dDrgN   0.0105  dDrg1  -0.0586  dDrg2   0.2700
vBx    20.64    vBy    -0.01    vBz     4.74    V    69.48 [fpm]
vEx    45.88    vEy     0.00    vEz -1080.00    V    47.50 [mph]
MR    Fx    83.65   Fz -10364.55   Fx/Fz   -0.5°    dxMR    0.0288

fMR(1)            83.65   fMR(2)            -0.00   fMR(3)        -10364.55
fTR(1)             0.00   fTR(2)             0.00   fTR(3)             0.00
fPR(1)           227.05   fPR(2)             0.00   fPR(3)             0.00
fFus(1)         -684.85   fFus(2)           -0.99   fFus(3)         -957.18
fFN(1)           -37.43   fFN(2)            20.29   fFN(3)             0.00
fHS(1)            -0.00   fHS(2)             0.00   fHS(3)            -0.00
fCG(1)           411.58   fCG(2)           -19.30   fCG(3)         11321.74
fWN(1)            -0.00   fWN(2)             0.00   fWN(3)             0.00
fR(1)  -1.9972501e-011   fR(2)   6.6435746e-012   fR(3)  -8.3551871e-012

Moment Equilibrium
mMR(1)            -0.00   mMR(2)          -298.19   mMR(3)             0.00
mTR(1)             0.00   mTR(2)             0.00   mTR(3)             0.00
mPR(1)             0.00   mPR(2)            -0.00   mPR(3)             0.00
mFus(1)            0.00   mFus(2)          271.57   mFus(3)           78.22
mFN(1)             0.00   mFN(2)            26.62   mFN(3)           -78.22
mHS(1)             0.00   mHS(2)            -0.00   mHS(3)             0.00
mWN(1)             0.00   mWN(2)            -0.00   mWN(3)             0.00
mR(1)  -9.0527692e-013   mR(2)   1.7963103e-011   mR(3)  -2.7355895e-011
==x=x=== end frc func ===x=x==

3) ==a=a=== frc func ===a=a==
xMR    6.500    xcg    6.450    dxCG    0.050    iRigMR    0.0
cTs 0.07126   cT 0.00428   cLs 6.17967   cL 0.37078
aN     0.14755°    a1    0.03453°   b1    0.04974°
Br   aN     8.45°       a1    1.98°      b1    2.85°
716  aN     7.55°       a1    1.82°      b1    1.52°
mmt  aN     6.99°       a1    1.31°      b1    2.84°
mu  0.149      oM 24.313[1/s]  n 232.2[1/min]   oMR  140.8[m/s]   oMR  461.9[ft/s]
lamD    0.01640    lamI    0.01437     lamNf    0.01167     mu*a1    0.00473
A1S   -0.00747°    B1S    0.07045°
A1S    -0.43°     B1S     4.04°
alfaNf  9.98°  alfaD 11.80°   alfaS 14.01°   alSm    -2.21°
thtaN      3.54°       thtaClmb   -15.01      thtaTR     6.78°
Trim   phi    -0.10°    thta    -1.01°    psi    -0.00°
dDrgN   0.0105  dDrg1  -0.0386  dDrg2   0.2700
vBx    20.55    vBy    -0.01    vBz     5.13    V    69.48 [fpm]
vEx    45.88    vEy     0.00    vEz -1080.00    V    47.50 [mph]
MR    Fx    99.29   Fz -10355.68   Fx/Fz   -0.5°    dxMR    0.0313

fMR(1)            99.29   fMR(2)            -0.00   fMR(3)        -10355.68
fTR(1)             0.00   fTR(2)             0.00   fTR(3)             0.00
fPR(1)           430.77   fPR(2)             0.00   fPR(3)             0.00
fFus(1)         -692.27   fFus(2)           -1.05   fFus(3)         -971.79
fFN(1)           -37.08   fFN(2)            20.11   fFN(3)             0.00
fHS(1)            -0.00   fHS(2)             0.00   fHS(3)            -0.00
fCG(1)           199.30   fCG(2)           -19.06   fCG(3)         11327.46
fWN(1)            -0.00   fWN(2)             0.00   fWN(3)             0.00
fR(1)  -2.0459081e-011   fR(2)   6.3664629e-012   fR(3)  -1.3157522e-011

Moment Equilibrium
mMR(1)            -0.00   mMR(2)          -324.27   mMR(3)             0.00
mTR(1)             0.00   mTR(2)             0.00   mTR(3)             0.00
mPR(1)             0.00   mPR(2)            -0.00   mPR(3)             0.00
mFus(1)            0.00   mFus(2)          297.90   mFus(3)           77.55
mFN(1)             0.00   mFN(2)            26.37   mFN(3)           -77.55
mHS(1)             0.00   mHS(2)            -0.00   mHS(3)             0.00
mWN(1)             0.00   mWN(2)            -0.00   mWN(3)             0.00
mR(1)  -1.2626231e-012   mR(2)   1.6665639e-011   mR(3)  -2.7100100e-011
==x=x=== end frc func ===x=x==
4) ==a=a=== frc func ===a=a==
xMR    6.500    xcg    6.450    dxCG    0.050    iRigMR    0.0
cTs 0.06131   cT 0.00368   cLs 6.09636   cL 0.36578
aN     0.12338°    a1    0.02369°   b1    0.04165°
Br   aN     7.07°       a1    1.36°      b1    2.39°
716  aN     6.35°       a1    1.27°      b1    1.17°
mmt  aN     7.02°       a1    1.19°      b1    2.76°
mu  0.136      oM 26.173[1/s]  n 249.9[1/min]   oMR  151.6[m/s]   oMR  497.3[ft/s]
lamD    0.02241    lamI    0.01341     lamNf    0.01941     mu*a1    0.00301
A1S   -0.00322°    B1S    0.05358°
A1S    -0.18°     B1S     3.07°
alfaNf 13.61°  alfaD 14.88°   alfaS 16.68°   alSm    -1.80°
thtaN      2.25°       thtaClmb   -15.01      thtaTR     6.78°
Trim   phi    -0.09°    thta     1.66°    psi    -0.00°
dDrgN   0.0105  dDrg1  -0.0216  dDrg2   0.4000
vBx    20.29    vBy    -0.01    vBz     6.08    V    69.48 [fpm]
vEx    45.88    vEy     0.00    vEz -1080.00    V    47.50 [mph]
MR    Fx   137.49   Fz -10317.12   Fx/Fz   -0.8°    dxMR    0.0376

fMR(1)           137.49   fMR(2)            -0.00   fMR(3)        -10317.12
fTR(1)             0.00   fTR(2)             0.00   fTR(3)             0.00
fPR(1)           937.96   fPR(2)             0.00   fPR(3)             0.00
fFus(1)         -710.32   fFus(2)           -1.20   fFus(3)        -1007.32
fFN(1)           -36.13   fFN(2)            19.62   fFN(3)             0.00
fHS(1)            -0.00   fHS(2)             0.00   fHS(3)            -0.00
fCG(1)          -329.01   fCG(2)           -18.42   fCG(3)         11324.44
fWN(1)            -0.00   fWN(2)             0.00   fWN(3)             0.00
fR(1)  -3.3217040e-011   fR(2)   6.7643668e-012   fR(3)   6.1993526e-013

Moment Equilibrium
mMR(1)            -0.00   mMR(2)          -387.73   mMR(3)             0.00
mTR(1)             0.00   mTR(2)             0.00   mTR(3)             0.00
mPR(1)             0.00   mPR(2)            -0.00   mPR(3)             0.00
mFus(1)            0.00   mFus(2)          362.04   mFus(3)           75.66
mFN(1)             0.00   mFN(2)            25.69   mFN(3)           -75.66
mHS(1)             0.00   mHS(2)            -0.01   mHS(3)             0.00
mWN(1)             0.00   mWN(2)            -0.00   mWN(3)             0.00
mR(1)  -4.4072692e-013   mR(2)   2.2431760e-011   mR(3)  -2.6830094e-011
==x=x=== end frc func ===x=x==

==a=a=== frc func ===a=a==
xMR    6.500    xcg    6.450    dxCG    0.050    iRigMR    0.0
cTs 0.07370   cT 0.00442   cLs 6.18918   cL 0.37135
aN     0.15328°    a1    0.03721°   b1    0.05173°
Br   aN     8.78°       a1    2.13°      b1    2.96°
716  aN     7.84°       a1    1.96°      b1    1.60°
mmt  aN     6.98°       a1    1.34°      b1    2.86°
mu  0.151      oM 23.911[1/s]  n 228.3[1/min]   oMR  138.5[m/s]   oMR  454.3[ft/s]
lamD    0.01537    lamI    0.01459     lamNf    0.01019     mu*a1    0.00518
A1S   -0.00848°    B1S    0.07384°
A1S    -0.49°     B1S     4.23°
alfaNf  9.33°  alfaD 11.29°   alfaS 13.56°   alSm    -2.27°
thtaN      3.82°       thtaClmb   -15.01      thtaTR     6.78°
Trim   phi    -0.10°    thta    -1.46°    psi    -0.00°
dDrgN   0.0095  dDrg1  -0.0416  dDrg2   0.4000
vBx    20.59    vBy    -0.01    vBz     4.96    V    69.48 [fpm]
vEx    45.88    vEy     0.00    vEz -1080.00    V    47.50 [mph]
MR    Fx    92.83   Fz -10359.73   Fx/Fz   -0.5°    dxMR    0.0303

fMR(1)            92.83   fMR(2)            -0.00   fMR(3)        -10359.73
fTR(1)             0.00   fTR(2)             0.00   fTR(3)             0.00
fPR(1)           344.77   fPR(2)             0.00   fPR(3)             0.00
fFus(1)         -689.24   fFus(2)           -1.03   fFus(3)         -965.80
fFN(1)           -37.23   fFN(2)            20.19   fFN(3)             0.00
fHS(1)            -0.00   fHS(2)             0.00   fHS(3)            -0.00
fCG(1)           288.87   fCG(2)           -19.16   fCG(3)         11325.53
fWN(1)            -0.00   fWN(2)             0.00   fWN(3)             0.00
fR(1)  -2.0158139e-011   fR(2)   6.4410699e-012   fR(3)  -8.4260161e-012

Moment Equilibrium
mMR(1)            -0.00   mMR(2)          -313.50   mMR(3)             0.00
mTR(1)             0.00   mTR(2)             0.00   mTR(3)             0.00
mPR(1)             0.00   mPR(2)            -0.00   mPR(3)             0.00
mFus(1)            0.00   mFus(2)          287.02   mFus(3)           77.84
mFN(1)             0.00   mFN(2)            26.48   mFN(3)           -77.84
mHS(1)             0.00   mHS(2)            -0.00   mHS(3)             0.00
mWN(1)             0.00   mWN(2)            -0.00   mWN(3)             0.00
mR(1)  -1.0482154e-012   mR(2)   1.5706256e-011   mR(3)  -2.6915359e-011
==x=x=== end frc func ===x=x==


==a=a=== frc func ===a=a==
xMR    6.500    xcg    6.450    dxCG    0.050    iRigMR    0.0
cTs 0.07229   cT 0.00434   cLs 6.19891   cL 0.37193
aN     0.15073°    a1    0.03643°   b1    0.05076°
Br   aN     8.64°       a1    2.09°      b1    2.91°
716  aN     7.70°       a1    1.92°      b1    1.56°
mmt  aN     6.99°       a1    1.32°      b1    2.85°
mu  0.150      oM 24.147[1/s]  n 230.6[1/min]   oMR  139.8[m/s]   oMR  458.8[ft/s]
lamD    0.01422    lamI    0.01445     lamNf    0.00919     mu*a1    0.00503
A1S   -0.00853°    B1S    0.07238°
A1S    -0.49°     B1S     4.15°
alfaNf  8.98°  alfaD 10.90°   alfaS 13.13°   alSm    -2.23°
thtaN      3.82°       thtaClmb   -15.01      thtaTR     6.78°
Trim   phi    -0.10°    thta    -1.89°    psi    -0.00°
dDrgN   0.0095  dDrg1  -0.0516  dDrg2   0.4000
vBx    20.62    vBy    -0.01    vBz     4.81    V    69.48 [fpm]
vEx    45.88    vEy     0.00    vEz -1080.00    V    47.50 [mph]
MR    Fx    86.46   Fz -10363.23   Fx/Fz   -0.5°    dxMR    0.0292

fMR(1)            86.46   fMR(2)            -0.00   fMR(3)        -10363.23
fTR(1)             0.00   fTR(2)             0.00   fTR(3)             0.00
fPR(1)           263.19   fPR(2)             0.00   fPR(3)             0.00
fFus(1)         -686.19   fFus(2)           -1.00   fFus(3)         -959.81
fFN(1)           -37.37   fFN(2)            20.26   fFN(3)             0.00
fHS(1)            -0.00   fHS(2)             0.00   fHS(3)            -0.00
fCG(1)           373.91   fCG(2)           -19.26   fCG(3)         11323.04
fWN(1)            -0.00   fWN(2)             0.00   fWN(3)             0.00
fR(1)  -2.0896566e-011   fR(2)   6.6400219e-012   fR(3)  -1.0399834e-011

Moment Equilibrium
mMR(1)            -0.00   mMR(2)          -302.88   mMR(3)             0.00
mTR(1)             0.00   mTR(2)             0.00   mTR(3)             0.00
mPR(1)             0.00   mPR(2)            -0.00   mPR(3)             0.00
mFus(1)            0.00   mFus(2)          276.30   mFus(3)           78.11
mFN(1)             0.00   mFN(2)            26.58   mFN(3)           -78.11
mHS(1)             0.00   mHS(2)            -0.00   mHS(3)             0.00
mWN(1)             0.00   mWN(2)            -0.00   mWN(3)             0.00
mR(1)  -7.8616154e-013   mR(2)   1.6386185e-011   mR(3)  -2.7057467e-011
==x=x=== end frc func ===x=x==
==a=a=== frc func ===a=a==
xMR    6.500    xcg    6.450    dxCG    0.050    iRigMR    0.0
cTs 0.07090   cT 0.00425   cLs 6.20814   cL 0.37249
aN     0.14818°    a1    0.03567°   b1    0.04979°
Br   aN     8.49°       a1    2.04°      b1    2.85°
716  aN     7.57°       a1    1.88°      b1    1.52°
mmt  aN     6.99°       a1    1.31°      b1    2.84°
mu  0.149      oM 24.389[1/s]  n 232.9[1/min]   oMR  141.2[m/s]   oMR  463.4[ft/s]
lamD    0.01307    lamI    0.01430     lamNf    0.00819     mu*a1    0.00488
A1S   -0.00858°    B1S    0.07093°
A1S    -0.49°     B1S     4.06°
alfaNf  8.63°  alfaD 10.51°   alfaS 12.69°   alSm    -2.18°
thtaN      3.82°       thtaClmb   -15.01      thtaTR     6.78°
Trim   phi    -0.10°    thta    -2.33°    psi    -0.00°
dDrgN   0.0095  dDrg1  -0.0616  dDrg2   0.4000
vBx    20.66    vBy    -0.01    vBz     4.65    V    69.48 [fpm]
vEx    45.88    vEy     0.00    vEz -1080.00    V    47.50 [mph]
MR    Fx    80.01   Fz -10366.10   Fx/Fz   -0.4°    dxMR    0.0282

fMR(1)            80.01   fMR(2)            -0.00   fMR(3)        -10366.10
fTR(1)             0.00   fTR(2)             0.00   fTR(3)             0.00
fPR(1)           180.51   fPR(2)             0.00   fPR(3)             0.00
fFus(1)         -683.11   fFus(2)           -0.97   fFus(3)         -953.77
fFN(1)           -37.50   fFN(2)            20.33   fFN(3)             0.00
fHS(1)            -0.00   fHS(2)             0.00   fHS(3)            -0.00
fCG(1)           460.09   fCG(2)           -19.36   fCG(3)         11319.87
fWN(1)            -0.00   fWN(2)             0.00   fWN(3)             0.00
fR(1)  -2.0358177e-011   fR(2)   6.8176575e-012   fR(3)  -5.6931449e-012

Moment Equilibrium
mMR(1)            -0.00   mMR(2)          -292.11   mMR(3)             0.00
mTR(1)             0.00   mTR(2)             0.00   mTR(3)             0.00
mPR(1)             0.00   mPR(2)            -0.00   mPR(3)             0.00
mFus(1)            0.00   mFus(2)          265.44   mFus(3)           78.37
mFN(1)             0.00   mFN(2)            26.67   mFN(3)           -78.37
mHS(1)             0.00   mHS(2)            -0.00   mHS(3)             0.00
mWN(1)             0.00   mWN(2)            -0.00   mWN(3)             0.00
mR(1)  -5.2410769e-013   mR(2)   1.6410376e-011   mR(3)  -2.7171154e-011
==x=x=== end frc func ===x=x==
==a=a=== frc func ===a=a==
xMR    6.500    xcg    6.450    dxCG    0.050    iRigMR    0.0
cTs 0.06649   cT 0.00399   cLs 6.14859   cL 0.36891
aN     0.13596°    a1    0.02916°   b1    0.04581°
Br   aN     7.79°       a1    1.67°      b1    2.62°
716  aN     6.98°       a1    1.55°      b1    1.35°
mmt  aN     7.00°       a1    1.26°      b1    2.80°
mu  0.143      oM 25.158[1/s]  n 240.2[1/min]   oMR  145.7[m/s]   oMR  478.0[ft/s]
lamD    0.01924    lamI    0.01392     lamNf    0.01539     mu*a1    0.00386
A1S   -0.00534°    B1S    0.06120°
A1S    -0.31°     B1S     3.51°
alfaNf 11.65°  alfaD 13.20°   alfaS 15.16°   alSm    -1.96°
thtaN      2.92°       thtaClmb   -15.01      thtaTR     6.78°
Trim   phi    -0.10°    thta     0.14°    psi    -0.00°
dDrgN   0.0095  dDrg1  -0.0216  dDrg2   0.4000
vBx    20.44    vBy    -0.01    vBz     5.54    V    69.48 [fpm]
vEx    45.88    vEy     0.00    vEz -1080.00    V    47.50 [mph]
MR    Fx   115.69   Fz -10342.17   Fx/Fz   -0.6°    dxMR    0.0340

fMR(1)           115.69   fMR(2)            -0.00   fMR(3)        -10342.17
fTR(1)             0.00   fTR(2)             0.00   fTR(3)             0.00
fPR(1)           649.08   fPR(2)             0.00   fPR(3)             0.00
fFus(1)         -699.99   fFus(2)           -1.12   fFus(3)         -987.01
fFN(1)           -36.69   fFN(2)            19.91   fFN(3)             0.00
fHS(1)            -0.00   fHS(2)             0.00   fHS(3)            -0.00
fCG(1)           -28.09   fCG(2)           -18.79   fCG(3)         11329.18
fWN(1)            -0.00   fWN(2)             0.00   fWN(3)             0.00
fR(1)  -1.9911876e-011   fR(2)   5.9223737e-012   fR(3)  -1.1589454e-011

Moment Equilibrium
mMR(1)            -0.00   mMR(2)          -351.56   mMR(3)             0.00
mTR(1)             0.00   mTR(2)             0.00   mTR(3)             0.00
mPR(1)             0.00   mPR(2)            -0.00   mPR(3)             0.00
mFus(1)            0.00   mFus(2)          325.47   mFus(3)           76.78
mFN(1)             0.00   mFN(2)            26.09   mFN(3)           -76.78
mHS(1)             0.00   mHS(2)            -0.00   mHS(3)             0.00
mWN(1)             0.00   mWN(2)            -0.00   mWN(3)             0.00
mR(1)  -1.6318808e-012   mR(2)   1.4287816e-011   mR(3)  -2.6304292e-011
==x=x=== end frc func ===x=x==

% Rundum-sorglos Paket für FEM Windelnässer
vi=cT/(2*mu*sqrt(lamNf*lamNf+mu*mu))*mu;

==a=a=== frc func ===a=a==


==a=a=== frc func ===a=a==
trmVec=[2 3 4 5 6 7 8];

xMR    6.250    xcg    6.080    dxCG    0.170    iRigMR    0.0
cTs 0.05528   cT 0.00540   cLs 0.46576   cL 0.04547
aN     0.10308°    a1    0.09439°   b1    0.06706°
Br   aN     5.91°       a1    5.41°      b1    3.84°
716  aN     5.32°       a1    4.66°      b1    3.11°
mmt  aN     5.33°       a1    4.68°      b1    3.96°
mu  0.487      oM 14.182[1/s]  n 135.4[1/min]   oMR   97.3[m/s]   oMR  319.1[ft/s]
lamD    0.05524    lamI    0.00554     lamNf    0.01570     mu*a1    0.03954
A1S    0.04136°    B1S   -0.01259°
A1S     2.37°     B1S    -0.72°
alfaNf  2.50°  alfaD  7.16°   alfaS  1.78°   alSm     5.38°
thtaN      2.05°       thtaClmb   -16.02      thtaTR     6.77°
Trim   phi    -0.87°    thta   -14.24°    psi     0.00°
dDrgN   0.0145  dDrg1  -0.0020  dDrg2   0.4500
vBx    47.34    vBy    -0.02    vBz     1.47    V   155.37 [fpm]
vEx   102.10    vEy     0.00    vEz -2572.40    V   106.22 [mph]
MR    Fx     2.31   Fz -8142.94   Fx/Fz   -0.0°    dxMR    0.0523

fMR(1)             2.31   fMR(2)            61.71   fMR(3)         -8142.94
fTR(1)             0.00   fTR(2)             0.00   fTR(3)             0.00
fPR(1)           258.05   fPR(2)             0.00   fPR(3)             9.01
fFus(1)        -2205.17   fFus(2)           -4.73   fFus(3)          685.02
fFN(1)          -140.08   fFN(2)           132.90   fFN(3)             0.00
fHS(1)          -315.02   fHS(2)             0.00   fHS(3)           -97.03
fCG(1)          3171.50   fCG(2)          -189.88   fCG(3)         12498.05
fWN(1)          -771.60   fWN(2)             0.00   fWN(3)         -4952.10
fR(1)  -3.5242920e-012   fR(2)  -1.2732926e-011   fR(3)  -7.2759576e-012

Moment Equilibrium
mMR(1)            -0.00   mMR(2)           394.14   mMR(3)            -3.20
mTR(1)             0.00   mTR(2)             0.00   mTR(3)             0.00
mPR(1)             0.00   mPR(2)            -8.49   mPR(3)             0.00
mFus(1)            0.00   mFus(2)         -163.27   mFus(3)          287.57
mFN(1)             0.00   mFN(2)            56.93   mFN(3)          -284.37
mHS(1)             0.00   mHS(2)          -198.52   mHS(3)             0.00
mWN(1)             0.00   mWN(2)           -80.78   mWN(3)             0.00
mR(1)  -3.0510705e-011   mR(2)   2.9558578e-012   mR(3)  -2.8421709e-013
==x=x=== end frc func ===x=x==



==a=a=== frc func ===a=a==
trmVec=[1 2 3 4 5 6 7];

xMR    6.250    xcg    6.080    dxCG    0.170    iRigMR    0.0
cTs 0.05492   cT 0.00536   cLs 0.47041   cL 0.04592
aN     0.10187°    a1    0.09089°   b1    0.06599°
Br   aN     5.84°       a1    5.21°      b1    3.78°
716  aN     5.27°       a1    4.48°      b1    3.06°
mmt  aN     5.35°       a1    4.64°      b1    3.95°
mu  0.482      oM 14.300[1/s]  n 136.6[1/min]   oMR   98.1[m/s]   oMR  321.8[ft/s]
lamD    0.05477    lamI    0.00555     lamNf    0.01705     mu*a1    0.03771
A1S    0.04080°    B1S   -0.01767°
A1S     2.34°     B1S    -1.01°
alfaNf  2.69°  alfaD  7.16°   alfaS  1.67°   alSm     5.49°
thtaN      1.94°       thtaClmb   -16.02      thtaTR     6.77°
Trim   phi    -0.87°    thta   -14.35°    psi     0.00°
dDrgN   0.0145  dDrg1  -0.0020  dDrg2   0.4500
vBx    47.34    vBy    -0.02    vBz     1.38    V   155.37 [fpm]
vEx   102.10    vEy     0.00    vEz -2572.40    V   106.22 [mph]
MR    Fx    35.00   Fz -8227.67   Fx/Fz   -0.2°    dxMR    0.0596

fMR(1)            35.00   fMR(2)            60.92   fMR(3)         -8227.67
fTR(1)             0.00   fTR(2)             0.00   fTR(3)             0.00
fPR(1)           197.71   fPR(2)             0.00   fPR(3)             6.90
fFus(1)        -2205.35   fFus(2)           -4.43   fFus(3)          719.30
fFN(1)          -140.15   fFN(2)           132.88   fFN(3)             0.00
fHS(1)          -315.07   fHS(2)             0.00   fHS(3)           -76.16
fCG(1)          3195.17   fCG(2)          -189.37   fCG(3)         12492.02
fWN(1)          -767.32   fWN(2)             0.00   fWN(3)         -4914.41
fR(1)   1.5916157e-012   fR(2)  -5.6843419e-013   fR(3)  -2.9103830e-011

Moment Equilibrium
mMR(1)            -0.00   mMR(2)           361.40   mMR(3)            -3.16
mTR(1)             0.00   mTR(2)             0.00   mTR(3)             0.00
mPR(1)             0.00   mPR(2)            -6.51   mPR(3)             0.00
mFus(1)            0.00   mFus(2)         -174.55   mFus(3)          287.48
mFN(1)             0.00   mFN(2)            56.95   mFN(3)          -284.33
mHS(1)             0.00   mHS(2)          -154.48   mHS(3)             0.00
mWN(1)             0.00   mWN(2)           -82.81   mWN(3)             0.00
mR(1)  -4.9737992e-012   mR(2)  -2.0179414e-011   mR(3)  -3.9221959e-012
==x=x=== end frc func ===x=x==


============
A6_3 comp
============

iterating oM
==a=a=== frc func ===a=a==
xMR    6.250    xcg    6.080    dxCG    0.170    iRigMR    0.0
cTs 0.05534   cT 0.00540   cLs 0.11151   cL 0.01089
aN     0.06948°    a1    0.24923°   b1    0.06435°
Br   aN     3.98°       a1   14.28°      b1    3.69°
716  aN     3.27°       a1   14.94°      b1    3.42°
mmt  aN     3.92°       a1   10.32°      b1    5.61°
mu  0.996      oM  7.876[1/s]  n  75.2[1/min]   oMR   54.0[m/s]   oMR  177.2[ft/s]
lamD    0.26761    lamI    0.00272     lamNf    0.00781     mu*a1    0.25980
A1S    0.29398°    B1S    0.09116°
A1S    16.84°     B1S     5.22°
alfaNf  0.60°  alfaD 15.54°   alfaS  5.82°   alSm     9.72°
thtaN      1.35°       thtaClmb   -18.41      thtaTR     6.76°
Trim   phi     0.74°    thta   -12.58°    psi     0.00°
dDrgN   0.0145  dDrg1  -0.0216  dDrg2   0.4500
vBx    53.29    vBy     0.07    vBz     5.44    V   175.74 [fps]
vEx   114.00    vEy     0.00    vEz -3330.00    V   120.15 [mph]
MR    Fx  -251.92   Fz -2675.66   Fx/Fz    5.4°    dxMR   -0.1196

fMR(1)          -251.92   fMR(2)          -345.47   fMR(3)         -2675.66
fTR(1)             0.00   fTR(2)             0.00   fTR(3)             0.00
fPR(1)          1908.82   fPR(2)             0.00   fPR(3)            66.66
fFus(1)        -2742.45   fFus(2)           16.19   fFus(3)         -990.22
fFN(1)          -162.34   fFN(2)           168.63   fFN(3)             0.00
fHS(1)          -382.99   fHS(2)             0.00   fHS(3)          -525.88
fCG(1)          2769.79   fCG(2)           160.65   fCG(3)         12411.25
fWN(1)         -1138.90   fWN(2)             0.00   fWN(3)         -8286.15
fR(1)  -2.0236257e-011   fR(2)  -8.3275609e-012   fR(3)  -3.6379788e-011

Moment Equilibrium
mMR(1)            -0.00   mMR(2)           779.33   mMR(3)            17.90
mTR(1)             0.00   mTR(2)             0.00   mTR(3)             0.00
mPR(1)             0.00   mPR(2)           -62.81   mPR(3)             0.00
mFus(1)            0.00   mFus(2)          341.95   mFus(3)          342.91
mFN(1)             0.00   mFN(2)            65.97   mFN(3)          -360.81
mHS(1)             0.00   mHS(2)         -1101.72   mHS(3)             0.00
mWN(1)             0.00   mWN(2)           -22.71   mWN(3)             0.00
mR(1)  -2.2964741e-011   mR(2)   1.1866064e-011   mR(3)  -4.7180038e-012
==x=x=== end frc func ===x=x==

iterating thtaN
==a=a=== frc func ===a=a==
xMR    6.250    xcg    6.080    dxCG    0.170    iRigMR    0.0
cTs 0.05112   cT 0.00499   cLs 0.34225   cL 0.03341
aN     0.08496°    a1    0.08899°   b1    0.05964°
Br   aN     4.87°       a1    5.10°      b1    3.42°
716  aN     4.46°       a1    4.38°      b1    2.83°
mmt  aN     5.01°       a1    5.31°      b1    4.06°
mu  0.546      oM 14.300[1/s]  n 136.6[1/min]   oMR   98.1[m/s]   oMR  321.8[ft/s]
lamD    0.06249    lamI    0.00457     lamNf    0.02077     mu*a1    0.04172
A1S    0.05062°    B1S   -0.01381°
A1S     2.90°     B1S    -0.79°
alfaNf  2.66°  alfaD  7.04°   alfaS  1.87°   alSm     5.17°
thtaN      1.35°       thtaClmb   -18.41      thtaTR     6.77°
Trim   phi    -0.73°    thta   -16.54°    psi     0.00°
dDrgN   0.0145  dDrg1  -0.0216  dDrg2   0.4500
vBx    53.54    vBy    -0.02    vBz     1.75    V   175.74 [fps]
vEx   114.00    vEy     0.00    vEz -3330.00    V   120.15 [mph]
MR    Fx   625.02   Fz -7400.28   Fx/Fz   -4.8°    dxMR    0.2057

fMR(1)           625.02   fMR(2)            -6.28   fMR(3)         -7400.28
fTR(1)             0.00   fTR(2)             0.00   fTR(3)             0.00
fPR(1)           -55.43   fPR(2)             0.00   fPR(3)            -1.94
fFus(1)        -2721.65   fFus(2)           -5.11   fFus(3)          813.80
fFN(1)          -170.18   fFN(2)           165.89   fFN(3)             0.00
fHS(1)          -384.24   fHS(2)             0.00   fHS(3)           441.88
fCG(1)          3620.80   fCG(2)          -154.50   fCG(3)         12190.27
fWN(1)          -914.32   fWN(2)             0.00   fWN(3)         -6043.73
fR(1)  -2.2509994e-011   fR(2)  -1.0459189e-011   fR(3)  -5.9117156e-011

Moment Equilibrium
mMR(1)            -0.00   mMR(2)          -724.31   mMR(3)             0.33
mTR(1)             0.00   mTR(2)             0.00   mTR(3)             0.00
mPR(1)             0.00   mPR(2)             1.82   mPR(3)             0.00
mFus(1)            0.00   mFus(2)         -191.06   mFus(3)          354.62
mFN(1)             0.00   mFN(2)            69.16   mFN(3)          -354.95
mHS(1)             0.00   mHS(2)           939.53   mHS(3)             0.00
mWN(1)             0.00   mWN(2)           -95.14   mWN(3)             0.00
mR(1)  -2.4376945e-011   mR(2)   5.3574922e-012   mR(3)  -4.0927262e-012
==x=x=== end frc func ===x=x==
http://www.ardmediathek.de/wdr-fernsehen/wdr-weltweit/jamaika-reggae-bond-und-rebellion?documentId=13705778


----------- < solutionDouble> ----------------
iterating oM
==a=a=== frc func ===a=a==
xMR    6.250    xcg    6.080    dxCG    0.170    iRigMR    0.0
cTs 0.05112   cT 0.00499   cLs 0.34209   cL 0.03339
aN     0.08498°    a1    0.08909°   b1    0.05966°
Br   aN     4.87°       a1    5.10°      b1    3.42°
716  aN     4.46°       a1    4.39°      b1    2.83°
mmt  aN     5.01°       a1    5.31°      b1    4.07°
mu  0.546      oM 14.296[1/s]  n 136.5[1/min]   oMR   98.0[m/s]   oMR  321.7[ft/s]
lamD    0.06251    lamI    0.00457     lamNf    0.02073     mu*a1    0.04178
A1S    0.05065°    B1S   -0.01367°
A1S     2.90°     B1S    -0.78°
alfaNf  2.66°  alfaD  7.04°   alfaS  1.87°   alSm     5.17°
thtaN      1.35°       thtaClmb   -18.41      thtaTR     6.77°
Trim   phi    -0.73°    thta   -16.54°    psi     0.00°
dDrgN   0.0145  dDrg1  -0.0216  dDrg2   0.4500
vBx    53.54    vBy    -0.02    vBz     1.75    V   175.74 [fps]
vEx   114.00    vEy     0.00    vEz -3330.00    V   120.15 [mph]
MR    Fx   623.70   Fz -7396.61   Fx/Fz   -4.8°    dxMR    0.2055

fMR(1)           623.70   fMR(2)            -6.32   fMR(3)         -7396.61
fTR(1)             0.00   fTR(2)             0.00   fTR(3)             0.00
fPR(1)           -53.18   fPR(2)             0.00   fPR(3)            -1.86
fFus(1)        -2721.65   fFus(2)           -5.12   fFus(3)          812.38
fFN(1)          -170.18   fFN(2)           165.89   fFN(3)             0.00
fHS(1)          -384.25   fHS(2)             0.00   fHS(3)           440.88
fCG(1)          3620.03   fCG(2)          -154.44   fCG(3)         12190.50
fWN(1)          -914.47   fWN(2)             0.00   fWN(3)         -6045.28
fR(1)  -1.0800250e-011   fR(2)  -4.3485215e-012   fR(3)   8.1854523e-012

Moment Equilibrium
mMR(1)            -0.00   mMR(2)          -722.66   mMR(3)             0.33
mTR(1)             0.00   mTR(2)             0.00   mTR(3)             0.00
mPR(1)             0.00   mPR(2)             1.75   mPR(3)             0.00
mFus(1)            0.00   mFus(2)         -190.60   mFus(3)          354.62
mFN(1)             0.00   mFN(2)            69.16   mFN(3)          -354.95
mHS(1)             0.00   mHS(2)           937.40   mHS(3)             0.00
mWN(1)             0.00   mWN(2)           -95.05   mWN(3)             0.00
mR(1)  -1.2555290e-011   mR(2)   3.5711878e-011   mR(3)  -1.1368684e-013
==x=x=== end frc func ===x=x==


iterating thtaN
==a=a=== frc func ===a=a==
xMR    6.250    xcg    6.080    dxCG    0.170    iRigMR    0.0
cTs 0.05112   cT 0.00499   cLs 0.34225   cL 0.03341
aN     0.08496°    a1    0.08899°   b1    0.05964°
Br   aN     4.87°       a1    5.10°      b1    3.42°
716  aN     4.46°       a1    4.38°      b1    2.83°
mmt  aN     5.01°       a1    5.31°      b1    4.06°
mu  0.546      oM 14.300[1/s]  n 136.6[1/min]   oMR   98.1[m/s]   oMR  321.8[ft/s]
lamD    0.06249    lamI    0.00457     lamNf    0.02077     mu*a1    0.04172
A1S    0.05062°    B1S   -0.01381°
A1S     2.90°     B1S    -0.79°
alfaNf  2.66°  alfaD  7.04°   alfaS  1.87°   alSm     5.17°
thtaN      1.35°       thtaClmb   -18.41      thtaTR     6.77°
Trim   phi    -0.73°    thta   -16.54°    psi     0.00°
dDrgN   0.0145  dDrg1  -0.0216  dDrg2   0.4500
vBx    53.54    vBy    -0.02    vBz     1.75    V   175.74 [fps]
vEx   114.00    vEy     0.00    vEz -3330.00    V   120.15 [mph]
MR    Fx   625.02   Fz -7400.28   Fx/Fz   -4.8°    dxMR    0.2057

fMR(1)           625.02   fMR(2)            -6.28   fMR(3)         -7400.28
fTR(1)             0.00   fTR(2)             0.00   fTR(3)             0.00
fPR(1)           -55.43   fPR(2)             0.00   fPR(3)            -1.94
fFus(1)        -2721.65   fFus(2)           -5.11   fFus(3)          813.80
fFN(1)          -170.18   fFN(2)           165.89   fFN(3)             0.00
fHS(1)          -384.24   fHS(2)             0.00   fHS(3)           441.88
fCG(1)          3620.80   fCG(2)          -154.50   fCG(3)         12190.27
fWN(1)          -914.32   fWN(2)             0.00   fWN(3)         -6043.73
fR(1)  -3.8653525e-012   fR(2)   1.2789769e-011   fR(3)   2.0918378e-011

Moment Equilibrium
mMR(1)             0.00   mMR(2)          -724.31   mMR(3)             0.33
mTR(1)             0.00   mTR(2)             0.00   mTR(3)             0.00
mPR(1)             0.00   mPR(2)             1.82   mPR(3)             0.00
mFus(1)            0.00   mFus(2)         -191.06   mFus(3)          354.62
mFN(1)             0.00   mFN(2)            69.16   mFN(3)          -354.95
mHS(1)             0.00   mHS(2)           939.53   mHS(3)             0.00
mWN(1)             0.00   mWN(2)           -95.14   mWN(3)             0.00
mR(1)   9.2725827e-013   mR(2)   8.1996632e-012   mR(3)  -2.5636382e-011
==x=x=== end frc func ===x=x==

----------- </solutionDouble> ----------------

iterating thtaN
==a=a=== frc func ===a=a==
xMR    6.250    xcg    6.080    dxCG    0.170    iRigMR    0.0
cTs 0.05414   cT 0.00528   cLs 0.46392   cL 0.04529
aN     0.10156°    a1    0.09263°   b1    0.06572°
Br   aN     5.82°       a1    5.31°      b1    3.77°
716  aN     5.24°       a1    4.57°      b1    3.04°
mmt  aN     5.35°       a1    4.64°      b1    3.95°
mu  0.483      oM 14.300[1/s]  n 136.6[1/min]   oMR   98.1[m/s]   oMR  321.8[ft/s]
lamD    0.05310    lamI    0.00547     lamNf    0.01460     mu*a1    0.03850
A1S    0.03948°    B1S   -0.00976°
A1S     2.26°     B1S    -0.56°
alfaNf  2.38°  alfaD  6.96°   alfaS  1.83°   alSm     5.13°
thtaN      2.09°       thtaClmb   -16.02      thtaTR     6.77°
Trim   phi    -0.89°    thta   -14.19°    psi     0.00°
dDrgN   0.0145  dDrg1  -0.0216  dDrg2   0.4500
vBx    47.33    vBy    -0.02    vBz     1.51    V   155.37 [fps]
vEx   102.10    vEy     0.00    vEz -2572.40    V   106.22 [mph]
MR    Fx   -17.97   Fz -8108.27   Fx/Fz    0.1°    dxMR    0.0478

fMR(1)           -17.97   fMR(2)            66.10   fMR(3)         -8108.27
fTR(1)             0.00   fTR(2)             0.00   fTR(3)             0.00
fPR(1)           289.66   fPR(2)             0.00   fPR(3)            10.12
fFus(1)        -2205.10   fFus(2)           -4.95   fFus(3)          671.07
fFN(1)          -140.17   fFN(2)           132.83   fFN(3)             0.00
fHS(1)          -314.99   fHS(2)             0.00   fHS(3)          -105.95
fCG(1)          3161.88   fCG(2)          -193.98   fCG(3)         12500.42
fWN(1)          -773.32   fWN(2)             0.00   fWN(3)         -4967.39
fR(1)   4.8885340e-012   fR(2)   9.6633812e-013   fR(3)  -1.8189894e-011

Moment Equilibrium
mMR(1)            -0.00   mMR(2)           408.51   mMR(3)            -3.43
mTR(1)             0.00   mTR(2)             0.00   mTR(3)             0.00
mPR(1)             0.00   mPR(2)            -9.53   mPR(3)             0.00
mFus(1)            0.00   mFus(2)         -158.67   mFus(3)          287.64
mFN(1)             0.00   mFN(2)            56.96   mFN(3)          -284.22
mHS(1)             0.00   mHS(2)          -217.32   mHS(3)             0.00
mWN(1)             0.00   mWN(2)           -79.95   mWN(3)             0.00
mR(1)  -3.3111291e-012   mR(2)  -1.2420287e-011   mR(3)  -4.8316906e-012
==x=x=== end frc func ===x=x==

iterating oM
==a=a=== frc func ===a=a==
xMR    6.250    xcg    6.080    dxCG    0.170    iRigMR    0.0
cTs 0.05418   cT 0.00529   cLs 0.46334   cL 0.04523
aN     0.10171°    a1    0.09306°   b1    0.06585°
Br   aN     5.83°       a1    5.33°      b1    3.77°
716  aN     5.24°       a1    4.59°      b1    3.05°
mmt  aN     5.35°       a1    4.64°      b1    3.95°
mu  0.483      oM 14.285[1/s]  n 136.4[1/min]   oMR   98.0[m/s]   oMR  321.4[ft/s]
lamD    0.05316    lamI    0.00547     lamNf    0.01444     mu*a1    0.03872
A1S    0.03954°    B1S   -0.00914°
A1S     2.27°     B1S    -0.52°
alfaNf  2.36°  alfaD  6.96°   alfaS  1.84°   alSm     5.12°
thtaN      2.10°       thtaClmb   -16.02      thtaTR     6.77°
Trim   phi    -0.89°    thta   -14.18°    psi     0.00°
dDrgN   0.0145  dDrg1  -0.0216  dDrg2   0.4500
vBx    47.33    vBy    -0.02    vBz     1.52    V   155.37 [fps]
vEx   102.10    vEy     0.00    vEz -2572.40    V   106.22 [mph]
MR    Fx   -21.99   Fz -8097.75   Fx/Fz    0.2°    dxMR    0.0468

fMR(1)           -21.99   fMR(2)            66.20   fMR(3)         -8097.75
fTR(1)             0.00   fTR(2)             0.00   fTR(3)             0.00
fPR(1)           297.09   fPR(2)             0.00   fPR(3)            10.37
fFus(1)        -2205.08   fFus(2)           -4.99   fFus(3)          666.81
fFN(1)          -140.16   fFN(2)           132.83   fFN(3)             0.00
fHS(1)          -314.98   fHS(2)             0.00   fHS(3)          -108.56
fCG(1)          3158.95   fCG(2)          -194.04   fCG(3)         12501.16
fWN(1)          -773.84   fWN(2)             0.00   fWN(3)         -4972.03
fR(1)   1.5916157e-012   fR(2)  -3.4958703e-012   fR(3)   1.4551915e-011

Moment Equilibrium
mMR(1)            -0.00   mMR(2)           412.61   mMR(3)            -3.43
mTR(1)             0.00   mTR(2)             0.00   mTR(3)             0.00
mPR(1)             0.00   mPR(2)            -9.78   mPR(3)             0.00
mFus(1)            0.00   mFus(2)         -157.27   mFus(3)          287.65
mFN(1)             0.00   mFN(2)            56.96   mFN(3)          -284.22
mHS(1)             0.00   mHS(2)          -222.83   mHS(3)             0.00
mWN(1)             0.00   mWN(2)           -79.70   mWN(3)             0.00
mR(1)  -1.0288659e-011   mR(2)   2.4428459e-011   mR(3)   0.0000000e+000
==x=x=== end frc func ===x=x==

$$$$$$$ oM itr , thtaN fixed $$$$$$$$$$$$$
iterating oM   thtaN = 2.04 
==a=a=== frc func ===a=a==
xMR    6.250    xcg    6.080    dxCG    0.170    iRigMR    0.0
cTs 0.05468   cT 0.00534   cLs 0.36559   cL 0.03569
aN     0.09901°    a1    0.10960°   b1    0.06900°
Br   aN     5.67°       a1    6.28°      b1    3.95°
716  aN     5.10°       a1    5.45°      b1    3.26°
mmt  aN     5.01°       a1    5.31°      b1    4.07°
mu  0.546      oM 14.963[1/s]  n 142.9[1/min]   oMR  102.6[m/s]   oMR  336.7[ft/s]
lamD    0.06534    lamI    0.00488     lamNf    0.01336     mu*a1    0.05197d
A1S    0.05407°    B1S   -0.03000°
A1S     3.10°     B1S    -1.72°
alfaNf  1.91°  alfaD  7.36°   alfaS  0.19°   alSm     7.17°
thtaN      2.04°       thtaClmb   -19.20      thtaTR     6.76°
Trim   phi    -0.98°    thta   -19.01°    psi     0.00°
dDrgN   0.0155  dDrg1  -0.0186  dDrg2   0.4500
vBx    56.08    vBy    -0.00    vBz     0.19    V   184.00 [fps]
vEx   118.80    vEy     0.00    vEz -3630.70    V   125.80 [mph]
MR    Fx  -176.95   Fz -8920.24   Fx/Fz    1.1°    dxMR    0.0155

fMR(1)          -176.95   fMR(2)            15.32   fMR(3)         -8920.24
fTR(1)             0.00   fTR(2)             0.00   fTR(3)             0.00
fPR(1)           486.50   fPR(2)             0.00   fPR(3)            16.99
fFus(1)        -3084.55   fFus(2)           -0.82   fFus(3)         1631.25
fFN(1)          -194.59   fFN(2)           186.16   fFN(3)             0.00
fHS(1)          -438.06   fHS(2)             0.00   fHS(3)          -235.33
fCG(1)          4022.79   fCG(2)          -200.66   fCG(3)         11677.58
fWN(1)          -615.13   fWN(2)             0.00   fWN(3)         -4170.24
fR(1)   2.8421709e-012   fR(2)  -8.1286089e-012   fR(3)   3.6379788e-012

Moment Equilibrium
mMR(1)            -0.00   mMR(2)          1078.59   mMR(3)            -0.79
mTR(1)             0.00   mTR(2)             0.00   mTR(3)             0.00
mPR(1)             0.00   mPR(2)           -16.01   mPR(3)             0.00
mFus(1)            0.00   mFus(2)         -440.73   mFus(3)          399.12
mFN(1)             0.00   mFN(2)            79.08   mFN(3)          -398.32
mHS(1)             0.00   mHS(2)          -487.83   mHS(3)             0.00
mWN(1)             0.00   mWN(2)          -213.11   mWN(3)             0.00
mR(1)  -4.0266457e-011   mR(2)  -5.6274985e-012   mR(3)  -2.7114311e-011
==x=x=== end frc func ===x=x==


iterating oM  thtaN 2.64
==a=a=== frc func ===a=a==
xMR    6.250    xcg    6.080    dxCG    0.170    iRigMR    0.0
cTs 0.05495   cT 0.00536   cLs 0.28635   cL 0.02795
aN     0.10218°    a1    0.14661°   b1    0.07613°
Br   aN     5.85°       a1    8.40°      b1    4.36°
716  aN     5.10°       a1    7.51°      b1    3.65°
mmt  aN     4.69°       a1    6.11°      b1    4.23°
mu  0.619      oM 13.204[1/s]  n 126.1[1/min]   oMR   90.6[m/s]   oMR  297.1[ft/s]
lamD    0.08331    lamI    0.00433     lamNf    0.00210     mu*a1    0.08121
A1S    0.07567°    B1S    0.02133°
A1S     4.34°     B1S     1.22°
alfaNf  0.59°  alfaD  8.11°   alfaS  1.82°   alSm     6.29°
thtaN      2.64°       thtaClmb   -19.20      thtaTR     6.76°
Trim   phi    -0.65°    thta   -17.38°    psi     0.00°
dDrgN   0.0155  dDrg1  -0.0186  dDrg2   0.4500
vBx    56.06    vBy    -0.02    vBz     1.78    V   184.00 [fps]
vEx   118.80    vEy     0.00    vEz -3630.70    V   125.80 [mph]
MR    Fx  -680.61   Fz -7011.60   Fx/Fz    5.5°    dxMR   -0.1249

fMR(1)          -680.61   fMR(2)           -49.92   fMR(3)         -7011.60
fTR(1)             0.00   fTR(2)             0.00   fTR(3)             0.00
fPR(1)          1550.90   fPR(2)             0.00   fPR(3)            54.16
fFus(1)        -3075.03   fFus(2)           -5.01   fFus(3)          943.72
fFN(1)          -190.98   fFN(2)           188.33   fFN(3)             0.00
fHS(1)          -428.09   fHS(2)             0.00   fHS(3)          -735.80
fCG(1)          3690.81   fCG(2)          -133.40   fCG(3)         11787.67
fWN(1)          -867.00   fWN(2)             0.00   fWN(3)         -5038.15
fR(1)  -1.3983481e-011   fR(2)  -1.1254997e-011   fR(3)   7.2759576e-012

Moment Equilibrium
mMR(1)            -0.00   mMR(2)          1713.09   mMR(3)             2.59
mTR(1)             0.00   mTR(2)             0.00   mTR(3)             0.00
mPR(1)             0.00   mPR(2)           -51.03   mPR(3)             0.00
mFus(1)            0.00   mFus(2)         -223.88   mFus(3)          400.38
mFN(1)             0.00   mFN(2)            77.61   mFN(3)          -402.96
mHS(1)             0.00   mHS(2)         -1543.61   mHS(3)             0.00
mWN(1)             0.00   mWN(2)            27.82   mWN(3)             0.00
mR(1)  -2.9459102e-011   mR(2)   2.8421709e-011   mR(3)  -1.1937118e-012
==x=x=== end frc func ===x=x==


$$$$$$$ oM itr , thtaN fixed $$$$$$$$$$$$$

iterating oM  increased H
==a=a=== frc func ===a=a==
xMR    6.250    xcg    6.080    dxCG    0.170    iRigMR    0.0
cTs 0.05012   cT 0.00489   cLs 0.38149   cL 0.03724
aN     0.09278°    a1    0.09420°   b1    0.06221°
Br   aN     5.32°       a1    5.40°      b1    3.56°
716  aN     4.77°       a1    4.67°      b1    2.91°
mmt  aN     5.19°       a1    4.95°      b1    4.00°
mu  0.512      oM 15.968[1/s]  n 152.5[1/min]   oMR  109.5[m/s]   oMR  359.3[ft/s]
lamD    0.05340    lamI    0.00477     lamNf    0.01167     mu*a1    0.04174
A1S    0.04178°    B1S   -0.03547°
A1S     2.39°     B1S    -2.03°
alfaNf  1.84°  alfaD  6.51°   alfaS -0.19°   alSm     6.70°
thtaN      2.04°       thtaClmb   -19.20      thtaTR     6.76°
Trim   phi    -1.18°    thta   -19.39°    psi     0.00°
dDrgN   0.0125  dDrg1  -0.0186  dDrg2   0.4500
vBx    56.08    vBy     0.00    vBz    -0.19    V   184.00 [fps]
vEx   118.80    vEy     0.00    vEz -3630.70    V   125.80 [mph]
MR    Fx   -60.72   Fz -9309.19   Fx/Fz    0.4°    dxMR    0.0399

fMR(1)           -60.72   fMR(2)            54.22   fMR(3)         -9309.19
fTR(1)             0.00   fTR(2)             0.00   fTR(3)             0.00
fPR(1)           254.25   fPR(2)             0.00   fPR(3)             8.88
fFus(1)        -3088.77   fFus(2)            0.97   fFus(3)         1790.38
fFN(1)          -196.43   fFN(2)           184.89   fFN(3)             0.00
fHS(1)          -439.05   fHS(2)             0.00   fHS(3)          -130.90
fCG(1)          4101.66   fCG(2)          -240.08   fCG(3)         11649.36
fWN(1)          -570.95   fWN(2)             0.00   fWN(3)         -4008.54
fR(1)  -7.9580786e-012   fR(2)  -1.1112888e-011   fR(3)  -4.5474735e-013

Moment Equilibrium
mMR(1)            -0.00   mMR(2)           924.66   mMR(3)            -2.81
mTR(1)             0.00   mTR(2)             0.00   mTR(3)             0.00
mPR(1)             0.00   mPR(2)            -8.37   mPR(3)             0.00
mFus(1)            0.00   mFus(2)         -486.17   mFus(3)          398.41
mFN(1)             0.00   mFN(2)            79.83   mFN(3)          -395.60
mHS(1)             0.00   mHS(2)          -267.53   mHS(3)             0.00
mWN(1)             0.00   mWN(2)          -242.41   mWN(3)             0.00
mR(1)  -4.7833737e-011   mR(2)   3.9420911e-011   mR(3)  -2.5522695e-011
==x=x=== end frc func ===x=x==

iterating oM

==a=a=== frc func ===a=a==
xMR    6.250    xcg    6.080    dxCG    0.170    iRigMR    0.0
cTs 0.04994   cT 0.00487   cLs 0.36576   cL 0.03570
aN     0.09211°    a1    0.09645°   b1    0.06246°
Br   aN     5.28°       a1    5.53°      b1    3.58°
716  aN     4.73°       a1    4.79°      b1    2.93°
mmt  aN     5.13°       a1    5.06°      b1    4.02°
mu  0.522      oM 15.659[1/s]  n 149.5[1/min]   oMR  107.4[m/s]   oMR  352.3[ft/s]
lamD    0.05486    lamI    0.00467     lamNf    0.01122     mu*a1    0.04364
A1S    0.04360°    B1S   -0.02700°
A1S     2.50°     B1S    -1.55°
alfaNf  1.74°  alfaD  6.53°   alfaS  0.20°   alSm     6.34°
thtaN      2.04°       thtaClmb   -19.20      thtaTR     6.76°
Trim   phi    -1.12°    thta   -19.00°    psi     0.00°
dDrgN   0.0125  dDrg1  -0.0186  dDrg2   0.4500
vBx    56.08    vBy    -0.00    vBz     0.19    V   184.00 [fps]
vEx   118.80    vEy     0.00    vEz -3630.70    V   125.80 [mph]
MR    Fx  -200.50   Fz -8915.96   Fx/Fz    1.3°    dxMR    0.0107

fMR(1)          -200.50   fMR(2)            43.75   fMR(3)         -8915.96
fTR(1)             0.00   fTR(2)             0.00   fTR(3)             0.00
fPR(1)           512.27   fPR(2)             0.00   fPR(3)            17.89
fFus(1)        -3084.53   fFus(2)           -0.94   fFus(3)         1630.47
fFN(1)          -195.55   fFN(2)           185.49   fFN(3)             0.00
fHS(1)          -438.03   fHS(2)             0.00   fHS(3)          -237.77
fCG(1)          4022.39   fCG(2)          -228.30   fCG(3)         11677.21
fWN(1)          -616.04   fWN(2)             0.00   fWN(3)         -4171.84
fR(1)   5.1159077e-012   fR(2)  -1.0516032e-011   fR(3)   7.2759576e-012

Moment Equilibrium
mMR(1)            -0.00   mMR(2)          1083.06   mMR(3)            -2.27
mTR(1)             0.00   mTR(2)             0.00   mTR(3)             0.00
mPR(1)             0.00   mPR(2)           -16.86   mPR(3)             0.00
mFus(1)            0.00   mFus(2)         -440.50   mFus(3)          399.16
mFN(1)             0.00   mFN(2)            79.47   mFN(3)          -396.90
mHS(1)             0.00   mHS(2)          -492.96   mHS(3)             0.00
mWN(1)             0.00   mWN(2)          -212.22   mWN(3)             0.00
mR(1)  -4.3229420e-011   mR(2)  -4.5190518e-012   mR(3)  -2.7000624e-011
==x=x=== end frc func ===x=x==

fMR(1)          -643.91   fMR(2)            -0.00   fMR(3)         -3301.26
fTR(1)             0.00   fTR(2)             0.00   fTR(3)             0.00
fPR(1)          1166.88   fPR(2)             0.00   fPR(3)             0.00
fFus(1)         -457.06   fFus(2)           -0.00   fFus(3)           78.56
fFN(1)            -5.76   fFN(2)             6.09   fFN(3)             0.00
fHS(1)           -54.14   fHS(2)             0.00   fHS(3)          -310.27
fCG(1)            -6.00   fCG(2)            -6.08   fCG(3)          3533.14
fWN(1)            -0.02   fWN(2)             0.00   fWN(3)            -0.17
fR(1)  -6.3547358e-011   fR(2)  -8.7938545e-012   fR(3)   1.3066825e-011

Moment Equilibrium
mMR(1)            -0.00   mMR(2)           822.91   mMR(3)             0.00
mTR(1)             0.00   mTR(2)             0.00   mTR(3)             0.00
mPR(1)             0.00   mPR(2)            53.35   mPR(3)             0.00
mFus(1)            0.00   mFus(2)          -66.87   mFus(3)           18.64
mFN(1)             0.00   mFN(2)             7.61   mFN(3)           -18.64
mHS(1)             0.00   mHS(2)          -816.99   mHS(3)             0.00
mWN(1)             0.00   mWN(2)            -0.02   mWN(3)             0.00
mR(1)  -1.3431258e-011   mR(2)  -5.3277938e-012   mR(3)   1.8935964e-0


Hohenemser,  K. H.:  The Characteristics of the Model XV-1  Convertiplane in  Airplane and in  Autogiro Phase  Flight Conditions as ~easured'  in McDonnell  Aircraft Corp. Report No. 3599,  Nov., 1954. 
the NACA 40-  by 80-~oot  Wind Tunnel at Moffett Field, Calif. 